
D:\cortex\gateway\core_cm3.o:     file format elf32-littlearm
D:\cortex\gateway\core_cm3.o

Disassembly of section .text.__get_PSP:

00000000 <__get_PSP>:
__get_PSP():
   0:	f3ef 8009 	mrs	r0, PSP
   4:	4600      	mov	r0, r0
   6:	4770      	bx	lr
Disassembly of section .text.__set_PSP:

00000000 <__set_PSP>:
__set_PSP():
   0:	f380 8809 	msr	PSP, r0
   4:	4770      	bx	lr
   6:	46c0      	nop			(mov r8, r8)
Disassembly of section .text.__get_MSP:

00000000 <__get_MSP>:
__get_MSP():
   0:	f3ef 8008 	mrs	r0, MSP
   4:	4600      	mov	r0, r0
   6:	4770      	bx	lr
Disassembly of section .text.__set_MSP:

00000000 <__set_MSP>:
__set_MSP():
   0:	f380 8808 	msr	MSP, r0
   4:	4770      	bx	lr
   6:	46c0      	nop			(mov r8, r8)
Disassembly of section .text.__get_BASEPRI:

00000000 <__get_BASEPRI>:
__get_BASEPRI():
   0:	f3ef 8012 	mrs	r0, BASEPRI_MASK
   4:	4770      	bx	lr
   6:	46c0      	nop			(mov r8, r8)
Disassembly of section .text.__set_BASEPRI:

00000000 <__set_BASEPRI>:
__set_BASEPRI():
   0:	f380 8811 	msr	BASEPRI, r0
   4:	4770      	bx	lr
   6:	46c0      	nop			(mov r8, r8)
Disassembly of section .text.__get_PRIMASK:

00000000 <__get_PRIMASK>:
__get_PRIMASK():
   0:	f3ef 8010 	mrs	r0, PRIMASK
   4:	4770      	bx	lr
   6:	46c0      	nop			(mov r8, r8)
Disassembly of section .text.__set_PRIMASK:

00000000 <__set_PRIMASK>:
__set_PRIMASK():
   0:	f380 8810 	msr	PRIMASK, r0
   4:	4770      	bx	lr
   6:	46c0      	nop			(mov r8, r8)
Disassembly of section .text.__get_FAULTMASK:

00000000 <__get_FAULTMASK>:
__get_FAULTMASK():
   0:	f3ef 8013 	mrs	r0, FAULTMASK
   4:	4770      	bx	lr
   6:	46c0      	nop			(mov r8, r8)
Disassembly of section .text.__set_FAULTMASK:

00000000 <__set_FAULTMASK>:
__set_FAULTMASK():
   0:	f380 8813 	msr	FAULTMASK, r0
   4:	4770      	bx	lr
   6:	46c0      	nop			(mov r8, r8)
Disassembly of section .text.__REV:

00000000 <__REV>:
__REV():
   0:	ba00      	rev	r0, r0
   2:	4770      	bx	lr
Disassembly of section .text.__REV16:

00000000 <__REV16>:
__REV16():
   0:	ba40      	rev16	r0, r0
   2:	4770      	bx	lr
Disassembly of section .text.__REVSH:

00000000 <__REVSH>:
__REVSH():
   0:	bac0      	revsh	r0, r0
   2:	4770      	bx	lr
Disassembly of section .text.__RBIT:

00000000 <__RBIT>:
__RBIT():
   0:	fa90 f0a0 	rbit	r0, r0
   4:	4770      	bx	lr
   6:	46c0      	nop			(mov r8, r8)
Disassembly of section .text.__LDREXB:

00000000 <__LDREXB>:
__LDREXB():
   0:	e8d0 0f4f 	ldrexb	r0, [r0]
   4:	b2c0      	uxtb	r0, r0
   6:	4770      	bx	lr
Disassembly of section .text.__LDREXH:

00000000 <__LDREXH>:
__LDREXH():
   0:	e8d0 0f5f 	ldrexh	r0, [r0]
   4:	b280      	uxth	r0, r0
   6:	4770      	bx	lr
Disassembly of section .text.__LDREXW:

00000000 <__LDREXW>:
__LDREXW():
   0:	e850 0f00 	ldrex	r0, [r0]
   4:	4770      	bx	lr
   6:	46c0      	nop			(mov r8, r8)
Disassembly of section .text.__STREXB:

00000000 <__STREXB>:
__STREXB():
   0:	e8c1 0f41 	strexb	r1, r0, [r1]
   4:	4608      	mov	r0, r1
   6:	4770      	bx	lr
Disassembly of section .text.__STREXH:

00000000 <__STREXH>:
__STREXH():
   0:	e8c1 0f51 	strexh	r1, r0, [r1]
   4:	4608      	mov	r0, r1
   6:	4770      	bx	lr
Disassembly of section .text.__STREXW:

00000000 <__STREXW>:
__STREXW():
   0:	e841 0100 	strex	r1, r0, [r1]
   4:	4608      	mov	r0, r1
   6:	4770      	bx	lr
Disassembly of section .text.__get_CONTROL:

00000000 <__get_CONTROL>:
__get_CONTROL():
   0:	f3ef 8014 	mrs	r0, CONTROL
   4:	4770      	bx	lr
   6:	46c0      	nop			(mov r8, r8)
Disassembly of section .text.__set_CONTROL:

00000000 <__set_CONTROL>:
__set_CONTROL():
   0:	f380 8814 	msr	CONTROL, r0
   4:	4770      	bx	lr
   6:	46c0      	nop			(mov r8, r8)
