
D:\cortex\gateway\stm32f10x_sdio.o:     file format elf32-littlearm
D:\cortex\gateway\stm32f10x_sdio.o

Disassembly of section .text.SDIO_DeInit:

00000000 <SDIO_DeInit>:
SDIO_DeInit():
   0:	f248 0300 	movw	r3, #32768	; 0x8000
   4:	f2c4 0301 	movt	r3, #16385	; 0x4001
   8:	f04f 0100 	mov.w	r1, #0	; 0x0
   c:	6019      	str	r1, [r3, #0]
   e:	6059      	str	r1, [r3, #4]
  10:	6099      	str	r1, [r3, #8]
  12:	60d9      	str	r1, [r3, #12]
  14:	6259      	str	r1, [r3, #36]
  16:	6299      	str	r1, [r3, #40]
  18:	62d9      	str	r1, [r3, #44]
  1a:	f240 72ff 	movw	r2, #2047	; 0x7ff
  1e:	f2c0 02c0 	movt	r2, #192	; 0xc0
  22:	639a      	str	r2, [r3, #56]
  24:	63d9      	str	r1, [r3, #60]
  26:	4770      	bx	lr
Disassembly of section .text.SDIO_StructInit:

00000000 <SDIO_StructInit>:
SDIO_StructInit():
   0:	f04f 0300 	mov.w	r3, #0	; 0x0
   4:	7503      	strb	r3, [r0, #20]
   6:	6003      	str	r3, [r0, #0]
   8:	6043      	str	r3, [r0, #4]
   a:	6083      	str	r3, [r0, #8]
   c:	60c3      	str	r3, [r0, #12]
   e:	6103      	str	r3, [r0, #16]
  10:	4770      	bx	lr
  12:	46c0      	nop			(mov r8, r8)
Disassembly of section .text.SDIO_GetPowerState:

00000000 <SDIO_GetPowerState>:
SDIO_GetPowerState():
   0:	f248 0300 	movw	r3, #32768	; 0x8000
   4:	f2c4 0301 	movt	r3, #16385	; 0x4001
   8:	6818      	ldr	r0, [r3, #0]
   a:	f000 0003 	and.w	r0, r0, #3	; 0x3
   e:	4770      	bx	lr
Disassembly of section .text.SDIO_CmdStructInit:

00000000 <SDIO_CmdStructInit>:
SDIO_CmdStructInit():
   0:	f04f 0300 	mov.w	r3, #0	; 0x0
   4:	6003      	str	r3, [r0, #0]
   6:	6043      	str	r3, [r0, #4]
   8:	6083      	str	r3, [r0, #8]
   a:	60c3      	str	r3, [r0, #12]
   c:	6103      	str	r3, [r0, #16]
   e:	4770      	bx	lr
Disassembly of section .text.SDIO_GetCommandResponse:

00000000 <SDIO_GetCommandResponse>:
SDIO_GetCommandResponse():
   0:	f248 0300 	movw	r3, #32768	; 0x8000
   4:	f2c4 0301 	movt	r3, #16385	; 0x4001
   8:	6918      	ldr	r0, [r3, #16]
   a:	b2c0      	uxtb	r0, r0
   c:	4770      	bx	lr
   e:	46c0      	nop			(mov r8, r8)
Disassembly of section .text.SDIO_DataStructInit:

00000000 <SDIO_DataStructInit>:
SDIO_DataStructInit():
   0:	f04f 33ff 	mov.w	r3, #4294967295	; 0xffffffff
   4:	6003      	str	r3, [r0, #0]
   6:	f103 0301 	add.w	r3, r3, #1	; 0x1
   a:	6043      	str	r3, [r0, #4]
   c:	6083      	str	r3, [r0, #8]
   e:	60c3      	str	r3, [r0, #12]
  10:	6103      	str	r3, [r0, #16]
  12:	6143      	str	r3, [r0, #20]
  14:	4770      	bx	lr
  16:	46c0      	nop			(mov r8, r8)
Disassembly of section .text.SDIO_GetDataCounter:

00000000 <SDIO_GetDataCounter>:
SDIO_GetDataCounter():
   0:	f248 0300 	movw	r3, #32768	; 0x8000
   4:	f2c4 0301 	movt	r3, #16385	; 0x4001
   8:	6b18      	ldr	r0, [r3, #48]
   a:	4770      	bx	lr
Disassembly of section .text.SDIO_ReadData:

00000000 <SDIO_ReadData>:
SDIO_ReadData():
   0:	f248 0300 	movw	r3, #32768	; 0x8000
   4:	f2c4 0301 	movt	r3, #16385	; 0x4001
   8:	f8d3 0080 	ldr.w	r0, [r3, #128]
   c:	4770      	bx	lr
   e:	46c0      	nop			(mov r8, r8)
Disassembly of section .text.SDIO_WriteData:

00000000 <SDIO_WriteData>:
SDIO_WriteData():
   0:	f248 0300 	movw	r3, #32768	; 0x8000
   4:	f2c4 0301 	movt	r3, #16385	; 0x4001
   8:	f8c3 0080 	str.w	r0, [r3, #128]
   c:	4770      	bx	lr
   e:	46c0      	nop			(mov r8, r8)
Disassembly of section .text.SDIO_GetFIFOCount:

00000000 <SDIO_GetFIFOCount>:
SDIO_GetFIFOCount():
   0:	f248 0300 	movw	r3, #32768	; 0x8000
   4:	f2c4 0301 	movt	r3, #16385	; 0x4001
   8:	6c98      	ldr	r0, [r3, #72]
   a:	4770      	bx	lr
Disassembly of section .text.SDIO_ClearITPendingBit:

00000000 <SDIO_ClearITPendingBit>:
SDIO_ClearITPendingBit():
   0:	b510      	push	{r4, lr}
   2:	4604      	mov	r4, r0
   4:	f64f 0300 	movw	r3, #63488	; 0xf800
   8:	f6cf 733f 	movt	r3, #65343	; 0xff3f
   c:	4218      	tst	r0, r3
   e:	bf14      	ite	ne
  10:	2000      	movne	r0, #0
  12:	2001      	moveq	r0, #1
  14:	2c00      	cmp	r4, #0
  16:	bf0c      	ite	eq
  18:	2000      	moveq	r0, #0
  1a:	f000 0001 	andne.w	r0, r0, #1	; 0x1
  1e:	f7ff fffe 	bl	0 <assert_param>
  22:	f248 0300 	movw	r3, #32768	; 0x8000
  26:	f2c4 0301 	movt	r3, #16385	; 0x4001
  2a:	639c      	str	r4, [r3, #56]
  2c:	bd10      	pop	{r4, pc}
  2e:	46c0      	nop			(mov r8, r8)
Disassembly of section .text.SDIO_GetITStatus:

00000000 <SDIO_GetITStatus>:
SDIO_GetITStatus():
   0:	b510      	push	{r4, lr}
   2:	4604      	mov	r4, r0
   4:	f100 32ff 	add.w	r2, r0, #4294967295	; 0xffffffff
   8:	2804      	cmp	r0, #4
   a:	bf14      	ite	ne
   c:	2300      	movne	r3, #0
   e:	2301      	moveq	r3, #1
  10:	2a01      	cmp	r2, #1
  12:	bf98      	it	ls
  14:	f043 0301 	orrls.w	r3, r3, #1	; 0x1
  18:	2b00      	cmp	r3, #0
  1a:	d174      	bne.n	106 <SDIO_GetITStatus+0x106>
  1c:	2810      	cmp	r0, #16
  1e:	bf14      	ite	ne
  20:	2300      	movne	r3, #0
  22:	2301      	moveq	r3, #1
  24:	2808      	cmp	r0, #8
  26:	bf08      	it	eq
  28:	f043 0301 	orreq.w	r3, r3, #1	; 0x1
  2c:	2b00      	cmp	r3, #0
  2e:	d16a      	bne.n	106 <SDIO_GetITStatus+0x106>
  30:	2840      	cmp	r0, #64
  32:	bf14      	ite	ne
  34:	2300      	movne	r3, #0
  36:	2301      	moveq	r3, #1
  38:	2820      	cmp	r0, #32
  3a:	bf08      	it	eq
  3c:	f043 0301 	orreq.w	r3, r3, #1	; 0x1
  40:	2b00      	cmp	r3, #0
  42:	d160      	bne.n	106 <SDIO_GetITStatus+0x106>
  44:	f5b0 7f80 	cmp.w	r0, #256	; 0x100
  48:	bf14      	ite	ne
  4a:	2300      	movne	r3, #0
  4c:	2301      	moveq	r3, #1
  4e:	2880      	cmp	r0, #128
  50:	bf08      	it	eq
  52:	f043 0301 	orreq.w	r3, r3, #1	; 0x1
  56:	2b00      	cmp	r3, #0
  58:	d155      	bne.n	106 <SDIO_GetITStatus+0x106>
  5a:	f5b0 6f80 	cmp.w	r0, #1024	; 0x400
  5e:	bf14      	ite	ne
  60:	2300      	movne	r3, #0
  62:	2301      	moveq	r3, #1
  64:	f5b0 7f00 	cmp.w	r0, #512	; 0x200
  68:	bf08      	it	eq
  6a:	f043 0301 	orreq.w	r3, r3, #1	; 0x1
  6e:	2b00      	cmp	r3, #0
  70:	d149      	bne.n	106 <SDIO_GetITStatus+0x106>
  72:	f5b0 5f80 	cmp.w	r0, #4096	; 0x1000
  76:	bf14      	ite	ne
  78:	2300      	movne	r3, #0
  7a:	2301      	moveq	r3, #1
  7c:	f5b0 6f00 	cmp.w	r0, #2048	; 0x800
  80:	bf08      	it	eq
  82:	f043 0301 	orreq.w	r3, r3, #1	; 0x1
  86:	2b00      	cmp	r3, #0
  88:	d13d      	bne.n	106 <SDIO_GetITStatus+0x106>
  8a:	f5b0 4f80 	cmp.w	r0, #16384	; 0x4000
  8e:	bf14      	ite	ne
  90:	2300      	movne	r3, #0
  92:	2301      	moveq	r3, #1
  94:	f5b0 5f00 	cmp.w	r0, #8192	; 0x2000
  98:	bf08      	it	eq
  9a:	f043 0301 	orreq.w	r3, r3, #1	; 0x1
  9e:	2b00      	cmp	r3, #0
  a0:	d131      	bne.n	106 <SDIO_GetITStatus+0x106>
  a2:	f5b0 3f80 	cmp.w	r0, #65536	; 0x10000
  a6:	bf14      	ite	ne
  a8:	2300      	movne	r3, #0
  aa:	2301      	moveq	r3, #1
  ac:	f5b0 4f00 	cmp.w	r0, #32768	; 0x8000
  b0:	bf08      	it	eq
  b2:	f043 0301 	orreq.w	r3, r3, #1	; 0x1
  b6:	bb33      	cbnz	r3, 106 <SDIO_GetITStatus+0x106>
  b8:	f5b0 2f80 	cmp.w	r0, #262144	; 0x40000
  bc:	bf14      	ite	ne
  be:	2300      	movne	r3, #0
  c0:	2301      	moveq	r3, #1
  c2:	f5b0 3f00 	cmp.w	r0, #131072	; 0x20000
  c6:	bf08      	it	eq
  c8:	f043 0301 	orreq.w	r3, r3, #1	; 0x1
  cc:	b9db      	cbnz	r3, 106 <SDIO_GetITStatus+0x106>
  ce:	f5b0 1f80 	cmp.w	r0, #1048576	; 0x100000
  d2:	bf14      	ite	ne
  d4:	2300      	movne	r3, #0
  d6:	2301      	moveq	r3, #1
  d8:	f5b0 2f00 	cmp.w	r0, #524288	; 0x80000
  dc:	bf08      	it	eq
  de:	f043 0301 	orreq.w	r3, r3, #1	; 0x1
  e2:	b983      	cbnz	r3, 106 <SDIO_GetITStatus+0x106>
  e4:	f5b0 0f80 	cmp.w	r0, #4194304	; 0x400000
  e8:	bf14      	ite	ne
  ea:	2300      	movne	r3, #0
  ec:	2301      	moveq	r3, #1
  ee:	f5b0 1f00 	cmp.w	r0, #2097152	; 0x200000
  f2:	bf08      	it	eq
  f4:	f043 0301 	orreq.w	r3, r3, #1	; 0x1
  f8:	b92b      	cbnz	r3, 106 <SDIO_GetITStatus+0x106>
  fa:	f5b0 0f00 	cmp.w	r0, #8388608	; 0x800000
  fe:	bf14      	ite	ne
 100:	2000      	movne	r0, #0
 102:	2001      	moveq	r0, #1
 104:	e001      	b.n	10a <SDIO_GetITStatus+0x10a>
 106:	f04f 0001 	mov.w	r0, #1	; 0x1
 10a:	f7ff fffe 	bl	0 <assert_param>
 10e:	f248 0300 	movw	r3, #32768	; 0x8000
 112:	f2c4 0301 	movt	r3, #16385	; 0x4001
 116:	6b5b      	ldr	r3, [r3, #52]
 118:	421c      	tst	r4, r3
 11a:	bf0c      	ite	eq
 11c:	2000      	moveq	r0, #0
 11e:	2001      	movne	r0, #1
 120:	bd10      	pop	{r4, pc}
 122:	46c0      	nop			(mov r8, r8)
Disassembly of section .text.SDIO_ClearFlag:

00000000 <SDIO_ClearFlag>:
SDIO_ClearFlag():
   0:	b510      	push	{r4, lr}
   2:	4604      	mov	r4, r0
   4:	f64f 0300 	movw	r3, #63488	; 0xf800
   8:	f6cf 733f 	movt	r3, #65343	; 0xff3f
   c:	4218      	tst	r0, r3
   e:	bf14      	ite	ne
  10:	2000      	movne	r0, #0
  12:	2001      	moveq	r0, #1
  14:	2c00      	cmp	r4, #0
  16:	bf0c      	ite	eq
  18:	2000      	moveq	r0, #0
  1a:	f000 0001 	andne.w	r0, r0, #1	; 0x1
  1e:	f7ff fffe 	bl	0 <assert_param>
  22:	f248 0300 	movw	r3, #32768	; 0x8000
  26:	f2c4 0301 	movt	r3, #16385	; 0x4001
  2a:	639c      	str	r4, [r3, #56]
  2c:	bd10      	pop	{r4, pc}
  2e:	46c0      	nop			(mov r8, r8)
Disassembly of section .text.SDIO_GetFlagStatus:

00000000 <SDIO_GetFlagStatus>:
SDIO_GetFlagStatus():
   0:	b510      	push	{r4, lr}
   2:	4604      	mov	r4, r0
   4:	f100 32ff 	add.w	r2, r0, #4294967295	; 0xffffffff
   8:	2804      	cmp	r0, #4
   a:	bf14      	ite	ne
   c:	2300      	movne	r3, #0
   e:	2301      	moveq	r3, #1
  10:	2a01      	cmp	r2, #1
  12:	bf98      	it	ls
  14:	f043 0301 	orrls.w	r3, r3, #1	; 0x1
  18:	2b00      	cmp	r3, #0
  1a:	d174      	bne.n	106 <SDIO_GetFlagStatus+0x106>
  1c:	2810      	cmp	r0, #16
  1e:	bf14      	ite	ne
  20:	2300      	movne	r3, #0
  22:	2301      	moveq	r3, #1
  24:	2808      	cmp	r0, #8
  26:	bf08      	it	eq
  28:	f043 0301 	orreq.w	r3, r3, #1	; 0x1
  2c:	2b00      	cmp	r3, #0
  2e:	d16a      	bne.n	106 <SDIO_GetFlagStatus+0x106>
  30:	2840      	cmp	r0, #64
  32:	bf14      	ite	ne
  34:	2300      	movne	r3, #0
  36:	2301      	moveq	r3, #1
  38:	2820      	cmp	r0, #32
  3a:	bf08      	it	eq
  3c:	f043 0301 	orreq.w	r3, r3, #1	; 0x1
  40:	2b00      	cmp	r3, #0
  42:	d160      	bne.n	106 <SDIO_GetFlagStatus+0x106>
  44:	f5b0 7f80 	cmp.w	r0, #256	; 0x100
  48:	bf14      	ite	ne
  4a:	2300      	movne	r3, #0
  4c:	2301      	moveq	r3, #1
  4e:	2880      	cmp	r0, #128
  50:	bf08      	it	eq
  52:	f043 0301 	orreq.w	r3, r3, #1	; 0x1
  56:	2b00      	cmp	r3, #0
  58:	d155      	bne.n	106 <SDIO_GetFlagStatus+0x106>
  5a:	f5b0 6f80 	cmp.w	r0, #1024	; 0x400
  5e:	bf14      	ite	ne
  60:	2300      	movne	r3, #0
  62:	2301      	moveq	r3, #1
  64:	f5b0 7f00 	cmp.w	r0, #512	; 0x200
  68:	bf08      	it	eq
  6a:	f043 0301 	orreq.w	r3, r3, #1	; 0x1
  6e:	2b00      	cmp	r3, #0
  70:	d149      	bne.n	106 <SDIO_GetFlagStatus+0x106>
  72:	f5b0 5f80 	cmp.w	r0, #4096	; 0x1000
  76:	bf14      	ite	ne
  78:	2300      	movne	r3, #0
  7a:	2301      	moveq	r3, #1
  7c:	f5b0 6f00 	cmp.w	r0, #2048	; 0x800
  80:	bf08      	it	eq
  82:	f043 0301 	orreq.w	r3, r3, #1	; 0x1
  86:	2b00      	cmp	r3, #0
  88:	d13d      	bne.n	106 <SDIO_GetFlagStatus+0x106>
  8a:	f5b0 4f80 	cmp.w	r0, #16384	; 0x4000
  8e:	bf14      	ite	ne
  90:	2300      	movne	r3, #0
  92:	2301      	moveq	r3, #1
  94:	f5b0 5f00 	cmp.w	r0, #8192	; 0x2000
  98:	bf08      	it	eq
  9a:	f043 0301 	orreq.w	r3, r3, #1	; 0x1
  9e:	2b00      	cmp	r3, #0
  a0:	d131      	bne.n	106 <SDIO_GetFlagStatus+0x106>
  a2:	f5b0 3f80 	cmp.w	r0, #65536	; 0x10000
  a6:	bf14      	ite	ne
  a8:	2300      	movne	r3, #0
  aa:	2301      	moveq	r3, #1
  ac:	f5b0 4f00 	cmp.w	r0, #32768	; 0x8000
  b0:	bf08      	it	eq
  b2:	f043 0301 	orreq.w	r3, r3, #1	; 0x1
  b6:	bb33      	cbnz	r3, 106 <SDIO_GetFlagStatus+0x106>
  b8:	f5b0 2f80 	cmp.w	r0, #262144	; 0x40000
  bc:	bf14      	ite	ne
  be:	2300      	movne	r3, #0
  c0:	2301      	moveq	r3, #1
  c2:	f5b0 3f00 	cmp.w	r0, #131072	; 0x20000
  c6:	bf08      	it	eq
  c8:	f043 0301 	orreq.w	r3, r3, #1	; 0x1
  cc:	b9db      	cbnz	r3, 106 <SDIO_GetFlagStatus+0x106>
  ce:	f5b0 1f80 	cmp.w	r0, #1048576	; 0x100000
  d2:	bf14      	ite	ne
  d4:	2300      	movne	r3, #0
  d6:	2301      	moveq	r3, #1
  d8:	f5b0 2f00 	cmp.w	r0, #524288	; 0x80000
  dc:	bf08      	it	eq
  de:	f043 0301 	orreq.w	r3, r3, #1	; 0x1
  e2:	b983      	cbnz	r3, 106 <SDIO_GetFlagStatus+0x106>
  e4:	f5b0 0f80 	cmp.w	r0, #4194304	; 0x400000
  e8:	bf14      	ite	ne
  ea:	2300      	movne	r3, #0
  ec:	2301      	moveq	r3, #1
  ee:	f5b0 1f00 	cmp.w	r0, #2097152	; 0x200000
  f2:	bf08      	it	eq
  f4:	f043 0301 	orreq.w	r3, r3, #1	; 0x1
  f8:	b92b      	cbnz	r3, 106 <SDIO_GetFlagStatus+0x106>
  fa:	f5b0 0f00 	cmp.w	r0, #8388608	; 0x800000
  fe:	bf14      	ite	ne
 100:	2000      	movne	r0, #0
 102:	2001      	moveq	r0, #1
 104:	e001      	b.n	10a <SDIO_GetFlagStatus+0x10a>
 106:	f04f 0001 	mov.w	r0, #1	; 0x1
 10a:	f7ff fffe 	bl	0 <assert_param>
 10e:	f248 0300 	movw	r3, #32768	; 0x8000
 112:	f2c4 0301 	movt	r3, #16385	; 0x4001
 116:	6b5b      	ldr	r3, [r3, #52]
 118:	421c      	tst	r4, r3
 11a:	bf0c      	ite	eq
 11c:	2000      	moveq	r0, #0
 11e:	2001      	movne	r0, #1
 120:	bd10      	pop	{r4, pc}
 122:	46c0      	nop			(mov r8, r8)
Disassembly of section .text.SDIO_SendCEATACmd:

00000000 <SDIO_SendCEATACmd>:
SDIO_SendCEATACmd():
   0:	b510      	push	{r4, lr}
   2:	4604      	mov	r4, r0
   4:	2801      	cmp	r0, #1
   6:	bf8c      	ite	hi
   8:	2000      	movhi	r0, #0
   a:	2001      	movls	r0, #1
   c:	f7ff fffe 	bl	0 <assert_param>
  10:	f240 13b8 	movw	r3, #440	; 0x1b8
  14:	f2c4 2330 	movt	r3, #16944	; 0x4230
  18:	601c      	str	r4, [r3, #0]
  1a:	bd10      	pop	{r4, pc}
Disassembly of section .text.SDIO_CEATAITCmd:

00000000 <SDIO_CEATAITCmd>:
SDIO_CEATAITCmd():
   0:	b510      	push	{r4, lr}
   2:	4604      	mov	r4, r0
   4:	2801      	cmp	r0, #1
   6:	bf8c      	ite	hi
   8:	2000      	movhi	r0, #0
   a:	2001      	movls	r0, #1
   c:	f7ff fffe 	bl	0 <assert_param>
  10:	f084 0401 	eor.w	r4, r4, #1	; 0x1
  14:	f004 0401 	and.w	r4, r4, #1	; 0x1
  18:	f240 13b4 	movw	r3, #436	; 0x1b4
  1c:	f2c4 2330 	movt	r3, #16944	; 0x4230
  20:	601c      	str	r4, [r3, #0]
  22:	bd10      	pop	{r4, pc}
Disassembly of section .text.SDIO_CommandCompletionCmd:

00000000 <SDIO_CommandCompletionCmd>:
SDIO_CommandCompletionCmd():
   0:	b510      	push	{r4, lr}
   2:	4604      	mov	r4, r0
   4:	2801      	cmp	r0, #1
   6:	bf8c      	ite	hi
   8:	2000      	movhi	r0, #0
   a:	2001      	movls	r0, #1
   c:	f7ff fffe 	bl	0 <assert_param>
  10:	f240 13b0 	movw	r3, #432	; 0x1b0
  14:	f2c4 2330 	movt	r3, #16944	; 0x4230
  18:	601c      	str	r4, [r3, #0]
  1a:	bd10      	pop	{r4, pc}
Disassembly of section .text.SDIO_SendSDIOSuspendCmd:

00000000 <SDIO_SendSDIOSuspendCmd>:
SDIO_SendSDIOSuspendCmd():
   0:	b510      	push	{r4, lr}
   2:	4604      	mov	r4, r0
   4:	2801      	cmp	r0, #1
   6:	bf8c      	ite	hi
   8:	2000      	movhi	r0, #0
   a:	2001      	movls	r0, #1
   c:	f7ff fffe 	bl	0 <assert_param>
  10:	f240 13ac 	movw	r3, #428	; 0x1ac
  14:	f2c4 2330 	movt	r3, #16944	; 0x4230
  18:	601c      	str	r4, [r3, #0]
  1a:	bd10      	pop	{r4, pc}
Disassembly of section .text.SDIO_SetSDIOOperation:

00000000 <SDIO_SetSDIOOperation>:
SDIO_SetSDIOOperation():
   0:	b510      	push	{r4, lr}
   2:	4604      	mov	r4, r0
   4:	2801      	cmp	r0, #1
   6:	bf8c      	ite	hi
   8:	2000      	movhi	r0, #0
   a:	2001      	movls	r0, #1
   c:	f7ff fffe 	bl	0 <assert_param>
  10:	f240 53ac 	movw	r3, #1452	; 0x5ac
  14:	f2c4 2330 	movt	r3, #16944	; 0x4230
  18:	601c      	str	r4, [r3, #0]
  1a:	bd10      	pop	{r4, pc}
Disassembly of section .text.SDIO_SetSDIOReadWaitMode:

00000000 <SDIO_SetSDIOReadWaitMode>:
SDIO_SetSDIOReadWaitMode():
   0:	b510      	push	{r4, lr}
   2:	4604      	mov	r4, r0
   4:	2801      	cmp	r0, #1
   6:	bf8c      	ite	hi
   8:	2000      	movhi	r0, #0
   a:	2001      	movls	r0, #1
   c:	f7ff fffe 	bl	0 <assert_param>
  10:	f240 53a8 	movw	r3, #1448	; 0x5a8
  14:	f2c4 2330 	movt	r3, #16944	; 0x4230
  18:	601c      	str	r4, [r3, #0]
  1a:	bd10      	pop	{r4, pc}
Disassembly of section .text.SDIO_StopSDIOReadWait:

00000000 <SDIO_StopSDIOReadWait>:
SDIO_StopSDIOReadWait():
   0:	b510      	push	{r4, lr}
   2:	4604      	mov	r4, r0
   4:	2801      	cmp	r0, #1
   6:	bf8c      	ite	hi
   8:	2000      	movhi	r0, #0
   a:	2001      	movls	r0, #1
   c:	f7ff fffe 	bl	0 <assert_param>
  10:	f240 53a4 	movw	r3, #1444	; 0x5a4
  14:	f2c4 2330 	movt	r3, #16944	; 0x4230
  18:	601c      	str	r4, [r3, #0]
  1a:	bd10      	pop	{r4, pc}
Disassembly of section .text.SDIO_StartSDIOReadWait:

00000000 <SDIO_StartSDIOReadWait>:
SDIO_StartSDIOReadWait():
   0:	b510      	push	{r4, lr}
   2:	4604      	mov	r4, r0
   4:	2801      	cmp	r0, #1
   6:	bf8c      	ite	hi
   8:	2000      	movhi	r0, #0
   a:	2001      	movls	r0, #1
   c:	f7ff fffe 	bl	0 <assert_param>
  10:	f240 53a0 	movw	r3, #1440	; 0x5a0
  14:	f2c4 2330 	movt	r3, #16944	; 0x4230
  18:	601c      	str	r4, [r3, #0]
  1a:	bd10      	pop	{r4, pc}
Disassembly of section .text.SDIO_DataConfig:

00000000 <SDIO_DataConfig>:
SDIO_DataConfig():
   0:	b510      	push	{r4, lr}
   2:	4604      	mov	r4, r0
   4:	6840      	ldr	r0, [r0, #4]
   6:	f1b0 7f00 	cmp.w	r0, #33554432	; 0x2000000
   a:	bf2c      	ite	cs
   c:	2000      	movcs	r0, #0
   e:	2001      	movcc	r0, #1
  10:	f7ff fffe 	bl	0 <assert_param>
  14:	68a0      	ldr	r0, [r4, #8]
  16:	2810      	cmp	r0, #16
  18:	bf14      	ite	ne
  1a:	2300      	movne	r3, #0
  1c:	2301      	moveq	r3, #1
  1e:	2800      	cmp	r0, #0
  20:	bf08      	it	eq
  22:	f043 0301 	orreq.w	r3, r3, #1	; 0x1
  26:	b9e3      	cbnz	r3, 62 <SDIO_DataConfig+0x62>
  28:	2820      	cmp	r0, #32
  2a:	d01a      	beq.n	62 <SDIO_DataConfig+0x62>
  2c:	2830      	cmp	r0, #48
  2e:	d018      	beq.n	62 <SDIO_DataConfig+0x62>
  30:	2840      	cmp	r0, #64
  32:	d016      	beq.n	62 <SDIO_DataConfig+0x62>
  34:	2850      	cmp	r0, #80
  36:	d014      	beq.n	62 <SDIO_DataConfig+0x62>
  38:	2860      	cmp	r0, #96
  3a:	d012      	beq.n	62 <SDIO_DataConfig+0x62>
  3c:	2870      	cmp	r0, #112
  3e:	d010      	beq.n	62 <SDIO_DataConfig+0x62>
  40:	2880      	cmp	r0, #128
  42:	d00e      	beq.n	62 <SDIO_DataConfig+0x62>
  44:	2890      	cmp	r0, #144
  46:	d00c      	beq.n	62 <SDIO_DataConfig+0x62>
  48:	28a0      	cmp	r0, #160
  4a:	d00a      	beq.n	62 <SDIO_DataConfig+0x62>
  4c:	28b0      	cmp	r0, #176
  4e:	d008      	beq.n	62 <SDIO_DataConfig+0x62>
  50:	28c0      	cmp	r0, #192
  52:	d006      	beq.n	62 <SDIO_DataConfig+0x62>
  54:	28d0      	cmp	r0, #208
  56:	d004      	beq.n	62 <SDIO_DataConfig+0x62>
  58:	28e0      	cmp	r0, #224
  5a:	bf14      	ite	ne
  5c:	2000      	movne	r0, #0
  5e:	2001      	moveq	r0, #1
  60:	e001      	b.n	66 <SDIO_DataConfig+0x66>
  62:	f04f 0001 	mov.w	r0, #1	; 0x1
  66:	f7ff fffe 	bl	0 <assert_param>
  6a:	68e3      	ldr	r3, [r4, #12]
  6c:	2b02      	cmp	r3, #2
  6e:	bf14      	ite	ne
  70:	2000      	movne	r0, #0
  72:	2001      	moveq	r0, #1
  74:	2b00      	cmp	r3, #0
  76:	bf08      	it	eq
  78:	f040 0001 	orreq.w	r0, r0, #1	; 0x1
  7c:	f7ff fffe 	bl	0 <assert_param>
  80:	6923      	ldr	r3, [r4, #16]
  82:	f1d3 0001 	rsbs	r0, r3, #1	; 0x1
  86:	bf38      	it	cc
  88:	2000      	movcc	r0, #0
  8a:	2b04      	cmp	r3, #4
  8c:	bf08      	it	eq
  8e:	f040 0001 	orreq.w	r0, r0, #1	; 0x1
  92:	f7ff fffe 	bl	0 <assert_param>
  96:	6960      	ldr	r0, [r4, #20]
  98:	2801      	cmp	r0, #1
  9a:	bf8c      	ite	hi
  9c:	2000      	movhi	r0, #0
  9e:	2001      	movls	r0, #1
  a0:	f7ff fffe 	bl	0 <assert_param>
  a4:	6823      	ldr	r3, [r4, #0]
  a6:	f248 0100 	movw	r1, #32768	; 0x8000
  aa:	f2c4 0101 	movt	r1, #16385	; 0x4001
  ae:	624b      	str	r3, [r1, #36]
  b0:	6863      	ldr	r3, [r4, #4]
  b2:	628b      	str	r3, [r1, #40]
  b4:	6ac8      	ldr	r0, [r1, #44]
  b6:	f020 00f7 	bic.w	r0, r0, #247	; 0xf7
  ba:	68e3      	ldr	r3, [r4, #12]
  bc:	68a2      	ldr	r2, [r4, #8]
  be:	ea43 0302 	orr.w	r3, r3, r2
  c2:	6922      	ldr	r2, [r4, #16]
  c4:	ea43 0302 	orr.w	r3, r3, r2
  c8:	6962      	ldr	r2, [r4, #20]
  ca:	ea43 0302 	orr.w	r3, r3, r2
  ce:	ea43 0300 	orr.w	r3, r3, r0
  d2:	62cb      	str	r3, [r1, #44]
  d4:	bd10      	pop	{r4, pc}
  d6:	46c0      	nop			(mov r8, r8)
Disassembly of section .text.SDIO_GetResponse:

00000000 <SDIO_GetResponse>:
SDIO_GetResponse():
   0:	b510      	push	{r4, lr}
   2:	b082      	sub	sp, #8
   4:	f04f 0300 	mov.w	r3, #0	; 0x0
   8:	9301      	str	r3, [sp, #4]
   a:	4604      	mov	r4, r0
   c:	2804      	cmp	r0, #4
   e:	bf14      	ite	ne
  10:	2300      	movne	r3, #0
  12:	2301      	moveq	r3, #1
  14:	2800      	cmp	r0, #0
  16:	bf08      	it	eq
  18:	f043 0301 	orreq.w	r3, r3, #1	; 0x1
  1c:	b113      	cbz	r3, 24 <SDIO_GetResponse+0x24>
  1e:	f04f 0001 	mov.w	r0, #1	; 0x1
  22:	e008      	b.n	36 <SDIO_GetResponse+0x36>
  24:	280c      	cmp	r0, #12
  26:	bf14      	ite	ne
  28:	2300      	movne	r3, #0
  2a:	2301      	moveq	r3, #1
  2c:	2808      	cmp	r0, #8
  2e:	bf14      	ite	ne
  30:	4618      	movne	r0, r3
  32:	f043 0001 	orreq.w	r0, r3, #1	; 0x1
  36:	f7ff fffe 	bl	0 <assert_param>
  3a:	f248 0314 	movw	r3, #32788	; 0x8014
  3e:	f2c4 0301 	movt	r3, #16385	; 0x4001
  42:	4423      	add	r3, r4
  44:	9301      	str	r3, [sp, #4]
  46:	9b01      	ldr	r3, [sp, #4]
  48:	6818      	ldr	r0, [r3, #0]
  4a:	b002      	add	sp, #8
  4c:	bd10      	pop	{r4, pc}
  4e:	46c0      	nop			(mov r8, r8)
Disassembly of section .text.SDIO_SendCommand:

00000000 <SDIO_SendCommand>:
SDIO_SendCommand():
   0:	b510      	push	{r4, lr}
   2:	4604      	mov	r4, r0
   4:	6840      	ldr	r0, [r0, #4]
   6:	283f      	cmp	r0, #63
   8:	bf8c      	ite	hi
   a:	2000      	movhi	r0, #0
   c:	2001      	movls	r0, #1
   e:	f7ff fffe 	bl	0 <assert_param>
  12:	68a0      	ldr	r0, [r4, #8]
  14:	2840      	cmp	r0, #64
  16:	bf14      	ite	ne
  18:	2300      	movne	r3, #0
  1a:	2301      	moveq	r3, #1
  1c:	2800      	cmp	r0, #0
  1e:	bf08      	it	eq
  20:	f043 0301 	orreq.w	r3, r3, #1	; 0x1
  24:	b113      	cbz	r3, 2c <SDIO_SendCommand+0x2c>
  26:	f04f 0001 	mov.w	r0, #1	; 0x1
  2a:	e003      	b.n	34 <SDIO_SendCommand+0x34>
  2c:	28c0      	cmp	r0, #192
  2e:	bf14      	ite	ne
  30:	2000      	movne	r0, #0
  32:	2001      	moveq	r0, #1
  34:	f7ff fffe 	bl	0 <assert_param>
  38:	68e0      	ldr	r0, [r4, #12]
  3a:	f5b0 7f80 	cmp.w	r0, #256	; 0x100
  3e:	bf14      	ite	ne
  40:	2300      	movne	r3, #0
  42:	2301      	moveq	r3, #1
  44:	2800      	cmp	r0, #0
  46:	bf08      	it	eq
  48:	f043 0301 	orreq.w	r3, r3, #1	; 0x1
  4c:	b113      	cbz	r3, 54 <SDIO_SendCommand+0x54>
  4e:	f04f 0001 	mov.w	r0, #1	; 0x1
  52:	e004      	b.n	5e <SDIO_SendCommand+0x5e>
  54:	f5b0 7f00 	cmp.w	r0, #512	; 0x200
  58:	bf14      	ite	ne
  5a:	2000      	movne	r0, #0
  5c:	2001      	moveq	r0, #1
  5e:	f7ff fffe 	bl	0 <assert_param>
  62:	6923      	ldr	r3, [r4, #16]
  64:	f1d3 0001 	rsbs	r0, r3, #1	; 0x1
  68:	bf38      	it	cc
  6a:	2000      	movcc	r0, #0
  6c:	f5b3 6f80 	cmp.w	r3, #1024	; 0x400
  70:	bf08      	it	eq
  72:	f040 0001 	orreq.w	r0, r0, #1	; 0x1
  76:	f7ff fffe 	bl	0 <assert_param>
  7a:	6823      	ldr	r3, [r4, #0]
  7c:	f248 0100 	movw	r1, #32768	; 0x8000
  80:	f2c4 0101 	movt	r1, #16385	; 0x4001
  84:	608b      	str	r3, [r1, #8]
  86:	68c8      	ldr	r0, [r1, #12]
  88:	f64f 0300 	movw	r3, #63488	; 0xf800
  8c:	f6cf 73ff 	movt	r3, #65535	; 0xffff
  90:	ea00 0003 	and.w	r0, r0, r3
  94:	68a3      	ldr	r3, [r4, #8]
  96:	6862      	ldr	r2, [r4, #4]
  98:	ea43 0302 	orr.w	r3, r3, r2
  9c:	68e2      	ldr	r2, [r4, #12]
  9e:	ea43 0302 	orr.w	r3, r3, r2
  a2:	6922      	ldr	r2, [r4, #16]
  a4:	ea43 0302 	orr.w	r3, r3, r2
  a8:	ea43 0300 	orr.w	r3, r3, r0
  ac:	60cb      	str	r3, [r1, #12]
  ae:	bd10      	pop	{r4, pc}
Disassembly of section .text.SDIO_DMACmd:

00000000 <SDIO_DMACmd>:
SDIO_DMACmd():
   0:	b510      	push	{r4, lr}
   2:	4604      	mov	r4, r0
   4:	2801      	cmp	r0, #1
   6:	bf8c      	ite	hi
   8:	2000      	movhi	r0, #0
   a:	2001      	movls	r0, #1
   c:	f7ff fffe 	bl	0 <assert_param>
  10:	f240 538c 	movw	r3, #1420	; 0x58c
  14:	f2c4 2330 	movt	r3, #16944	; 0x4230
  18:	601c      	str	r4, [r3, #0]
  1a:	bd10      	pop	{r4, pc}
Disassembly of section .text.SDIO_ITConfig:

00000000 <SDIO_ITConfig>:
SDIO_ITConfig():
   0:	b570      	push	{r4, r5, r6, lr}
   2:	4605      	mov	r5, r0
   4:	460c      	mov	r4, r1
   6:	f010 4f7f 	tst.w	r0, #4278190080	; 0xff000000
   a:	bf14      	ite	ne
   c:	2000      	movne	r0, #0
   e:	2001      	moveq	r0, #1
  10:	2d00      	cmp	r5, #0
  12:	bf0c      	ite	eq
  14:	2000      	moveq	r0, #0
  16:	f000 0001 	andne.w	r0, r0, #1	; 0x1
  1a:	f7ff fffe 	bl	0 <assert_param>
  1e:	2c01      	cmp	r4, #1
  20:	bf8c      	ite	hi
  22:	2000      	movhi	r0, #0
  24:	2001      	movls	r0, #1
  26:	f7ff fffe 	bl	0 <assert_param>
  2a:	b144      	cbz	r4, 3e <assert_param+0x3e>
  2c:	f248 0200 	movw	r2, #32768	; 0x8000
  30:	f2c4 0201 	movt	r2, #16385	; 0x4001
  34:	6bd3      	ldr	r3, [r2, #60]
  36:	ea45 0303 	orr.w	r3, r5, r3
  3a:	63d3      	str	r3, [r2, #60]
  3c:	e009      	b.n	52 <assert_param+0x52>
  3e:	f248 0300 	movw	r3, #32768	; 0x8000
  42:	f2c4 0301 	movt	r3, #16385	; 0x4001
  46:	6bd9      	ldr	r1, [r3, #60]
  48:	ea6f 0205 	mvn.w	r2, r5
  4c:	ea02 0201 	and.w	r2, r2, r1
  50:	63da      	str	r2, [r3, #60]
  52:	bd70      	pop	{r4, r5, r6, pc}
Disassembly of section .text.SDIO_SetPowerState:

00000000 <SDIO_SetPowerState>:
SDIO_SetPowerState():
   0:	b510      	push	{r4, lr}
   2:	4604      	mov	r4, r0
   4:	2803      	cmp	r0, #3
   6:	bf14      	ite	ne
   8:	2300      	movne	r3, #0
   a:	2301      	moveq	r3, #1
   c:	2800      	cmp	r0, #0
   e:	bf14      	ite	ne
  10:	4618      	movne	r0, r3
  12:	f043 0001 	orreq.w	r0, r3, #1	; 0x1
  16:	f7ff fffe 	bl	0 <assert_param>
  1a:	f248 0200 	movw	r2, #32768	; 0x8000
  1e:	f2c4 0201 	movt	r2, #16385	; 0x4001
  22:	6813      	ldr	r3, [r2, #0]
  24:	f023 0303 	bic.w	r3, r3, #3	; 0x3
  28:	6013      	str	r3, [r2, #0]
  2a:	6813      	ldr	r3, [r2, #0]
  2c:	ea44 0403 	orr.w	r4, r4, r3
  30:	6014      	str	r4, [r2, #0]
  32:	bd10      	pop	{r4, pc}
Disassembly of section .text.SDIO_ClockCmd:

00000000 <SDIO_ClockCmd>:
SDIO_ClockCmd():
   0:	b510      	push	{r4, lr}
   2:	4604      	mov	r4, r0
   4:	2801      	cmp	r0, #1
   6:	bf8c      	ite	hi
   8:	2000      	movhi	r0, #0
   a:	2001      	movls	r0, #1
   c:	f7ff fffe 	bl	0 <assert_param>
  10:	f240 03a0 	movw	r3, #160	; 0xa0
  14:	f2c4 2330 	movt	r3, #16944	; 0x4230
  18:	601c      	str	r4, [r3, #0]
  1a:	bd10      	pop	{r4, pc}
Disassembly of section .text.SDIO_Init:

00000000 <SDIO_Init>:
SDIO_Init():
   0:	b510      	push	{r4, lr}
   2:	4604      	mov	r4, r0
   4:	6803      	ldr	r3, [r0, #0]
   6:	f5b3 5f00 	cmp.w	r3, #8192	; 0x2000
   a:	bf14      	ite	ne
   c:	2000      	movne	r0, #0
   e:	2001      	moveq	r0, #1
  10:	2b00      	cmp	r3, #0
  12:	bf08      	it	eq
  14:	f040 0001 	orreq.w	r0, r0, #1	; 0x1
  18:	f7ff fffe 	bl	0 <assert_param>
  1c:	6863      	ldr	r3, [r4, #4]
  1e:	f5b3 6f80 	cmp.w	r3, #1024	; 0x400
  22:	bf14      	ite	ne
  24:	2000      	movne	r0, #0
  26:	2001      	moveq	r0, #1
  28:	2b00      	cmp	r3, #0
  2a:	bf08      	it	eq
  2c:	f040 0001 	orreq.w	r0, r0, #1	; 0x1
  30:	f7ff fffe 	bl	0 <assert_param>
  34:	68a3      	ldr	r3, [r4, #8]
  36:	f5b3 7f00 	cmp.w	r3, #512	; 0x200
  3a:	bf14      	ite	ne
  3c:	2000      	movne	r0, #0
  3e:	2001      	moveq	r0, #1
  40:	2b00      	cmp	r3, #0
  42:	bf08      	it	eq
  44:	f040 0001 	orreq.w	r0, r0, #1	; 0x1
  48:	f7ff fffe 	bl	0 <assert_param>
  4c:	68e0      	ldr	r0, [r4, #12]
  4e:	f5b0 6f00 	cmp.w	r0, #2048	; 0x800
  52:	bf14      	ite	ne
  54:	2300      	movne	r3, #0
  56:	2301      	moveq	r3, #1
  58:	2800      	cmp	r0, #0
  5a:	bf08      	it	eq
  5c:	f043 0301 	orreq.w	r3, r3, #1	; 0x1
  60:	b113      	cbz	r3, 68 <SDIO_Init+0x68>
  62:	f04f 0001 	mov.w	r0, #1	; 0x1
  66:	e004      	b.n	72 <SDIO_Init+0x72>
  68:	f5b0 5f80 	cmp.w	r0, #4096	; 0x1000
  6c:	bf14      	ite	ne
  6e:	2000      	movne	r0, #0
  70:	2001      	moveq	r0, #1
  72:	f7ff fffe 	bl	0 <assert_param>
  76:	6923      	ldr	r3, [r4, #16]
  78:	f5b3 4f80 	cmp.w	r3, #16384	; 0x4000
  7c:	bf14      	ite	ne
  7e:	2000      	movne	r0, #0
  80:	2001      	moveq	r0, #1
  82:	2b00      	cmp	r3, #0
  84:	bf08      	it	eq
  86:	f040 0001 	orreq.w	r0, r0, #1	; 0x1
  8a:	f7ff fffe 	bl	0 <assert_param>
  8e:	f248 0000 	movw	r0, #32768	; 0x8000
  92:	f2c4 0001 	movt	r0, #16385	; 0x4001
  96:	6841      	ldr	r1, [r0, #4]
  98:	6862      	ldr	r2, [r4, #4]
  9a:	68a3      	ldr	r3, [r4, #8]
  9c:	ea42 0203 	orr.w	r2, r2, r3
  a0:	68e3      	ldr	r3, [r4, #12]
  a2:	ea42 0203 	orr.w	r2, r2, r3
  a6:	6823      	ldr	r3, [r4, #0]
  a8:	ea42 0203 	orr.w	r2, r2, r3
  ac:	6923      	ldr	r3, [r4, #16]
  ae:	ea42 0203 	orr.w	r2, r2, r3
  b2:	f248 1300 	movw	r3, #33024	; 0x8100
  b6:	f6cf 73ff 	movt	r3, #65535	; 0xffff
  ba:	ea01 0103 	and.w	r1, r1, r3
  be:	ea42 0201 	orr.w	r2, r2, r1
  c2:	7d23      	ldrb	r3, [r4, #20]
  c4:	ea42 0203 	orr.w	r2, r2, r3
  c8:	6042      	str	r2, [r0, #4]
  ca:	bd10      	pop	{r4, pc}
