
D:\cortex\gateway\stm32f10x_iwdg.o:     file format elf32-littlearm
D:\cortex\gateway\stm32f10x_iwdg.o

Disassembly of section .text.IWDG_ReloadCounter:

00000000 <IWDG_ReloadCounter>:
IWDG_ReloadCounter():
   0:	f243 0300 	movw	r3, #12288	; 0x3000
   4:	f2c4 0300 	movt	r3, #16384	; 0x4000
   8:	f64a 22aa 	movw	r2, #43690	; 0xaaaa
   c:	601a      	str	r2, [r3, #0]
   e:	4770      	bx	lr
Disassembly of section .text.IWDG_Enable:

00000000 <IWDG_Enable>:
IWDG_Enable():
   0:	f243 0300 	movw	r3, #12288	; 0x3000
   4:	f2c4 0300 	movt	r3, #16384	; 0x4000
   8:	f64c 42cc 	movw	r2, #52428	; 0xcccc
   c:	601a      	str	r2, [r3, #0]
   e:	4770      	bx	lr
Disassembly of section .text.IWDG_GetFlagStatus:

00000000 <IWDG_GetFlagStatus>:
IWDG_GetFlagStatus():
   0:	b510      	push	{r4, lr}
   2:	4604      	mov	r4, r0
   4:	f100 30ff 	add.w	r0, r0, #4294967295	; 0xffffffff
   8:	b280      	uxth	r0, r0
   a:	2801      	cmp	r0, #1
   c:	bf8c      	ite	hi
   e:	2000      	movhi	r0, #0
  10:	2001      	movls	r0, #1
  12:	f7ff fffe 	bl	0 <assert_param>
  16:	f243 0300 	movw	r3, #12288	; 0x3000
  1a:	f2c4 0300 	movt	r3, #16384	; 0x4000
  1e:	68db      	ldr	r3, [r3, #12]
  20:	421c      	tst	r4, r3
  22:	bf0c      	ite	eq
  24:	2000      	moveq	r0, #0
  26:	2001      	movne	r0, #1
  28:	bd10      	pop	{r4, pc}
  2a:	46c0      	nop			(mov r8, r8)
Disassembly of section .text.IWDG_SetReload:

00000000 <IWDG_SetReload>:
IWDG_SetReload():
   0:	b510      	push	{r4, lr}
   2:	4604      	mov	r4, r0
   4:	f5b0 5f80 	cmp.w	r0, #4096	; 0x1000
   8:	bf2c      	ite	cs
   a:	2000      	movcs	r0, #0
   c:	2001      	movcc	r0, #1
   e:	f7ff fffe 	bl	0 <assert_param>
  12:	f243 0300 	movw	r3, #12288	; 0x3000
  16:	f2c4 0300 	movt	r3, #16384	; 0x4000
  1a:	609c      	str	r4, [r3, #8]
  1c:	bd10      	pop	{r4, pc}
  1e:	46c0      	nop			(mov r8, r8)
Disassembly of section .text.IWDG_SetPrescaler:

00000000 <IWDG_SetPrescaler>:
IWDG_SetPrescaler():
   0:	b510      	push	{r4, lr}
   2:	4604      	mov	r4, r0
   4:	2806      	cmp	r0, #6
   6:	bf8c      	ite	hi
   8:	2000      	movhi	r0, #0
   a:	2001      	movls	r0, #1
   c:	f7ff fffe 	bl	0 <assert_param>
  10:	f243 0300 	movw	r3, #12288	; 0x3000
  14:	f2c4 0300 	movt	r3, #16384	; 0x4000
  18:	605c      	str	r4, [r3, #4]
  1a:	bd10      	pop	{r4, pc}
Disassembly of section .text.IWDG_WriteAccessCmd:

00000000 <IWDG_WriteAccessCmd>:
IWDG_WriteAccessCmd():
   0:	b510      	push	{r4, lr}
   2:	4604      	mov	r4, r0
   4:	f1d0 0301 	rsbs	r3, r0, #1	; 0x1
   8:	bf38      	it	cc
   a:	2300      	movcc	r3, #0
   c:	f245 5055 	movw	r0, #21845	; 0x5555
  10:	4284      	cmp	r4, r0
  12:	bf14      	ite	ne
  14:	4618      	movne	r0, r3
  16:	f043 0001 	orreq.w	r0, r3, #1	; 0x1
  1a:	f7ff fffe 	bl	0 <assert_param>
  1e:	f243 0300 	movw	r3, #12288	; 0x3000
  22:	f2c4 0300 	movt	r3, #16384	; 0x4000
  26:	601c      	str	r4, [r3, #0]
  28:	bd10      	pop	{r4, pc}
  2a:	46c0      	nop			(mov r8, r8)
