
D:\cortex\gateway\stm32f10x_wwdg.o:     file format elf32-littlearm
D:\cortex\gateway\stm32f10x_wwdg.o

Disassembly of section .text.WWDG_EnableIT:

00000000 <WWDG_EnableIT>:
WWDG_EnableIT():
   0:	f248 03a4 	movw	r3, #32932	; 0x80a4
   4:	f2c4 2305 	movt	r3, #16901	; 0x4205
   8:	f04f 0201 	mov.w	r2, #1	; 0x1
   c:	601a      	str	r2, [r3, #0]
   e:	4770      	bx	lr
Disassembly of section .text.WWDG_GetFlagStatus:

00000000 <WWDG_GetFlagStatus>:
WWDG_GetFlagStatus():
   0:	f642 4300 	movw	r3, #11264	; 0x2c00
   4:	f2c4 0300 	movt	r3, #16384	; 0x4000
   8:	6898      	ldr	r0, [r3, #8]
   a:	b2c0      	uxtb	r0, r0
   c:	4770      	bx	lr
   e:	46c0      	nop			(mov r8, r8)
Disassembly of section .text.WWDG_ClearFlag:

00000000 <WWDG_ClearFlag>:
WWDG_ClearFlag():
   0:	f642 4300 	movw	r3, #11264	; 0x2c00
   4:	f2c4 0300 	movt	r3, #16384	; 0x4000
   8:	f04f 0200 	mov.w	r2, #0	; 0x0
   c:	609a      	str	r2, [r3, #8]
   e:	4770      	bx	lr
Disassembly of section .text.WWDG_Enable:

00000000 <WWDG_Enable>:
WWDG_Enable():
   0:	b510      	push	{r4, lr}
   2:	4604      	mov	r4, r0
   4:	f1a0 0040 	sub.w	r0, r0, #64	; 0x40
   8:	b2c0      	uxtb	r0, r0
   a:	283f      	cmp	r0, #63
   c:	bf8c      	ite	hi
   e:	2000      	movhi	r0, #0
  10:	2001      	movls	r0, #1
  12:	f7ff fffe 	bl	0 <assert_param>
  16:	f044 0480 	orr.w	r4, r4, #128	; 0x80
  1a:	f642 4300 	movw	r3, #11264	; 0x2c00
  1e:	f2c4 0300 	movt	r3, #16384	; 0x4000
  22:	601c      	str	r4, [r3, #0]
  24:	bd10      	pop	{r4, pc}
  26:	46c0      	nop			(mov r8, r8)
Disassembly of section .text.WWDG_SetCounter:

00000000 <WWDG_SetCounter>:
WWDG_SetCounter():
   0:	b510      	push	{r4, lr}
   2:	4604      	mov	r4, r0
   4:	f1a0 0040 	sub.w	r0, r0, #64	; 0x40
   8:	b2c0      	uxtb	r0, r0
   a:	283f      	cmp	r0, #63
   c:	bf8c      	ite	hi
   e:	2000      	movhi	r0, #0
  10:	2001      	movls	r0, #1
  12:	f7ff fffe 	bl	0 <assert_param>
  16:	f004 047f 	and.w	r4, r4, #127	; 0x7f
  1a:	f642 4300 	movw	r3, #11264	; 0x2c00
  1e:	f2c4 0300 	movt	r3, #16384	; 0x4000
  22:	601c      	str	r4, [r3, #0]
  24:	bd10      	pop	{r4, pc}
  26:	46c0      	nop			(mov r8, r8)
Disassembly of section .text.WWDG_SetWindowValue:

00000000 <WWDG_SetWindowValue>:
WWDG_SetWindowValue():
   0:	b510      	push	{r4, lr}
   2:	b082      	sub	sp, #8
   4:	4604      	mov	r4, r0
   6:	f04f 0300 	mov.w	r3, #0	; 0x0
   a:	9301      	str	r3, [sp, #4]
   c:	f080 0080 	eor.w	r0, r0, #128	; 0x80
  10:	ea4f 10d0 	mov.w	r0, r0, lsr #7
  14:	f7ff fffe 	bl	0 <assert_param>
  18:	f642 4200 	movw	r2, #11264	; 0x2c00
  1c:	f2c4 0200 	movt	r2, #16384	; 0x4000
  20:	6853      	ldr	r3, [r2, #4]
  22:	f023 037f 	bic.w	r3, r3, #127	; 0x7f
  26:	9301      	str	r3, [sp, #4]
  28:	9b01      	ldr	r3, [sp, #4]
  2a:	f004 047f 	and.w	r4, r4, #127	; 0x7f
  2e:	ea44 0403 	orr.w	r4, r4, r3
  32:	9401      	str	r4, [sp, #4]
  34:	9b01      	ldr	r3, [sp, #4]
  36:	6053      	str	r3, [r2, #4]
  38:	b002      	add	sp, #8
  3a:	bd10      	pop	{r4, pc}
Disassembly of section .text.WWDG_SetPrescaler:

00000000 <WWDG_SetPrescaler>:
WWDG_SetPrescaler():
   0:	b510      	push	{r4, lr}
   2:	4604      	mov	r4, r0
   4:	2880      	cmp	r0, #128
   6:	bf14      	ite	ne
   8:	2300      	movne	r3, #0
   a:	2301      	moveq	r3, #1
   c:	2800      	cmp	r0, #0
   e:	bf08      	it	eq
  10:	f043 0301 	orreq.w	r3, r3, #1	; 0x1
  14:	b113      	cbz	r3, 1c <WWDG_SetPrescaler+0x1c>
  16:	f04f 0001 	mov.w	r0, #1	; 0x1
  1a:	e00a      	b.n	32 <WWDG_SetPrescaler+0x32>
  1c:	f5b0 7fc0 	cmp.w	r0, #384	; 0x180
  20:	bf14      	ite	ne
  22:	2300      	movne	r3, #0
  24:	2301      	moveq	r3, #1
  26:	f5b0 7f80 	cmp.w	r0, #256	; 0x100
  2a:	bf14      	ite	ne
  2c:	4618      	movne	r0, r3
  2e:	f043 0001 	orreq.w	r0, r3, #1	; 0x1
  32:	f7ff fffe 	bl	0 <assert_param>
  36:	f642 4200 	movw	r2, #11264	; 0x2c00
  3a:	f2c4 0200 	movt	r2, #16384	; 0x4000
  3e:	6853      	ldr	r3, [r2, #4]
  40:	f423 73c0 	bic.w	r3, r3, #384	; 0x180
  44:	ea44 0303 	orr.w	r3, r4, r3
  48:	6053      	str	r3, [r2, #4]
  4a:	bd10      	pop	{r4, pc}
Disassembly of section .text.WWDG_DeInit:

00000000 <WWDG_DeInit>:
WWDG_DeInit():
   0:	b510      	push	{r4, lr}
   2:	f44f 6000 	mov.w	r0, #2048	; 0x800
   6:	f04f 0101 	mov.w	r1, #1	; 0x1
   a:	f7ff fffe 	bl	0 <RCC_APB1PeriphResetCmd>
   e:	f44f 6000 	mov.w	r0, #2048	; 0x800
  12:	f04f 0100 	mov.w	r1, #0	; 0x0
  16:	f7ff fffe 	bl	0 <RCC_APB1PeriphResetCmd>
  1a:	bd10      	pop	{r4, pc}
