
D:\cortex\gateway\stm32f10x_exti.o:     file format elf32-littlearm
D:\cortex\gateway\stm32f10x_exti.o

Disassembly of section .text.EXTI_DeInit:

00000000 <EXTI_DeInit>:
EXTI_DeInit():
   0:	f240 4300 	movw	r3, #1024	; 0x400
   4:	f2c4 0301 	movt	r3, #16385	; 0x4001
   8:	f04f 0200 	mov.w	r2, #0	; 0x0
   c:	601a      	str	r2, [r3, #0]
   e:	605a      	str	r2, [r3, #4]
  10:	609a      	str	r2, [r3, #8]
  12:	60da      	str	r2, [r3, #12]
  14:	f64f 72ff 	movw	r2, #65535	; 0xffff
  18:	f2c0 020f 	movt	r2, #15	; 0xf
  1c:	615a      	str	r2, [r3, #20]
  1e:	4770      	bx	lr
Disassembly of section .text.EXTI_StructInit:

00000000 <EXTI_StructInit>:
EXTI_StructInit():
   0:	f04f 0200 	mov.w	r2, #0	; 0x0
   4:	6002      	str	r2, [r0, #0]
   6:	7102      	strb	r2, [r0, #4]
   8:	f04f 030c 	mov.w	r3, #12	; 0xc
   c:	7143      	strb	r3, [r0, #5]
   e:	7182      	strb	r2, [r0, #6]
  10:	4770      	bx	lr
  12:	46c0      	nop			(mov r8, r8)
Disassembly of section .text.EXTI_ClearITPendingBit:

00000000 <EXTI_ClearITPendingBit>:
EXTI_ClearITPendingBit():
   0:	b510      	push	{r4, lr}
   2:	4604      	mov	r4, r0
   4:	f240 0300 	movw	r3, #0	; 0x0
   8:	f6cf 73f0 	movt	r3, #65520	; 0xfff0
   c:	4218      	tst	r0, r3
   e:	bf14      	ite	ne
  10:	2000      	movne	r0, #0
  12:	2001      	moveq	r0, #1
  14:	2c00      	cmp	r4, #0
  16:	bf0c      	ite	eq
  18:	2000      	moveq	r0, #0
  1a:	f000 0001 	andne.w	r0, r0, #1	; 0x1
  1e:	f7ff fffe 	bl	0 <assert_param>
  22:	f240 4300 	movw	r3, #1024	; 0x400
  26:	f2c4 0301 	movt	r3, #16385	; 0x4001
  2a:	615c      	str	r4, [r3, #20]
  2c:	bd10      	pop	{r4, pc}
  2e:	46c0      	nop			(mov r8, r8)
Disassembly of section .text.EXTI_GetITStatus:

00000000 <EXTI_GetITStatus>:
EXTI_GetITStatus():
   0:	b510      	push	{r4, lr}
   2:	4604      	mov	r4, r0
   4:	f100 32ff 	add.w	r2, r0, #4294967295	; 0xffffffff
   8:	2804      	cmp	r0, #4
   a:	bf14      	ite	ne
   c:	2300      	movne	r3, #0
   e:	2301      	moveq	r3, #1
  10:	2a01      	cmp	r2, #1
  12:	bf98      	it	ls
  14:	f043 0301 	orrls.w	r3, r3, #1	; 0x1
  18:	2b00      	cmp	r3, #0
  1a:	d15c      	bne.n	d6 <EXTI_GetITStatus+0xd6>
  1c:	2810      	cmp	r0, #16
  1e:	bf14      	ite	ne
  20:	2300      	movne	r3, #0
  22:	2301      	moveq	r3, #1
  24:	2808      	cmp	r0, #8
  26:	bf08      	it	eq
  28:	f043 0301 	orreq.w	r3, r3, #1	; 0x1
  2c:	2b00      	cmp	r3, #0
  2e:	d152      	bne.n	d6 <EXTI_GetITStatus+0xd6>
  30:	2840      	cmp	r0, #64
  32:	bf14      	ite	ne
  34:	2300      	movne	r3, #0
  36:	2301      	moveq	r3, #1
  38:	2820      	cmp	r0, #32
  3a:	bf08      	it	eq
  3c:	f043 0301 	orreq.w	r3, r3, #1	; 0x1
  40:	2b00      	cmp	r3, #0
  42:	d148      	bne.n	d6 <EXTI_GetITStatus+0xd6>
  44:	f5b0 7f80 	cmp.w	r0, #256	; 0x100
  48:	bf14      	ite	ne
  4a:	2300      	movne	r3, #0
  4c:	2301      	moveq	r3, #1
  4e:	2880      	cmp	r0, #128
  50:	bf08      	it	eq
  52:	f043 0301 	orreq.w	r3, r3, #1	; 0x1
  56:	2b00      	cmp	r3, #0
  58:	d13d      	bne.n	d6 <EXTI_GetITStatus+0xd6>
  5a:	f5b0 6f80 	cmp.w	r0, #1024	; 0x400
  5e:	bf14      	ite	ne
  60:	2300      	movne	r3, #0
  62:	2301      	moveq	r3, #1
  64:	f5b0 7f00 	cmp.w	r0, #512	; 0x200
  68:	bf08      	it	eq
  6a:	f043 0301 	orreq.w	r3, r3, #1	; 0x1
  6e:	2b00      	cmp	r3, #0
  70:	d131      	bne.n	d6 <EXTI_GetITStatus+0xd6>
  72:	f5b0 5f80 	cmp.w	r0, #4096	; 0x1000
  76:	bf14      	ite	ne
  78:	2300      	movne	r3, #0
  7a:	2301      	moveq	r3, #1
  7c:	f5b0 6f00 	cmp.w	r0, #2048	; 0x800
  80:	bf08      	it	eq
  82:	f043 0301 	orreq.w	r3, r3, #1	; 0x1
  86:	bb33      	cbnz	r3, d6 <EXTI_GetITStatus+0xd6>
  88:	f5b0 4f80 	cmp.w	r0, #16384	; 0x4000
  8c:	bf14      	ite	ne
  8e:	2300      	movne	r3, #0
  90:	2301      	moveq	r3, #1
  92:	f5b0 5f00 	cmp.w	r0, #8192	; 0x2000
  96:	bf08      	it	eq
  98:	f043 0301 	orreq.w	r3, r3, #1	; 0x1
  9c:	b9db      	cbnz	r3, d6 <EXTI_GetITStatus+0xd6>
  9e:	f5b0 3f80 	cmp.w	r0, #65536	; 0x10000
  a2:	bf14      	ite	ne
  a4:	2300      	movne	r3, #0
  a6:	2301      	moveq	r3, #1
  a8:	f5b0 4f00 	cmp.w	r0, #32768	; 0x8000
  ac:	bf08      	it	eq
  ae:	f043 0301 	orreq.w	r3, r3, #1	; 0x1
  b2:	b983      	cbnz	r3, d6 <EXTI_GetITStatus+0xd6>
  b4:	f5b0 2f80 	cmp.w	r0, #262144	; 0x40000
  b8:	bf14      	ite	ne
  ba:	2300      	movne	r3, #0
  bc:	2301      	moveq	r3, #1
  be:	f5b0 3f00 	cmp.w	r0, #131072	; 0x20000
  c2:	bf08      	it	eq
  c4:	f043 0301 	orreq.w	r3, r3, #1	; 0x1
  c8:	b92b      	cbnz	r3, d6 <EXTI_GetITStatus+0xd6>
  ca:	f5b0 2f00 	cmp.w	r0, #524288	; 0x80000
  ce:	bf14      	ite	ne
  d0:	2000      	movne	r0, #0
  d2:	2001      	moveq	r0, #1
  d4:	e001      	b.n	da <EXTI_GetITStatus+0xda>
  d6:	f04f 0001 	mov.w	r0, #1	; 0x1
  da:	f7ff fffe 	bl	0 <assert_param>
  de:	f240 4300 	movw	r3, #1024	; 0x400
  e2:	f2c4 0301 	movt	r3, #16385	; 0x4001
  e6:	681a      	ldr	r2, [r3, #0]
  e8:	695b      	ldr	r3, [r3, #20]
  ea:	421c      	tst	r4, r3
  ec:	bf08      	it	eq
  ee:	2000      	moveq	r0, #0
  f0:	d003      	beq.n	fa <assert_param+0xfa>
  f2:	4214      	tst	r4, r2
  f4:	bf0c      	ite	eq
  f6:	2000      	moveq	r0, #0
  f8:	2001      	movne	r0, #1
  fa:	bd10      	pop	{r4, pc}
Disassembly of section .text.EXTI_ClearFlag:

00000000 <EXTI_ClearFlag>:
EXTI_ClearFlag():
   0:	b510      	push	{r4, lr}
   2:	4604      	mov	r4, r0
   4:	f240 0300 	movw	r3, #0	; 0x0
   8:	f6cf 73f0 	movt	r3, #65520	; 0xfff0
   c:	4218      	tst	r0, r3
   e:	bf14      	ite	ne
  10:	2000      	movne	r0, #0
  12:	2001      	moveq	r0, #1
  14:	2c00      	cmp	r4, #0
  16:	bf0c      	ite	eq
  18:	2000      	moveq	r0, #0
  1a:	f000 0001 	andne.w	r0, r0, #1	; 0x1
  1e:	f7ff fffe 	bl	0 <assert_param>
  22:	f240 4300 	movw	r3, #1024	; 0x400
  26:	f2c4 0301 	movt	r3, #16385	; 0x4001
  2a:	615c      	str	r4, [r3, #20]
  2c:	bd10      	pop	{r4, pc}
  2e:	46c0      	nop			(mov r8, r8)
Disassembly of section .text.EXTI_GetFlagStatus:

00000000 <EXTI_GetFlagStatus>:
EXTI_GetFlagStatus():
   0:	b510      	push	{r4, lr}
   2:	4604      	mov	r4, r0
   4:	f100 32ff 	add.w	r2, r0, #4294967295	; 0xffffffff
   8:	2804      	cmp	r0, #4
   a:	bf14      	ite	ne
   c:	2300      	movne	r3, #0
   e:	2301      	moveq	r3, #1
  10:	2a01      	cmp	r2, #1
  12:	bf98      	it	ls
  14:	f043 0301 	orrls.w	r3, r3, #1	; 0x1
  18:	2b00      	cmp	r3, #0
  1a:	d15c      	bne.n	d6 <EXTI_GetFlagStatus+0xd6>
  1c:	2810      	cmp	r0, #16
  1e:	bf14      	ite	ne
  20:	2300      	movne	r3, #0
  22:	2301      	moveq	r3, #1
  24:	2808      	cmp	r0, #8
  26:	bf08      	it	eq
  28:	f043 0301 	orreq.w	r3, r3, #1	; 0x1
  2c:	2b00      	cmp	r3, #0
  2e:	d152      	bne.n	d6 <EXTI_GetFlagStatus+0xd6>
  30:	2840      	cmp	r0, #64
  32:	bf14      	ite	ne
  34:	2300      	movne	r3, #0
  36:	2301      	moveq	r3, #1
  38:	2820      	cmp	r0, #32
  3a:	bf08      	it	eq
  3c:	f043 0301 	orreq.w	r3, r3, #1	; 0x1
  40:	2b00      	cmp	r3, #0
  42:	d148      	bne.n	d6 <EXTI_GetFlagStatus+0xd6>
  44:	f5b0 7f80 	cmp.w	r0, #256	; 0x100
  48:	bf14      	ite	ne
  4a:	2300      	movne	r3, #0
  4c:	2301      	moveq	r3, #1
  4e:	2880      	cmp	r0, #128
  50:	bf08      	it	eq
  52:	f043 0301 	orreq.w	r3, r3, #1	; 0x1
  56:	2b00      	cmp	r3, #0
  58:	d13d      	bne.n	d6 <EXTI_GetFlagStatus+0xd6>
  5a:	f5b0 6f80 	cmp.w	r0, #1024	; 0x400
  5e:	bf14      	ite	ne
  60:	2300      	movne	r3, #0
  62:	2301      	moveq	r3, #1
  64:	f5b0 7f00 	cmp.w	r0, #512	; 0x200
  68:	bf08      	it	eq
  6a:	f043 0301 	orreq.w	r3, r3, #1	; 0x1
  6e:	2b00      	cmp	r3, #0
  70:	d131      	bne.n	d6 <EXTI_GetFlagStatus+0xd6>
  72:	f5b0 5f80 	cmp.w	r0, #4096	; 0x1000
  76:	bf14      	ite	ne
  78:	2300      	movne	r3, #0
  7a:	2301      	moveq	r3, #1
  7c:	f5b0 6f00 	cmp.w	r0, #2048	; 0x800
  80:	bf08      	it	eq
  82:	f043 0301 	orreq.w	r3, r3, #1	; 0x1
  86:	bb33      	cbnz	r3, d6 <EXTI_GetFlagStatus+0xd6>
  88:	f5b0 4f80 	cmp.w	r0, #16384	; 0x4000
  8c:	bf14      	ite	ne
  8e:	2300      	movne	r3, #0
  90:	2301      	moveq	r3, #1
  92:	f5b0 5f00 	cmp.w	r0, #8192	; 0x2000
  96:	bf08      	it	eq
  98:	f043 0301 	orreq.w	r3, r3, #1	; 0x1
  9c:	b9db      	cbnz	r3, d6 <EXTI_GetFlagStatus+0xd6>
  9e:	f5b0 3f80 	cmp.w	r0, #65536	; 0x10000
  a2:	bf14      	ite	ne
  a4:	2300      	movne	r3, #0
  a6:	2301      	moveq	r3, #1
  a8:	f5b0 4f00 	cmp.w	r0, #32768	; 0x8000
  ac:	bf08      	it	eq
  ae:	f043 0301 	orreq.w	r3, r3, #1	; 0x1
  b2:	b983      	cbnz	r3, d6 <EXTI_GetFlagStatus+0xd6>
  b4:	f5b0 2f80 	cmp.w	r0, #262144	; 0x40000
  b8:	bf14      	ite	ne
  ba:	2300      	movne	r3, #0
  bc:	2301      	moveq	r3, #1
  be:	f5b0 3f00 	cmp.w	r0, #131072	; 0x20000
  c2:	bf08      	it	eq
  c4:	f043 0301 	orreq.w	r3, r3, #1	; 0x1
  c8:	b92b      	cbnz	r3, d6 <EXTI_GetFlagStatus+0xd6>
  ca:	f5b0 2f00 	cmp.w	r0, #524288	; 0x80000
  ce:	bf14      	ite	ne
  d0:	2000      	movne	r0, #0
  d2:	2001      	moveq	r0, #1
  d4:	e001      	b.n	da <EXTI_GetFlagStatus+0xda>
  d6:	f04f 0001 	mov.w	r0, #1	; 0x1
  da:	f7ff fffe 	bl	0 <assert_param>
  de:	f240 4300 	movw	r3, #1024	; 0x400
  e2:	f2c4 0301 	movt	r3, #16385	; 0x4001
  e6:	695b      	ldr	r3, [r3, #20]
  e8:	421c      	tst	r4, r3
  ea:	bf0c      	ite	eq
  ec:	2000      	moveq	r0, #0
  ee:	2001      	movne	r0, #1
  f0:	bd10      	pop	{r4, pc}
  f2:	46c0      	nop			(mov r8, r8)
Disassembly of section .text.EXTI_GenerateSWInterrupt:

00000000 <EXTI_GenerateSWInterrupt>:
EXTI_GenerateSWInterrupt():
   0:	b510      	push	{r4, lr}
   2:	4604      	mov	r4, r0
   4:	f240 0300 	movw	r3, #0	; 0x0
   8:	f6cf 73f0 	movt	r3, #65520	; 0xfff0
   c:	4218      	tst	r0, r3
   e:	bf14      	ite	ne
  10:	2000      	movne	r0, #0
  12:	2001      	moveq	r0, #1
  14:	2c00      	cmp	r4, #0
  16:	bf0c      	ite	eq
  18:	2000      	moveq	r0, #0
  1a:	f000 0001 	andne.w	r0, r0, #1	; 0x1
  1e:	f7ff fffe 	bl	0 <assert_param>
  22:	f240 4300 	movw	r3, #1024	; 0x400
  26:	f2c4 0301 	movt	r3, #16385	; 0x4001
  2a:	691a      	ldr	r2, [r3, #16]
  2c:	ea44 0402 	orr.w	r4, r4, r2
  30:	611c      	str	r4, [r3, #16]
  32:	bd10      	pop	{r4, pc}
Disassembly of section .text.EXTI_Init:

00000000 <EXTI_Init>:
EXTI_Init():
   0:	b570      	push	{r4, r5, r6, lr}
   2:	4604      	mov	r4, r0
   4:	7903      	ldrb	r3, [r0, #4]
   6:	2b04      	cmp	r3, #4
   8:	bf14      	ite	ne
   a:	2000      	movne	r0, #0
   c:	2001      	moveq	r0, #1
   e:	2b00      	cmp	r3, #0
  10:	bf08      	it	eq
  12:	f040 0001 	orreq.w	r0, r0, #1	; 0x1
  16:	f7ff fffe 	bl	0 <assert_param>
  1a:	7960      	ldrb	r0, [r4, #5]
  1c:	280c      	cmp	r0, #12
  1e:	bf14      	ite	ne
  20:	2300      	movne	r3, #0
  22:	2301      	moveq	r3, #1
  24:	2808      	cmp	r0, #8
  26:	bf08      	it	eq
  28:	f043 0301 	orreq.w	r3, r3, #1	; 0x1
  2c:	b113      	cbz	r3, 34 <EXTI_Init+0x34>
  2e:	f04f 0001 	mov.w	r0, #1	; 0x1
  32:	e003      	b.n	3c <EXTI_Init+0x3c>
  34:	2810      	cmp	r0, #16
  36:	bf14      	ite	ne
  38:	2000      	movne	r0, #0
  3a:	2001      	moveq	r0, #1
  3c:	f7ff fffe 	bl	0 <assert_param>
  40:	6820      	ldr	r0, [r4, #0]
  42:	f240 0300 	movw	r3, #0	; 0x0
  46:	f6cf 73f0 	movt	r3, #65520	; 0xfff0
  4a:	4218      	tst	r0, r3
  4c:	bf18      	it	ne
  4e:	2000      	movne	r0, #0
  50:	d102      	bne.n	58 <EXTI_Init+0x58>
  52:	3800      	subs	r0, #0
  54:	bf18      	it	ne
  56:	2001      	movne	r0, #1
  58:	f7ff fffe 	bl	0 <assert_param>
  5c:	79a0      	ldrb	r0, [r4, #6]
  5e:	2801      	cmp	r0, #1
  60:	bf8c      	ite	hi
  62:	2000      	movhi	r0, #0
  64:	2001      	movls	r0, #1
  66:	f7ff fffe 	bl	0 <assert_param>
  6a:	79a3      	ldrb	r3, [r4, #6]
  6c:	2b00      	cmp	r3, #0
  6e:	d039      	beq.n	e4 <assert_param+0xe4>
  70:	f240 4100 	movw	r1, #1024	; 0x400
  74:	f2c4 0101 	movt	r1, #16385	; 0x4001
  78:	680b      	ldr	r3, [r1, #0]
  7a:	6820      	ldr	r0, [r4, #0]
  7c:	ea6f 0200 	mvn.w	r2, r0
  80:	ea02 0303 	and.w	r3, r2, r3
  84:	600b      	str	r3, [r1, #0]
  86:	684b      	ldr	r3, [r1, #4]
  88:	ea02 0203 	and.w	r2, r2, r3
  8c:	604a      	str	r2, [r1, #4]
  8e:	7922      	ldrb	r2, [r4, #4]
  90:	440a      	add	r2, r1
  92:	6813      	ldr	r3, [r2, #0]
  94:	ea43 0300 	orr.w	r3, r3, r0
  98:	6013      	str	r3, [r2, #0]
  9a:	688b      	ldr	r3, [r1, #8]
  9c:	6825      	ldr	r5, [r4, #0]
  9e:	ea6f 0205 	mvn.w	r2, r5
  a2:	ea02 0303 	and.w	r3, r2, r3
  a6:	608b      	str	r3, [r1, #8]
  a8:	68cb      	ldr	r3, [r1, #12]
  aa:	ea02 0203 	and.w	r2, r2, r3
  ae:	60ca      	str	r2, [r1, #12]
  b0:	7960      	ldrb	r0, [r4, #5]
  b2:	2810      	cmp	r0, #16
  b4:	d10c      	bne.n	d0 <assert_param+0xd0>
  b6:	f240 4300 	movw	r3, #1024	; 0x400
  ba:	f2c4 0301 	movt	r3, #16385	; 0x4001
  be:	689a      	ldr	r2, [r3, #8]
  c0:	ea42 0205 	orr.w	r2, r2, r5
  c4:	609a      	str	r2, [r3, #8]
  c6:	68da      	ldr	r2, [r3, #12]
  c8:	ea42 0205 	orr.w	r2, r2, r5
  cc:	60da      	str	r2, [r3, #12]
  ce:	e016      	b.n	fe <assert_param+0xfe>
  d0:	f240 4200 	movw	r2, #1024	; 0x400
  d4:	f2c4 0201 	movt	r2, #16385	; 0x4001
  d8:	4402      	add	r2, r0
  da:	6813      	ldr	r3, [r2, #0]
  dc:	ea43 0305 	orr.w	r3, r3, r5
  e0:	6013      	str	r3, [r2, #0]
  e2:	e00c      	b.n	fe <assert_param+0xfe>
  e4:	7921      	ldrb	r1, [r4, #4]
  e6:	f240 4300 	movw	r3, #1024	; 0x400
  ea:	f2c4 0301 	movt	r3, #16385	; 0x4001
  ee:	4419      	add	r1, r3
  f0:	680a      	ldr	r2, [r1, #0]
  f2:	6823      	ldr	r3, [r4, #0]
  f4:	ea6f 0303 	mvn.w	r3, r3
  f8:	ea02 0203 	and.w	r2, r2, r3
  fc:	600a      	str	r2, [r1, #0]
  fe:	bd70      	pop	{r4, r5, r6, pc}
