
D:\cortex\gateway\stm32f10x_pwr.o:     file format elf32-littlearm
D:\cortex\gateway\stm32f10x_pwr.o

Disassembly of section .text.PWR_EnterSTANDBYMode:

00000000 <PWR_EnterSTANDBYMode>:
PWR_EnterSTANDBYMode():
   0:	f247 0200 	movw	r2, #28672	; 0x7000
   4:	f2c4 0200 	movt	r2, #16384	; 0x4000
   8:	6813      	ldr	r3, [r2, #0]
   a:	f043 0304 	orr.w	r3, r3, #4	; 0x4
   e:	6013      	str	r3, [r2, #0]
  10:	6813      	ldr	r3, [r2, #0]
  12:	f043 0302 	orr.w	r3, r3, #2	; 0x2
  16:	6013      	str	r3, [r2, #0]
  18:	f64e 5210 	movw	r2, #60688	; 0xed10
  1c:	f2ce 0200 	movt	r2, #57344	; 0xe000
  20:	6813      	ldr	r3, [r2, #0]
  22:	f043 0304 	orr.w	r3, r3, #4	; 0x4
  26:	6013      	str	r3, [r2, #0]
  28:	bf30      	wfi
  2a:	4770      	bx	lr
Disassembly of section .text.PWR_ClearFlag:

00000000 <PWR_ClearFlag>:
PWR_ClearFlag():
   0:	b510      	push	{r4, lr}
   2:	4604      	mov	r4, r0
   4:	f100 30ff 	add.w	r0, r0, #4294967295	; 0xffffffff
   8:	2801      	cmp	r0, #1
   a:	bf8c      	ite	hi
   c:	2000      	movhi	r0, #0
   e:	2001      	movls	r0, #1
  10:	f7ff fffe 	bl	0 <assert_param>
  14:	f247 0200 	movw	r2, #28672	; 0x7000
  18:	f2c4 0200 	movt	r2, #16384	; 0x4000
  1c:	6813      	ldr	r3, [r2, #0]
  1e:	ea43 0384 	orr.w	r3, r3, r4, lsl #2
  22:	6013      	str	r3, [r2, #0]
  24:	bd10      	pop	{r4, pc}
  26:	46c0      	nop			(mov r8, r8)
Disassembly of section .text.PWR_GetFlagStatus:

00000000 <PWR_GetFlagStatus>:
PWR_GetFlagStatus():
   0:	b510      	push	{r4, lr}
   2:	4604      	mov	r4, r0
   4:	f100 33ff 	add.w	r3, r0, #4294967295	; 0xffffffff
   8:	2804      	cmp	r0, #4
   a:	bf14      	ite	ne
   c:	2000      	movne	r0, #0
   e:	2001      	moveq	r0, #1
  10:	2b01      	cmp	r3, #1
  12:	bf98      	it	ls
  14:	f040 0001 	orrls.w	r0, r0, #1	; 0x1
  18:	f7ff fffe 	bl	0 <assert_param>
  1c:	f247 0300 	movw	r3, #28672	; 0x7000
  20:	f2c4 0300 	movt	r3, #16384	; 0x4000
  24:	685b      	ldr	r3, [r3, #4]
  26:	421c      	tst	r4, r3
  28:	bf0c      	ite	eq
  2a:	2000      	moveq	r0, #0
  2c:	2001      	movne	r0, #1
  2e:	bd10      	pop	{r4, pc}
Disassembly of section .text.PWR_EnterSTOPMode:

00000000 <PWR_EnterSTOPMode>:
PWR_EnterSTOPMode():
   0:	b570      	push	{r4, r5, r6, lr}
   2:	4604      	mov	r4, r0
   4:	460d      	mov	r5, r1
   6:	2801      	cmp	r0, #1
   8:	bf8c      	ite	hi
   a:	2000      	movhi	r0, #0
   c:	2001      	movls	r0, #1
   e:	f7ff fffe 	bl	0 <assert_param>
  12:	f105 30ff 	add.w	r0, r5, #4294967295	; 0xffffffff
  16:	b2c0      	uxtb	r0, r0
  18:	2801      	cmp	r0, #1
  1a:	bf8c      	ite	hi
  1c:	2000      	movhi	r0, #0
  1e:	2001      	movls	r0, #1
  20:	f7ff fffe 	bl	0 <assert_param>
  24:	f247 0200 	movw	r2, #28672	; 0x7000
  28:	f2c4 0200 	movt	r2, #16384	; 0x4000
  2c:	6813      	ldr	r3, [r2, #0]
  2e:	f023 0303 	bic.w	r3, r3, #3	; 0x3
  32:	ea44 0403 	orr.w	r4, r4, r3
  36:	6014      	str	r4, [r2, #0]
  38:	f64e 5210 	movw	r2, #60688	; 0xed10
  3c:	f2ce 0200 	movt	r2, #57344	; 0xe000
  40:	6813      	ldr	r3, [r2, #0]
  42:	f043 0304 	orr.w	r3, r3, #4	; 0x4
  46:	6013      	str	r3, [r2, #0]
  48:	2d01      	cmp	r5, #1
  4a:	d101      	bne.n	50 <assert_param+0x50>
  4c:	bf30      	wfi
  4e:	e000      	b.n	52 <assert_param+0x52>
  50:	bf20      	wfe
  52:	bd70      	pop	{r4, r5, r6, pc}
Disassembly of section .text.PWR_WakeUpPinCmd:

00000000 <PWR_WakeUpPinCmd>:
PWR_WakeUpPinCmd():
   0:	b510      	push	{r4, lr}
   2:	4604      	mov	r4, r0
   4:	2801      	cmp	r0, #1
   6:	bf8c      	ite	hi
   8:	2000      	movhi	r0, #0
   a:	2001      	movls	r0, #1
   c:	f7ff fffe 	bl	0 <assert_param>
  10:	f240 03a0 	movw	r3, #160	; 0xa0
  14:	f2c4 230e 	movt	r3, #16910	; 0x420e
  18:	601c      	str	r4, [r3, #0]
  1a:	bd10      	pop	{r4, pc}
Disassembly of section .text.PWR_PVDLevelConfig:

00000000 <PWR_PVDLevelConfig>:
PWR_PVDLevelConfig():
   0:	b510      	push	{r4, lr}
   2:	4604      	mov	r4, r0
   4:	2820      	cmp	r0, #32
   6:	bf14      	ite	ne
   8:	2300      	movne	r3, #0
   a:	2301      	moveq	r3, #1
   c:	2800      	cmp	r0, #0
   e:	bf08      	it	eq
  10:	f043 0301 	orreq.w	r3, r3, #1	; 0x1
  14:	b9db      	cbnz	r3, 4e <PWR_PVDLevelConfig+0x4e>
  16:	2860      	cmp	r0, #96
  18:	bf14      	ite	ne
  1a:	2300      	movne	r3, #0
  1c:	2301      	moveq	r3, #1
  1e:	2840      	cmp	r0, #64
  20:	bf08      	it	eq
  22:	f043 0301 	orreq.w	r3, r3, #1	; 0x1
  26:	b993      	cbnz	r3, 4e <PWR_PVDLevelConfig+0x4e>
  28:	28a0      	cmp	r0, #160
  2a:	bf14      	ite	ne
  2c:	2300      	movne	r3, #0
  2e:	2301      	moveq	r3, #1
  30:	2880      	cmp	r0, #128
  32:	bf08      	it	eq
  34:	f043 0301 	orreq.w	r3, r3, #1	; 0x1
  38:	b94b      	cbnz	r3, 4e <PWR_PVDLevelConfig+0x4e>
  3a:	28e0      	cmp	r0, #224
  3c:	bf14      	ite	ne
  3e:	2300      	movne	r3, #0
  40:	2301      	moveq	r3, #1
  42:	28c0      	cmp	r0, #192
  44:	bf14      	ite	ne
  46:	4618      	movne	r0, r3
  48:	f043 0001 	orreq.w	r0, r3, #1	; 0x1
  4c:	e001      	b.n	52 <PWR_PVDLevelConfig+0x52>
  4e:	f04f 0001 	mov.w	r0, #1	; 0x1
  52:	f7ff fffe 	bl	0 <assert_param>
  56:	f247 0200 	movw	r2, #28672	; 0x7000
  5a:	f2c4 0200 	movt	r2, #16384	; 0x4000
  5e:	6813      	ldr	r3, [r2, #0]
  60:	f023 03e0 	bic.w	r3, r3, #224	; 0xe0
  64:	ea44 0303 	orr.w	r3, r4, r3
  68:	6013      	str	r3, [r2, #0]
  6a:	bd10      	pop	{r4, pc}
Disassembly of section .text.PWR_PVDCmd:

00000000 <PWR_PVDCmd>:
PWR_PVDCmd():
   0:	b510      	push	{r4, lr}
   2:	4604      	mov	r4, r0
   4:	2801      	cmp	r0, #1
   6:	bf8c      	ite	hi
   8:	2000      	movhi	r0, #0
   a:	2001      	movls	r0, #1
   c:	f7ff fffe 	bl	0 <assert_param>
  10:	f240 0310 	movw	r3, #16	; 0x10
  14:	f2c4 230e 	movt	r3, #16910	; 0x420e
  18:	601c      	str	r4, [r3, #0]
  1a:	bd10      	pop	{r4, pc}
Disassembly of section .text.PWR_BackupAccessCmd:

00000000 <PWR_BackupAccessCmd>:
PWR_BackupAccessCmd():
   0:	b510      	push	{r4, lr}
   2:	4604      	mov	r4, r0
   4:	2801      	cmp	r0, #1
   6:	bf8c      	ite	hi
   8:	2000      	movhi	r0, #0
   a:	2001      	movls	r0, #1
   c:	f7ff fffe 	bl	0 <assert_param>
  10:	f240 0320 	movw	r3, #32	; 0x20
  14:	f2c4 230e 	movt	r3, #16910	; 0x420e
  18:	601c      	str	r4, [r3, #0]
  1a:	bd10      	pop	{r4, pc}
Disassembly of section .text.PWR_DeInit:

00000000 <PWR_DeInit>:
PWR_DeInit():
   0:	b510      	push	{r4, lr}
   2:	f04f 5080 	mov.w	r0, #268435456	; 0x10000000
   6:	f04f 0101 	mov.w	r1, #1	; 0x1
   a:	f7ff fffe 	bl	0 <RCC_APB1PeriphResetCmd>
   e:	f04f 5080 	mov.w	r0, #268435456	; 0x10000000
  12:	f04f 0100 	mov.w	r1, #0	; 0x0
  16:	f7ff fffe 	bl	0 <RCC_APB1PeriphResetCmd>
  1a:	bd10      	pop	{r4, pc}
