
C:\cortex\gateway\stm32f10x_it.o:     file format elf32-littlearm
C:\cortex\gateway\stm32f10x_it.o

Disassembly of section .text.NMIException:

00000000 <NMIException>:
NMIException():
C:\cortex\gateway\src/stm32f10x_it.c:76
* Output         : None
* Return         : None
*******************************************************************************/
void NMIException(void)
{
}
   0:	4770      	bx	lr
   2:	46c0      	nop			(mov r8, r8)
Disassembly of section .text.HardFaultException:

00000000 <HardFaultException>:
HardFaultException():
C:\cortex\gateway\src/stm32f10x_it.c:86
* Input          : None
* Output         : None
* Return         : None
*******************************************************************************/
void HardFaultException(void)
{
   0:	e7fe      	b.n	0 <HardFaultException>
   2:	46c0      	nop			(mov r8, r8)
Disassembly of section .text.MemManageException:

00000000 <MemManageException>:
MemManageException():
C:\cortex\gateway\src/stm32f10x_it.c:101
* Input          : None
* Output         : None
* Return         : None
*******************************************************************************/
void MemManageException(void)
{
   0:	e7fe      	b.n	0 <MemManageException>
   2:	46c0      	nop			(mov r8, r8)
Disassembly of section .text.BusFaultException:

00000000 <BusFaultException>:
BusFaultException():
C:\cortex\gateway\src/stm32f10x_it.c:116
* Input          : None
* Output         : None
* Return         : None
*******************************************************************************/
void BusFaultException(void)
{
   0:	e7fe      	b.n	0 <BusFaultException>
   2:	46c0      	nop			(mov r8, r8)
Disassembly of section .text.UsageFaultException:

00000000 <UsageFaultException>:
UsageFaultException():
C:\cortex\gateway\src/stm32f10x_it.c:131
* Input          : None
* Output         : None
* Return         : None
*******************************************************************************/
void UsageFaultException(void)
{
   0:	e7fe      	b.n	0 <UsageFaultException>
C:\cortex\gateway\src/stm32f10x_it.c:666
  {
    I2C_ClearITPendingBit(I2C2, I2C_IT_ARLO);
  }
  if (I2C_GetITStatus(I2C2, I2C_IT_OVR)) 
  {
    I2C_ClearITPendingBit(I2C2, I2C_IT_OVR);
   2:	46c0      	nop			(mov r8, r8)
Disassembly of section .text.DebugMonitor:

00000000 <DebugMonitor>:
DebugMonitor():
C:\cortex\gateway\src/stm32f10x_it.c:147
* Output         : None
* Return         : None
*******************************************************************************/
void DebugMonitor(void)
{
}
   0:	4770      	bx	lr
I2C2_EV_IRQHandler():
   2:	46c0      	nop			(mov r8, r8)
Disassembly of section .text.SVCHandler:

00000000 <SVCHandler>:
SVCHandler():
C:\cortex\gateway\src/stm32f10x_it.c:158
* Output         : None
* Return         : None
*******************************************************************************/
void SVCHandler(void)
{
}
   0:	4770      	bx	lr
I2C2_EV_IRQHandler():
   2:	46c0      	nop			(mov r8, r8)
Disassembly of section .text.PendSVC:

00000000 <PendSVC>:
PendSVC():
C:\cortex\gateway\src/stm32f10x_it.c:169
* Output         : None
* Return         : None
*******************************************************************************/
void PendSVC(void)
{
}
   0:	4770      	bx	lr
   2:	46c0      	nop			(mov r8, r8)
Disassembly of section .text.SysTickHandler:

00000000 <SysTickHandler>:
SysTickHandler():
C:\cortex\gateway\src/stm32f10x_it.c:180
* Output         : None
* Return         : None
*******************************************************************************/
void SysTickHandler(void)
{
}
   0:	4770      	bx	lr
   2:	46c0      	nop			(mov r8, r8)
Disassembly of section .text.PVD_IRQHandler:

00000000 <PVD_IRQHandler>:
PVD_IRQHandler():
C:\cortex\gateway\src/stm32f10x_it.c:206
* Output         : None
* Return         : None
*******************************************************************************/
void PVD_IRQHandler(void)
{
}
   0:	4770      	bx	lr
   2:	46c0      	nop			(mov r8, r8)
Disassembly of section .text.TAMPER_IRQHandler:

00000000 <TAMPER_IRQHandler>:
TAMPER_IRQHandler():
C:\cortex\gateway\src/stm32f10x_it.c:217
* Output         : None
* Return         : None
*******************************************************************************/
void TAMPER_IRQHandler(void)
{
}
   0:	4770      	bx	lr
   2:	46c0      	nop			(mov r8, r8)
Disassembly of section .text.RTC_IRQHandler:

00000000 <RTC_IRQHandler>:
RTC_IRQHandler():
C:\cortex\gateway\src/stm32f10x_it.c:228
* Output         : None
* Return         : None
*******************************************************************************/
void RTC_IRQHandler(void)
{
}
   0:	4770      	bx	lr
   2:	46c0      	nop			(mov r8, r8)
Disassembly of section .text.FLASH_IRQHandler:

00000000 <FLASH_IRQHandler>:
FLASH_IRQHandler():
C:\cortex\gateway\src/stm32f10x_it.c:239
* Output         : None
* Return         : None
*******************************************************************************/
void FLASH_IRQHandler(void)
{
}
   0:	4770      	bx	lr
   2:	46c0      	nop			(mov r8, r8)
Disassembly of section .text.RCC_IRQHandler:

00000000 <RCC_IRQHandler>:
RCC_IRQHandler():
C:\cortex\gateway\src/stm32f10x_it.c:250
* Output         : None
* Return         : None
*******************************************************************************/
void RCC_IRQHandler(void)
{
}
   0:	4770      	bx	lr
   2:	46c0      	nop			(mov r8, r8)
Disassembly of section .text.EXTI0_IRQHandler:

00000000 <EXTI0_IRQHandler>:
EXTI0_IRQHandler():
C:\cortex\gateway\src/stm32f10x_it.c:261
* Output         : None
* Return         : None
*******************************************************************************/
void EXTI0_IRQHandler(void)
{
}
   0:	4770      	bx	lr
   2:	46c0      	nop			(mov r8, r8)
Disassembly of section .text.EXTI1_IRQHandler:

00000000 <EXTI1_IRQHandler>:
EXTI1_IRQHandler():
C:\cortex\gateway\src/stm32f10x_it.c:272
* Output         : None
* Return         : None
*******************************************************************************/
void EXTI1_IRQHandler(void)
{
}
   0:	4770      	bx	lr
   2:	46c0      	nop			(mov r8, r8)
Disassembly of section .text.EXTI2_IRQHandler:

00000000 <EXTI2_IRQHandler>:
EXTI2_IRQHandler():
C:\cortex\gateway\src/stm32f10x_it.c:283
* Output         : None
* Return         : None
*******************************************************************************/
void EXTI2_IRQHandler(void)
{
}
   0:	4770      	bx	lr
   2:	46c0      	nop			(mov r8, r8)
Disassembly of section .text.EXTI3_IRQHandler:

00000000 <EXTI3_IRQHandler>:
EXTI3_IRQHandler():
C:\cortex\gateway\src/stm32f10x_it.c:294
* Output         : None
* Return         : None
*******************************************************************************/
void EXTI3_IRQHandler(void)
{
}
   0:	4770      	bx	lr
   2:	46c0      	nop			(mov r8, r8)
Disassembly of section .text.EXTI4_IRQHandler:

00000000 <EXTI4_IRQHandler>:
EXTI4_IRQHandler():
C:\cortex\gateway\src/stm32f10x_it.c:305
* Output         : None
* Return         : None
*******************************************************************************/
void EXTI4_IRQHandler(void)
{
}
   0:	4770      	bx	lr
   2:	46c0      	nop			(mov r8, r8)
Disassembly of section .text.DMA1_Channel1_IRQHandler:

00000000 <DMA1_Channel1_IRQHandler>:
DMA1_Channel1_IRQHandler():
C:\cortex\gateway\src/stm32f10x_it.c:316
* Output         : None
* Return         : None
*******************************************************************************/
void DMA1_Channel1_IRQHandler(void)
{
}
   0:	4770      	bx	lr
   2:	46c0      	nop			(mov r8, r8)
Disassembly of section .text.DMA1_Channel2_IRQHandler:

00000000 <DMA1_Channel2_IRQHandler>:
DMA1_Channel2_IRQHandler():
C:\cortex\gateway\src/stm32f10x_it.c:327
* Output         : None
* Return         : None
*******************************************************************************/
void DMA1_Channel2_IRQHandler(void)
{
}
   0:	4770      	bx	lr
   2:	46c0      	nop			(mov r8, r8)
Disassembly of section .text.DMA1_Channel3_IRQHandler:

00000000 <DMA1_Channel3_IRQHandler>:
DMA1_Channel3_IRQHandler():
C:\cortex\gateway\src/stm32f10x_it.c:338
* Output         : None
* Return         : None
*******************************************************************************/
void DMA1_Channel3_IRQHandler(void)
{
}
   0:	4770      	bx	lr
   2:	46c0      	nop			(mov r8, r8)
Disassembly of section .text.DMA1_Channel6_IRQHandler:

00000000 <DMA1_Channel6_IRQHandler>:
DMA1_Channel6_IRQHandler():
C:\cortex\gateway\src/stm32f10x_it.c:395
* Output         : None
* Return         : None
*******************************************************************************/
void DMA1_Channel6_IRQHandler(void)
{
}
   0:	4770      	bx	lr
   2:	46c0      	nop			(mov r8, r8)
Disassembly of section .text.DMA1_Channel7_IRQHandler:

00000000 <DMA1_Channel7_IRQHandler>:
DMA1_Channel7_IRQHandler():
C:\cortex\gateway\src/stm32f10x_it.c:406
* Output         : None
* Return         : None
*******************************************************************************/
void DMA1_Channel7_IRQHandler(void)
{
}
   0:	4770      	bx	lr
   2:	46c0      	nop			(mov r8, r8)
Disassembly of section .text.ADC1_2_IRQHandler:

00000000 <ADC1_2_IRQHandler>:
ADC1_2_IRQHandler():
C:\cortex\gateway\src/stm32f10x_it.c:417
* Output         : None
* Return         : None
*******************************************************************************/
void ADC1_2_IRQHandler(void)
{
}
   0:	4770      	bx	lr
   2:	46c0      	nop			(mov r8, r8)
Disassembly of section .text.USB_HP_CAN_TX_IRQHandler:

00000000 <USB_HP_CAN_TX_IRQHandler>:
USB_HP_CAN_TX_IRQHandler():
C:\cortex\gateway\src/stm32f10x_it.c:429
* Output         : None
* Return         : None
*******************************************************************************/
void USB_HP_CAN_TX_IRQHandler(void)
{
}
   0:	4770      	bx	lr
   2:	46c0      	nop			(mov r8, r8)
Disassembly of section .text.USB_LP_CAN_RX0_IRQHandler:

00000000 <USB_LP_CAN_RX0_IRQHandler>:
USB_LP_CAN_RX0_IRQHandler():
C:\cortex\gateway\src/stm32f10x_it.c:441
* Output         : None
* Return         : None
*******************************************************************************/
void USB_LP_CAN_RX0_IRQHandler(void)
{
}
   0:	4770      	bx	lr
   2:	46c0      	nop			(mov r8, r8)
Disassembly of section .text.CAN_RX1_IRQHandler:

00000000 <CAN_RX1_IRQHandler>:
CAN_RX1_IRQHandler():
C:\cortex\gateway\src/stm32f10x_it.c:452
* Output         : None
* Return         : None
*******************************************************************************/
void CAN_RX1_IRQHandler(void)
{
}
   0:	4770      	bx	lr
   2:	46c0      	nop			(mov r8, r8)
Disassembly of section .text.CAN_SCE_IRQHandler:

00000000 <CAN_SCE_IRQHandler>:
CAN_SCE_IRQHandler():
C:\cortex\gateway\src/stm32f10x_it.c:463
* Output         : None
* Return         : None
*******************************************************************************/
void CAN_SCE_IRQHandler(void)
{
}
   0:	4770      	bx	lr
   2:	46c0      	nop			(mov r8, r8)
Disassembly of section .text.EXTI9_5_IRQHandler:

00000000 <EXTI9_5_IRQHandler>:
EXTI9_5_IRQHandler():
C:\cortex\gateway\src/stm32f10x_it.c:474
* Output         : None
* Return         : None
*******************************************************************************/
void EXTI9_5_IRQHandler(void)
{
}
   0:	4770      	bx	lr
   2:	46c0      	nop			(mov r8, r8)
Disassembly of section .text.TIM1_BRK_IRQHandler:

00000000 <TIM1_BRK_IRQHandler>:
DMA2_Channel4_5_IRQHandler():
C:\cortex\gateway\src/stm32f10x_it.c:485
* Output         : None
* Return         : None
*******************************************************************************/
void TIM1_BRK_IRQHandler(void)
{
}
   0:	4770      	bx	lr
TIM1_BRK_IRQHandler():
   2:	46c0      	nop			(mov r8, r8)
Disassembly of section .text.TIM1_UP_IRQHandler:

00000000 <TIM1_UP_IRQHandler>:
DMA2_Channel4_5_IRQHandler():
   0:	4770      	bx	lr
TIM1_UP_IRQHandler():
   2:	46c0      	nop			(mov r8, r8)
Disassembly of section .text.TIM1_TRG_COM_IRQHandler:

00000000 <TIM1_TRG_COM_IRQHandler>:
DMA2_Channel4_5_IRQHandler():
   0:	4770      	bx	lr
TIM1_TRG_COM_IRQHandler():
   2:	46c0      	nop			(mov r8, r8)
Disassembly of section .text.TIM1_CC_IRQHandler:

00000000 <TIM1_CC_IRQHandler>:
DMA2_Channel4_5_IRQHandler():
   0:	4770      	bx	lr
TIM1_CC_IRQHandler():
   2:	46c0      	nop			(mov r8, r8)
Disassembly of section .text.TIM2_IRQHandler:

00000000 <TIM2_IRQHandler>:
DMA2_Channel4_5_IRQHandler():
   0:	4770      	bx	lr
TIM2_IRQHandler():
   2:	46c0      	nop			(mov r8, r8)
Disassembly of section .text.TIM3_IRQHandler:

00000000 <TIM3_IRQHandler>:
DMA2_Channel4_5_IRQHandler():
   0:	4770      	bx	lr
TIM3_IRQHandler():
   2:	46c0      	nop			(mov r8, r8)
Disassembly of section .text.TIM4_IRQHandler:

00000000 <TIM4_IRQHandler>:
DMA2_Channel4_5_IRQHandler():
   0:	4770      	bx	lr
TIM4_IRQHandler():
   2:	46c0      	nop			(mov r8, r8)
Disassembly of section .text.I2C1_EV_IRQHandler:

00000000 <I2C1_EV_IRQHandler>:
DMA2_Channel4_5_IRQHandler():
   0:	4770      	bx	lr
I2C1_EV_IRQHandler():
   2:	46c0      	nop			(mov r8, r8)
Disassembly of section .text.I2C1_ER_IRQHandler:

00000000 <I2C1_ER_IRQHandler>:
DMA2_Channel4_5_IRQHandler():
   0:	4770      	bx	lr
I2C1_ER_IRQHandler():
   2:	46c0      	nop			(mov r8, r8)
Disassembly of section .text.SPI1_IRQHandler:

00000000 <SPI1_IRQHandler>:
DMA2_Channel4_5_IRQHandler():
   0:	4770      	bx	lr
SPI1_IRQHandler():
   2:	46c0      	nop			(mov r8, r8)
Disassembly of section .text.SPI2_IRQHandler:

00000000 <SPI2_IRQHandler>:
DMA2_Channel4_5_IRQHandler():
   0:	4770      	bx	lr
SPI2_IRQHandler():
   2:	46c0      	nop			(mov r8, r8)
Disassembly of section .text.USART1_IRQHandler:

00000000 <USART1_IRQHandler>:
DMA2_Channel4_5_IRQHandler():
   0:	4770      	bx	lr
USART1_IRQHandler():
   2:	46c0      	nop			(mov r8, r8)
Disassembly of section .text.USART2_IRQHandler:

00000000 <USART2_IRQHandler>:
DMA2_Channel4_5_IRQHandler():
   0:	4770      	bx	lr
USART2_IRQHandler():
   2:	46c0      	nop			(mov r8, r8)
Disassembly of section .text.USART3_IRQHandler:

00000000 <USART3_IRQHandler>:
DMA2_Channel4_5_IRQHandler():
   0:	4770      	bx	lr
USART3_IRQHandler():
   2:	46c0      	nop			(mov r8, r8)
Disassembly of section .text.EXTI15_10_IRQHandler:

00000000 <EXTI15_10_IRQHandler>:
DMA2_Channel4_5_IRQHandler():
   0:	4770      	bx	lr
EXTI15_10_IRQHandler():
   2:	46c0      	nop			(mov r8, r8)
Disassembly of section .text.RTCAlarm_IRQHandler:

00000000 <RTCAlarm_IRQHandler>:
DMA2_Channel4_5_IRQHandler():
   0:	4770      	bx	lr
RTCAlarm_IRQHandler():
   2:	46c0      	nop			(mov r8, r8)
Disassembly of section .text.USBWakeUp_IRQHandler:

00000000 <USBWakeUp_IRQHandler>:
DMA2_Channel4_5_IRQHandler():
   0:	4770      	bx	lr
USBWakeUp_IRQHandler():
   2:	46c0      	nop			(mov r8, r8)
Disassembly of section .text.TIM8_BRK_IRQHandler:

00000000 <TIM8_BRK_IRQHandler>:
DMA2_Channel4_5_IRQHandler():
   0:	4770      	bx	lr
TIM8_BRK_IRQHandler():
   2:	46c0      	nop			(mov r8, r8)
Disassembly of section .text.TIM8_UP_IRQHandler:

00000000 <TIM8_UP_IRQHandler>:
DMA2_Channel4_5_IRQHandler():
   0:	4770      	bx	lr
TIM8_UP_IRQHandler():
   2:	46c0      	nop			(mov r8, r8)
Disassembly of section .text.TIM8_TRG_COM_IRQHandler:

00000000 <TIM8_TRG_COM_IRQHandler>:
DMA2_Channel4_5_IRQHandler():
   0:	4770      	bx	lr
TIM8_TRG_COM_IRQHandler():
   2:	46c0      	nop			(mov r8, r8)
Disassembly of section .text.TIM8_CC_IRQHandler:

00000000 <TIM8_CC_IRQHandler>:
DMA2_Channel4_5_IRQHandler():
   0:	4770      	bx	lr
TIM8_CC_IRQHandler():
   2:	46c0      	nop			(mov r8, r8)
Disassembly of section .text.ADC3_IRQHandler:

00000000 <ADC3_IRQHandler>:
DMA2_Channel4_5_IRQHandler():
   0:	4770      	bx	lr
ADC3_IRQHandler():
   2:	46c0      	nop			(mov r8, r8)
Disassembly of section .text.FSMC_IRQHandler:

00000000 <FSMC_IRQHandler>:
DMA2_Channel4_5_IRQHandler():
   0:	4770      	bx	lr
FSMC_IRQHandler():
   2:	46c0      	nop			(mov r8, r8)
Disassembly of section .text.SDIO_IRQHandler:

00000000 <SDIO_IRQHandler>:
DMA2_Channel4_5_IRQHandler():
   0:	4770      	bx	lr
SDIO_IRQHandler():
   2:	46c0      	nop			(mov r8, r8)
Disassembly of section .text.TIM5_IRQHandler:

00000000 <TIM5_IRQHandler>:
DMA2_Channel4_5_IRQHandler():
   0:	4770      	bx	lr
TIM5_IRQHandler():
   2:	46c0      	nop			(mov r8, r8)
Disassembly of section .text.SPI3_IRQHandler:

00000000 <SPI3_IRQHandler>:
DMA2_Channel4_5_IRQHandler():
   0:	4770      	bx	lr
SPI3_IRQHandler():
   2:	46c0      	nop			(mov r8, r8)
Disassembly of section .text.UART4_IRQHandler:

00000000 <UART4_IRQHandler>:
DMA2_Channel4_5_IRQHandler():
   0:	4770      	bx	lr
UART4_IRQHandler():
   2:	46c0      	nop			(mov r8, r8)
Disassembly of section .text.UART5_IRQHandler:

00000000 <UART5_IRQHandler>:
DMA2_Channel4_5_IRQHandler():
   0:	4770      	bx	lr
UART5_IRQHandler():
   2:	46c0      	nop			(mov r8, r8)
Disassembly of section .text.TIM6_IRQHandler:

00000000 <TIM6_IRQHandler>:
DMA2_Channel4_5_IRQHandler():
   0:	4770      	bx	lr
TIM6_IRQHandler():
   2:	46c0      	nop			(mov r8, r8)
Disassembly of section .text.TIM7_IRQHandler:

00000000 <TIM7_IRQHandler>:
DMA2_Channel4_5_IRQHandler():
   0:	4770      	bx	lr
TIM7_IRQHandler():
   2:	46c0      	nop			(mov r8, r8)
Disassembly of section .text.DMA2_Channel1_IRQHandler:

00000000 <DMA2_Channel1_IRQHandler>:
DMA2_Channel4_5_IRQHandler():
   0:	4770      	bx	lr
DMA2_Channel1_IRQHandler():
   2:	46c0      	nop			(mov r8, r8)
Disassembly of section .text.DMA2_Channel2_IRQHandler:

00000000 <DMA2_Channel2_IRQHandler>:
DMA2_Channel4_5_IRQHandler():
   0:	4770      	bx	lr
DMA2_Channel2_IRQHandler():
   2:	46c0      	nop			(mov r8, r8)
Disassembly of section .text.DMA2_Channel3_IRQHandler:

00000000 <DMA2_Channel3_IRQHandler>:
DMA2_Channel4_5_IRQHandler():
   0:	4770      	bx	lr
DMA2_Channel3_IRQHandler():
   2:	46c0      	nop			(mov r8, r8)
Disassembly of section .text.DMA2_Channel4_5_IRQHandler:

00000000 <DMA2_Channel4_5_IRQHandler>:
DMA2_Channel4_5_IRQHandler():
   0:	4770      	bx	lr
   2:	46c0      	nop			(mov r8, r8)
Disassembly of section .text.I2C2_ER_IRQHandler:

00000000 <I2C2_ER_IRQHandler>:
   0:	b510      	push	{r4, lr}
I2C2_ER_IRQHandler():
   2:	4812      	ldr	r0, [pc, #72]	(4c <I2C2_ER_IRQHandler+0x4c>)
NMIException():
C:\cortex\gateway\src/stm32f10x_it.c:76
* Output         : None
* Return         : None
*******************************************************************************/
void NMIException(void)
{
}
   4:	4912      	ldr	r1, [pc, #72]	(50 <I2C2_ER_IRQHandler+0x50>)
I2C2_ER_IRQHandler():
   6:	f7ff fffe 	bl	0 <I2C_GetITStatus>
   a:	b118      	cbz	r0, 14 <I2C2_ER_IRQHandler+0x14>
C:\cortex\gateway\src/stm32f10x_it.c:654
*******************************************************************************/
void I2C2_ER_IRQHandler(void)
{
  if (I2C_GetITStatus(I2C2, I2C_IT_AF)) 
  {
    I2C_ClearITPendingBit(I2C2, I2C_IT_AF);
   c:	480f      	ldr	r0, [pc, #60]	(4c <I2C2_ER_IRQHandler+0x4c>)
   e:	4910      	ldr	r1, [pc, #64]	(50 <I2C2_ER_IRQHandler+0x50>)
MemManageException():
C:\cortex\gateway\src/stm32f10x_it.c:101
* Input          : None
* Output         : None
* Return         : None
*******************************************************************************/
void MemManageException(void)
{
  10:	f7ff fffe 	bl	0 <I2C_ClearITPendingBit>
I2C2_ER_IRQHandler():
C:\cortex\gateway\src/stm32f10x_it.c:656
{
  if (I2C_GetITStatus(I2C2, I2C_IT_AF)) 
  {
    I2C_ClearITPendingBit(I2C2, I2C_IT_AF);
  }
  if (I2C_GetITStatus(I2C2, I2C_IT_BERR)) 
  14:	480d      	ldr	r0, [pc, #52]	(4c <I2C2_ER_IRQHandler+0x4c>)
  16:	490f      	ldr	r1, [pc, #60]	(54 <I2C2_ER_IRQHandler+0x54>)
  18:	f7ff fffe 	bl	0 <I2C_GetITStatus>
  1c:	b118      	cbz	r0, 26 <I2C2_ER_IRQHandler+0x26>
C:\cortex\gateway\src/stm32f10x_it.c:658
  {
    I2C_ClearITPendingBit(I2C2, I2C_IT_BERR);
  1e:	480b      	ldr	r0, [pc, #44]	(4c <I2C2_ER_IRQHandler+0x4c>)
BusFaultException():
C:\cortex\gateway\src/stm32f10x_it.c:116
* Input          : None
* Output         : None
* Return         : None
*******************************************************************************/
void BusFaultException(void)
{
  20:	490c      	ldr	r1, [pc, #48]	(54 <I2C2_ER_IRQHandler+0x54>)
I2C2_ER_IRQHandler():
  22:	f7ff fffe 	bl	0 <I2C_ClearITPendingBit>
C:\cortex\gateway\src/stm32f10x_it.c:660
  }
  if (I2C_GetITStatus(I2C2, I2C_IT_BERR)) 
  {
    I2C_ClearITPendingBit(I2C2, I2C_IT_BERR);
  }
  if (I2C_GetITStatus(I2C2, I2C_IT_ARLO)) 
  26:	4809      	ldr	r0, [pc, #36]	(4c <I2C2_ER_IRQHandler+0x4c>)
  28:	490b      	ldr	r1, [pc, #44]	(58 <I2C2_ER_IRQHandler+0x58>)
  2a:	f7ff fffe 	bl	0 <I2C_GetITStatus>
  2e:	b118      	cbz	r0, 38 <I2C2_ER_IRQHandler+0x38>
C:\cortex\gateway\src/stm32f10x_it.c:662
  {
    I2C_ClearITPendingBit(I2C2, I2C_IT_ARLO);
  30:	4806      	ldr	r0, [pc, #24]	(4c <I2C2_ER_IRQHandler+0x4c>)
  32:	4909      	ldr	r1, [pc, #36]	(58 <I2C2_ER_IRQHandler+0x58>)
  34:	f7ff fffe 	bl	0 <I2C_ClearITPendingBit>
C:\cortex\gateway\src/stm32f10x_it.c:664
  }
  if (I2C_GetITStatus(I2C2, I2C_IT_OVR)) 
  38:	4804      	ldr	r0, [pc, #16]	(4c <I2C2_ER_IRQHandler+0x4c>)
  3a:	4908      	ldr	r1, [pc, #32]	(5c <I2C2_ER_IRQHandler+0x5c>)
  3c:	f7ff fffe 	bl	0 <I2C_GetITStatus>
UsageFaultException():
C:\cortex\gateway\src/stm32f10x_it.c:131
* Input          : None
* Output         : None
* Return         : None
*******************************************************************************/
void UsageFaultException(void)
{
  40:	b118      	cbz	r0, 4a <I2C2_ER_IRQHandler+0x4a>
I2C2_ER_IRQHandler():
C:\cortex\gateway\src/stm32f10x_it.c:666
  {
    I2C_ClearITPendingBit(I2C2, I2C_IT_ARLO);
  }
  if (I2C_GetITStatus(I2C2, I2C_IT_OVR)) 
  {
    I2C_ClearITPendingBit(I2C2, I2C_IT_OVR);
  42:	4802      	ldr	r0, [pc, #8]	(4c <I2C2_ER_IRQHandler+0x4c>)
  44:	4905      	ldr	r1, [pc, #20]	(5c <I2C2_ER_IRQHandler+0x5c>)
  46:	f7ff fffe 	bl	0 <I2C_ClearITPendingBit>
C:\cortex\gateway\src/stm32f10x_it.c:668
  }
}
  4a:	bd10      	pop	{r4, pc}
  4c:	40005800 	.word	0x40005800
  50:	01000400 	.word	0x01000400
  54:	01000100 	.word	0x01000100
  58:	01000200 	.word	0x01000200
I2C2_EV_IRQHandler():
C:\cortex\gateway\src/stm32f10x_it.c:585
* Input          : None
* Output         : None
* Return         : None
*******************************************************************************/
void I2C2_EV_IRQHandler(void)
{
  5c:	01000800 	.word	0x01000800
Disassembly of section .text.I2C2_EV_IRQHandler:

00000000 <I2C2_EV_IRQHandler>:
   0:	b570      	push	{r4, r5, r6, lr}
C:\cortex\gateway\src/stm32f10x_it.c:588
    static u32 evt;

    evt = I2C_GetLastEvent(I2C2);
   2:	4858      	ldr	r0, [pc, #352]	(164 <I2C2_EV_IRQHandler+0x164>)
C:\cortex\gateway\src/stm32f10x_it.c:668
  }
  if (I2C_GetITStatus(I2C2, I2C_IT_OVR)) 
  {
    I2C_ClearITPendingBit(I2C2, I2C_IT_OVR);
  }
}
   4:	f7ff fffe 	bl	0 <I2C_GetLastEvent>
   8:	4b57      	ldr	r3, [pc, #348]	(168 <I2C2_EV_IRQHandler+0x168>)
   a:	6018      	str	r0, [r3, #0]
C:\cortex\gateway\src/stm32f10x_it.c:589
void I2C2_EV_IRQHandler(void)
{
    static u32 evt;

    evt = I2C_GetLastEvent(I2C2);
      switch (evt){
   c:	4b57      	ldr	r3, [pc, #348]	(16c <I2C2_EV_IRQHandler+0x16c>)
   e:	4298      	cmp	r0, r3
  10:	d044      	beq.n	9c <I2C2_EV_IRQHandler+0x9c>
  12:	d80a      	bhi.n	2a <I2C2_EV_IRQHandler+0x2a>
  14:	3b3f      	subs	r3, #63
  16:	4298      	cmp	r0, r3
  18:	d018      	beq.n	4c <I2C2_EV_IRQHandler+0x4c>
  1a:	3301      	adds	r3, #1
  1c:	4298      	cmp	r0, r3
  1e:	d02d      	beq.n	7c <I2C2_EV_IRQHandler+0x7c>
  20:	f5b0 6f80 	cmp.w	r0, #1024	; 0x400
DebugMonitor():
C:\cortex\gateway\src/stm32f10x_it.c:147
* Output         : None
* Return         : None
*******************************************************************************/
void DebugMonitor(void)
{
}
  24:	f040 8099 	bne.w	15a <I2C2_EV_IRQHandler+0x15a>
I2C2_EV_IRQHandler():
  28:	e092      	b.n	150 <I2C2_EV_IRQHandler+0x150>
  2a:	4b51      	ldr	r3, [pc, #324]	(170 <I2C2_EV_IRQHandler+0x170>)
  2c:	4298      	cmp	r0, r3
  2e:	d060      	beq.n	f2 <I2C2_EV_IRQHandler+0xf2>
  30:	d804      	bhi.n	3c <I2C2_EV_IRQHandler+0x3c>
  32:	4b50      	ldr	r3, [pc, #320]	(174 <I2C2_EV_IRQHandler+0x174>)
  34:	4298      	cmp	r0, r3
  36:	f040 8090 	bne.w	15a <I2C2_EV_IRQHandler+0x15a>
  3a:	e02f      	b.n	9c <I2C2_EV_IRQHandler+0x9c>
  3c:	4b4e      	ldr	r3, [pc, #312]	(178 <I2C2_EV_IRQHandler+0x178>)
  3e:	4298      	cmp	r0, r3
  40:	d021      	beq.n	86 <I2C2_EV_IRQHandler+0x86>
  42:	3302      	adds	r3, #2
  44:	4298      	cmp	r0, r3
  46:	f040 8088 	bne.w	15a <I2C2_EV_IRQHandler+0x15a>
  4a:	e060      	b.n	10e <I2C2_EV_IRQHandler+0x10e>
C:\cortex\gateway\src/stm32f10x_it.c:591
    static u32 evt;

    evt = I2C_GetLastEvent(I2C2);
      switch (evt){
        case I2C_EVENT_MASTER_MODE_SELECT:
             I2C_AcknowledgeConfig(I2C2, ENABLE);         
  4c:	4845      	ldr	r0, [pc, #276]	(164 <I2C2_EV_IRQHandler+0x164>)
  4e:	2101      	movs	r1, #1
  50:	f7ff fffe 	bl	0 <I2C_AcknowledgeConfig>
C:\cortex\gateway\src/stm32f10x_it.c:592
             I2C_ITConfig( I2C2, I2C_IT_BUF , ENABLE );
  54:	2201      	movs	r2, #1
  56:	4843      	ldr	r0, [pc, #268]	(164 <I2C2_EV_IRQHandler+0x164>)
  58:	f44f 6180 	mov.w	r1, #1024	; 0x400
  5c:	f7ff fffe 	bl	0 <I2C_ITConfig>
C:\cortex\gateway\src/stm32f10x_it.c:593
             if ( Transmitter == FALSE)   
  60:	4b46      	ldr	r3, [pc, #280]	(17c <I2C2_EV_IRQHandler+0x17c>)
  62:	4a47      	ldr	r2, [pc, #284]	(180 <I2C2_EV_IRQHandler+0x180>)
  64:	781b      	ldrb	r3, [r3, #0]
  66:	b91b      	cbnz	r3, 70 <I2C2_EV_IRQHandler+0x70>
C:\cortex\gateway\src/stm32f10x_it.c:594
                I2C_Send7bitAddress(I2C2 , Command.address , I2C_Direction_Receiver);
  68:	7851      	ldrb	r1, [r2, #1]
  6a:	483e      	ldr	r0, [pc, #248]	(164 <I2C2_EV_IRQHandler+0x164>)
  6c:	2201      	movs	r2, #1
  6e:	e002      	b.n	76 <I2C2_EV_IRQHandler+0x76>
C:\cortex\gateway\src/stm32f10x_it.c:596
             else
                I2C_Send7bitAddress(I2C2 , Command.address , I2C_Direction_Transmitter);
  70:	483c      	ldr	r0, [pc, #240]	(164 <I2C2_EV_IRQHandler+0x164>)
  72:	7851      	ldrb	r1, [r2, #1]
  74:	2200      	movs	r2, #0
  76:	f7ff fffe 	bl	0 <I2C_Send7bitAddress>
  7a:	e072      	b.n	162 <I2C2_EV_IRQHandler+0x162>
C:\cortex\gateway\src/stm32f10x_it.c:599
        break;
        case I2C_EVENT_MASTER_RECEIVER_MODE_SELECTED:
             RxIdx = 0;
  7c:	4b41      	ldr	r3, [pc, #260]	(184 <I2C2_EV_IRQHandler+0x184>)
  7e:	f04f 0200 	mov.w	r2, #0	; 0x0
  82:	801a      	strh	r2, [r3, #0]
  84:	e06d      	b.n	162 <I2C2_EV_IRQHandler+0x162>
C:\cortex\gateway\src/stm32f10x_it.c:602
        break;
        case I2C_EVENT_MASTER_TRANSMITTER_MODE_SELECTED:
             TxIdx = 0;
  86:	4a40      	ldr	r2, [pc, #256]	(188 <I2C2_EV_IRQHandler+0x188>)
  88:	f04f 0300 	mov.w	r3, #0	; 0x0
  8c:	8013      	strh	r3, [r2, #0]
C:\cortex\gateway\src/stm32f10x_it.c:603
             I2C_SendData( I2C2, Command.data[TxIdx++] );
  8e:	4b3c      	ldr	r3, [pc, #240]	(180 <I2C2_EV_IRQHandler+0x180>)
  90:	68db      	ldr	r3, [r3, #12]
  92:	7819      	ldrb	r1, [r3, #0]
  94:	f04f 0301 	mov.w	r3, #1	; 0x1
  98:	8013      	strh	r3, [r2, #0]
  9a:	e034      	b.n	106 <I2C2_EV_IRQHandler+0x106>
C:\cortex\gateway\src/stm32f10x_it.c:607
        break;
        case I2C_EVENT_MASTER_BYTE_RECEIVED:
        case I2C_EVENT_MASTER_BYTE_RECEIVED_WITH_BTF:    
            if ( RxIdx < Command.len_data ) 
  9c:	4e39      	ldr	r6, [pc, #228]	(184 <I2C2_EV_IRQHandler+0x184>)
  9e:	4a38      	ldr	r2, [pc, #224]	(180 <I2C2_EV_IRQHandler+0x180>)
  a0:	8835      	ldrh	r5, [r6, #0]
  a2:	7a13      	ldrb	r3, [r2, #8]
SVCHandler():
C:\cortex\gateway\src/stm32f10x_it.c:158
* Output         : None
* Return         : None
*******************************************************************************/
void SVCHandler(void)
{
}
  a4:	429d      	cmp	r5, r3
I2C2_EV_IRQHandler():
  a6:	d206      	bcs.n	b6 <I2C2_EV_IRQHandler+0xb6>
C:\cortex\gateway\src/stm32f10x_it.c:608
             I2C_SendData( I2C2, Command.data[TxIdx++] );
        break;
        case I2C_EVENT_MASTER_BYTE_RECEIVED:
        case I2C_EVENT_MASTER_BYTE_RECEIVED_WITH_BTF:    
            if ( RxIdx < Command.len_data ) 
               Command.data[RxIdx++] = I2C_ReceiveData(I2C2);
  a8:	482e      	ldr	r0, [pc, #184]	(164 <I2C2_EV_IRQHandler+0x164>)
  aa:	68d4      	ldr	r4, [r2, #12]
  ac:	f7ff fffe 	bl	0 <I2C_ReceiveData>
  b0:	1c6b      	adds	r3, r5, #1
  b2:	5560      	strb	r0, [r4, r5]
  b4:	8033      	strh	r3, [r6, #0]
C:\cortex\gateway\src/stm32f10x_it.c:609
            if( RxIdx == Command.len_data - 1)
  b6:	4b33      	ldr	r3, [pc, #204]	(184 <I2C2_EV_IRQHandler+0x184>)
  b8:	4931      	ldr	r1, [pc, #196]	(180 <I2C2_EV_IRQHandler+0x180>)
  ba:	881a      	ldrh	r2, [r3, #0]
  bc:	7a0b      	ldrb	r3, [r1, #8]
  be:	3b01      	subs	r3, #1
  c0:	429a      	cmp	r2, r3
  c2:	d108      	bne.n	d6 <I2C2_EV_IRQHandler+0xd6>
C:\cortex\gateway\src/stm32f10x_it.c:611
            {
                I2C_AcknowledgeConfig(I2C2, DISABLE);
  c4:	2100      	movs	r1, #0
  c6:	4827      	ldr	r0, [pc, #156]	(164 <I2C2_EV_IRQHandler+0x164>)
  c8:	f7ff fffe 	bl	0 <I2C_AcknowledgeConfig>
C:\cortex\gateway\src/stm32f10x_it.c:612
                I2C_GenerateSTOP(I2C2, ENABLE);
  cc:	4825      	ldr	r0, [pc, #148]	(164 <I2C2_EV_IRQHandler+0x164>)
  ce:	2101      	movs	r1, #1
  d0:	f7ff fffe 	bl	0 <I2C_GenerateSTOP>
  d4:	e045      	b.n	162 <I2C2_EV_IRQHandler+0x162>
C:\cortex\gateway\src/stm32f10x_it.c:614
            }
            else if ( RxIdx == Command.len_data ){
  d6:	7a0b      	ldrb	r3, [r1, #8]
  d8:	429a      	cmp	r2, r3
  da:	d142      	bne.n	162 <I2C2_EV_IRQHandler+0x162>
C:\cortex\gateway\src/stm32f10x_it.c:615
                I2CRxDone = TRUE;
  dc:	4b2b      	ldr	r3, [pc, #172]	(18c <I2C2_EV_IRQHandler+0x18c>)
  de:	2401      	movs	r4, #1
C:\cortex\gateway\src/stm32f10x_it.c:616
                GPIO_WriteBit(GPIOC, GPIO_Pin_0, (BitAction)((1-GPIO_ReadOutputDataBit(GPIOC, GPIO_Pin_0))));
  e0:	4621      	mov	r1, r4
C:\cortex\gateway\src/stm32f10x_it.c:615
            {
                I2C_AcknowledgeConfig(I2C2, DISABLE);
                I2C_GenerateSTOP(I2C2, ENABLE);
            }
            else if ( RxIdx == Command.len_data ){
                I2CRxDone = TRUE;
  e2:	701c      	strb	r4, [r3, #0]
C:\cortex\gateway\src/stm32f10x_it.c:616
                GPIO_WriteBit(GPIOC, GPIO_Pin_0, (BitAction)((1-GPIO_ReadOutputDataBit(GPIOC, GPIO_Pin_0))));
  e4:	482a      	ldr	r0, [pc, #168]	(190 <I2C2_EV_IRQHandler+0x190>)
  e6:	f7ff fffe 	bl	0 <GPIO_ReadOutputDataBit>
  ea:	4621      	mov	r1, r4
  ec:	1a22      	subs	r2, r4, r0
  ee:	4828      	ldr	r0, [pc, #160]	(190 <I2C2_EV_IRQHandler+0x190>)
  f0:	e02a      	b.n	148 <I2C2_EV_IRQHandler+0x148>
C:\cortex\gateway\src/stm32f10x_it.c:620
            }
        break;        
        case I2C_EVENT_MASTER_BYTE_TRANSMITTING:
            if ( TxIdx <  Command.len_data )
  f2:	4825      	ldr	r0, [pc, #148]	(188 <I2C2_EV_IRQHandler+0x188>)
  f4:	4922      	ldr	r1, [pc, #136]	(180 <I2C2_EV_IRQHandler+0x180>)
  f6:	8802      	ldrh	r2, [r0, #0]
  f8:	7a0b      	ldrb	r3, [r1, #8]
  fa:	429a      	cmp	r2, r3
  fc:	d231      	bcs.n	162 <I2C2_EV_IRQHandler+0x162>
C:\cortex\gateway\src/stm32f10x_it.c:621
                I2C_SendData(I2C2, Command.data[TxIdx++]);
  fe:	68cb      	ldr	r3, [r1, #12]
 100:	5c99      	ldrb	r1, [r3, r2]
 102:	1c53      	adds	r3, r2, #1
 104:	8003      	strh	r3, [r0, #0]
 106:	4817      	ldr	r0, [pc, #92]	(164 <I2C2_EV_IRQHandler+0x164>)
 108:	f7ff fffe 	bl	0 <I2C_SendData>
 10c:	e029      	b.n	162 <I2C2_EV_IRQHandler+0x162>
C:\cortex\gateway\src/stm32f10x_it.c:625

        break;
        case I2C_EVENT_MASTER_BYTE_TRANSMITTED:
            if ( TxIdx == Command.len_data ){
 10e:	4b1c      	ldr	r3, [pc, #112]	(180 <I2C2_EV_IRQHandler+0x180>)
 110:	491d      	ldr	r1, [pc, #116]	(188 <I2C2_EV_IRQHandler+0x188>)
 112:	7a1a      	ldrb	r2, [r3, #8]
 114:	880b      	ldrh	r3, [r1, #0]
 116:	4293      	cmp	r3, r2
 118:	d123      	bne.n	162 <I2C2_EV_IRQHandler+0x162>
C:\cortex\gateway\src/stm32f10x_it.c:626
                TxIdx = 0;
 11a:	f04f 0200 	mov.w	r2, #0	; 0x0
 11e:	800a      	strh	r2, [r1, #0]
C:\cortex\gateway\src/stm32f10x_it.c:627
                I2C_ITConfig( I2C2, I2C_IT_BUF , DISABLE );              
 120:	4810      	ldr	r0, [pc, #64]	(164 <I2C2_EV_IRQHandler+0x164>)
 122:	2200      	movs	r2, #0
 124:	f44f 6180 	mov.w	r1, #1024	; 0x400
 128:	f7ff fffe 	bl	0 <I2C_ITConfig>
C:\cortex\gateway\src/stm32f10x_it.c:628
                I2CTxDone = TRUE;    
 12c:	4b19      	ldr	r3, [pc, #100]	(194 <I2C2_EV_IRQHandler+0x194>)
 12e:	2101      	movs	r1, #1
 130:	7019      	strb	r1, [r3, #0]
C:\cortex\gateway\src/stm32f10x_it.c:629
                I2C_GenerateSTOP(I2C2, ENABLE);
 132:	480c      	ldr	r0, [pc, #48]	(164 <I2C2_EV_IRQHandler+0x164>)
 134:	f7ff fffe 	bl	0 <I2C_GenerateSTOP>
C:\cortex\gateway\src/stm32f10x_it.c:630
                GPIO_WriteBit(GPIOC, GPIO_Pin_1, (BitAction)((1-GPIO_ReadOutputDataBit(GPIOC, GPIO_Pin_1))));
 138:	2102      	movs	r1, #2
 13a:	4815      	ldr	r0, [pc, #84]	(190 <I2C2_EV_IRQHandler+0x190>)
 13c:	f7ff fffe 	bl	0 <GPIO_ReadOutputDataBit>
 140:	f1c0 0201 	rsb	r2, r0, #1	; 0x1
 144:	4812      	ldr	r0, [pc, #72]	(190 <I2C2_EV_IRQHandler+0x190>)
 146:	2102      	movs	r1, #2
 148:	b2d2      	uxtb	r2, r2
 14a:	f7ff fffe 	bl	0 <GPIO_WriteBit>
 14e:	e008      	b.n	162 <I2C2_EV_IRQHandler+0x162>
C:\cortex\gateway\src/stm32f10x_it.c:634
            }            
        break;    
        case I2C_EVENT_SLAVE_ACK_FAILURE:
            I2C_ClearFlag(I2C2, I2C_IT_AF);
 150:	4804      	ldr	r0, [pc, #16]	(164 <I2C2_EV_IRQHandler+0x164>)
 152:	4911      	ldr	r1, [pc, #68]	(198 <I2C2_EV_IRQHandler+0x198>)
 154:	f7ff fffe 	bl	0 <I2C_ClearFlag>
 158:	e003      	b.n	162 <I2C2_EV_IRQHandler+0x162>
C:\cortex\gateway\src/stm32f10x_it.c:637
        break;
        default:
            if (evt !=0)
 15a:	b110      	cbz	r0, 162 <I2C2_EV_IRQHandler+0x162>
C:\cortex\gateway\src/stm32f10x_it.c:638
                *((volatile unsigned int*)0xE000ED0C) = 0x05FA0004;
 15c:	4a0f      	ldr	r2, [pc, #60]	(19c <I2C2_EV_IRQHandler+0x19c>)
 15e:	4b10      	ldr	r3, [pc, #64]	(1a0 <I2C2_EV_IRQHandler+0x1a0>)
 160:	601a      	str	r2, [r3, #0]
C:\cortex\gateway\src/stm32f10x_it.c:641
        break;
    }
}
 162:	bd70      	pop	{r4, r5, r6, pc}
 164:	40005800 	.word	0x40005800
 168:	00000000 	.word	0x00000000
 16c:	00030040 	.word	0x00030040
 170:	00070080 	.word	0x00070080
 174:	00030044 	.word	0x00030044
 178:	00070082 	.word	0x00070082
	...
 190:	40011000 	.word	0x40011000
 194:	00000000 	.word	0x00000000
 198:	01000400 	.word	0x01000400
 19c:	05fa0004 	.word	0x05fa0004
 1a0:	e000ed0c 	.word	0xe000ed0c
Disassembly of section .text.DMA1_Channel5_IRQHandler:

00000000 <DMA1_Channel5_IRQHandler>:
DMA1_Channel5_IRQHandler():
C:\cortex\gateway\src/stm32f10x_it.c:371
* Input          : None
* Output         : None
* Return         : None
*******************************************************************************/
void DMA1_Channel5_IRQHandler(void)
{
   0:	b510      	push	{r4, lr}
C:\cortex\gateway\src/stm32f10x_it.c:372
  if(DMA_GetITStatus(DMA1_IT_HT5) == SET)
   2:	f44f 2080 	mov.w	r0, #262144	; 0x40000
   6:	f7ff fffe 	bl	0 <DMA_GetITStatus>
   a:	2801      	cmp	r0, #1
   c:	d102      	bne.n	14 <DMA1_Channel5_IRQHandler+0x14>
C:\cortex\gateway\src/stm32f10x_it.c:374
  {
    DMA_ClearITPendingBit(DMA1_IT_HT5);
   e:	f44f 2080 	mov.w	r0, #262144	; 0x40000
  12:	e012      	b.n	3a <DMA1_Channel5_IRQHandler+0x3a>
C:\cortex\gateway\src/stm32f10x_it.c:376
  }
  else if (DMA_GetITStatus(DMA1_IT_TC5) == SET){
  14:	f44f 3000 	mov.w	r0, #131072	; 0x20000
  18:	f7ff fffe 	bl	0 <DMA_GetITStatus>
  1c:	2801      	cmp	r0, #1
  1e:	d104      	bne.n	2a <DMA1_Channel5_IRQHandler+0x2a>
C:\cortex\gateway\src/stm32f10x_it.c:377
    ReceivedOK = TRUE;    
  20:	4b07      	ldr	r3, [pc, #28]	(40 <DMA1_Channel5_IRQHandler+0x40>)
  22:	7018      	strb	r0, [r3, #0]
C:\cortex\gateway\src/stm32f10x_it.c:378
    DMA_ClearITPendingBit(DMA1_IT_TC5);
  24:	f44f 3000 	mov.w	r0, #131072	; 0x20000
  28:	e007      	b.n	3a <DMA1_Channel5_IRQHandler+0x3a>
C:\cortex\gateway\src/stm32f10x_it.c:380
  }
  else if (DMA_GetITStatus(DMA1_IT_TE5) == SET ){
  2a:	f44f 2000 	mov.w	r0, #524288	; 0x80000
  2e:	f7ff fffe 	bl	0 <DMA_GetITStatus>
  32:	2801      	cmp	r0, #1
  34:	d103      	bne.n	3e <DMA1_Channel5_IRQHandler+0x3e>
C:\cortex\gateway\src/stm32f10x_it.c:381
    DMA_ClearITPendingBit(DMA1_IT_TE5);
  36:	f44f 2000 	mov.w	r0, #524288	; 0x80000
  3a:	f7ff fffe 	bl	0 <DMA_ClearITPendingBit>
C:\cortex\gateway\src/stm32f10x_it.c:384
 
  }
}
  3e:	bd10      	pop	{r4, pc}
  40:	00000000 	.word	0x00000000
Disassembly of section .text.DMA1_Channel4_IRQHandler:

00000000 <DMA1_Channel4_IRQHandler>:
DMA1_Channel4_IRQHandler():
C:\cortex\gateway\src/stm32f10x_it.c:348
* Input          : None
* Output         : None
* Return         : None
*******************************************************************************/
void DMA1_Channel4_IRQHandler(void)
{
   0:	b510      	push	{r4, lr}
C:\cortex\gateway\src/stm32f10x_it.c:349
  if(DMA_GetITStatus(DMA1_IT_HT4) == SET)
   2:	f44f 4080 	mov.w	r0, #16384	; 0x4000
   6:	f7ff fffe 	bl	0 <DMA_GetITStatus>
   a:	2801      	cmp	r0, #1
   c:	d102      	bne.n	14 <DMA1_Channel4_IRQHandler+0x14>
C:\cortex\gateway\src/stm32f10x_it.c:351
  {
    DMA_ClearITPendingBit(DMA1_IT_HT4);
   e:	f44f 4080 	mov.w	r0, #16384	; 0x4000
  12:	e014      	b.n	3e <DMA1_Channel4_IRQHandler+0x3e>
C:\cortex\gateway\src/stm32f10x_it.c:353
  }
  else if (DMA_GetITStatus(DMA1_IT_TC4) == SET){
  14:	f44f 5000 	mov.w	r0, #8192	; 0x2000
  18:	f7ff fffe 	bl	0 <DMA_GetITStatus>
  1c:	2801      	cmp	r0, #1
  1e:	d106      	bne.n	2e <DMA1_Channel4_IRQHandler+0x2e>
C:\cortex\gateway\src/stm32f10x_it.c:354
    DMA_Cmd(DMA1_Channel4, DISABLE);
  20:	4808      	ldr	r0, [pc, #32]	(44 <DMA1_Channel4_IRQHandler+0x44>)
  22:	2100      	movs	r1, #0
  24:	f7ff fffe 	bl	0 <DMA_Cmd>
C:\cortex\gateway\src/stm32f10x_it.c:355
    DMA_ClearITPendingBit(DMA1_IT_TC4);  
  28:	f44f 5000 	mov.w	r0, #8192	; 0x2000
  2c:	e007      	b.n	3e <DMA1_Channel4_IRQHandler+0x3e>
C:\cortex\gateway\src/stm32f10x_it.c:357
  }
  else if (DMA_GetITStatus(DMA1_IT_TE4) == SET ){
  2e:	f44f 4000 	mov.w	r0, #32768	; 0x8000
  32:	f7ff fffe 	bl	0 <DMA_GetITStatus>
  36:	2801      	cmp	r0, #1
  38:	d103      	bne.n	42 <DMA1_Channel4_IRQHandler+0x42>
C:\cortex\gateway\src/stm32f10x_it.c:358
    DMA_ClearITPendingBit(DMA1_IT_TE4);
  3a:	f44f 4000 	mov.w	r0, #32768	; 0x8000
  3e:	f7ff fffe 	bl	0 <DMA_ClearITPendingBit>
C:\cortex\gateway\src/stm32f10x_it.c:361

  }
}
  42:	bd10      	pop	{r4, pc}
  44:	40020044 	.word	0x40020044
Disassembly of section .text.WWDG_IRQHandler:

00000000 <WWDG_IRQHandler>:
WWDG_IRQHandler():
C:\cortex\gateway\src/stm32f10x_it.c:190
* Input          : None
* Output         : None
* Return         : None
*******************************************************************************/
void WWDG_IRQHandler(void)
{
   0:	b510      	push	{r4, lr}
C:\cortex\gateway\src/stm32f10x_it.c:192
    /* Update WWDG counter */
    WWDG_SetCounter(WDG_COUNTER_VALUE);
   2:	207f      	movs	r0, #127
   4:	f7ff fffe 	bl	0 <WWDG_SetCounter>
C:\cortex\gateway\src/stm32f10x_it.c:194
    /* Clear EWI flag */
    WWDG_ClearFlag();
   8:	f7ff fffe 	bl	0 <WWDG_ClearFlag>
C:\cortex\gateway\src/stm32f10x_it.c:195
}
   c:	bd10      	pop	{r4, pc}
   e:	46c0      	nop			(mov r8, r8)
