
D:\cortex\gateway\stm32f10x_crc.o:     file format elf32-littlearm
D:\cortex\gateway\stm32f10x_crc.o

Disassembly of section .text.CRC_ResetDR:

00000000 <CRC_ResetDR>:
CRC_ResetDR():
   0:	f243 0300 	movw	r3, #12288	; 0x3000
   4:	f2c4 0302 	movt	r3, #16386	; 0x4002
   8:	f04f 0201 	mov.w	r2, #1	; 0x1
   c:	609a      	str	r2, [r3, #8]
   e:	4770      	bx	lr
Disassembly of section .text.CRC_CalcCRC:

00000000 <CRC_CalcCRC>:
CRC_CalcCRC():
   0:	f243 0300 	movw	r3, #12288	; 0x3000
   4:	f2c4 0302 	movt	r3, #16386	; 0x4002
   8:	6018      	str	r0, [r3, #0]
   a:	6818      	ldr	r0, [r3, #0]
   c:	4770      	bx	lr
   e:	46c0      	nop			(mov r8, r8)
Disassembly of section .text.CRC_CalcBlockCRC:

00000000 <CRC_CalcBlockCRC>:
CRC_CalcBlockCRC():
   0:	b410      	push	{r4}
   2:	468c      	mov	ip, r1
   4:	b169      	cbz	r1, 22 <CRC_ResetDR+0x22>
   6:	f04f 0200 	mov.w	r2, #0	; 0x0
   a:	f243 0400 	movw	r4, #12288	; 0x3000
   e:	4621      	mov	r1, r4
  10:	f2c4 0102 	movt	r1, #16386	; 0x4002
  14:	f850 3022 	ldr.w	r3, [r0, r2, lsl #2]
  18:	600b      	str	r3, [r1, #0]
  1a:	f102 0201 	add.w	r2, r2, #1	; 0x1
  1e:	4594      	cmp	ip, r2
  20:	d8f8      	bhi.n	14 <CRC_ResetDR+0x14>
  22:	f243 0300 	movw	r3, #12288	; 0x3000
  26:	f2c4 0302 	movt	r3, #16386	; 0x4002
  2a:	6818      	ldr	r0, [r3, #0]
  2c:	bc10      	pop	{r4}
  2e:	4770      	bx	lr
Disassembly of section .text.CRC_GetCRC:

00000000 <CRC_GetCRC>:
CRC_GetCRC():
   0:	f243 0300 	movw	r3, #12288	; 0x3000
   4:	f2c4 0302 	movt	r3, #16386	; 0x4002
   8:	6818      	ldr	r0, [r3, #0]
   a:	4770      	bx	lr
Disassembly of section .text.CRC_SetIDRegister:

00000000 <CRC_SetIDRegister>:
CRC_SetIDRegister():
   0:	f243 0300 	movw	r3, #12288	; 0x3000
   4:	f2c4 0302 	movt	r3, #16386	; 0x4002
   8:	7118      	strb	r0, [r3, #4]
   a:	4770      	bx	lr
Disassembly of section .text.CRC_GetIDRegister:

00000000 <CRC_GetIDRegister>:
CRC_GetIDRegister():
   0:	f243 0300 	movw	r3, #12288	; 0x3000
   4:	f2c4 0302 	movt	r3, #16386	; 0x4002
   8:	7918      	ldrb	r0, [r3, #4]
   a:	4770      	bx	lr
