
C:\cortex\dimmers\hex\dimmers_i2c.o:     file format elf32-littlearm
C:\cortex\dimmers\hex\dimmers_i2c.o

Disassembly of section .text.I2C1GetAddressHeader:

00000000 <I2C1GetAddressHeader>:
I2C1GetAddressHeader():
C:\cortex\dimmers\src/dimmers_i2c.c:77
void I2CSetPECOn (void){
    I2C_CalculatePEC(I2C1, ENABLE);  
    I2C_CalculatePEC(I2C2, ENABLE);  
}

u8 I2C1GetAddressHeader (void){
   0:	4b05      	ldr	r3, [pc, #20]	(18 <I2C1GetAddressHeader+0x18>)
   2:	f06f 000f 	mvn.w	r0, #15	; 0xf
   6:	881b      	ldrh	r3, [r3, #0]
   8:	f403 437f 	and.w	r3, r3, #65280	; 0xff00
   c:	ea40 10d3 	orr.w	r0, r0, r3, lsr #7
C:\cortex\dimmers\src/dimmers_i2c.c:79
    return(((I2C1Adr & 0xFF00) >> 7 ) | 0xF0 );
}
  10:	f000 00fe 	and.w	r0, r0, #254	; 0xfe
  14:	4770      	bx	lr
  16:	46c0      	nop			(mov r8, r8)
  18:	00000000 	.word	0x00000000
Disassembly of section .text.I2C1GetAddress:

00000000 <I2C1GetAddress>:
I2C1GetAddress():
C:\cortex\dimmers\src/dimmers_i2c.c:83

u8 I2C1GetAddress ( void ){
    return (I2C1Adr & 0x00FF);
}
   0:	4b01      	ldr	r3, [pc, #4]	(8 <I2C1GetAddress+0x8>)
   2:	7818      	ldrb	r0, [r3, #0]
   4:	4770      	bx	lr
   6:	46c0      	nop			(mov r8, r8)
   8:	00000000 	.word	0x00000000
Disassembly of section .text.I2C2GetAddressHeader:

00000000 <I2C2GetAddressHeader>:
I2C2GetAddressHeader():
C:\cortex\dimmers\src/dimmers_i2c.c:85

u8 I2C2GetAddressHeader (void){
   0:	4b05      	ldr	r3, [pc, #20]	(18 <I2C2GetAddressHeader+0x18>)
   2:	f06f 000f 	mvn.w	r0, #15	; 0xf
   6:	881b      	ldrh	r3, [r3, #0]
   8:	f403 437f 	and.w	r3, r3, #65280	; 0xff00
   c:	ea40 10d3 	orr.w	r0, r0, r3, lsr #7
C:\cortex\dimmers\src/dimmers_i2c.c:87
    return(((I2C2Adr & 0xFF00) >> 7 ) | 0xF0 );
}
  10:	f000 00fe 	and.w	r0, r0, #254	; 0xfe
  14:	4770      	bx	lr
  16:	46c0      	nop			(mov r8, r8)
  18:	00000000 	.word	0x00000000
Disassembly of section .text.I2C2GetAddress:

00000000 <I2C2GetAddress>:
I2C2GetAddress():
C:\cortex\dimmers\src/dimmers_i2c.c:91

u8 I2C2GetAddress ( void ){
    return (I2C2Adr & 0x00FF);
}
   0:	4b01      	ldr	r3, [pc, #4]	(8 <I2C2GetAddress+0x8>)
   2:	7818      	ldrb	r0, [r3, #0]
   4:	4770      	bx	lr
   6:	46c0      	nop			(mov r8, r8)
   8:	00000000 	.word	0x00000000
Disassembly of section .text.I2C1GetAddressHeaderRx:

00000000 <I2C1GetAddressHeaderRx>:
I2C1GetAddressHeaderRx():
C:\cortex\dimmers\src/dimmers_i2c.c:95

u8 I2C1GetAddressHeaderRx (void){
    return(((I2C1_SLAVE_ADDRESS10_CORTEX2 & 0xFF00) >> 7 ) | 0xF0 );
}
   0:	20f6      	movs	r0, #246
   2:	4770      	bx	lr
Disassembly of section .text.I2C1GetAddressRx:

00000000 <I2C1GetAddressRx>:
I2C1GetAddressRx():
C:\cortex\dimmers\src/dimmers_i2c.c:99

u8 I2C1GetAddressRx ( void ){
    return (I2C1_SLAVE_ADDRESS10_CORTEX2 & 0x00FF);
}
   0:	2030      	movs	r0, #48
   2:	4770      	bx	lr
Disassembly of section .text.I2C2GetAddressHeaderRx2:

00000000 <I2C2GetAddressHeaderRx2>:
I2C2GetAddressHeaderRx2():
C:\cortex\dimmers\src/dimmers_i2c.c:102
u8 I2C2GetAddressHeaderRx2 (void){
    return(((I2C2_SLAVE_ADDRESS10_CORTEX2 & 0xFF00) >> 7 ) | 0xF0 );
}
   0:	20f6      	movs	r0, #246
   2:	4770      	bx	lr
Disassembly of section .text.I2C2GetAddressRx2:

00000000 <I2C2GetAddressRx2>:
I2C2GetAddressRx2():
C:\cortex\dimmers\src/dimmers_i2c.c:106

u8 I2C2GetAddressRx2 ( void ){
    return (I2C2_SLAVE_ADDRESS10_CORTEX2 & 0x00FF);
}
   0:	2040      	movs	r0, #64
   2:	4770      	bx	lr
Disassembly of section .text.I2C2GetAddressHeaderRx:

00000000 <I2C2GetAddressHeaderRx>:
I2C2GetAddressHeaderRx():
C:\cortex\dimmers\src/dimmers_i2c.c:109
u8      I2C2GetAddressHeaderRx (void){
    return(((I2C2_SLAVE_ADDRESS10_CORTEX1 & 0xFF00) >> 7 ) | 0xF0 );
}
   0:	20f6      	movs	r0, #246
   2:	4770      	bx	lr
Disassembly of section .text.I2C2GetAddressRx:

00000000 <I2C2GetAddressRx>:
I2C2GetAddressRx():
C:\cortex\dimmers\src/dimmers_i2c.c:112
u8      I2C2GetAddressRx ( void ){
    return (I2C2_SLAVE_ADDRESS10_CORTEX1 & 0x00FF);
   0:	2020      	movs	r0, #32
   2:	4770      	bx	lr
Disassembly of section .text.I2CSetPECOn:

00000000 <I2CSetPECOn>:
I2CSetPECOn():
C:\cortex\dimmers\src/dimmers_i2c.c:73
        I2C_ITConfig(I2C2, I2C_IT_ERR | I2C_IT_EVT | I2C_IT_BUF , ENABLE);
    }
}

void I2CSetPECOn (void){
    I2C_CalculatePEC(I2C1, ENABLE);  
   0:	2101      	movs	r1, #1
C:\cortex\dimmers\src/dimmers_i2c.c:72
        /* Enable I2C1 event and buffer interrupts */
        I2C_ITConfig(I2C2, I2C_IT_ERR | I2C_IT_EVT | I2C_IT_BUF , ENABLE);
    }
}

void I2CSetPECOn (void){
   2:	b510      	push	{r4, lr}
C:\cortex\dimmers\src/dimmers_i2c.c:73
    I2C_CalculatePEC(I2C1, ENABLE);  
   4:	4803      	ldr	r0, [pc, #12]	(14 <I2CSetPECOn+0x14>)
   6:	f7ff fffe 	bl	0 <I2C_CalculatePEC>
C:\cortex\dimmers\src/dimmers_i2c.c:74
    I2C_CalculatePEC(I2C2, ENABLE);  
   a:	4803      	ldr	r0, [pc, #12]	(18 <I2CSetPECOn+0x18>)
   c:	2101      	movs	r1, #1
   e:	f7ff fffe 	bl	0 <I2C_CalculatePEC>
C:\cortex\dimmers\src/dimmers_i2c.c:75
}
  12:	bd10      	pop	{r4, pc}
  14:	40005400 	.word	0x40005400
  18:	40005800 	.word	0x40005800
Disassembly of section .text.I2CInit:

00000000 <I2CInit>:
I2CInit():
C:\cortex\dimmers\src/dimmers_i2c.c:20

u16 I2C1Adr;
u16 I2C2Adr;

void I2CInit(void)
{
   0:	b51f      	push	{r0, r1, r2, r3, r4, lr}
C:\cortex\dimmers\src/dimmers_i2c.c:23
    I2C_InitTypeDef  I2C_InitStructure;

    if ( (GpioGetDipState(I2C_ENABLE_BIT) == ON ) ){
   2:	f44f 4000 	mov.w	r0, #32768	; 0x8000
   6:	f7ff fffe 	bl	0 <GpioGetDipState>
   a:	4604      	mov	r4, r0
   c:	2800      	cmp	r0, #0
   e:	f040 80b6 	bne.w	17e <I2CInit+0x17e>
C:\cortex\dimmers\src/dimmers_i2c.c:25

        I2C_Cmd(I2C1, ENABLE);
  12:	2101      	movs	r1, #1
  14:	485a      	ldr	r0, [pc, #360]	(180 <I2CInit+0x180>)
  16:	f7ff fffe 	bl	0 <I2C_Cmd>
C:\cortex\dimmers\src/dimmers_i2c.c:26
        I2C_Cmd(I2C2, ENABLE);
  1a:	2101      	movs	r1, #1
  1c:	4859      	ldr	r0, [pc, #356]	(184 <I2CInit+0x184>)
  1e:	f7ff fffe 	bl	0 <I2C_Cmd>
C:\cortex\dimmers\src/dimmers_i2c.c:30

        I2C_InitStructure.I2C_Mode                = I2C_Mode_I2C;
        I2C_InitStructure.I2C_DutyCycle           = I2C_DutyCycle_2;
        I2C_InitStructure.I2C_Ack                 = I2C_Ack_Enable;
  22:	f44f 6380 	mov.w	r3, #1024	; 0x400
C:\cortex\dimmers\src/dimmers_i2c.c:29

        I2C_Cmd(I2C1, ENABLE);
        I2C_Cmd(I2C2, ENABLE);

        I2C_InitStructure.I2C_Mode                = I2C_Mode_I2C;
        I2C_InitStructure.I2C_DutyCycle           = I2C_DutyCycle_2;
  26:	f64b 72ff 	movw	r2, #49151	; 0xbfff
C:\cortex\dimmers\src/dimmers_i2c.c:30
        I2C_InitStructure.I2C_Ack                 = I2C_Ack_Enable;
  2a:	f8ad 3006 	strh.w	r3, [sp, #6]
C:\cortex\dimmers\src/dimmers_i2c.c:32
        I2C_InitStructure.I2C_AcknowledgedAddress = I2C_AcknowledgedAddress_7bit;
        I2C_InitStructure.I2C_ClockSpeed          = I2C_CLOCK_SPEED;
  2e:	4b56      	ldr	r3, [pc, #344]	(188 <I2CInit+0x188>)
C:\cortex\dimmers\src/dimmers_i2c.c:29

        I2C_Cmd(I2C1, ENABLE);
        I2C_Cmd(I2C2, ENABLE);

        I2C_InitStructure.I2C_Mode                = I2C_Mode_I2C;
        I2C_InitStructure.I2C_DutyCycle           = I2C_DutyCycle_2;
  30:	f8ad 2002 	strh.w	r2, [sp, #2]
C:\cortex\dimmers\src/dimmers_i2c.c:34
        I2C_InitStructure.I2C_Ack                 = I2C_Ack_Enable;
        I2C_InitStructure.I2C_AcknowledgedAddress = I2C_AcknowledgedAddress_7bit;
        I2C_InitStructure.I2C_ClockSpeed          = I2C_CLOCK_SPEED;
        
        if ( ( GpioGetDipState(I2C_ADDR_BIT1) == OFF ) && ( GpioGetDipState(I2C_ADDR_BIT0) == OFF ) ) 
  34:	f44f 4080 	mov.w	r0, #16384	; 0x4000
C:\cortex\dimmers\src/dimmers_i2c.c:31
        I2C_Cmd(I2C2, ENABLE);

        I2C_InitStructure.I2C_Mode                = I2C_Mode_I2C;
        I2C_InitStructure.I2C_DutyCycle           = I2C_DutyCycle_2;
        I2C_InitStructure.I2C_Ack                 = I2C_Ack_Enable;
        I2C_InitStructure.I2C_AcknowledgedAddress = I2C_AcknowledgedAddress_7bit;
  38:	f44f 4280 	mov.w	r2, #16384	; 0x4000
C:\cortex\dimmers\src/dimmers_i2c.c:28
    if ( (GpioGetDipState(I2C_ENABLE_BIT) == ON ) ){

        I2C_Cmd(I2C1, ENABLE);
        I2C_Cmd(I2C2, ENABLE);

        I2C_InitStructure.I2C_Mode                = I2C_Mode_I2C;
  3c:	f8ad 4000 	strh.w	r4, [sp]
C:\cortex\dimmers\src/dimmers_i2c.c:31
        I2C_InitStructure.I2C_DutyCycle           = I2C_DutyCycle_2;
        I2C_InitStructure.I2C_Ack                 = I2C_Ack_Enable;
        I2C_InitStructure.I2C_AcknowledgedAddress = I2C_AcknowledgedAddress_7bit;
  40:	f8ad 2008 	strh.w	r2, [sp, #8]
C:\cortex\dimmers\src/dimmers_i2c.c:32
        I2C_InitStructure.I2C_ClockSpeed          = I2C_CLOCK_SPEED;
  44:	9303      	str	r3, [sp, #12]
C:\cortex\dimmers\src/dimmers_i2c.c:34
        
        if ( ( GpioGetDipState(I2C_ADDR_BIT1) == OFF ) && ( GpioGetDipState(I2C_ADDR_BIT0) == OFF ) ) 
  46:	f7ff fffe 	bl	0 <GpioGetDipState>
  4a:	2801      	cmp	r0, #1
  4c:	d108      	bne.n	60 <I2CInit+0x60>
  4e:	f44f 5000 	mov.w	r0, #8192	; 0x2000
  52:	f7ff fffe 	bl	0 <GpioGetDipState>
  56:	2801      	cmp	r0, #1
  58:	d102      	bne.n	60 <I2CInit+0x60>
C:\cortex\dimmers\src/dimmers_i2c.c:35
            I2C_InitStructure.I2C_OwnAddress1 = I2C1_SLAVE_ADDRESS7_CORTEX1;
  5a:	f04f 0310 	mov.w	r3, #16	; 0x10
  5e:	e01a      	b.n	96 <I2CInit+0x96>
C:\cortex\dimmers\src/dimmers_i2c.c:36
        else if ( (GpioGetDipState(I2C_ADDR_BIT1) == OFF ) && ( GpioGetDipState(I2C_ADDR_BIT0) == ON ) ) 
  60:	f44f 4080 	mov.w	r0, #16384	; 0x4000
  64:	f7ff fffe 	bl	0 <GpioGetDipState>
  68:	2801      	cmp	r0, #1
  6a:	d107      	bne.n	7c <I2CInit+0x7c>
  6c:	f44f 5000 	mov.w	r0, #8192	; 0x2000
  70:	f7ff fffe 	bl	0 <GpioGetDipState>
  74:	b910      	cbnz	r0, 7c <I2CInit+0x7c>
C:\cortex\dimmers\src/dimmers_i2c.c:37
            I2C_InitStructure.I2C_OwnAddress1 = I2C1_SLAVE_ADDRESS7_CORTEX2;
  76:	f04f 0230 	mov.w	r2, #48	; 0x30
  7a:	e01b      	b.n	b4 <I2CInit+0xb4>
C:\cortex\dimmers\src/dimmers_i2c.c:38
        else if ( (GpioGetDipState(I2C_ADDR_BIT1) == ON ) && ( GpioGetDipState(I2C_ADDR_BIT0) == OFF ) ) 
  7c:	f44f 4080 	mov.w	r0, #16384	; 0x4000
  80:	f7ff fffe 	bl	0 <GpioGetDipState>
  84:	b950      	cbnz	r0, 9c <I2CInit+0x9c>
  86:	f500 5000 	add.w	r0, r0, #8192	; 0x2000
  8a:	f7ff fffe 	bl	0 <GpioGetDipState>
  8e:	2801      	cmp	r0, #1
  90:	d104      	bne.n	9c <I2CInit+0x9c>
C:\cortex\dimmers\src/dimmers_i2c.c:39
            I2C_InitStructure.I2C_OwnAddress1 = I2C1_SLAVE_ADDRESS7_CORTEX3;
  92:	f04f 0350 	mov.w	r3, #80	; 0x50
  96:	f8ad 3004 	strh.w	r3, [sp, #4]
  9a:	e00d      	b.n	b8 <I2CInit+0xb8>
C:\cortex\dimmers\src/dimmers_i2c.c:40
        else if ( (GpioGetDipState(I2C_ADDR_BIT1) == ON ) && ( GpioGetDipState(I2C_ADDR_BIT0) == ON ) ) 
  9c:	f44f 4080 	mov.w	r0, #16384	; 0x4000
  a0:	f7ff fffe 	bl	0 <GpioGetDipState>
  a4:	b940      	cbnz	r0, b8 <I2CInit+0xb8>
  a6:	f500 5000 	add.w	r0, r0, #8192	; 0x2000
  aa:	f7ff fffe 	bl	0 <GpioGetDipState>
  ae:	b918      	cbnz	r0, b8 <I2CInit+0xb8>
C:\cortex\dimmers\src/dimmers_i2c.c:41
            I2C_InitStructure.I2C_OwnAddress1 = I2C1_SLAVE_ADDRESS7_CORTEX4;
  b0:	f04f 0270 	mov.w	r2, #112	; 0x70
  b4:	f8ad 2004 	strh.w	r2, [sp, #4]
C:\cortex\dimmers\src/dimmers_i2c.c:43
        
        I2C1Adr = I2C_InitStructure.I2C_OwnAddress1;
  b8:	4b34      	ldr	r3, [pc, #208]	(18c <I2CInit+0x18c>)
  ba:	f8bd 2004 	ldrh.w	r2, [sp, #4]
C:\cortex\dimmers\src/dimmers_i2c.c:45
        
        I2C_Init(I2C1, &I2C_InitStructure);
  be:	4830      	ldr	r0, [pc, #192]	(180 <I2CInit+0x180>)
C:\cortex\dimmers\src/dimmers_i2c.c:43
        else if ( (GpioGetDipState(I2C_ADDR_BIT1) == ON ) && ( GpioGetDipState(I2C_ADDR_BIT0) == OFF ) ) 
            I2C_InitStructure.I2C_OwnAddress1 = I2C1_SLAVE_ADDRESS7_CORTEX3;
        else if ( (GpioGetDipState(I2C_ADDR_BIT1) == ON ) && ( GpioGetDipState(I2C_ADDR_BIT0) == ON ) ) 
            I2C_InitStructure.I2C_OwnAddress1 = I2C1_SLAVE_ADDRESS7_CORTEX4;
        
        I2C1Adr = I2C_InitStructure.I2C_OwnAddress1;
  c0:	801a      	strh	r2, [r3, #0]
C:\cortex\dimmers\src/dimmers_i2c.c:45
        
        I2C_Init(I2C1, &I2C_InitStructure);
  c2:	4669      	mov	r1, sp
  c4:	f7ff fffe 	bl	0 <I2C_Init>
C:\cortex\dimmers\src/dimmers_i2c.c:47

        I2C_InitStructure.I2C_AcknowledgedAddress = I2C_AcknowledgedAddress_7bit;
  c8:	f44f 4380 	mov.w	r3, #16384	; 0x4000
C:\cortex\dimmers\src/dimmers_i2c.c:49

        if ( ( GpioGetDipState(I2C_ADDR_BIT1) == OFF ) && ( GpioGetDipState(I2C_ADDR_BIT0) == OFF ) ) 
  cc:	f44f 4080 	mov.w	r0, #16384	; 0x4000
C:\cortex\dimmers\src/dimmers_i2c.c:47
        
        I2C1Adr = I2C_InitStructure.I2C_OwnAddress1;
        
        I2C_Init(I2C1, &I2C_InitStructure);

        I2C_InitStructure.I2C_AcknowledgedAddress = I2C_AcknowledgedAddress_7bit;
  d0:	f8ad 3008 	strh.w	r3, [sp, #8]
C:\cortex\dimmers\src/dimmers_i2c.c:49

        if ( ( GpioGetDipState(I2C_ADDR_BIT1) == OFF ) && ( GpioGetDipState(I2C_ADDR_BIT0) == OFF ) ) 
  d4:	f7ff fffe 	bl	0 <GpioGetDipState>
  d8:	2801      	cmp	r0, #1
  da:	d108      	bne.n	ee <I2CInit+0xee>
  dc:	f44f 5000 	mov.w	r0, #8192	; 0x2000
  e0:	f7ff fffe 	bl	0 <GpioGetDipState>
  e4:	2801      	cmp	r0, #1
  e6:	d102      	bne.n	ee <I2CInit+0xee>
C:\cortex\dimmers\src/dimmers_i2c.c:50
            I2C_InitStructure.I2C_OwnAddress1 = I2C2_SLAVE_ADDRESS7_CORTEX1;
  e8:	f04f 0220 	mov.w	r2, #32	; 0x20
  ec:	e01a      	b.n	124 <I2CInit+0x124>
C:\cortex\dimmers\src/dimmers_i2c.c:51
        else if ( (GpioGetDipState(I2C_ADDR_BIT1) == OFF ) && ( GpioGetDipState(I2C_ADDR_BIT0) == ON ) ) 
  ee:	f44f 4080 	mov.w	r0, #16384	; 0x4000
  f2:	f7ff fffe 	bl	0 <GpioGetDipState>
  f6:	2801      	cmp	r0, #1
  f8:	d107      	bne.n	10a <I2CInit+0x10a>
  fa:	f44f 5000 	mov.w	r0, #8192	; 0x2000
  fe:	f7ff fffe 	bl	0 <GpioGetDipState>
 102:	b910      	cbnz	r0, 10a <I2CInit+0x10a>
C:\cortex\dimmers\src/dimmers_i2c.c:52
            I2C_InitStructure.I2C_OwnAddress1 = I2C2_SLAVE_ADDRESS7_CORTEX2;
 104:	f04f 0340 	mov.w	r3, #64	; 0x40
 108:	e01b      	b.n	142 <I2CInit+0x142>
C:\cortex\dimmers\src/dimmers_i2c.c:53
        else if ( (GpioGetDipState(I2C_ADDR_BIT1) == ON ) && ( GpioGetDipState(I2C_ADDR_BIT0) == OFF ) ) 
 10a:	f44f 4080 	mov.w	r0, #16384	; 0x4000
 10e:	f7ff fffe 	bl	0 <GpioGetDipState>
 112:	b950      	cbnz	r0, 12a <I2CInit+0x12a>
 114:	f500 5000 	add.w	r0, r0, #8192	; 0x2000
 118:	f7ff fffe 	bl	0 <GpioGetDipState>
 11c:	2801      	cmp	r0, #1
 11e:	d104      	bne.n	12a <I2CInit+0x12a>
C:\cortex\dimmers\src/dimmers_i2c.c:54
            I2C_InitStructure.I2C_OwnAddress1 = I2C2_SLAVE_ADDRESS7_CORTEX3;
 120:	f04f 0260 	mov.w	r2, #96	; 0x60
 124:	f8ad 2004 	strh.w	r2, [sp, #4]
 128:	e00d      	b.n	146 <I2CInit+0x146>
C:\cortex\dimmers\src/dimmers_i2c.c:55
        else if ( (GpioGetDipState(I2C_ADDR_BIT1) == ON ) && ( GpioGetDipState(I2C_ADDR_BIT0) == ON ) ) 
 12a:	f44f 4080 	mov.w	r0, #16384	; 0x4000
 12e:	f7ff fffe 	bl	0 <GpioGetDipState>
 132:	b940      	cbnz	r0, 146 <I2CInit+0x146>
 134:	f500 5000 	add.w	r0, r0, #8192	; 0x2000
 138:	f7ff fffe 	bl	0 <GpioGetDipState>
 13c:	b918      	cbnz	r0, 146 <I2CInit+0x146>
C:\cortex\dimmers\src/dimmers_i2c.c:56
            I2C_InitStructure.I2C_OwnAddress1 = I2C2_SLAVE_ADDRESS7_CORTEX4;
 13e:	f04f 0380 	mov.w	r3, #128	; 0x80
 142:	f8ad 3004 	strh.w	r3, [sp, #4]
C:\cortex\dimmers\src/dimmers_i2c.c:58
            
        I2C2Adr = I2C_InitStructure.I2C_OwnAddress1;
 146:	4b12      	ldr	r3, [pc, #72]	(190 <I2CInit+0x190>)
 148:	f8bd 2004 	ldrh.w	r2, [sp, #4]
C:\cortex\dimmers\src/dimmers_i2c.c:60
        
        I2C_Init(I2C2, &I2C_InitStructure);
 14c:	480d      	ldr	r0, [pc, #52]	(184 <I2CInit+0x184>)
C:\cortex\dimmers\src/dimmers_i2c.c:58
        else if ( (GpioGetDipState(I2C_ADDR_BIT1) == ON ) && ( GpioGetDipState(I2C_ADDR_BIT0) == OFF ) ) 
            I2C_InitStructure.I2C_OwnAddress1 = I2C2_SLAVE_ADDRESS7_CORTEX3;
        else if ( (GpioGetDipState(I2C_ADDR_BIT1) == ON ) && ( GpioGetDipState(I2C_ADDR_BIT0) == ON ) ) 
            I2C_InitStructure.I2C_OwnAddress1 = I2C2_SLAVE_ADDRESS7_CORTEX4;
            
        I2C2Adr = I2C_InitStructure.I2C_OwnAddress1;
 14e:	801a      	strh	r2, [r3, #0]
C:\cortex\dimmers\src/dimmers_i2c.c:60
        
        I2C_Init(I2C2, &I2C_InitStructure);
 150:	4669      	mov	r1, sp
 152:	f7ff fffe 	bl	0 <I2C_Init>
C:\cortex\dimmers\src/dimmers_i2c.c:62

        I2C_StretchClockCmd(I2C1,ENABLE);
 156:	480a      	ldr	r0, [pc, #40]	(180 <I2CInit+0x180>)
 158:	2101      	movs	r1, #1
 15a:	f7ff fffe 	bl	0 <I2C_StretchClockCmd>
C:\cortex\dimmers\src/dimmers_i2c.c:63
        I2C_StretchClockCmd(I2C2,ENABLE);
 15e:	4809      	ldr	r0, [pc, #36]	(184 <I2CInit+0x184>)
 160:	2101      	movs	r1, #1
 162:	f7ff fffe 	bl	0 <I2C_StretchClockCmd>
C:\cortex\dimmers\src/dimmers_i2c.c:66
        
        /* Enable I2C1 event and buffer interrupts */
        I2C_ITConfig(I2C1, I2C_IT_ERR | I2C_IT_EVT | I2C_IT_BUF , ENABLE);
 166:	4806      	ldr	r0, [pc, #24]	(180 <I2CInit+0x180>)
 168:	f44f 61e0 	mov.w	r1, #1792	; 0x700
 16c:	2201      	movs	r2, #1
 16e:	f7ff fffe 	bl	0 <I2C_ITConfig>
C:\cortex\dimmers\src/dimmers_i2c.c:68
        /* Enable I2C1 event and buffer interrupts */
        I2C_ITConfig(I2C2, I2C_IT_ERR | I2C_IT_EVT | I2C_IT_BUF , ENABLE);
 172:	4804      	ldr	r0, [pc, #16]	(184 <I2CInit+0x184>)
 174:	f44f 61e0 	mov.w	r1, #1792	; 0x700
 178:	2201      	movs	r2, #1
 17a:	f7ff fffe 	bl	0 <I2C_ITConfig>
C:\cortex\dimmers\src/dimmers_i2c.c:70
    }
}
 17e:	bd1f      	pop	{r0, r1, r2, r3, r4, pc}
 180:	40005400 	.word	0x40005400
 184:	40005800 	.word	0x40005800
 188:	000186a0 	.word	0x000186a0
	...
