
D:\cortex\dimmers\hex\exti.o:     file format elf32-littlearm
D:\cortex\dimmers\hex\exti.o

Disassembly of section .text.ExtiInit:

00000000 <ExtiInit>:
ExtiInit():
D:\cortex\dimmers\src/exti.c:38
* Description    : Enable & bind the gpio to exti
* Input          : None
* Output         : None
* Return         : None
*******************************************************************************/
void ExtiInit (void){
   0:	b580      	push	{r7, lr}
   2:	b084      	sub	sp, #16
   4:	af00      	add	r7, sp, #0
D:\cortex\dimmers\src/exti.c:43

  EXTI_InitTypeDef	x_EXTI_InitStructure;
  u8				u8_exti;
 
  for ( u8_exti=0 ; u8_exti < (sizeof (gx_extis)/sizeof(TExti)) ; u8_exti++ ){
   6:	f04f 0300 	mov.w	r3, #0	; 0x0
   a:	73fb      	strb	r3, [r7, #15]
   c:	e061      	b.n	d2 <ExtiInit+0xd2>
D:\cortex\dimmers\src/exti.c:44
	GPIO_EXTILineConfig(gx_extis[u8_exti].extigpiox , gx_extis[u8_exti].extipinx );
   e:	7bfb      	ldrb	r3, [r7, #15]
  10:	f240 0100 	movw	r1, #0	; 0x0
  14:	f2c0 0100 	movt	r1, #0	; 0x0
  18:	ea4f 0283 	mov.w	r2, r3, lsl #2
  1c:	ea4f 0382 	mov.w	r3, r2, lsl #2
  20:	ebc2 0303 	rsb	r3, r2, r3
  24:	440b      	add	r3, r1
  26:	f103 0308 	add.w	r3, r3, #8	; 0x8
  2a:	7818      	ldrb	r0, [r3, #0]
  2c:	7bfb      	ldrb	r3, [r7, #15]
  2e:	f240 0100 	movw	r1, #0	; 0x0
  32:	f2c0 0100 	movt	r1, #0	; 0x0
  36:	ea4f 0283 	mov.w	r2, r3, lsl #2
  3a:	ea4f 0382 	mov.w	r3, r2, lsl #2
  3e:	ebc2 0303 	rsb	r3, r2, r3
  42:	440b      	add	r3, r1
  44:	f103 0308 	add.w	r3, r3, #8	; 0x8
  48:	785b      	ldrb	r3, [r3, #1]
  4a:	4619      	mov	r1, r3
  4c:	f7ff fffe 	bl	0 <GPIO_EXTILineConfig>
D:\cortex\dimmers\src/exti.c:45
	x_EXTI_InitStructure.EXTI_Line		= gx_extis[u8_exti].extidef.EXTI_Line;
  50:	7bfb      	ldrb	r3, [r7, #15]
  52:	f240 0100 	movw	r1, #0	; 0x0
  56:	f2c0 0100 	movt	r1, #0	; 0x0
  5a:	ea4f 0283 	mov.w	r2, r3, lsl #2
  5e:	ea4f 0382 	mov.w	r3, r2, lsl #2
  62:	ebc2 0303 	rsb	r3, r2, r3
  66:	440b      	add	r3, r1
  68:	681b      	ldr	r3, [r3, #0]
  6a:	607b      	str	r3, [r7, #4]
D:\cortex\dimmers\src/exti.c:46
	x_EXTI_InitStructure.EXTI_Mode		= gx_extis[u8_exti].extidef.EXTI_Mode;
  6c:	7bfb      	ldrb	r3, [r7, #15]
  6e:	f240 0100 	movw	r1, #0	; 0x0
  72:	f2c0 0100 	movt	r1, #0	; 0x0
  76:	ea4f 0283 	mov.w	r2, r3, lsl #2
  7a:	ea4f 0382 	mov.w	r3, r2, lsl #2
  7e:	ebc2 0303 	rsb	r3, r2, r3
  82:	440b      	add	r3, r1
  84:	791b      	ldrb	r3, [r3, #4]
  86:	723b      	strb	r3, [r7, #8]
D:\cortex\dimmers\src/exti.c:47
	x_EXTI_InitStructure.EXTI_Trigger	= gx_extis[u8_exti].extidef.EXTI_Trigger;
  88:	7bfb      	ldrb	r3, [r7, #15]
  8a:	f240 0100 	movw	r1, #0	; 0x0
  8e:	f2c0 0100 	movt	r1, #0	; 0x0
  92:	ea4f 0283 	mov.w	r2, r3, lsl #2
  96:	ea4f 0382 	mov.w	r3, r2, lsl #2
  9a:	ebc2 0303 	rsb	r3, r2, r3
  9e:	440b      	add	r3, r1
  a0:	795b      	ldrb	r3, [r3, #5]
  a2:	727b      	strb	r3, [r7, #9]
D:\cortex\dimmers\src/exti.c:48
	x_EXTI_InitStructure.EXTI_LineCmd	= gx_extis[u8_exti].extidef.EXTI_LineCmd;
  a4:	7bfb      	ldrb	r3, [r7, #15]
  a6:	f240 0100 	movw	r1, #0	; 0x0
  aa:	f2c0 0100 	movt	r1, #0	; 0x0
  ae:	ea4f 0283 	mov.w	r2, r3, lsl #2
  b2:	ea4f 0382 	mov.w	r3, r2, lsl #2
  b6:	ebc2 0303 	rsb	r3, r2, r3
  ba:	440b      	add	r3, r1
  bc:	799b      	ldrb	r3, [r3, #6]
  be:	72bb      	strb	r3, [r7, #10]
D:\cortex\dimmers\src/exti.c:49
	EXTI_Init(&x_EXTI_InitStructure);
  c0:	f107 0304 	add.w	r3, r7, #4	; 0x4
  c4:	4618      	mov	r0, r3
  c6:	f7ff fffe 	bl	0 <EXTI_Init>
D:\cortex\dimmers\src/exti.c:43
void ExtiInit (void){

  EXTI_InitTypeDef	x_EXTI_InitStructure;
  u8				u8_exti;
 
  for ( u8_exti=0 ; u8_exti < (sizeof (gx_extis)/sizeof(TExti)) ; u8_exti++ ){
  ca:	7bfb      	ldrb	r3, [r7, #15]
  cc:	f103 0301 	add.w	r3, r3, #1	; 0x1
  d0:	73fb      	strb	r3, [r7, #15]
  d2:	7bfb      	ldrb	r3, [r7, #15]
  d4:	2b05      	cmp	r3, #5
  d6:	d99a      	bls.n	e <EXTI_Init+0xe>
D:\cortex\dimmers\src/exti.c:51
	x_EXTI_InitStructure.EXTI_Mode		= gx_extis[u8_exti].extidef.EXTI_Mode;
	x_EXTI_InitStructure.EXTI_Trigger	= gx_extis[u8_exti].extidef.EXTI_Trigger;
	x_EXTI_InitStructure.EXTI_LineCmd	= gx_extis[u8_exti].extidef.EXTI_LineCmd;
	EXTI_Init(&x_EXTI_InitStructure);
  }
  d8:	f107 0710 	add.w	r7, r7, #16	; 0x10
  dc:	46bd      	mov	sp, r7
  de:	bd80      	pop	{r7, pc}
