
C:\cortex\gateway\out\stm32f10x_wwdg.o:     file format elf32-littlearm
C:\cortex\gateway\out\stm32f10x_wwdg.o


Disassembly of section .text.WWDG_DeInit:

00000000 <WWDG_DeInit>:
WWDG_DeInit():
C:\cortex\gateway\stlibrary\src/stm32f10x_wwdg.c:55
* Output         : None
* Return         : None
*******************************************************************************/
void WWDG_DeInit(void)
{
  RCC_APB1PeriphResetCmd(RCC_APB1Periph_WWDG, ENABLE);
   0:	2101      	movs	r1, #1
C:\cortex\gateway\stlibrary\src/stm32f10x_wwdg.c:54
* Input          : None
* Output         : None
* Return         : None
*******************************************************************************/
void WWDG_DeInit(void)
{
   2:	b510      	push	{r4, lr}
C:\cortex\gateway\stlibrary\src/stm32f10x_wwdg.c:55
  RCC_APB1PeriphResetCmd(RCC_APB1Periph_WWDG, ENABLE);
   4:	f44f 6000 	mov.w	r0, #2048	; 0x800
   8:	f7ff fffe 	bl	0 <RCC_APB1PeriphResetCmd>
C:\cortex\gateway\stlibrary\src/stm32f10x_wwdg.c:56
  RCC_APB1PeriphResetCmd(RCC_APB1Periph_WWDG, DISABLE);
   c:	f44f 6000 	mov.w	r0, #2048	; 0x800
  10:	2100      	movs	r1, #0
C:\cortex\gateway\stlibrary\src/stm32f10x_wwdg.c:57
}
  12:	e8bd 4010 	ldmia.w	sp!, {r4, lr}
C:\cortex\gateway\stlibrary\src/stm32f10x_wwdg.c:56
* Return         : None
*******************************************************************************/
void WWDG_DeInit(void)
{
  RCC_APB1PeriphResetCmd(RCC_APB1Periph_WWDG, ENABLE);
  RCC_APB1PeriphResetCmd(RCC_APB1Periph_WWDG, DISABLE);
  16:	f7ff bffe 	b.w	0 <RCC_APB1PeriphResetCmd>

Disassembly of section .text.WWDG_SetPrescaler:

00000000 <WWDG_SetPrescaler>:
WWDG_SetPrescaler():
C:\cortex\gateway\stlibrary\src/stm32f10x_wwdg.c:79

  /* Check the parameters */
  assert_param(IS_WWDG_PRESCALER(WWDG_Prescaler));

  /* Clear WDGTB[1:0] bits */
  tmpreg = WWDG->CFR & CFR_WDGTB_Mask;
   0:	4b03      	ldr	r3, [pc, #12]	; (10 <WWDG_SetPrescaler+0x10>)
   2:	685a      	ldr	r2, [r3, #4]
   4:	f422 72c0 	bic.w	r2, r2, #384	; 0x180
C:\cortex\gateway\stlibrary\src/stm32f10x_wwdg.c:82

  /* Set WDGTB[1:0] bits according to WWDG_Prescaler value */
  tmpreg |= WWDG_Prescaler;
   8:	ea40 0202 	orr.w	r2, r0, r2
C:\cortex\gateway\stlibrary\src/stm32f10x_wwdg.c:85

  /* Store the new value */
  WWDG->CFR = tmpreg;
   c:	605a      	str	r2, [r3, #4]
C:\cortex\gateway\stlibrary\src/stm32f10x_wwdg.c:86
}
   e:	4770      	bx	lr
  10:	40002c00 	.word	0x40002c00

Disassembly of section .text.WWDG_SetWindowValue:

00000000 <WWDG_SetWindowValue>:
WWDG_SetWindowValue():
C:\cortex\gateway\stlibrary\src/stm32f10x_wwdg.c:105

  /* Check the parameters */
  assert_param(IS_WWDG_WINDOW_VALUE(WindowValue));

  /* Clear W[6:0] bits */
  tmpreg = WWDG->CFR & CFR_W_Mask;
   0:	4b04      	ldr	r3, [pc, #16]	; (14 <WWDG_SetWindowValue+0x14>)
C:\cortex\gateway\stlibrary\src/stm32f10x_wwdg.c:108

  /* Set W[6:0] bits according to WindowValue value */
  tmpreg |= WindowValue & BIT_Mask;
   2:	f000 007f 	and.w	r0, r0, #127	; 0x7f
C:\cortex\gateway\stlibrary\src/stm32f10x_wwdg.c:105

  /* Check the parameters */
  assert_param(IS_WWDG_WINDOW_VALUE(WindowValue));

  /* Clear W[6:0] bits */
  tmpreg = WWDG->CFR & CFR_W_Mask;
   6:	685a      	ldr	r2, [r3, #4]
   8:	f022 027f 	bic.w	r2, r2, #127	; 0x7f
C:\cortex\gateway\stlibrary\src/stm32f10x_wwdg.c:108

  /* Set W[6:0] bits according to WindowValue value */
  tmpreg |= WindowValue & BIT_Mask;
   c:	ea40 0202 	orr.w	r2, r0, r2
C:\cortex\gateway\stlibrary\src/stm32f10x_wwdg.c:111

  /* Store the new value */
  WWDG->CFR = tmpreg;
  10:	605a      	str	r2, [r3, #4]
C:\cortex\gateway\stlibrary\src/stm32f10x_wwdg.c:112
}
  12:	4770      	bx	lr
  14:	40002c00 	.word	0x40002c00

Disassembly of section .text.WWDG_EnableIT:

00000000 <WWDG_EnableIT>:
WWDG_EnableIT():
C:\cortex\gateway\stlibrary\src/stm32f10x_wwdg.c:123
* Output         : None
* Return         : None
*******************************************************************************/
void WWDG_EnableIT(void)
{
  *(vu32 *) CFR_EWI_BB = (u32)ENABLE;
   0:	22014b01 	.word	0x22014b01
   4:	601a      	str	r2, [r3, #0]
C:\cortex\gateway\stlibrary\src/stm32f10x_wwdg.c:124
}
   6:	4770      	bx	lr
   8:	420580a4 	.word	0x420580a4

Disassembly of section .text.WWDG_SetCounter:

00000000 <WWDG_SetCounter>:
WWDG_SetCounter():
C:\cortex\gateway\stlibrary\src/stm32f10x_wwdg.c:141
  /* Check the parameters */
  assert_param(IS_WWDG_COUNTER(Counter));

  /* Write to T[6:0] bits to configure the counter value, no need to do
     a read-modify-write; writing a 0 to WDGA bit does nothing */
  WWDG->CR = Counter & BIT_Mask;
   0:	4b02      	ldr	r3, [pc, #8]	; (c <WWDG_SetCounter+0xc>)
   2:	f000 007f 	and.w	r0, r0, #127	; 0x7f
   6:	6018      	str	r0, [r3, #0]
C:\cortex\gateway\stlibrary\src/stm32f10x_wwdg.c:142
}
   8:	4770      	bx	lr
   a:	bf00      	nop
   c:	40002c00 	.word	0x40002c00

Disassembly of section .text.WWDG_Enable:

00000000 <WWDG_Enable>:
WWDG_Enable():
C:\cortex\gateway\stlibrary\src/stm32f10x_wwdg.c:158
void WWDG_Enable(u8 Counter)
{
  /* Check the parameters */
  assert_param(IS_WWDG_COUNTER(Counter));

  WWDG->CR = CR_WDGA_Set | Counter;
   0:	4b02      	ldr	r3, [pc, #8]	; (c <WWDG_Enable+0xc>)
   2:	f040 0080 	orr.w	r0, r0, #128	; 0x80
   6:	6018      	str	r0, [r3, #0]
C:\cortex\gateway\stlibrary\src/stm32f10x_wwdg.c:159
}
   8:	4770      	bx	lr
   a:	bf00      	nop
   c:	40002c00 	.word	0x40002c00

Disassembly of section .text.WWDG_GetFlagStatus:

00000000 <WWDG_GetFlagStatus>:
WWDG_GetFlagStatus():
C:\cortex\gateway\stlibrary\src/stm32f10x_wwdg.c:170
* Output         : None
* Return         : The new state of the Early Wakeup interrupt flag (SET or RESET)
*******************************************************************************/
FlagStatus WWDG_GetFlagStatus(void)
{
  return (FlagStatus)(WWDG->SR);
   0:	68984b01 	.word	0x68984b01
C:\cortex\gateway\stlibrary\src/stm32f10x_wwdg.c:171
}
   4:	b2c0      	uxtb	r0, r0
   6:	4770      	bx	lr
   8:	40002c00 	.word	0x40002c00

Disassembly of section .text.WWDG_ClearFlag:

00000000 <WWDG_ClearFlag>:
WWDG_ClearFlag():
C:\cortex\gateway\stlibrary\src/stm32f10x_wwdg.c:182
* Output         : None
* Return         : None
*******************************************************************************/
void WWDG_ClearFlag(void)
{
  WWDG->SR = (u32)RESET;
   0:	4b01      	ldr	r3, [pc, #4]	; (8 <WWDG_ClearFlag+0x8>)
   2:	2200      	movs	r2, #0
   4:	609a      	str	r2, [r3, #8]
C:\cortex\gateway\stlibrary\src/stm32f10x_wwdg.c:183
}
   6:	4770      	bx	lr
   8:	40002c00 	.word	0x40002c00
