
C:\cortex\gateway\out\stm32f10x_systick.o:     file format elf32-littlearm
C:\cortex\gateway\out\stm32f10x_systick.o


Disassembly of section .text.SysTick_CLKSourceConfig:

00000000 <SysTick_CLKSourceConfig>:
SysTick_CLKSourceConfig():
C:\cortex\gateway\stlibrary\src/stm32f10x_systick.c:44
*                         SysTick clock source.
* Output         : None
* Return         : None
*******************************************************************************/
void SysTick_CLKSourceConfig(u32 SysTick_CLKSource)
{
   0:	4b04      	ldr	r3, [pc, #16]	; (14 <SysTick_CLKSourceConfig+0x14>)
C:\cortex\gateway\stlibrary\src/stm32f10x_systick.c:48
  /* Check the parameters */
  assert_param(IS_SYSTICK_CLK_SOURCE(SysTick_CLKSource));

  if (SysTick_CLKSource == SysTick_CLKSource_HCLK)
   2:	2804      	cmp	r0, #4
C:\cortex\gateway\stlibrary\src/stm32f10x_systick.c:50
  {
    SysTick->CTRL |= SysTick_CLKSource_HCLK;
   4:	681a      	ldr	r2, [r3, #0]
   6:	bf0c      	ite	eq
   8:	f042 0204 	orreq.w	r2, r2, #4
C:\cortex\gateway\stlibrary\src/stm32f10x_systick.c:54
  }
  else
  {
    SysTick->CTRL &= SysTick_CLKSource_HCLK_Div8;
   c:	f022 0204 	bicne.w	r2, r2, #4
  10:	601a      	str	r2, [r3, #0]
  12:	4770      	bx	lr
  14:	e000e010 	.word	0xe000e010

Disassembly of section .text.SysTick_SetReload:

00000000 <SysTick_SetReload>:
SysTick_SetReload():
C:\cortex\gateway\stlibrary\src/stm32f10x_systick.c:71
void SysTick_SetReload(u32 Reload)
{
  /* Check the parameters */
  assert_param(IS_SYSTICK_RELOAD(Reload));

  SysTick->LOAD = Reload;
   0:	60584b01 	.word	0x60584b01
C:\cortex\gateway\stlibrary\src/stm32f10x_systick.c:72
}
   4:	4770      	bx	lr
   6:	bf00      	nop
   8:	e000e010 	.word	0xe000e010

Disassembly of section .text.SysTick_CounterCmd:

00000000 <SysTick_CounterCmd>:
SysTick_CounterCmd():
C:\cortex\gateway\stlibrary\src/stm32f10x_systick.c:90
void SysTick_CounterCmd(u32 SysTick_Counter)
{
  /* Check the parameters */
  assert_param(IS_SYSTICK_COUNTER(SysTick_Counter));

  if (SysTick_Counter == SysTick_Counter_Enable)
   0:	2801      	cmp	r0, #1
   2:	4b08      	ldr	r3, [pc, #32]	; (24 <SysTick_CounterCmd+0x24>)
   4:	d103      	bne.n	e <SysTick_CounterCmd+0xe>
C:\cortex\gateway\stlibrary\src/stm32f10x_systick.c:92
  {
    SysTick->CTRL |= SysTick_Counter_Enable;
   6:	681a      	ldr	r2, [r3, #0]
   8:	f042 0201 	orr.w	r2, r2, #1
   c:	e005      	b.n	1a <SysTick_CounterCmd+0x1a>
C:\cortex\gateway\stlibrary\src/stm32f10x_systick.c:94
  }
  else if (SysTick_Counter == SysTick_Counter_Disable) 
   e:	f110 0f02 	cmn.w	r0, #2
  12:	d104      	bne.n	1e <SysTick_CounterCmd+0x1e>
C:\cortex\gateway\stlibrary\src/stm32f10x_systick.c:96
  {
    SysTick->CTRL &= SysTick_Counter_Disable;
  14:	681a      	ldr	r2, [r3, #0]
  16:	f022 0201 	bic.w	r2, r2, #1
  1a:	601a      	str	r2, [r3, #0]
  1c:	4770      	bx	lr
C:\cortex\gateway\stlibrary\src/stm32f10x_systick.c:100
  }
  else /* SysTick_Counter == SysTick_Counter_Clear */
  {
    SysTick->VAL = SysTick_Counter_Clear;
  1e:	2200      	movs	r2, #0
  20:	609a      	str	r2, [r3, #8]
  22:	4770      	bx	lr
  24:	e000e010 	.word	0xe000e010

Disassembly of section .text.SysTick_ITConfig:

00000000 <SysTick_ITConfig>:
SysTick_ITConfig():
C:\cortex\gateway\stlibrary\src/stm32f10x_systick.c:113
*                    This parameter can be: ENABLE or DISABLE.
* Output         : None
* Return         : None
*******************************************************************************/
void SysTick_ITConfig(FunctionalState NewState)
{
   0:	b1184b05 	.word	0xb1184b05
C:\cortex\gateway\stlibrary\src/stm32f10x_systick.c:119
  /* Check the parameters */
  assert_param(IS_FUNCTIONAL_STATE(NewState));

  if (NewState != DISABLE)
  {
    SysTick->CTRL |= CTRL_TICKINT_Set;
   4:	681a      	ldr	r2, [r3, #0]
   6:	f042 0202 	orr.w	r2, r2, #2
   a:	e002      	b.n	12 <SysTick_ITConfig+0x12>
C:\cortex\gateway\stlibrary\src/stm32f10x_systick.c:123
  }
  else
  {
    SysTick->CTRL &= CTRL_TICKINT_Reset;
   c:	681a      	ldr	r2, [r3, #0]
   e:	f022 0202 	bic.w	r2, r2, #2
  12:	601a      	str	r2, [r3, #0]
  14:	4770      	bx	lr
  16:	bf00      	nop
  18:	e000e010 	.word	0xe000e010

Disassembly of section .text.SysTick_GetCounter:

00000000 <SysTick_GetCounter>:
SysTick_GetCounter():
C:\cortex\gateway\stlibrary\src/stm32f10x_systick.c:136
* Output         : None
* Return         : SysTick current value
*******************************************************************************/
u32 SysTick_GetCounter(void)
{
  return(SysTick->VAL);
   0:	68984b01 	.word	0x68984b01
C:\cortex\gateway\stlibrary\src/stm32f10x_systick.c:137
}
   4:	4770      	bx	lr
   6:	bf00      	nop
   8:	e000e010 	.word	0xe000e010

Disassembly of section .text.SysTick_GetFlagStatus:

00000000 <SysTick_GetFlagStatus>:
SysTick_GetFlagStatus():
C:\cortex\gateway\stlibrary\src/stm32f10x_systick.c:161
  assert_param(IS_SYSTICK_FLAG(SysTick_FLAG));

  /* Get the SysTick register index */
  tmp = SysTick_FLAG >> 3;

  if (tmp == 2) /* The flag to check is in CTRL register */
   0:	08c3      	lsrs	r3, r0, #3
   2:	2b02      	cmp	r3, #2
   4:	4b04      	ldr	r3, [pc, #16]	; (18 <SysTick_GetFlagStatus+0x18>)
C:\cortex\gateway\stlibrary\src/stm32f10x_systick.c:163
  {
    statusreg = SysTick->CTRL;
   6:	bf0c      	ite	eq
   8:	681b      	ldreq	r3, [r3, #0]
C:\cortex\gateway\stlibrary\src/stm32f10x_systick.c:167
  }
  else          /* The flag to check is in CALIB register */
  {
    statusreg = SysTick->CALIB;
   a:	68db      	ldrne	r3, [r3, #12]
C:\cortex\gateway\stlibrary\src/stm32f10x_systick.c:170
  }

  if ((statusreg & ((u32)1 << SysTick_FLAG)) != (u32)RESET)
   c:	fa33 f000 	lsrs.w	r0, r3, r0
C:\cortex\gateway\stlibrary\src/stm32f10x_systick.c:179
  else
  {
    bitstatus = RESET;
  }
  return bitstatus;
}
  10:	f000 0001 	and.w	r0, r0, #1
  14:	4770      	bx	lr
  16:	bf00      	nop
  18:	e000e010 	.word	0xe000e010
