
C:\cortex\dimmers\hex\dimmers_exti.o:     file format elf32-littlearm
C:\cortex\dimmers\hex\dimmers_exti.o


Disassembly of section .text.ExtiDisable:

00000000 <ExtiDisable>:
ExtiDisable():
C:\cortex\dimmers\src/dimmers_exti.c:48
* Description    : Enable & bind the gpio to exti
* Input          : None
* Output         : None
* Return         : None
*******************************************************************************/
void ExtiDisable (void){
   0:	b537      	push	{r0, r1, r2, r4, r5, lr}
   2:	4c0e      	ldr	r4, [pc, #56]	; (3c <ExtiDisable+0x3c>)
   4:	f104 0548 	add.w	r5, r4, #72	; 0x48
C:\cortex\dimmers\src/dimmers_exti.c:54

    EXTI_InitTypeDef	x_EXTI_InitStructure;
    u8				u8_exti;
 
    for ( u8_exti=0 ; u8_exti < (sizeof (gx_extis_disable)/sizeof(TExti)) ; u8_exti++ ){
        GPIO_EXTILineConfig(gx_extis_disable[u8_exti].extigpiox , gx_extis_disable[u8_exti].extipinx );
   8:	7820      	ldrb	r0, [r4, #0]
   a:	7861      	ldrb	r1, [r4, #1]
   c:	f7ff fffe 	bl	0 <GPIO_EXTILineConfig>
C:\cortex\dimmers\src/dimmers_exti.c:55
        x_EXTI_InitStructure.EXTI_Line		= gx_extis_disable[u8_exti].extidef.EXTI_Line;
  10:	f854 3c08 	ldr.w	r3, [r4, #-8]
C:\cortex\dimmers\src/dimmers_exti.c:59
        x_EXTI_InitStructure.EXTI_Mode		= gx_extis_disable[u8_exti].extidef.EXTI_Mode;
        x_EXTI_InitStructure.EXTI_Trigger	= gx_extis_disable[u8_exti].extidef.EXTI_Trigger;
        x_EXTI_InitStructure.EXTI_LineCmd	= gx_extis_disable[u8_exti].extidef.EXTI_LineCmd;
        EXTI_Init(&x_EXTI_InitStructure);
  14:	4668      	mov	r0, sp
C:\cortex\dimmers\src/dimmers_exti.c:55
    EXTI_InitTypeDef	x_EXTI_InitStructure;
    u8				u8_exti;
 
    for ( u8_exti=0 ; u8_exti < (sizeof (gx_extis_disable)/sizeof(TExti)) ; u8_exti++ ){
        GPIO_EXTILineConfig(gx_extis_disable[u8_exti].extigpiox , gx_extis_disable[u8_exti].extipinx );
        x_EXTI_InitStructure.EXTI_Line		= gx_extis_disable[u8_exti].extidef.EXTI_Line;
  16:	9300      	str	r3, [sp, #0]
C:\cortex\dimmers\src/dimmers_exti.c:56
        x_EXTI_InitStructure.EXTI_Mode		= gx_extis_disable[u8_exti].extidef.EXTI_Mode;
  18:	f814 3c04 	ldrb.w	r3, [r4, #-4]
  1c:	f88d 3004 	strb.w	r3, [sp, #4]
C:\cortex\dimmers\src/dimmers_exti.c:57
        x_EXTI_InitStructure.EXTI_Trigger	= gx_extis_disable[u8_exti].extidef.EXTI_Trigger;
  20:	f814 3c03 	ldrb.w	r3, [r4, #-3]
  24:	f88d 3005 	strb.w	r3, [sp, #5]
C:\cortex\dimmers\src/dimmers_exti.c:58
        x_EXTI_InitStructure.EXTI_LineCmd	= gx_extis_disable[u8_exti].extidef.EXTI_LineCmd;
  28:	f814 3c02 	ldrb.w	r3, [r4, #-2]
C:\cortex\dimmers\src/dimmers_exti.c:59
        EXTI_Init(&x_EXTI_InitStructure);
  2c:	340c      	adds	r4, #12
C:\cortex\dimmers\src/dimmers_exti.c:58
    for ( u8_exti=0 ; u8_exti < (sizeof (gx_extis_disable)/sizeof(TExti)) ; u8_exti++ ){
        GPIO_EXTILineConfig(gx_extis_disable[u8_exti].extigpiox , gx_extis_disable[u8_exti].extipinx );
        x_EXTI_InitStructure.EXTI_Line		= gx_extis_disable[u8_exti].extidef.EXTI_Line;
        x_EXTI_InitStructure.EXTI_Mode		= gx_extis_disable[u8_exti].extidef.EXTI_Mode;
        x_EXTI_InitStructure.EXTI_Trigger	= gx_extis_disable[u8_exti].extidef.EXTI_Trigger;
        x_EXTI_InitStructure.EXTI_LineCmd	= gx_extis_disable[u8_exti].extidef.EXTI_LineCmd;
  2e:	f88d 3006 	strb.w	r3, [sp, #6]
C:\cortex\dimmers\src/dimmers_exti.c:59
        EXTI_Init(&x_EXTI_InitStructure);
  32:	f7ff fffe 	bl	0 <EXTI_Init>
C:\cortex\dimmers\src/dimmers_exti.c:53
void ExtiDisable (void){

    EXTI_InitTypeDef	x_EXTI_InitStructure;
    u8				u8_exti;
 
    for ( u8_exti=0 ; u8_exti < (sizeof (gx_extis_disable)/sizeof(TExti)) ; u8_exti++ ){
  36:	42ac      	cmp	r4, r5
  38:	d1e6      	bne.n	8 <ExtiDisable+0x8>
C:\cortex\dimmers\src/dimmers_exti.c:62
        x_EXTI_InitStructure.EXTI_Trigger	= gx_extis_disable[u8_exti].extidef.EXTI_Trigger;
        x_EXTI_InitStructure.EXTI_LineCmd	= gx_extis_disable[u8_exti].extidef.EXTI_LineCmd;
        EXTI_Init(&x_EXTI_InitStructure);
    }

 }
  3a:	bd3e      	pop	{r1, r2, r3, r4, r5, pc}
  3c:	00000008 	.word	0x00000008

Disassembly of section .text.ExtiInit:

00000000 <ExtiInit>:
ExtiInit():
C:\cortex\dimmers\src/dimmers_exti.c:63
void ExtiInit (void){
   0:	b537      	push	{r0, r1, r2, r4, r5, lr}
   2:	4c16      	ldr	r4, [pc, #88]	; (5c <ExtiInit+0x5c>)
   4:	f104 0548 	add.w	r5, r4, #72	; 0x48
C:\cortex\dimmers\src/dimmers_exti.c:69

  EXTI_InitTypeDef	x_EXTI_InitStructure;
  u8				u8_exti;
 
  for ( u8_exti=0 ; u8_exti < (sizeof (gx_extis)/sizeof(TExti)) ; u8_exti++ ){
	GPIO_EXTILineConfig(gx_extis[u8_exti].extigpiox , gx_extis[u8_exti].extipinx );
   8:	7820      	ldrb	r0, [r4, #0]
   a:	7861      	ldrb	r1, [r4, #1]
   c:	f7ff fffe 	bl	0 <GPIO_EXTILineConfig>
C:\cortex\dimmers\src/dimmers_exti.c:70
	x_EXTI_InitStructure.EXTI_Line		= gx_extis[u8_exti].extidef.EXTI_Line;
  10:	f854 3c08 	ldr.w	r3, [r4, #-8]
C:\cortex\dimmers\src/dimmers_exti.c:74
	x_EXTI_InitStructure.EXTI_Mode		= gx_extis[u8_exti].extidef.EXTI_Mode;
	x_EXTI_InitStructure.EXTI_Trigger	= gx_extis[u8_exti].extidef.EXTI_Trigger;
	x_EXTI_InitStructure.EXTI_LineCmd	= gx_extis[u8_exti].extidef.EXTI_LineCmd;
	EXTI_Init(&x_EXTI_InitStructure);
  14:	4668      	mov	r0, sp
C:\cortex\dimmers\src/dimmers_exti.c:70
  EXTI_InitTypeDef	x_EXTI_InitStructure;
  u8				u8_exti;
 
  for ( u8_exti=0 ; u8_exti < (sizeof (gx_extis)/sizeof(TExti)) ; u8_exti++ ){
	GPIO_EXTILineConfig(gx_extis[u8_exti].extigpiox , gx_extis[u8_exti].extipinx );
	x_EXTI_InitStructure.EXTI_Line		= gx_extis[u8_exti].extidef.EXTI_Line;
  16:	9300      	str	r3, [sp, #0]
C:\cortex\dimmers\src/dimmers_exti.c:71
	x_EXTI_InitStructure.EXTI_Mode		= gx_extis[u8_exti].extidef.EXTI_Mode;
  18:	f814 3c04 	ldrb.w	r3, [r4, #-4]
  1c:	f88d 3004 	strb.w	r3, [sp, #4]
C:\cortex\dimmers\src/dimmers_exti.c:72
	x_EXTI_InitStructure.EXTI_Trigger	= gx_extis[u8_exti].extidef.EXTI_Trigger;
  20:	f814 3c03 	ldrb.w	r3, [r4, #-3]
  24:	f88d 3005 	strb.w	r3, [sp, #5]
C:\cortex\dimmers\src/dimmers_exti.c:73
	x_EXTI_InitStructure.EXTI_LineCmd	= gx_extis[u8_exti].extidef.EXTI_LineCmd;
  28:	f814 3c02 	ldrb.w	r3, [r4, #-2]
C:\cortex\dimmers\src/dimmers_exti.c:74
	EXTI_Init(&x_EXTI_InitStructure);
  2c:	340c      	adds	r4, #12
C:\cortex\dimmers\src/dimmers_exti.c:73
  for ( u8_exti=0 ; u8_exti < (sizeof (gx_extis)/sizeof(TExti)) ; u8_exti++ ){
	GPIO_EXTILineConfig(gx_extis[u8_exti].extigpiox , gx_extis[u8_exti].extipinx );
	x_EXTI_InitStructure.EXTI_Line		= gx_extis[u8_exti].extidef.EXTI_Line;
	x_EXTI_InitStructure.EXTI_Mode		= gx_extis[u8_exti].extidef.EXTI_Mode;
	x_EXTI_InitStructure.EXTI_Trigger	= gx_extis[u8_exti].extidef.EXTI_Trigger;
	x_EXTI_InitStructure.EXTI_LineCmd	= gx_extis[u8_exti].extidef.EXTI_LineCmd;
  2e:	f88d 3006 	strb.w	r3, [sp, #6]
C:\cortex\dimmers\src/dimmers_exti.c:74
	EXTI_Init(&x_EXTI_InitStructure);
  32:	f7ff fffe 	bl	0 <EXTI_Init>
C:\cortex\dimmers\src/dimmers_exti.c:68
void ExtiInit (void){

  EXTI_InitTypeDef	x_EXTI_InitStructure;
  u8				u8_exti;
 
  for ( u8_exti=0 ; u8_exti < (sizeof (gx_extis)/sizeof(TExti)) ; u8_exti++ ){
  36:	42ac      	cmp	r4, r5
  38:	d1e6      	bne.n	8 <ExtiInit+0x8>
C:\cortex\dimmers\src/dimmers_exti.c:77
	x_EXTI_InitStructure.EXTI_Trigger	= gx_extis[u8_exti].extidef.EXTI_Trigger;
	x_EXTI_InitStructure.EXTI_LineCmd	= gx_extis[u8_exti].extidef.EXTI_LineCmd;
	EXTI_Init(&x_EXTI_InitStructure);
  }
    // PVD without pinsource
    x_EXTI_InitStructure.EXTI_Line = EXTI_Line16;
  3a:	f44f 3380 	mov.w	r3, #65536	; 0x10000
  3e:	9300      	str	r3, [sp, #0]
C:\cortex\dimmers\src/dimmers_exti.c:78
    x_EXTI_InitStructure.EXTI_Mode = EXTI_Mode_Interrupt;
  40:	2300      	movs	r3, #0
  42:	f88d 3004 	strb.w	r3, [sp, #4]
C:\cortex\dimmers\src/dimmers_exti.c:79
    x_EXTI_InitStructure.EXTI_Trigger = EXTI_Trigger_Falling;
  46:	330c      	adds	r3, #12
  48:	f88d 3005 	strb.w	r3, [sp, #5]
C:\cortex\dimmers\src/dimmers_exti.c:81
    x_EXTI_InitStructure.EXTI_LineCmd = ENABLE;
    EXTI_Init(&x_EXTI_InitStructure);
  4c:	4668      	mov	r0, sp
C:\cortex\dimmers\src/dimmers_exti.c:80
  }
    // PVD without pinsource
    x_EXTI_InitStructure.EXTI_Line = EXTI_Line16;
    x_EXTI_InitStructure.EXTI_Mode = EXTI_Mode_Interrupt;
    x_EXTI_InitStructure.EXTI_Trigger = EXTI_Trigger_Falling;
    x_EXTI_InitStructure.EXTI_LineCmd = ENABLE;
  4e:	3b0b      	subs	r3, #11
  50:	f88d 3006 	strb.w	r3, [sp, #6]
C:\cortex\dimmers\src/dimmers_exti.c:81
    EXTI_Init(&x_EXTI_InitStructure);
  54:	f7ff fffe 	bl	0 <EXTI_Init>
C:\cortex\dimmers\src/dimmers_exti.c:82
 }
  58:	bd3e      	pop	{r1, r2, r3, r4, r5, pc}
  5a:	bf00      	nop
  5c:	00000050 	.word	0x00000050
