
C:\cortex\dimmers\hex\dimmers_adc.o:     file format elf32-littlearm
C:\cortex\dimmers\hex\dimmers_adc.o


Disassembly of section .text.AdcDmaInit:

00000000 <AdcDmaInit>:
AdcDmaInit():
C:\cortex\dimmers\src/dimmers_adc.c:25
* Description    : Bind DMA channel 1 on ADC1
* Input          : the buffer to link with DMA / buffersize
* Output         : None
* Return         : None
*******************************************************************************/
void AdcDmaInit (u16 * temp , u16 * zerocross ){
   0:	e92d 43f0 	stmdb	sp!, {r4, r5, r6, r7, r8, r9, lr}
   4:	4604      	mov	r4, r0
   6:	b08d      	sub	sp, #52	; 0x34
   8:	4689      	mov	r9, r1
C:\cortex\dimmers\src/dimmers_adc.c:29

  DMA_InitTypeDef x_DMA_InitStructure;

  RCC_AHBPeriphClockCmd(RCC_AHBPeriph_DMA1 | RCC_AHBPeriph_DMA2, ENABLE);
   a:	2003      	movs	r0, #3
   c:	2101      	movs	r1, #1
   e:	f7ff fffe 	bl	0 <RCC_AHBPeriphClockCmd>
C:\cortex\dimmers\src/dimmers_adc.c:31

  DMA_DeInit(DMA1_Channel1);
  12:	4822      	ldr	r0, [pc, #136]	; (8c <DMA_DeInit+0x8c>)
  14:	f7ff fffe 	bl	0 <DMA_DeInit>
C:\cortex\dimmers\src/dimmers_adc.c:32
  x_DMA_InitStructure.DMA_PeripheralBaseAddr  = ADC1_DR_Address;
  18:	4b21      	ldr	r3, [pc, #132]	; (a0 <AdcDmaInit+0xa0>)
C:\cortex\dimmers\src/dimmers_adc.c:35
  x_DMA_InitStructure.DMA_MemoryBaseAddr      = (u32)temp;
  x_DMA_InitStructure.DMA_DIR					        = DMA_DIR_PeripheralSRC;
  x_DMA_InitStructure.DMA_BufferSize			    = 1;
  1a:	2501      	movs	r5, #1
C:\cortex\dimmers\src/dimmers_adc.c:33

  RCC_AHBPeriphClockCmd(RCC_AHBPeriph_DMA1 | RCC_AHBPeriph_DMA2, ENABLE);

  DMA_DeInit(DMA1_Channel1);
  x_DMA_InitStructure.DMA_PeripheralBaseAddr  = ADC1_DR_Address;
  x_DMA_InitStructure.DMA_MemoryBaseAddr      = (u32)temp;
  1c:	9402      	str	r4, [sp, #8]
C:\cortex\dimmers\src/dimmers_adc.c:38
  x_DMA_InitStructure.DMA_DIR					        = DMA_DIR_PeripheralSRC;
  x_DMA_InitStructure.DMA_BufferSize			    = 1;
  x_DMA_InitStructure.DMA_PeripheralInc			  = DMA_PeripheralInc_Disable;
  x_DMA_InitStructure.DMA_MemoryInc				    = DMA_MemoryInc_Disable;
  x_DMA_InitStructure.DMA_PeripheralDataSize	= DMA_PeripheralDataSize_HalfWord;
  1e:	f44f 7880 	mov.w	r8, #256	; 0x100
C:\cortex\dimmers\src/dimmers_adc.c:34
  RCC_AHBPeriphClockCmd(RCC_AHBPeriph_DMA1 | RCC_AHBPeriph_DMA2, ENABLE);

  DMA_DeInit(DMA1_Channel1);
  x_DMA_InitStructure.DMA_PeripheralBaseAddr  = ADC1_DR_Address;
  x_DMA_InitStructure.DMA_MemoryBaseAddr      = (u32)temp;
  x_DMA_InitStructure.DMA_DIR					        = DMA_DIR_PeripheralSRC;
  22:	2400      	movs	r4, #0
C:\cortex\dimmers\src/dimmers_adc.c:39
  x_DMA_InitStructure.DMA_BufferSize			    = 1;
  x_DMA_InitStructure.DMA_PeripheralInc			  = DMA_PeripheralInc_Disable;
  x_DMA_InitStructure.DMA_MemoryInc				    = DMA_MemoryInc_Disable;
  x_DMA_InitStructure.DMA_PeripheralDataSize	= DMA_PeripheralDataSize_HalfWord;
  x_DMA_InitStructure.DMA_MemoryDataSize		  = DMA_MemoryDataSize_HalfWord;
  24:	f44f 6780 	mov.w	r7, #1024	; 0x400
C:\cortex\dimmers\src/dimmers_adc.c:40
  x_DMA_InitStructure.DMA_Mode					      = DMA_Mode_Circular;
  28:	2620      	movs	r6, #32
C:\cortex\dimmers\src/dimmers_adc.c:44
  x_DMA_InitStructure.DMA_Priority				    = DMA_Priority_Low;
  x_DMA_InitStructure.DMA_M2M					        = DMA_M2M_Disable;

  DMA_Init	(DMA1_Channel1, &x_DMA_InitStructure);
  2a:	a901      	add	r1, sp, #4
  2c:	481b      	ldr	r0, [pc, #108]	; (9c <AdcDmaInit+0x9c>)
C:\cortex\dimmers\src/dimmers_adc.c:32
  DMA_InitTypeDef x_DMA_InitStructure;

  RCC_AHBPeriphClockCmd(RCC_AHBPeriph_DMA1 | RCC_AHBPeriph_DMA2, ENABLE);

  DMA_DeInit(DMA1_Channel1);
  x_DMA_InitStructure.DMA_PeripheralBaseAddr  = ADC1_DR_Address;
  2e:	9301      	str	r3, [sp, #4]
C:\cortex\dimmers\src/dimmers_adc.c:34
  x_DMA_InitStructure.DMA_MemoryBaseAddr      = (u32)temp;
  x_DMA_InitStructure.DMA_DIR					        = DMA_DIR_PeripheralSRC;
  30:	9403      	str	r4, [sp, #12]
C:\cortex\dimmers\src/dimmers_adc.c:35
  x_DMA_InitStructure.DMA_BufferSize			    = 1;
  32:	9504      	str	r5, [sp, #16]
C:\cortex\dimmers\src/dimmers_adc.c:36
  x_DMA_InitStructure.DMA_PeripheralInc			  = DMA_PeripheralInc_Disable;
  34:	9405      	str	r4, [sp, #20]
C:\cortex\dimmers\src/dimmers_adc.c:37
  x_DMA_InitStructure.DMA_MemoryInc				    = DMA_MemoryInc_Disable;
  36:	9406      	str	r4, [sp, #24]
C:\cortex\dimmers\src/dimmers_adc.c:38
  x_DMA_InitStructure.DMA_PeripheralDataSize	= DMA_PeripheralDataSize_HalfWord;
  38:	f8cd 801c 	str.w	r8, [sp, #28]
C:\cortex\dimmers\src/dimmers_adc.c:39
  x_DMA_InitStructure.DMA_MemoryDataSize		  = DMA_MemoryDataSize_HalfWord;
  3c:	9708      	str	r7, [sp, #32]
C:\cortex\dimmers\src/dimmers_adc.c:40
  x_DMA_InitStructure.DMA_Mode					      = DMA_Mode_Circular;
  3e:	9609      	str	r6, [sp, #36]	; 0x24
C:\cortex\dimmers\src/dimmers_adc.c:41
  x_DMA_InitStructure.DMA_Priority				    = DMA_Priority_Low;
  40:	940a      	str	r4, [sp, #40]	; 0x28
C:\cortex\dimmers\src/dimmers_adc.c:42
  x_DMA_InitStructure.DMA_M2M					        = DMA_M2M_Disable;
  42:	940b      	str	r4, [sp, #44]	; 0x2c
C:\cortex\dimmers\src/dimmers_adc.c:44

  DMA_Init	(DMA1_Channel1, &x_DMA_InitStructure);
  44:	f7ff fffe 	bl	0 <DMA_Init>
C:\cortex\dimmers\src/dimmers_adc.c:45
  DMA_Cmd	(DMA1_Channel1, ENABLE);
  48:	4629      	mov	r1, r5
  4a:	4814      	ldr	r0, [pc, #80]	; (9c <AdcDmaInit+0x9c>)
  4c:	f7ff fffe 	bl	0 <DMA_Cmd>
C:\cortex\dimmers\src/dimmers_adc.c:47
  
  ADC_DMACmd(ADC1, ENABLE);
  50:	4629      	mov	r1, r5
  52:	4814      	ldr	r0, [pc, #80]	; (a4 <AdcDmaInit+0xa4>)
  54:	f7ff fffe 	bl	0 <ADC_DMACmd>
C:\cortex\dimmers\src/dimmers_adc.c:49
  
  DMA_DeInit(DMA2_Channel5);
  58:	4813      	ldr	r0, [pc, #76]	; (50 <DMA_DeInit+0x50>)
  5a:	f7ff fffe 	bl	0 <DMA_DeInit>
C:\cortex\dimmers\src/dimmers_adc.c:50
  x_DMA_InitStructure.DMA_PeripheralBaseAddr	= ADC3_DR_Address;
  5e:	4b13      	ldr	r3, [pc, #76]	; (ac <AdcDmaInit+0xac>)
C:\cortex\dimmers\src/dimmers_adc.c:62
  x_DMA_InitStructure.DMA_MemoryDataSize		  = DMA_MemoryDataSize_HalfWord;
  x_DMA_InitStructure.DMA_Mode					      = DMA_Mode_Circular;
  x_DMA_InitStructure.DMA_Priority				    = DMA_Priority_High;
  x_DMA_InitStructure.DMA_M2M					        = DMA_M2M_Disable;

  DMA_Init	(DMA2_Channel5, &x_DMA_InitStructure);
  60:	a901      	add	r1, sp, #4
C:\cortex\dimmers\src/dimmers_adc.c:50
  DMA_Cmd	(DMA1_Channel1, ENABLE);
  
  ADC_DMACmd(ADC1, ENABLE);
  
  DMA_DeInit(DMA2_Channel5);
  x_DMA_InitStructure.DMA_PeripheralBaseAddr	= ADC3_DR_Address;
  62:	9301      	str	r3, [sp, #4]
C:\cortex\dimmers\src/dimmers_adc.c:62
  x_DMA_InitStructure.DMA_MemoryDataSize		  = DMA_MemoryDataSize_HalfWord;
  x_DMA_InitStructure.DMA_Mode					      = DMA_Mode_Circular;
  x_DMA_InitStructure.DMA_Priority				    = DMA_Priority_High;
  x_DMA_InitStructure.DMA_M2M					        = DMA_M2M_Disable;

  DMA_Init	(DMA2_Channel5, &x_DMA_InitStructure);
  64:	4810      	ldr	r0, [pc, #64]	; (a8 <AdcDmaInit+0xa8>)
C:\cortex\dimmers\src/dimmers_adc.c:59
  x_DMA_InitStructure.DMA_PeripheralInc			  = DMA_PeripheralInc_Disable;
  x_DMA_InitStructure.DMA_MemoryInc				    = DMA_MemoryInc_Disable;
  x_DMA_InitStructure.DMA_PeripheralDataSize	= DMA_PeripheralDataSize_HalfWord;
  x_DMA_InitStructure.DMA_MemoryDataSize		  = DMA_MemoryDataSize_HalfWord;
  x_DMA_InitStructure.DMA_Mode					      = DMA_Mode_Circular;
  x_DMA_InitStructure.DMA_Priority				    = DMA_Priority_High;
  66:	f44f 5300 	mov.w	r3, #8192	; 0x2000
  6a:	930a      	str	r3, [sp, #40]	; 0x28
C:\cortex\dimmers\src/dimmers_adc.c:51
  
  ADC_DMACmd(ADC1, ENABLE);
  
  DMA_DeInit(DMA2_Channel5);
  x_DMA_InitStructure.DMA_PeripheralBaseAddr	= ADC3_DR_Address;
  x_DMA_InitStructure.DMA_MemoryBaseAddr 		  = (u32)zerocross;
  6c:	f8cd 9008 	str.w	r9, [sp, #8]
C:\cortex\dimmers\src/dimmers_adc.c:52
  x_DMA_InitStructure.DMA_DIR					        = DMA_DIR_PeripheralSRC;
  70:	9403      	str	r4, [sp, #12]
C:\cortex\dimmers\src/dimmers_adc.c:53
  x_DMA_InitStructure.DMA_BufferSize			    = 1;
  72:	9504      	str	r5, [sp, #16]
C:\cortex\dimmers\src/dimmers_adc.c:54
  x_DMA_InitStructure.DMA_PeripheralInc			  = DMA_PeripheralInc_Disable;
  74:	9405      	str	r4, [sp, #20]
C:\cortex\dimmers\src/dimmers_adc.c:55
  x_DMA_InitStructure.DMA_MemoryInc				    = DMA_MemoryInc_Disable;
  76:	9406      	str	r4, [sp, #24]
C:\cortex\dimmers\src/dimmers_adc.c:56
  x_DMA_InitStructure.DMA_PeripheralDataSize	= DMA_PeripheralDataSize_HalfWord;
  78:	f8cd 801c 	str.w	r8, [sp, #28]
C:\cortex\dimmers\src/dimmers_adc.c:57
  x_DMA_InitStructure.DMA_MemoryDataSize		  = DMA_MemoryDataSize_HalfWord;
  7c:	9708      	str	r7, [sp, #32]
C:\cortex\dimmers\src/dimmers_adc.c:58
  x_DMA_InitStructure.DMA_Mode					      = DMA_Mode_Circular;
  7e:	9609      	str	r6, [sp, #36]	; 0x24
C:\cortex\dimmers\src/dimmers_adc.c:60
  x_DMA_InitStructure.DMA_Priority				    = DMA_Priority_High;
  x_DMA_InitStructure.DMA_M2M					        = DMA_M2M_Disable;
  80:	940b      	str	r4, [sp, #44]	; 0x2c
C:\cortex\dimmers\src/dimmers_adc.c:62

  DMA_Init	(DMA2_Channel5, &x_DMA_InitStructure);
  82:	f7ff fffe 	bl	0 <DMA_Init>
C:\cortex\dimmers\src/dimmers_adc.c:63
  DMA_Cmd	(DMA2_Channel5, ENABLE);
  86:	4629      	mov	r1, r5
  88:	4807      	ldr	r0, [pc, #28]	; (a8 <AdcDmaInit+0xa8>)
  8a:	f7ff fffe 	bl	0 <DMA_Cmd>
C:\cortex\dimmers\src/dimmers_adc.c:65
  
  ADC_DMACmd(ADC3, ENABLE);
  8e:	4808      	ldr	r0, [pc, #32]	; (b0 <AdcDmaInit+0xb0>)
  90:	4629      	mov	r1, r5
  92:	f7ff fffe 	bl	0 <ADC_DMACmd>
C:\cortex\dimmers\src/dimmers_adc.c:66
}
  96:	b00d      	add	sp, #52	; 0x34
  98:	e8bd 83f0 	ldmia.w	sp!, {r4, r5, r6, r7, r8, r9, pc}
  9c:	40020008 	.word	0x40020008
  a0:	4001244c 	.word	0x4001244c
  a4:	40012400 	.word	0x40012400
  a8:	40020458 	.word	0x40020458
  ac:	40013c4c 	.word	0x40013c4c
  b0:	40013c00 	.word	0x40013c00

Disassembly of section .text.AdcInit:

00000000 <AdcInit>:
AdcInit():
C:\cortex\dimmers\src/dimmers_adc.c:74
* Description    : Initialize ADC1
* Input          : None
* Output         : None
* Return         : None
*******************************************************************************/
void AdcInit (void){
   0:	b086b570 	.word	0xb086b570
C:\cortex\dimmers\src/dimmers_adc.c:78
  ADC_InitTypeDef	x_ADC_InitStructure;

  x_ADC_InitStructure.ADC_Mode					= ADC_Mode_Independent;
  x_ADC_InitStructure.ADC_ScanConvMode			= ENABLE;
   4:	2401      	movs	r4, #1
C:\cortex\dimmers\src/dimmers_adc.c:77
* Return         : None
*******************************************************************************/
void AdcInit (void){
  ADC_InitTypeDef	x_ADC_InitStructure;

  x_ADC_InitStructure.ADC_Mode					= ADC_Mode_Independent;
   6:	2500      	movs	r5, #0
C:\cortex\dimmers\src/dimmers_adc.c:80
  x_ADC_InitStructure.ADC_ScanConvMode			= ENABLE;
  x_ADC_InitStructure.ADC_ContinuousConvMode	= DISABLE;
  x_ADC_InitStructure.ADC_ExternalTrigConv		= ADC_ExternalTrigConv_None;
   8:	f44f 2660 	mov.w	r6, #917504	; 0xe0000
C:\cortex\dimmers\src/dimmers_adc.c:83
  x_ADC_InitStructure.ADC_DataAlign				= ADC_DataAlign_Right;
  x_ADC_InitStructure.ADC_NbrOfChannel			= 1;
  ADC_Init(ADC1, &x_ADC_InitStructure);
   c:	a901      	add	r1, sp, #4
   e:	481b      	ldr	r0, [pc, #108]	; (7c <AdcInit+0x7c>)
C:\cortex\dimmers\src/dimmers_adc.c:77
* Return         : None
*******************************************************************************/
void AdcInit (void){
  ADC_InitTypeDef	x_ADC_InitStructure;

  x_ADC_InitStructure.ADC_Mode					= ADC_Mode_Independent;
  10:	9501      	str	r5, [sp, #4]
C:\cortex\dimmers\src/dimmers_adc.c:78
  x_ADC_InitStructure.ADC_ScanConvMode			= ENABLE;
  12:	f88d 4008 	strb.w	r4, [sp, #8]
C:\cortex\dimmers\src/dimmers_adc.c:79
  x_ADC_InitStructure.ADC_ContinuousConvMode	= DISABLE;
  16:	f88d 5009 	strb.w	r5, [sp, #9]
C:\cortex\dimmers\src/dimmers_adc.c:80
  x_ADC_InitStructure.ADC_ExternalTrigConv		= ADC_ExternalTrigConv_None;
  1a:	9603      	str	r6, [sp, #12]
C:\cortex\dimmers\src/dimmers_adc.c:81
  x_ADC_InitStructure.ADC_DataAlign				= ADC_DataAlign_Right;
  1c:	9504      	str	r5, [sp, #16]
C:\cortex\dimmers\src/dimmers_adc.c:82
  x_ADC_InitStructure.ADC_NbrOfChannel			= 1;
  1e:	f88d 4014 	strb.w	r4, [sp, #20]
C:\cortex\dimmers\src/dimmers_adc.c:83
  ADC_Init(ADC1, &x_ADC_InitStructure);
  22:	f7ff fffe 	bl	0 <ADC_Init>
C:\cortex\dimmers\src/dimmers_adc.c:85

  ADC_ITConfig(ADC1, ADC_IT_EOC , ENABLE);
  26:	4622      	mov	r2, r4
  28:	f44f 7108 	mov.w	r1, #544	; 0x220
  2c:	4813      	ldr	r0, [pc, #76]	; (50 <ADC_ITConfig+0x50>)
  2e:	f7ff fffe 	bl	0 <ADC_ITConfig>
C:\cortex\dimmers\src/dimmers_adc.c:87

  ADC_TempSensorVrefintCmd(ENABLE);
  32:	4620      	mov	r0, r4
  34:	f7ff fffe 	bl	0 <ADC_TempSensorVrefintCmd>
C:\cortex\dimmers\src/dimmers_adc.c:89

  ADC_RegularChannelConfig( ADC1 , ADC_Channel_16, 1 , ADC_SampleTime_28Cycles5 );
  38:	4622      	mov	r2, r4
  3a:	2303      	movs	r3, #3
  3c:	2110      	movs	r1, #16
  3e:	480f      	ldr	r0, [pc, #60]	; (7c <AdcInit+0x7c>)
  40:	f7ff fffe 	bl	0 <ADC_RegularChannelConfig>
C:\cortex\dimmers\src/dimmers_adc.c:98
  x_ADC_InitStructure.ADC_ScanConvMode			= ENABLE;
  x_ADC_InitStructure.ADC_ContinuousConvMode	= DISABLE;
  x_ADC_InitStructure.ADC_ExternalTrigConv		= ADC_ExternalTrigConv_None;
  x_ADC_InitStructure.ADC_DataAlign				= ADC_DataAlign_Right;
  x_ADC_InitStructure.ADC_NbrOfChannel			= 1;
  ADC_Init(ADC3, &x_ADC_InitStructure);
  44:	a901      	add	r1, sp, #4
  46:	480e      	ldr	r0, [pc, #56]	; (80 <AdcInit+0x80>)
C:\cortex\dimmers\src/dimmers_adc.c:92
  ADC_TempSensorVrefintCmd(ENABLE);

  ADC_RegularChannelConfig( ADC1 , ADC_Channel_16, 1 , ADC_SampleTime_28Cycles5 );

  
  x_ADC_InitStructure.ADC_Mode					= ADC_Mode_Independent;
  48:	9501      	str	r5, [sp, #4]
C:\cortex\dimmers\src/dimmers_adc.c:93
  x_ADC_InitStructure.ADC_ScanConvMode			= ENABLE;
  4a:	f88d 4008 	strb.w	r4, [sp, #8]
C:\cortex\dimmers\src/dimmers_adc.c:94
  x_ADC_InitStructure.ADC_ContinuousConvMode	= DISABLE;
  4e:	f88d 5009 	strb.w	r5, [sp, #9]
C:\cortex\dimmers\src/dimmers_adc.c:95
  x_ADC_InitStructure.ADC_ExternalTrigConv		= ADC_ExternalTrigConv_None;
  52:	9603      	str	r6, [sp, #12]
C:\cortex\dimmers\src/dimmers_adc.c:96
  x_ADC_InitStructure.ADC_DataAlign				= ADC_DataAlign_Right;
  54:	9504      	str	r5, [sp, #16]
C:\cortex\dimmers\src/dimmers_adc.c:97
  x_ADC_InitStructure.ADC_NbrOfChannel			= 1;
  56:	f88d 4014 	strb.w	r4, [sp, #20]
C:\cortex\dimmers\src/dimmers_adc.c:98
  ADC_Init(ADC3, &x_ADC_InitStructure);
  5a:	f7ff fffe 	bl	0 <ADC_Init>
C:\cortex\dimmers\src/dimmers_adc.c:100

  ADC_RegularChannelConfig( ADC3, ADC_Channel_1, 1 , ADC_SampleTime_1Cycles5);
  5e:	4621      	mov	r1, r4
  60:	4622      	mov	r2, r4
  62:	4807      	ldr	r0, [pc, #28]	; (80 <AdcInit+0x80>)
  64:	462b      	mov	r3, r5
  66:	f7ff fffe 	bl	0 <ADC_RegularChannelConfig>
C:\cortex\dimmers\src/dimmers_adc.c:102

  ADC_ITConfig(ADC3, ADC_IT_EOC , ENABLE);
  6a:	4805      	ldr	r0, [pc, #20]	; (80 <AdcInit+0x80>)
  6c:	f44f 7108 	mov.w	r1, #544	; 0x220
  70:	4622      	mov	r2, r4
  72:	f7ff fffe 	bl	0 <ADC_ITConfig>
C:\cortex\dimmers\src/dimmers_adc.c:103
}
  76:	b006      	add	sp, #24
  78:	bd70      	pop	{r4, r5, r6, pc}
  7a:	bf00      	nop
  7c:	40012400 	.word	0x40012400
  80:	40013c00 	.word	0x40013c00

Disassembly of section .text.AdcCalibration:

00000000 <AdcCalibration>:
AdcCalibration():
C:\cortex\dimmers\src/dimmers_adc.c:111
* Description    : Calibrate ADC1
* Input          : None
* Output         : None
* Return         : None
*******************************************************************************/
void AdcCalibration (void){
   0:	4810b508 	.word	0x4810b508
C:\cortex\dimmers\src/dimmers_adc.c:113
  // first reset
  ADC_ResetCalibration(ADC1);
   4:	f7ff fffe 	bl	0 <ADC_ResetCalibration>
C:\cortex\dimmers\src/dimmers_adc.c:114
  while(ADC_GetResetCalibrationStatus(ADC1));
   8:	480e      	ldr	r0, [pc, #56]	; (3c <ADC_GetResetCalibrationStatus+0x3c>)
   a:	f7ff fffe 	bl	0 <ADC_GetResetCalibrationStatus>
   e:	2800      	cmp	r0, #0
  10:	d1fa      	bne.n	8 <AdcCalibration+0x8>
C:\cortex\dimmers\src/dimmers_adc.c:116
  // than do the cal
  ADC_StartCalibration(ADC1);
  12:	480c      	ldr	r0, [pc, #48]	; (44 <AdcCalibration+0x44>)
  14:	f7ff fffe 	bl	0 <ADC_StartCalibration>
C:\cortex\dimmers\src/dimmers_adc.c:117
  while(ADC_GetCalibrationStatus(ADC1));
  18:	480a      	ldr	r0, [pc, #40]	; (2c <ADC_GetCalibrationStatus+0x2c>)
  1a:	f7ff fffe 	bl	0 <ADC_GetCalibrationStatus>
  1e:	2800      	cmp	r0, #0
  20:	d1fa      	bne.n	18 <AdcCalibration+0x18>
C:\cortex\dimmers\src/dimmers_adc.c:119
      
  ADC_ResetCalibration(ADC3);
  22:	4809      	ldr	r0, [pc, #36]	; (48 <AdcCalibration+0x48>)
  24:	f7ff fffe 	bl	0 <ADC_ResetCalibration>
C:\cortex\dimmers\src/dimmers_adc.c:120
  while(ADC_GetResetCalibrationStatus(ADC3));
  28:	4807      	ldr	r0, [pc, #28]	; (20 <ADC_GetResetCalibrationStatus+0x20>)
  2a:	f7ff fffe 	bl	0 <ADC_GetResetCalibrationStatus>
  2e:	2800      	cmp	r0, #0
  30:	d1fa      	bne.n	28 <AdcCalibration+0x28>
C:\cortex\dimmers\src/dimmers_adc.c:122
  // than do the cal
  ADC_StartCalibration(ADC3);
  32:	4805      	ldr	r0, [pc, #20]	; (48 <AdcCalibration+0x48>)
  34:	f7ff fffe 	bl	0 <ADC_StartCalibration>
C:\cortex\dimmers\src/dimmers_adc.c:123
  while(ADC_GetCalibrationStatus(ADC3));
  38:	4803      	ldr	r0, [pc, #12]	; (10 <ADC_GetCalibrationStatus+0x10>)
  3a:	f7ff fffe 	bl	0 <ADC_GetCalibrationStatus>
  3e:	2800      	cmp	r0, #0
  40:	d1fa      	bne.n	38 <AdcCalibration+0x38>
C:\cortex\dimmers\src/dimmers_adc.c:124
 }
  42:	bd08      	pop	{r3, pc}
  44:	40012400 	.word	0x40012400
  48:	40013c00 	.word	0x40013c00

Disassembly of section .text.AdcEnable:

00000000 <AdcEnable>:
AdcEnable():
C:\cortex\dimmers\src/dimmers_adc.c:132
* Description    : Enable/disable ADC1
* Input          : boolean ENABLE or DISABLE
* Output         : None
* Return         : None
*******************************************************************************/
void AdcEnable (bool enable){
   0:	4604b510 	.word	0x4604b510
C:\cortex\dimmers\src/dimmers_adc.c:133
  ADC_Cmd(ADC1, enable);
   4:	4621      	mov	r1, r4
   6:	4804      	ldr	r0, [pc, #16]	; (18 <AdcEnable+0x18>)
   8:	f7ff fffe 	bl	0 <ADC_Cmd>
C:\cortex\dimmers\src/dimmers_adc.c:134
  ADC_Cmd(ADC3, enable);
   c:	4803      	ldr	r0, [pc, #12]	; (1c <AdcEnable+0x1c>)
   e:	4621      	mov	r1, r4
C:\cortex\dimmers\src/dimmers_adc.c:135
}
  10:	e8bd 4010 	ldmia.w	sp!, {r4, lr}
C:\cortex\dimmers\src/dimmers_adc.c:134
* Output         : None
* Return         : None
*******************************************************************************/
void AdcEnable (bool enable){
  ADC_Cmd(ADC1, enable);
  ADC_Cmd(ADC3, enable);
  14:	f7ff bffe 	b.w	0 <ADC_Cmd>
  18:	40012400 	.word	0x40012400
  1c:	40013c00 	.word	0x40013c00

Disassembly of section .text.AdcReadTempValue:

00000000 <AdcReadTempValue>:
AdcReadTempValue():
C:\cortex\dimmers\src/dimmers_adc.c:147
* Return         : theVal
*******************************************************************************/
u16 AdcReadTempValue ( void ){

 
  ADC_TempSensorVrefintCmd(ENABLE);
   0:	2001      	movs	r0, #1
C:\cortex\dimmers\src/dimmers_adc.c:144
* Description    : reading cpy temp
* Input          : none
* Output         : None
* Return         : theVal
*******************************************************************************/
u16 AdcReadTempValue ( void ){
   2:	b510      	push	{r4, lr}
C:\cortex\dimmers\src/dimmers_adc.c:147

 
  ADC_TempSensorVrefintCmd(ENABLE);
   4:	f7ff fffe 	bl	0 <ADC_TempSensorVrefintCmd>
C:\cortex\dimmers\src/dimmers_adc.c:148
  ADC_SoftwareStartConvCmd(ADC1, ENABLE);
   8:	4807      	ldr	r0, [pc, #28]	; (28 <AdcReadTempValue+0x28>)
   a:	2101      	movs	r1, #1
   c:	f7ff fffe 	bl	0 <ADC_SoftwareStartConvCmd>
C:\cortex\dimmers\src/dimmers_adc.c:149
  while(ADC_GetFlagStatus(ADC1, ADC_FLAG_EOC) == RESET);
  10:	4805      	ldr	r0, [pc, #20]	; (28 <AdcReadTempValue+0x28>)
  12:	2102      	movs	r1, #2
  14:	f7ff fffe 	bl	0 <ADC_GetFlagStatus>
  18:	2800      	cmp	r0, #0
  1a:	d0f9      	beq.n	10 <AdcReadTempValue+0x10>
C:\cortex\dimmers\src/dimmers_adc.c:150
  return ADC_GetConversionValue(ADC1);
  1c:	4802      	ldr	r0, [pc, #8]	; (28 <AdcReadTempValue+0x28>)
C:\cortex\dimmers\src/dimmers_adc.c:151
}
  1e:	e8bd 4010 	ldmia.w	sp!, {r4, lr}
C:\cortex\dimmers\src/dimmers_adc.c:150

 
  ADC_TempSensorVrefintCmd(ENABLE);
  ADC_SoftwareStartConvCmd(ADC1, ENABLE);
  while(ADC_GetFlagStatus(ADC1, ADC_FLAG_EOC) == RESET);
  return ADC_GetConversionValue(ADC1);
  22:	f7ff bffe 	b.w	0 <ADC_GetConversionValue>
  26:	bf00      	nop
  28:	40012400 	.word	0x40012400
