
C:\cortex\dimmers\hex\dimmers_wdg.o:     file format elf32-littlearm
C:\cortex\dimmers\hex\dimmers_wdg.o

Disassembly of section .text.WdgSet:

00000000 <WdgSet>:
WdgSet():
C:\cortex\dimmers\src/dimmers_wdg.c:25
* Input          : None
* Output         : None
* Return         : None
*******************************************************************************/
void WdgSet ( void )
{
   0:	b510      	push	{r4, lr}
C:\cortex\dimmers\src/dimmers_wdg.c:28
  /* WWDG configuration */
  /* Enable WWDG clock */
  RCC_APB1PeriphClockCmd(RCC_APB1Periph_WWDG, ENABLE);
   2:	2101      	movs	r1, #1
   4:	f44f 6000 	mov.w	r0, #2048	; 0x800
   8:	f7ff fffe 	bl	0 <RCC_APB1PeriphClockCmd>
C:\cortex\dimmers\src/dimmers_wdg.c:31

  /* WWDG clock counter = (PCLK1/4096)/8  )  */
  WWDG_SetPrescaler(WWDG_Prescaler_8);
   c:	f44f 70c0 	mov.w	r0, #384	; 0x180
  10:	f7ff fffe 	bl	0 <WWDG_SetPrescaler>
C:\cortex\dimmers\src/dimmers_wdg.c:34

  /* Set Window value to 65 */
  WWDG_SetWindowValue(WDG_WINDOW_VALUE);
  14:	2041      	movs	r0, #65
  16:	f7ff fffe 	bl	0 <WWDG_SetWindowValue>
C:\cortex\dimmers\src/dimmers_wdg.c:37

  /* Enable WWDG and set counter value to 127, WWDG timeout = ~58ms */
  WWDG_Enable(WDG_COUNTER_VALUE);
  1a:	207f      	movs	r0, #127
  1c:	f7ff fffe 	bl	0 <WWDG_Enable>
C:\cortex\dimmers\src/dimmers_wdg.c:40

  /* Clear EWI flag */
  WWDG_ClearFlag();
  20:	f7ff fffe 	bl	0 <WWDG_ClearFlag>
C:\cortex\dimmers\src/dimmers_wdg.c:43

  /* Enable EW interrupt */
  WWDG_EnableIT();
  24:	f7ff fffe 	bl	0 <WWDG_EnableIT>
C:\cortex\dimmers\src/dimmers_wdg.c:44
}
  28:	bd10      	pop	{r4, pc}
  2a:	46c0      	nop			(mov r8, r8)
