
C:\cortex\dimmers\hex\dimmers_i2c.o:     file format elf32-littlearm
C:\cortex\dimmers\hex\dimmers_i2c.o


Disassembly of section .text.I2CInit:

00000000 <I2CInit>:
I2CInit():
C:\cortex\dimmers\src/dimmers_i2c.c:20

u16 I2C1Adr;
u16 I2C2Adr;

void I2CInit(void)
{
   0:	b51f      	push	{r0, r1, r2, r3, r4, lr}
C:\cortex\dimmers\src/dimmers_i2c.c:23
    I2C_InitTypeDef  I2C_InitStructure;

    if ( (GpioGetDipState(I2C_ENABLE_BIT) == ON ) ){
   2:	f44f 4000 	mov.w	r0, #32768	; 0x8000
   6:	f7ff fffe 	bl	0 <GpioGetDipState>
   a:	4604      	mov	r4, r0
   c:	2800      	cmp	r0, #0
   e:	f040 80ae 	bne.w	16e <I2CInit+0x16e>
C:\cortex\dimmers\src/dimmers_i2c.c:25

        I2C_Cmd(I2C1, ENABLE);
  12:	2101      	movs	r1, #1
  14:	4856      	ldr	r0, [pc, #344]	; (170 <I2CInit+0x170>)
  16:	f7ff fffe 	bl	0 <I2C_Cmd>
C:\cortex\dimmers\src/dimmers_i2c.c:26
        I2C_Cmd(I2C2, ENABLE);
  1a:	2101      	movs	r1, #1
  1c:	4855      	ldr	r0, [pc, #340]	; (174 <I2CInit+0x174>)
  1e:	f7ff fffe 	bl	0 <I2C_Cmd>
C:\cortex\dimmers\src/dimmers_i2c.c:30

        I2C_InitStructure.I2C_Mode                = I2C_Mode_I2C;
        I2C_InitStructure.I2C_DutyCycle           = I2C_DutyCycle_2;
        I2C_InitStructure.I2C_Ack                 = I2C_Ack_Enable;
  22:	f44f 6380 	mov.w	r3, #1024	; 0x400
C:\cortex\dimmers\src/dimmers_i2c.c:29

        I2C_Cmd(I2C1, ENABLE);
        I2C_Cmd(I2C2, ENABLE);

        I2C_InitStructure.I2C_Mode                = I2C_Mode_I2C;
        I2C_InitStructure.I2C_DutyCycle           = I2C_DutyCycle_2;
  26:	f64b 72ff 	movw	r2, #49151	; 0xbfff
C:\cortex\dimmers\src/dimmers_i2c.c:30
        I2C_InitStructure.I2C_Ack                 = I2C_Ack_Enable;
  2a:	f8ad 3006 	strh.w	r3, [sp, #6]
C:\cortex\dimmers\src/dimmers_i2c.c:32
        I2C_InitStructure.I2C_AcknowledgedAddress = I2C_AcknowledgedAddress_7bit;
        I2C_InitStructure.I2C_ClockSpeed          = I2C_CLOCK_SPEED;
  2e:	4b52      	ldr	r3, [pc, #328]	; (178 <I2CInit+0x178>)
C:\cortex\dimmers\src/dimmers_i2c.c:29

        I2C_Cmd(I2C1, ENABLE);
        I2C_Cmd(I2C2, ENABLE);

        I2C_InitStructure.I2C_Mode                = I2C_Mode_I2C;
        I2C_InitStructure.I2C_DutyCycle           = I2C_DutyCycle_2;
  30:	f8ad 2002 	strh.w	r2, [sp, #2]
C:\cortex\dimmers\src/dimmers_i2c.c:34
        I2C_InitStructure.I2C_Ack                 = I2C_Ack_Enable;
        I2C_InitStructure.I2C_AcknowledgedAddress = I2C_AcknowledgedAddress_7bit;
        I2C_InitStructure.I2C_ClockSpeed          = I2C_CLOCK_SPEED;
        
        if ( ( GpioGetDipState(I2C_ADDR_BIT1) == OFF ) && ( GpioGetDipState(I2C_ADDR_BIT0) == OFF ) ) 
  34:	f44f 4080 	mov.w	r0, #16384	; 0x4000
C:\cortex\dimmers\src/dimmers_i2c.c:31
        I2C_Cmd(I2C2, ENABLE);

        I2C_InitStructure.I2C_Mode                = I2C_Mode_I2C;
        I2C_InitStructure.I2C_DutyCycle           = I2C_DutyCycle_2;
        I2C_InitStructure.I2C_Ack                 = I2C_Ack_Enable;
        I2C_InitStructure.I2C_AcknowledgedAddress = I2C_AcknowledgedAddress_7bit;
  38:	f44f 4280 	mov.w	r2, #16384	; 0x4000
C:\cortex\dimmers\src/dimmers_i2c.c:28
    if ( (GpioGetDipState(I2C_ENABLE_BIT) == ON ) ){

        I2C_Cmd(I2C1, ENABLE);
        I2C_Cmd(I2C2, ENABLE);

        I2C_InitStructure.I2C_Mode                = I2C_Mode_I2C;
  3c:	f8ad 4000 	strh.w	r4, [sp]
C:\cortex\dimmers\src/dimmers_i2c.c:31
        I2C_InitStructure.I2C_DutyCycle           = I2C_DutyCycle_2;
        I2C_InitStructure.I2C_Ack                 = I2C_Ack_Enable;
        I2C_InitStructure.I2C_AcknowledgedAddress = I2C_AcknowledgedAddress_7bit;
  40:	f8ad 2008 	strh.w	r2, [sp, #8]
C:\cortex\dimmers\src/dimmers_i2c.c:32
        I2C_InitStructure.I2C_ClockSpeed          = I2C_CLOCK_SPEED;
  44:	9303      	str	r3, [sp, #12]
C:\cortex\dimmers\src/dimmers_i2c.c:34
        
        if ( ( GpioGetDipState(I2C_ADDR_BIT1) == OFF ) && ( GpioGetDipState(I2C_ADDR_BIT0) == OFF ) ) 
  46:	f7ff fffe 	bl	0 <GpioGetDipState>
  4a:	2801      	cmp	r0, #1
  4c:	d107      	bne.n	5e <I2CInit+0x5e>
  4e:	f44f 5000 	mov.w	r0, #8192	; 0x2000
  52:	f7ff fffe 	bl	0 <GpioGetDipState>
  56:	2801      	cmp	r0, #1
  58:	d101      	bne.n	5e <I2CInit+0x5e>
C:\cortex\dimmers\src/dimmers_i2c.c:35
            I2C_InitStructure.I2C_OwnAddress1 = I2C1_SLAVE_ADDRESS7_CORTEX1;
  5a:	2310      	movs	r3, #16
  5c:	e018      	b.n	90 <I2CInit+0x90>
C:\cortex\dimmers\src/dimmers_i2c.c:36
        else if ( (GpioGetDipState(I2C_ADDR_BIT1) == OFF ) && ( GpioGetDipState(I2C_ADDR_BIT0) == ON ) ) 
  5e:	f44f 4080 	mov.w	r0, #16384	; 0x4000
  62:	f7ff fffe 	bl	0 <GpioGetDipState>
  66:	2801      	cmp	r0, #1
  68:	d106      	bne.n	78 <I2CInit+0x78>
  6a:	f44f 5000 	mov.w	r0, #8192	; 0x2000
  6e:	f7ff fffe 	bl	0 <GpioGetDipState>
  72:	b908      	cbnz	r0, 78 <I2CInit+0x78>
C:\cortex\dimmers\src/dimmers_i2c.c:37
            I2C_InitStructure.I2C_OwnAddress1 = I2C1_SLAVE_ADDRESS7_CORTEX2;
  74:	2230      	movs	r2, #48	; 0x30
  76:	e019      	b.n	ac <I2CInit+0xac>
C:\cortex\dimmers\src/dimmers_i2c.c:38
        else if ( (GpioGetDipState(I2C_ADDR_BIT1) == ON ) && ( GpioGetDipState(I2C_ADDR_BIT0) == OFF ) ) 
  78:	f44f 4080 	mov.w	r0, #16384	; 0x4000
  7c:	f7ff fffe 	bl	0 <GpioGetDipState>
  80:	b948      	cbnz	r0, 96 <I2CInit+0x96>
  82:	f44f 5000 	mov.w	r0, #8192	; 0x2000
  86:	f7ff fffe 	bl	0 <GpioGetDipState>
  8a:	2801      	cmp	r0, #1
  8c:	d103      	bne.n	96 <I2CInit+0x96>
C:\cortex\dimmers\src/dimmers_i2c.c:39
            I2C_InitStructure.I2C_OwnAddress1 = I2C1_SLAVE_ADDRESS7_CORTEX3;
  8e:	2350      	movs	r3, #80	; 0x50
  90:	f8ad 3004 	strh.w	r3, [sp, #4]
  94:	e00c      	b.n	b0 <I2CInit+0xb0>
C:\cortex\dimmers\src/dimmers_i2c.c:40
        else if ( (GpioGetDipState(I2C_ADDR_BIT1) == ON ) && ( GpioGetDipState(I2C_ADDR_BIT0) == ON ) ) 
  96:	f44f 4080 	mov.w	r0, #16384	; 0x4000
  9a:	f7ff fffe 	bl	0 <GpioGetDipState>
  9e:	b938      	cbnz	r0, b0 <I2CInit+0xb0>
  a0:	f44f 5000 	mov.w	r0, #8192	; 0x2000
  a4:	f7ff fffe 	bl	0 <GpioGetDipState>
  a8:	b910      	cbnz	r0, b0 <I2CInit+0xb0>
C:\cortex\dimmers\src/dimmers_i2c.c:41
            I2C_InitStructure.I2C_OwnAddress1 = I2C1_SLAVE_ADDRESS7_CORTEX4;
  aa:	2270      	movs	r2, #112	; 0x70
  ac:	f8ad 2004 	strh.w	r2, [sp, #4]
C:\cortex\dimmers\src/dimmers_i2c.c:43
        
        I2C1Adr = I2C_InitStructure.I2C_OwnAddress1;
  b0:	4b32      	ldr	r3, [pc, #200]	; (17c <I2CInit+0x17c>)
  b2:	f8bd 2004 	ldrh.w	r2, [sp, #4]
C:\cortex\dimmers\src/dimmers_i2c.c:45
        
        I2C_Init(I2C1, &I2C_InitStructure);
  b6:	482e      	ldr	r0, [pc, #184]	; (170 <I2CInit+0x170>)
C:\cortex\dimmers\src/dimmers_i2c.c:43
        else if ( (GpioGetDipState(I2C_ADDR_BIT1) == ON ) && ( GpioGetDipState(I2C_ADDR_BIT0) == OFF ) ) 
            I2C_InitStructure.I2C_OwnAddress1 = I2C1_SLAVE_ADDRESS7_CORTEX3;
        else if ( (GpioGetDipState(I2C_ADDR_BIT1) == ON ) && ( GpioGetDipState(I2C_ADDR_BIT0) == ON ) ) 
            I2C_InitStructure.I2C_OwnAddress1 = I2C1_SLAVE_ADDRESS7_CORTEX4;
        
        I2C1Adr = I2C_InitStructure.I2C_OwnAddress1;
  b8:	801a      	strh	r2, [r3, #0]
C:\cortex\dimmers\src/dimmers_i2c.c:45
        
        I2C_Init(I2C1, &I2C_InitStructure);
  ba:	4669      	mov	r1, sp
  bc:	f7ff fffe 	bl	0 <I2C_Init>
C:\cortex\dimmers\src/dimmers_i2c.c:47

        I2C_InitStructure.I2C_AcknowledgedAddress = I2C_AcknowledgedAddress_7bit;
  c0:	f44f 4380 	mov.w	r3, #16384	; 0x4000
C:\cortex\dimmers\src/dimmers_i2c.c:49

        if ( ( GpioGetDipState(I2C_ADDR_BIT1) == OFF ) && ( GpioGetDipState(I2C_ADDR_BIT0) == OFF ) ) 
  c4:	f44f 4080 	mov.w	r0, #16384	; 0x4000
C:\cortex\dimmers\src/dimmers_i2c.c:47
        
        I2C1Adr = I2C_InitStructure.I2C_OwnAddress1;
        
        I2C_Init(I2C1, &I2C_InitStructure);

        I2C_InitStructure.I2C_AcknowledgedAddress = I2C_AcknowledgedAddress_7bit;
  c8:	f8ad 3008 	strh.w	r3, [sp, #8]
C:\cortex\dimmers\src/dimmers_i2c.c:49

        if ( ( GpioGetDipState(I2C_ADDR_BIT1) == OFF ) && ( GpioGetDipState(I2C_ADDR_BIT0) == OFF ) ) 
  cc:	f7ff fffe 	bl	0 <GpioGetDipState>
  d0:	2801      	cmp	r0, #1
  d2:	d107      	bne.n	e4 <I2CInit+0xe4>
  d4:	f44f 5000 	mov.w	r0, #8192	; 0x2000
  d8:	f7ff fffe 	bl	0 <GpioGetDipState>
  dc:	2801      	cmp	r0, #1
  de:	d101      	bne.n	e4 <I2CInit+0xe4>
C:\cortex\dimmers\src/dimmers_i2c.c:50
            I2C_InitStructure.I2C_OwnAddress1 = I2C2_SLAVE_ADDRESS7_CORTEX1;
  e0:	2220      	movs	r2, #32
  e2:	e018      	b.n	116 <I2CInit+0x116>
C:\cortex\dimmers\src/dimmers_i2c.c:51
        else if ( (GpioGetDipState(I2C_ADDR_BIT1) == OFF ) && ( GpioGetDipState(I2C_ADDR_BIT0) == ON ) ) 
  e4:	f44f 4080 	mov.w	r0, #16384	; 0x4000
  e8:	f7ff fffe 	bl	0 <GpioGetDipState>
  ec:	2801      	cmp	r0, #1
  ee:	d106      	bne.n	fe <I2CInit+0xfe>
  f0:	f44f 5000 	mov.w	r0, #8192	; 0x2000
  f4:	f7ff fffe 	bl	0 <GpioGetDipState>
  f8:	b908      	cbnz	r0, fe <I2CInit+0xfe>
C:\cortex\dimmers\src/dimmers_i2c.c:52
            I2C_InitStructure.I2C_OwnAddress1 = I2C2_SLAVE_ADDRESS7_CORTEX2;
  fa:	2340      	movs	r3, #64	; 0x40
  fc:	e019      	b.n	132 <I2CInit+0x132>
C:\cortex\dimmers\src/dimmers_i2c.c:53
        else if ( (GpioGetDipState(I2C_ADDR_BIT1) == ON ) && ( GpioGetDipState(I2C_ADDR_BIT0) == OFF ) ) 
  fe:	f44f 4080 	mov.w	r0, #16384	; 0x4000
 102:	f7ff fffe 	bl	0 <GpioGetDipState>
 106:	b948      	cbnz	r0, 11c <I2CInit+0x11c>
 108:	f44f 5000 	mov.w	r0, #8192	; 0x2000
 10c:	f7ff fffe 	bl	0 <GpioGetDipState>
 110:	2801      	cmp	r0, #1
 112:	d103      	bne.n	11c <I2CInit+0x11c>
C:\cortex\dimmers\src/dimmers_i2c.c:54
            I2C_InitStructure.I2C_OwnAddress1 = I2C2_SLAVE_ADDRESS7_CORTEX3;
 114:	2260      	movs	r2, #96	; 0x60
 116:	f8ad 2004 	strh.w	r2, [sp, #4]
 11a:	e00c      	b.n	136 <I2CInit+0x136>
C:\cortex\dimmers\src/dimmers_i2c.c:55
        else if ( (GpioGetDipState(I2C_ADDR_BIT1) == ON ) && ( GpioGetDipState(I2C_ADDR_BIT0) == ON ) ) 
 11c:	f44f 4080 	mov.w	r0, #16384	; 0x4000
 120:	f7ff fffe 	bl	0 <GpioGetDipState>
 124:	b938      	cbnz	r0, 136 <I2CInit+0x136>
 126:	f44f 5000 	mov.w	r0, #8192	; 0x2000
 12a:	f7ff fffe 	bl	0 <GpioGetDipState>
 12e:	b910      	cbnz	r0, 136 <I2CInit+0x136>
C:\cortex\dimmers\src/dimmers_i2c.c:56
            I2C_InitStructure.I2C_OwnAddress1 = I2C2_SLAVE_ADDRESS7_CORTEX4;
 130:	2380      	movs	r3, #128	; 0x80
 132:	f8ad 3004 	strh.w	r3, [sp, #4]
C:\cortex\dimmers\src/dimmers_i2c.c:58
            
        I2C2Adr = I2C_InitStructure.I2C_OwnAddress1;
 136:	4b12      	ldr	r3, [pc, #72]	; (180 <I2CInit+0x180>)
 138:	f8bd 2004 	ldrh.w	r2, [sp, #4]
C:\cortex\dimmers\src/dimmers_i2c.c:60
        
        I2C_Init(I2C2, &I2C_InitStructure);
 13c:	480d      	ldr	r0, [pc, #52]	; (174 <I2CInit+0x174>)
C:\cortex\dimmers\src/dimmers_i2c.c:58
        else if ( (GpioGetDipState(I2C_ADDR_BIT1) == ON ) && ( GpioGetDipState(I2C_ADDR_BIT0) == OFF ) ) 
            I2C_InitStructure.I2C_OwnAddress1 = I2C2_SLAVE_ADDRESS7_CORTEX3;
        else if ( (GpioGetDipState(I2C_ADDR_BIT1) == ON ) && ( GpioGetDipState(I2C_ADDR_BIT0) == ON ) ) 
            I2C_InitStructure.I2C_OwnAddress1 = I2C2_SLAVE_ADDRESS7_CORTEX4;
            
        I2C2Adr = I2C_InitStructure.I2C_OwnAddress1;
 13e:	801a      	strh	r2, [r3, #0]
C:\cortex\dimmers\src/dimmers_i2c.c:60
        
        I2C_Init(I2C2, &I2C_InitStructure);
 140:	4669      	mov	r1, sp
 142:	f7ff fffe 	bl	0 <I2C_Init>
C:\cortex\dimmers\src/dimmers_i2c.c:62

        I2C_StretchClockCmd(I2C1,ENABLE);
 146:	480a      	ldr	r0, [pc, #40]	; (170 <I2CInit+0x170>)
 148:	2101      	movs	r1, #1
 14a:	f7ff fffe 	bl	0 <I2C_StretchClockCmd>
C:\cortex\dimmers\src/dimmers_i2c.c:63
        I2C_StretchClockCmd(I2C2,ENABLE);
 14e:	4809      	ldr	r0, [pc, #36]	; (174 <I2CInit+0x174>)
 150:	2101      	movs	r1, #1
 152:	f7ff fffe 	bl	0 <I2C_StretchClockCmd>
C:\cortex\dimmers\src/dimmers_i2c.c:66
        
        /* Enable I2C1 event and buffer interrupts */
        I2C_ITConfig(I2C1, I2C_IT_ERR | I2C_IT_EVT | I2C_IT_BUF , ENABLE);
 156:	4806      	ldr	r0, [pc, #24]	; (170 <I2CInit+0x170>)
 158:	f44f 61e0 	mov.w	r1, #1792	; 0x700
 15c:	2201      	movs	r2, #1
 15e:	f7ff fffe 	bl	0 <I2C_ITConfig>
C:\cortex\dimmers\src/dimmers_i2c.c:68
        /* Enable I2C1 event and buffer interrupts */
        I2C_ITConfig(I2C2, I2C_IT_ERR | I2C_IT_EVT | I2C_IT_BUF , ENABLE);
 162:	4804      	ldr	r0, [pc, #16]	; (174 <I2CInit+0x174>)
 164:	f44f 61e0 	mov.w	r1, #1792	; 0x700
 168:	2201      	movs	r2, #1
 16a:	f7ff fffe 	bl	0 <I2C_ITConfig>
C:\cortex\dimmers\src/dimmers_i2c.c:70
    }
}
 16e:	bd1f      	pop	{r0, r1, r2, r3, r4, pc}
 170:	40005400 	.word	0x40005400
 174:	40005800 	.word	0x40005800
 178:	000186a0 	.word	0x000186a0
	...

Disassembly of section .text.I2CSetPECOn:

00000000 <I2CSetPECOn>:
I2CSetPECOn():
C:\cortex\dimmers\src/dimmers_i2c.c:73

void I2CSetPECOn (void){
    I2C_CalculatePEC(I2C1, ENABLE);  
   0:	b5102101 	.word	0xb5102101
   4:	4804      	ldr	r0, [pc, #16]	; (14 <I2C_CalculatePEC+0x14>)
   6:	f7ff fffe 	bl	0 <I2C_CalculatePEC>
C:\cortex\dimmers\src/dimmers_i2c.c:74
    I2C_CalculatePEC(I2C2, ENABLE);  
   a:	4804      	ldr	r0, [pc, #16]	; (1c <I2CSetPECOn+0x1c>)
   c:	2101      	movs	r1, #1
C:\cortex\dimmers\src/dimmers_i2c.c:75
}
   e:	e8bd 4010 	ldmia.w	sp!, {r4, lr}
C:\cortex\dimmers\src/dimmers_i2c.c:74
    }
}

void I2CSetPECOn (void){
    I2C_CalculatePEC(I2C1, ENABLE);  
    I2C_CalculatePEC(I2C2, ENABLE);  
  12:	f7ff bffe 	b.w	0 <I2C_CalculatePEC>
  16:	bf00      	nop
  18:	40005400 	.word	0x40005400
  1c:	40005800 	.word	0x40005800

Disassembly of section .text.I2C1GetAddressHeader:

00000000 <I2C1GetAddressHeader>:
I2C1GetAddressHeader():
C:\cortex\dimmers\src/dimmers_i2c.c:78
}

u8 I2C1GetAddressHeader (void){
    return(((I2C1Adr & 0xFF00) >> 7 ) | 0xF0 );
   0:	88184b04 	.word	0x88184b04
   4:	f400 407f 	and.w	r0, r0, #65280	; 0xff00
   8:	11c0      	asrs	r0, r0, #7
   a:	f060 000f 	orn	r0, r0, #15
C:\cortex\dimmers\src/dimmers_i2c.c:79
}
   e:	f000 00fe 	and.w	r0, r0, #254	; 0xfe
  12:	4770      	bx	lr
  14:	00000000 	.word	0x00000000

Disassembly of section .text.I2C1GetAddress:

00000000 <I2C1GetAddress>:
I2C1GetAddress():
C:\cortex\dimmers\src/dimmers_i2c.c:83

u8 I2C1GetAddress ( void ){
    return (I2C1Adr & 0x00FF);
}
   0:	78184b01 	.word	0x78184b01
   4:	4770      	bx	lr
   6:	bf00      	nop
   8:	00000000 	.word	0x00000000

Disassembly of section .text.I2C2GetAddressHeader:

00000000 <I2C2GetAddressHeader>:
I2C2GetAddressHeader():
C:\cortex\dimmers\src/dimmers_i2c.c:86

u8 I2C2GetAddressHeader (void){
    return(((I2C2Adr & 0xFF00) >> 7 ) | 0xF0 );
   0:	4b04      	ldr	r3, [pc, #16]	; (14 <I2C2GetAddressHeader+0x14>)
   2:	8818      	ldrh	r0, [r3, #0]
   4:	f400 407f 	and.w	r0, r0, #65280	; 0xff00
   8:	11c0      	asrs	r0, r0, #7
   a:	f060 000f 	orn	r0, r0, #15
C:\cortex\dimmers\src/dimmers_i2c.c:87
}
   e:	f000 00fe 	and.w	r0, r0, #254	; 0xfe
  12:	4770      	bx	lr
  14:	00000000 	.word	0x00000000

Disassembly of section .text.I2C2GetAddress:

00000000 <I2C2GetAddress>:
I2C2GetAddress():
C:\cortex\dimmers\src/dimmers_i2c.c:91

u8 I2C2GetAddress ( void ){
    return (I2C2Adr & 0x00FF);
}
   0:	78184b01 	.word	0x78184b01
   4:	4770      	bx	lr
   6:	bf00      	nop
   8:	00000000 	.word	0x00000000

Disassembly of section .text.I2C1GetAddressHeaderRx:

00000000 <I2C1GetAddressHeaderRx>:
I2C1GetAddressHeaderRx():
C:\cortex\dimmers\src/dimmers_i2c.c:95

u8 I2C1GetAddressHeaderRx (void){
    return(((I2C1_SLAVE_ADDRESS10_CORTEX2 & 0xFF00) >> 7 ) | 0xF0 );
}
   0:	20f6      	movs	r0, #246	; 0xf6
   2:	4770      	bx	lr

Disassembly of section .text.I2C1GetAddressRx:

00000000 <I2C1GetAddressRx>:
I2C1GetAddressRx():
C:\cortex\dimmers\src/dimmers_i2c.c:99

u8 I2C1GetAddressRx ( void ){
    return (I2C1_SLAVE_ADDRESS10_CORTEX2 & 0x00FF);
}
   0:	2030      	movs	r0, #48	; 0x30
   2:	4770      	bx	lr

Disassembly of section .text.I2C2GetAddressHeaderRx2:

00000000 <I2C2GetAddressHeaderRx2>:
I2C2GetAddressHeaderRx2():
C:\cortex\dimmers\src/dimmers_i2c.c:102
u8 I2C2GetAddressHeaderRx2 (void){
    return(((I2C2_SLAVE_ADDRESS10_CORTEX2 & 0xFF00) >> 7 ) | 0xF0 );
}
   0:	20f6      	movs	r0, #246	; 0xf6
   2:	4770      	bx	lr

Disassembly of section .text.I2C2GetAddressRx2:

00000000 <I2C2GetAddressRx2>:
I2C2GetAddressRx2():
C:\cortex\dimmers\src/dimmers_i2c.c:106

u8 I2C2GetAddressRx2 ( void ){
    return (I2C2_SLAVE_ADDRESS10_CORTEX2 & 0x00FF);
}
   0:	2040      	movs	r0, #64	; 0x40
   2:	4770      	bx	lr

Disassembly of section .text.I2C2GetAddressHeaderRx:

00000000 <I2C2GetAddressHeaderRx>:
I2C2GetAddressHeaderRx():
C:\cortex\dimmers\src/dimmers_i2c.c:109
u8      I2C2GetAddressHeaderRx (void){
    return(((I2C2_SLAVE_ADDRESS10_CORTEX1 & 0xFF00) >> 7 ) | 0xF0 );
}
   0:	20f6      	movs	r0, #246	; 0xf6
   2:	4770      	bx	lr

Disassembly of section .text.I2C2GetAddressRx:

00000000 <I2C2GetAddressRx>:
I2C2GetAddressRx():
C:\cortex\dimmers\src/dimmers_i2c.c:112
u8      I2C2GetAddressRx ( void ){
    return (I2C2_SLAVE_ADDRESS10_CORTEX1 & 0x00FF);
   0:	2020      	movs	r0, #32
   2:	4770      	bx	lr
