
C:\cortex\dimmers\hex\stm32f10x_crc.o:     file format elf32-littlearm
C:\cortex\dimmers\hex\stm32f10x_crc.o


Disassembly of section .text.CRC_ResetDR:

00000000 <CRC_ResetDR>:
CRC_ResetDR():
C:\cortex\dimmers\stlibrary\src/stm32f10x_crc.c:40
* Return         : None
*******************************************************************************/
void CRC_ResetDR(void)
{
  /* Reset CRC generator */
  CRC->CR = CR_RESET_Set;
   0:	4b01      	ldr	r3, [pc, #4]	; (8 <CRC_ResetDR+0x8>)
   2:	2201      	movs	r2, #1
   4:	609a      	str	r2, [r3, #8]
C:\cortex\dimmers\stlibrary\src/stm32f10x_crc.c:41
}
   6:	4770      	bx	lr
   8:	40023000 	.word	0x40023000

Disassembly of section .text.CRC_CalcCRC:

00000000 <CRC_CalcCRC>:
CRC_CalcCRC():
C:\cortex\dimmers\stlibrary\src/stm32f10x_crc.c:52
* Output         : None
* Return         : 32-bit CRC
*******************************************************************************/
u32 CRC_CalcCRC(u32 Data)
{
  CRC->DR = Data;
   0:	4b01      	ldr	r3, [pc, #4]	; (8 <CRC_CalcCRC+0x8>)
   2:	6018      	str	r0, [r3, #0]
C:\cortex\dimmers\stlibrary\src/stm32f10x_crc.c:54
  
  return (CRC->DR);
   4:	6818      	ldr	r0, [r3, #0]
C:\cortex\dimmers\stlibrary\src/stm32f10x_crc.c:55
}
   6:	4770      	bx	lr
   8:	40023000 	.word	0x40023000

Disassembly of section .text.CRC_CalcBlockCRC:

00000000 <CRC_CalcBlockCRC>:
CRC_CalcBlockCRC():
C:\cortex\dimmers\stlibrary\src/stm32f10x_crc.c:67
*                  - BufferLength: length of the buffer to be computed					
* Output         : None
* Return         : 32-bit CRC
*******************************************************************************/
u32 CRC_CalcBlockCRC(u32 pBuffer[], u32 BufferLength)
{
   0:	b510      	push	{r4, lr}
C:\cortex\dimmers\stlibrary\src/stm32f10x_crc.c:70
  u32 index = 0;
  
  for(index = 0; index < BufferLength; index++)
   2:	2300      	movs	r3, #0
   4:	e003      	b.n	e <CRC_CalcBlockCRC+0xe>
C:\cortex\dimmers\stlibrary\src/stm32f10x_crc.c:72
  {
    CRC->DR = pBuffer[index];
   6:	f850 4b04 	ldr.w	r4, [r0], #4
C:\cortex\dimmers\stlibrary\src/stm32f10x_crc.c:70
*******************************************************************************/
u32 CRC_CalcBlockCRC(u32 pBuffer[], u32 BufferLength)
{
  u32 index = 0;
  
  for(index = 0; index < BufferLength; index++)
   a:	3301      	adds	r3, #1
C:\cortex\dimmers\stlibrary\src/stm32f10x_crc.c:72
  {
    CRC->DR = pBuffer[index];
   c:	6014      	str	r4, [r2, #0]
C:\cortex\dimmers\stlibrary\src/stm32f10x_crc.c:70
*******************************************************************************/
u32 CRC_CalcBlockCRC(u32 pBuffer[], u32 BufferLength)
{
  u32 index = 0;
  
  for(index = 0; index < BufferLength; index++)
   e:	428b      	cmp	r3, r1
  10:	4a01      	ldr	r2, [pc, #4]	; (18 <CRC_CalcBlockCRC+0x18>)
  12:	d3f8      	bcc.n	6 <CRC_CalcBlockCRC+0x6>
C:\cortex\dimmers\stlibrary\src/stm32f10x_crc.c:75
  {
    CRC->DR = pBuffer[index];
  }

  return (CRC->DR);
  14:	6810      	ldr	r0, [r2, #0]
C:\cortex\dimmers\stlibrary\src/stm32f10x_crc.c:76
}
  16:	bd10      	pop	{r4, pc}
  18:	40023000 	.word	0x40023000

Disassembly of section .text.CRC_GetCRC:

00000000 <CRC_GetCRC>:
CRC_GetCRC():
C:\cortex\dimmers\stlibrary\src/stm32f10x_crc.c:87
* Output         : None
* Return         : 32-bit CRC
*******************************************************************************/
u32 CRC_GetCRC(void)
{
  return (CRC->DR);
   0:	68184b01 	.word	0x68184b01
C:\cortex\dimmers\stlibrary\src/stm32f10x_crc.c:88
}
   4:	4770      	bx	lr
   6:	bf00      	nop
   8:	40023000 	.word	0x40023000

Disassembly of section .text.CRC_SetIDRegister:

00000000 <CRC_SetIDRegister>:
CRC_SetIDRegister():
C:\cortex\dimmers\stlibrary\src/stm32f10x_crc.c:99
* Output         : None
* Return         : None
*******************************************************************************/
void CRC_SetIDRegister(u8 IDValue)
{
  CRC->IDR = IDValue;
   0:	4b01      	ldr	r3, [pc, #4]	; (8 <CRC_SetIDRegister+0x8>)
   2:	7118      	strb	r0, [r3, #4]
C:\cortex\dimmers\stlibrary\src/stm32f10x_crc.c:100
}
   4:	4770      	bx	lr
   6:	bf00      	nop
   8:	40023000 	.word	0x40023000

Disassembly of section .text.CRC_GetIDRegister:

00000000 <CRC_GetIDRegister>:
CRC_GetIDRegister():
C:\cortex\dimmers\stlibrary\src/stm32f10x_crc.c:111
* Output         : None
* Return         : 8-bit value of the ID register 
*******************************************************************************/
u8 CRC_GetIDRegister(void)
{
  return (CRC->IDR);
   0:	4b01      	ldr	r3, [pc, #4]	; (8 <CRC_GetIDRegister+0x8>)
   2:	7918      	ldrb	r0, [r3, #4]
C:\cortex\dimmers\stlibrary\src/stm32f10x_crc.c:112
}
   4:	4770      	bx	lr
   6:	bf00      	nop
   8:	40023000 	.word	0x40023000
