
C:\cortex\dimmers\hex\stm32f10x_vector.o:     file format elf32-littlearm
C:\cortex\dimmers\hex\stm32f10x_vector.o

Disassembly of section .text.Reset_Handler:

00000000 <Reset_Handler>:
Reset_Handler():
C:\cortex\dimmers\src/stm32f10x_vector.c:154
* Input          :
* Output         :
* Return         :
*******************************************************************************/
void Reset_Handler(void)
{
   0:	4668      	mov	r0, sp
   2:	f020 0107 	bic.w	r1, r0, #7	; 0x7
   6:	468d      	mov	sp, r1
   8:	b501      	push	{r0, lr}
   a:	2100      	movs	r1, #0
   c:	e003      	b.n	16 <Reset_Handler+0x16>
C:\cortex\dimmers\src/stm32f10x_vector.c:161

     /* Copy the data segment initializers from flash to SRAM */
    pulSrc = &_sidata;
    for(pulDest = &_sdata; pulDest < &_edata; )
    {
        *(pulDest++) = *(pulSrc++);
   e:	4b11      	ldr	r3, [pc, #68]	(54 <Reset_Handler+0x54>)
  10:	585b      	ldr	r3, [r3, r1]
  12:	5043      	str	r3, [r0, r1]
  14:	3104      	adds	r1, #4
C:\cortex\dimmers\src/stm32f10x_vector.c:159
{
    unsigned long *pulSrc, *pulDest;

     /* Copy the data segment initializers from flash to SRAM */
    pulSrc = &_sidata;
    for(pulDest = &_sdata; pulDest < &_edata; )
  16:	4810      	ldr	r0, [pc, #64]	(58 <Reset_Handler+0x58>)
  18:	4b10      	ldr	r3, [pc, #64]	(5c <Reset_Handler+0x5c>)
  1a:	1842      	adds	r2, r0, r1
  1c:	429a      	cmp	r2, r3
  1e:	d3f6      	bcc.n	e <Reset_Handler+0xe>
  20:	4a0f      	ldr	r2, [pc, #60]	(60 <Reset_Handler+0x60>)
  22:	e002      	b.n	2a <Reset_Handler+0x2a>
C:\cortex\dimmers\src/stm32f10x_vector.c:166
        *(pulDest++) = *(pulSrc++);
    }
    /* Zero fill the bss segment.  */
    for(pulDest = &_sbss; pulDest < &_ebss; )
    {
        *(pulDest++) = 0;
  24:	2300      	movs	r3, #0
  26:	f842 3b04 	str.w	r3, [r2], #4
C:\cortex\dimmers\src/stm32f10x_vector.c:164
    for(pulDest = &_sdata; pulDest < &_edata; )
    {
        *(pulDest++) = *(pulSrc++);
    }
    /* Zero fill the bss segment.  */
    for(pulDest = &_sbss; pulDest < &_ebss; )
  2a:	4b0e      	ldr	r3, [pc, #56]	(64 <Reset_Handler+0x64>)
  2c:	429a      	cmp	r2, r3
  2e:	d3f9      	bcc.n	24 <Reset_Handler+0x24>
C:\cortex\dimmers\src/stm32f10x_vector.c:169
    {
        *(pulDest++) = 0;
    }

   if ( (RCC_CSR_ADR & RCC_CSR_WWDGRSTF) == RCC_CSR_WWDGRSTF ){
  30:	4a0d      	ldr	r2, [pc, #52]	(68 <Reset_Handler+0x68>)
  32:	6813      	ldr	r3, [r2, #0]
  34:	f013 4f80 	tst.w	r3, #1073741824	; 0x40000000
  38:	d005      	beq.n	46 <Reset_Handler+0x46>
C:\cortex\dimmers\src/stm32f10x_vector.c:170
        RCC_CSR_ADR |= RCC_CSR_RMVF;
  3a:	f043 7380 	orr.w	r3, r3, #16777216	; 0x1000000
  3e:	6013      	str	r3, [r2, #0]
C:\cortex\dimmers\src/stm32f10x_vector.c:171
        IsWatchdog = TRUE;
  40:	4b0a      	ldr	r3, [pc, #40]	(6c <Reset_Handler+0x6c>)
  42:	2201      	movs	r2, #1
  44:	701a      	strb	r2, [r3, #0]
C:\cortex\dimmers\src/stm32f10x_vector.c:175
    }

    /* Call the application's entry point.*/
    main();
  46:	f7ff fffe 	bl	0 <main>
C:\cortex\dimmers\src/stm32f10x_vector.c:176
}
  4a:	e8bd 4001 	ldmia.w	sp!, {r0, lr}
  4e:	4685      	mov	sp, r0
  50:	4770      	bx	lr
  52:	46c0      	nop			(mov r8, r8)
	...
  68:	40021024 	.word	0x40021024
  6c:	00000000 	.word	0x00000000
