
C:\cortex\dimmers\hex\dimmers_adc.o:     file format elf32-littlearm
C:\cortex\dimmers\hex\dimmers_adc.o

Disassembly of section .text.AdcReadTempValue:

00000000 <AdcReadTempValue>:
AdcReadTempValue():
C:\cortex\dimmers\src/dimmers_adc.c:147
* Return         : theVal
*******************************************************************************/
u16 AdcReadTempValue ( void ){

 
  ADC_TempSensorVrefintCmd(ENABLE);
   0:	2001      	movs	r0, #1
C:\cortex\dimmers\src/dimmers_adc.c:144
* Description    : reading cpy temp
* Input          : none
* Output         : None
* Return         : theVal
*******************************************************************************/
u16 AdcReadTempValue ( void ){
   2:	b510      	push	{r4, lr}
C:\cortex\dimmers\src/dimmers_adc.c:147

 
  ADC_TempSensorVrefintCmd(ENABLE);
   4:	f7ff fffe 	bl	0 <ADC_TempSensorVrefintCmd>
C:\cortex\dimmers\src/dimmers_adc.c:148
  ADC_SoftwareStartConvCmd(ADC1, ENABLE);
   8:	4806      	ldr	r0, [pc, #24]	(24 <AdcReadTempValue+0x24>)
   a:	2101      	movs	r1, #1
   c:	f7ff fffe 	bl	0 <ADC_SoftwareStartConvCmd>
C:\cortex\dimmers\src/dimmers_adc.c:149
  while(ADC_GetFlagStatus(ADC1, ADC_FLAG_EOC) == RESET);
  10:	4804      	ldr	r0, [pc, #16]	(24 <AdcReadTempValue+0x24>)
  12:	2102      	movs	r1, #2
  14:	f7ff fffe 	bl	0 <ADC_GetFlagStatus>
  18:	2800      	cmp	r0, #0
  1a:	d0f9      	beq.n	10 <AdcReadTempValue+0x10>
C:\cortex\dimmers\src/dimmers_adc.c:150
  return ADC_GetConversionValue(ADC1);
  1c:	4801      	ldr	r0, [pc, #4]	(24 <AdcReadTempValue+0x24>)
  1e:	f7ff fffe 	bl	0 <ADC_GetConversionValue>
C:\cortex\dimmers\src/dimmers_adc.c:151
}
  22:	bd10      	pop	{r4, pc}
  24:	40012400 	.word	0x40012400
Disassembly of section .text.AdcEnable:

00000000 <AdcEnable>:
AdcEnable():
C:\cortex\dimmers\src/dimmers_adc.c:132
* Description    : Enable/disable ADC1
* Input          : boolean ENABLE or DISABLE
* Output         : None
* Return         : None
*******************************************************************************/
void AdcEnable (bool enable){
   0:	b510      	push	{r4, lr}
   2:	4604      	mov	r4, r0
C:\cortex\dimmers\src/dimmers_adc.c:133
  ADC_Cmd(ADC1, enable);
   4:	4621      	mov	r1, r4
   6:	4804      	ldr	r0, [pc, #16]	(18 <AdcEnable+0x18>)
   8:	f7ff fffe 	bl	0 <ADC_Cmd>
C:\cortex\dimmers\src/dimmers_adc.c:134
  ADC_Cmd(ADC3, enable);
   c:	4803      	ldr	r0, [pc, #12]	(1c <AdcEnable+0x1c>)
   e:	4621      	mov	r1, r4
  10:	f7ff fffe 	bl	0 <ADC_Cmd>
C:\cortex\dimmers\src/dimmers_adc.c:135
}
  14:	bd10      	pop	{r4, pc}
  16:	46c0      	nop			(mov r8, r8)
  18:	40012400 	.word	0x40012400
  1c:	40013c00 	.word	0x40013c00
Disassembly of section .text.AdcCalibration:

00000000 <AdcCalibration>:
AdcCalibration():
C:\cortex\dimmers\src/dimmers_adc.c:111
* Description    : Calibrate ADC1
* Input          : None
* Output         : None
* Return         : None
*******************************************************************************/
void AdcCalibration (void){
   0:	b510      	push	{r4, lr}
C:\cortex\dimmers\src/dimmers_adc.c:113
  // first reset
  ADC_ResetCalibration(ADC1);
   2:	4810      	ldr	r0, [pc, #64]	(44 <AdcCalibration+0x44>)
   4:	f7ff fffe 	bl	0 <ADC_ResetCalibration>
C:\cortex\dimmers\src/dimmers_adc.c:114
  while(ADC_GetResetCalibrationStatus(ADC1));
   8:	480e      	ldr	r0, [pc, #56]	(3c <ADC_GetResetCalibrationStatus+0x3c>)
   a:	f7ff fffe 	bl	0 <ADC_GetResetCalibrationStatus>
   e:	2800      	cmp	r0, #0
  10:	d1fa      	bne.n	8 <AdcCalibration+0x8>
C:\cortex\dimmers\src/dimmers_adc.c:116
  // than do the cal
  ADC_StartCalibration(ADC1);
  12:	480c      	ldr	r0, [pc, #48]	(44 <AdcCalibration+0x44>)
  14:	f7ff fffe 	bl	0 <ADC_StartCalibration>
C:\cortex\dimmers\src/dimmers_adc.c:117
  while(ADC_GetCalibrationStatus(ADC1));
  18:	480a      	ldr	r0, [pc, #40]	(2c <ADC_GetCalibrationStatus+0x2c>)
  1a:	f7ff fffe 	bl	0 <ADC_GetCalibrationStatus>
  1e:	2800      	cmp	r0, #0
  20:	d1fa      	bne.n	18 <AdcCalibration+0x18>
C:\cortex\dimmers\src/dimmers_adc.c:119
      
  ADC_ResetCalibration(ADC3);
  22:	4809      	ldr	r0, [pc, #36]	(48 <AdcCalibration+0x48>)
  24:	f7ff fffe 	bl	0 <ADC_ResetCalibration>
C:\cortex\dimmers\src/dimmers_adc.c:120
  while(ADC_GetResetCalibrationStatus(ADC3));
  28:	4807      	ldr	r0, [pc, #28]	(20 <ADC_GetResetCalibrationStatus+0x20>)
  2a:	f7ff fffe 	bl	0 <ADC_GetResetCalibrationStatus>
  2e:	2800      	cmp	r0, #0
  30:	d1fa      	bne.n	28 <AdcCalibration+0x28>
C:\cortex\dimmers\src/dimmers_adc.c:122
  // than do the cal
  ADC_StartCalibration(ADC3);
  32:	4805      	ldr	r0, [pc, #20]	(48 <AdcCalibration+0x48>)
  34:	f7ff fffe 	bl	0 <ADC_StartCalibration>
C:\cortex\dimmers\src/dimmers_adc.c:123
  while(ADC_GetCalibrationStatus(ADC3));
  38:	4803      	ldr	r0, [pc, #12]	(10 <ADC_GetCalibrationStatus+0x10>)
  3a:	f7ff fffe 	bl	0 <ADC_GetCalibrationStatus>
  3e:	2800      	cmp	r0, #0
  40:	d1fa      	bne.n	38 <ADC_GetCalibrationStatus+0x38>
C:\cortex\dimmers\src/dimmers_adc.c:124
 }
  42:	bd10      	pop	{r4, pc}
  44:	40012400 	.word	0x40012400
  48:	40013c00 	.word	0x40013c00
Disassembly of section .text.AdcInit:

00000000 <AdcInit>:
AdcInit():
C:\cortex\dimmers\src/dimmers_adc.c:74
* Description    : Initialize ADC1
* Input          : None
* Output         : None
* Return         : None
*******************************************************************************/
void AdcInit (void){
   0:	e92d 4370 	stmdb	sp!, {r4, r5, r6, r8, r9, lr}
C:\cortex\dimmers\src/dimmers_adc.c:83
  x_ADC_InitStructure.ADC_ScanConvMode			= ENABLE;
  x_ADC_InitStructure.ADC_ContinuousConvMode	= DISABLE;
  x_ADC_InitStructure.ADC_ExternalTrigConv		= ADC_ExternalTrigConv_None;
  x_ADC_InitStructure.ADC_DataAlign				= ADC_DataAlign_Right;
  x_ADC_InitStructure.ADC_NbrOfChannel			= 1;
  ADC_Init(ADC1, &x_ADC_InitStructure);
   4:	4c21      	ldr	r4, [pc, #132]	(8c <AdcInit+0x8c>)
C:\cortex\dimmers\src/dimmers_adc.c:74
* Description    : Initialize ADC1
* Input          : None
* Output         : None
* Return         : None
*******************************************************************************/
void AdcInit (void){
   6:	b086      	sub	sp, #24
C:\cortex\dimmers\src/dimmers_adc.c:83
  x_ADC_InitStructure.ADC_ScanConvMode			= ENABLE;
  x_ADC_InitStructure.ADC_ContinuousConvMode	= DISABLE;
  x_ADC_InitStructure.ADC_ExternalTrigConv		= ADC_ExternalTrigConv_None;
  x_ADC_InitStructure.ADC_DataAlign				= ADC_DataAlign_Right;
  x_ADC_InitStructure.ADC_NbrOfChannel			= 1;
  ADC_Init(ADC1, &x_ADC_InitStructure);
   8:	f10d 0904 	add.w	r9, sp, #4	; 0x4
C:\cortex\dimmers\src/dimmers_adc.c:78
*******************************************************************************/
void AdcInit (void){
  ADC_InitTypeDef	x_ADC_InitStructure;

  x_ADC_InitStructure.ADC_Mode					= ADC_Mode_Independent;
  x_ADC_InitStructure.ADC_ScanConvMode			= ENABLE;
   c:	2501      	movs	r5, #1
C:\cortex\dimmers\src/dimmers_adc.c:77
* Return         : None
*******************************************************************************/
void AdcInit (void){
  ADC_InitTypeDef	x_ADC_InitStructure;

  x_ADC_InitStructure.ADC_Mode					= ADC_Mode_Independent;
   e:	2600      	movs	r6, #0
C:\cortex\dimmers\src/dimmers_adc.c:80
  x_ADC_InitStructure.ADC_ScanConvMode			= ENABLE;
  x_ADC_InitStructure.ADC_ContinuousConvMode	= DISABLE;
  x_ADC_InitStructure.ADC_ExternalTrigConv		= ADC_ExternalTrigConv_None;
  10:	f44f 2860 	mov.w	r8, #917504	; 0xe0000
C:\cortex\dimmers\src/dimmers_adc.c:83
  x_ADC_InitStructure.ADC_DataAlign				= ADC_DataAlign_Right;
  x_ADC_InitStructure.ADC_NbrOfChannel			= 1;
  ADC_Init(ADC1, &x_ADC_InitStructure);
  14:	4620      	mov	r0, r4
  16:	4649      	mov	r1, r9
C:\cortex\dimmers\src/dimmers_adc.c:77
* Return         : None
*******************************************************************************/
void AdcInit (void){
  ADC_InitTypeDef	x_ADC_InitStructure;

  x_ADC_InitStructure.ADC_Mode					= ADC_Mode_Independent;
  18:	9601      	str	r6, [sp, #4]
C:\cortex\dimmers\src/dimmers_adc.c:78
  x_ADC_InitStructure.ADC_ScanConvMode			= ENABLE;
  1a:	f88d 5008 	strb.w	r5, [sp, #8]
C:\cortex\dimmers\src/dimmers_adc.c:79
  x_ADC_InitStructure.ADC_ContinuousConvMode	= DISABLE;
  1e:	f88d 6009 	strb.w	r6, [sp, #9]
C:\cortex\dimmers\src/dimmers_adc.c:80
  x_ADC_InitStructure.ADC_ExternalTrigConv		= ADC_ExternalTrigConv_None;
  22:	f8cd 800c 	str.w	r8, [sp, #12]
C:\cortex\dimmers\src/dimmers_adc.c:81
  x_ADC_InitStructure.ADC_DataAlign				= ADC_DataAlign_Right;
  26:	9604      	str	r6, [sp, #16]
C:\cortex\dimmers\src/dimmers_adc.c:82
  x_ADC_InitStructure.ADC_NbrOfChannel			= 1;
  28:	f88d 5014 	strb.w	r5, [sp, #20]
C:\cortex\dimmers\src/dimmers_adc.c:83
  ADC_Init(ADC1, &x_ADC_InitStructure);
  2c:	f7ff fffe 	bl	0 <ADC_Init>
C:\cortex\dimmers\src/dimmers_adc.c:85

  ADC_ITConfig(ADC1, ADC_IT_EOC , ENABLE);
  30:	462a      	mov	r2, r5
  32:	4620      	mov	r0, r4
  34:	f44f 7108 	mov.w	r1, #544	; 0x220
  38:	f7ff fffe 	bl	0 <ADC_ITConfig>
C:\cortex\dimmers\src/dimmers_adc.c:87

  ADC_TempSensorVrefintCmd(ENABLE);
  3c:	4628      	mov	r0, r5
  3e:	f7ff fffe 	bl	0 <ADC_TempSensorVrefintCmd>
C:\cortex\dimmers\src/dimmers_adc.c:89

  ADC_RegularChannelConfig( ADC1 , ADC_Channel_16, 1 , ADC_SampleTime_28Cycles5 );
  42:	462a      	mov	r2, r5
  44:	2303      	movs	r3, #3
  46:	4620      	mov	r0, r4
  48:	2110      	movs	r1, #16
C:\cortex\dimmers\src/dimmers_adc.c:98
  x_ADC_InitStructure.ADC_ScanConvMode			= ENABLE;
  x_ADC_InitStructure.ADC_ContinuousConvMode	= DISABLE;
  x_ADC_InitStructure.ADC_ExternalTrigConv		= ADC_ExternalTrigConv_None;
  x_ADC_InitStructure.ADC_DataAlign				= ADC_DataAlign_Right;
  x_ADC_InitStructure.ADC_NbrOfChannel			= 1;
  ADC_Init(ADC3, &x_ADC_InitStructure);
  4a:	f504 54c0 	add.w	r4, r4, #6144	; 0x1800
C:\cortex\dimmers\src/dimmers_adc.c:89

  ADC_ITConfig(ADC1, ADC_IT_EOC , ENABLE);

  ADC_TempSensorVrefintCmd(ENABLE);

  ADC_RegularChannelConfig( ADC1 , ADC_Channel_16, 1 , ADC_SampleTime_28Cycles5 );
  4e:	f7ff fffe 	bl	0 <ADC_RegularChannelConfig>
C:\cortex\dimmers\src/dimmers_adc.c:98
  x_ADC_InitStructure.ADC_ScanConvMode			= ENABLE;
  x_ADC_InitStructure.ADC_ContinuousConvMode	= DISABLE;
  x_ADC_InitStructure.ADC_ExternalTrigConv		= ADC_ExternalTrigConv_None;
  x_ADC_InitStructure.ADC_DataAlign				= ADC_DataAlign_Right;
  x_ADC_InitStructure.ADC_NbrOfChannel			= 1;
  ADC_Init(ADC3, &x_ADC_InitStructure);
  52:	4620      	mov	r0, r4
  54:	4649      	mov	r1, r9
C:\cortex\dimmers\src/dimmers_adc.c:92
  ADC_TempSensorVrefintCmd(ENABLE);

  ADC_RegularChannelConfig( ADC1 , ADC_Channel_16, 1 , ADC_SampleTime_28Cycles5 );

  
  x_ADC_InitStructure.ADC_Mode					= ADC_Mode_Independent;
  56:	9601      	str	r6, [sp, #4]
C:\cortex\dimmers\src/dimmers_adc.c:93
  x_ADC_InitStructure.ADC_ScanConvMode			= ENABLE;
  58:	f88d 5008 	strb.w	r5, [sp, #8]
C:\cortex\dimmers\src/dimmers_adc.c:94
  x_ADC_InitStructure.ADC_ContinuousConvMode	= DISABLE;
  5c:	f88d 6009 	strb.w	r6, [sp, #9]
C:\cortex\dimmers\src/dimmers_adc.c:95
  x_ADC_InitStructure.ADC_ExternalTrigConv		= ADC_ExternalTrigConv_None;
  60:	f8cd 800c 	str.w	r8, [sp, #12]
C:\cortex\dimmers\src/dimmers_adc.c:96
  x_ADC_InitStructure.ADC_DataAlign				= ADC_DataAlign_Right;
  64:	9604      	str	r6, [sp, #16]
C:\cortex\dimmers\src/dimmers_adc.c:97
  x_ADC_InitStructure.ADC_NbrOfChannel			= 1;
  66:	f88d 5014 	strb.w	r5, [sp, #20]
C:\cortex\dimmers\src/dimmers_adc.c:98
  ADC_Init(ADC3, &x_ADC_InitStructure);
  6a:	f7ff fffe 	bl	0 <ADC_Init>
C:\cortex\dimmers\src/dimmers_adc.c:100

  ADC_RegularChannelConfig( ADC3, ADC_Channel_1, 1 , ADC_SampleTime_1Cycles5);
  6e:	4620      	mov	r0, r4
  70:	4629      	mov	r1, r5
  72:	462a      	mov	r2, r5
  74:	4633      	mov	r3, r6
  76:	f7ff fffe 	bl	0 <ADC_RegularChannelConfig>
C:\cortex\dimmers\src/dimmers_adc.c:102

  ADC_ITConfig(ADC3, ADC_IT_EOC , ENABLE);
  7a:	4620      	mov	r0, r4
  7c:	f44f 7108 	mov.w	r1, #544	; 0x220
  80:	462a      	mov	r2, r5
  82:	f7ff fffe 	bl	0 <ADC_ITConfig>
C:\cortex\dimmers\src/dimmers_adc.c:103
}
  86:	b006      	add	sp, #24
  88:	e8bd 8370 	ldmia.w	sp!, {r4, r5, r6, r8, r9, pc}
  8c:	40012400 	.word	0x40012400
Disassembly of section .text.AdcDmaInit:

00000000 <AdcDmaInit>:
AdcDmaInit():
C:\cortex\dimmers\src/dimmers_adc.c:25
* Description    : Bind DMA channel 1 on ADC1
* Input          : the buffer to link with DMA / buffersize
* Output         : None
* Return         : None
*******************************************************************************/
void AdcDmaInit (u16 * temp , u16 * zerocross ){
   0:	e92d 4ff0 	stmdb	sp!, {r4, r5, r6, r7, r8, r9, sl, fp, lr}
C:\cortex\dimmers\src/dimmers_adc.c:31

  DMA_InitTypeDef x_DMA_InitStructure;

  RCC_AHBPeriphClockCmd(RCC_AHBPeriph_DMA1 | RCC_AHBPeriph_DMA2, ENABLE);

  DMA_DeInit(DMA1_Channel1);
   4:	4d2a      	ldr	r5, [pc, #168]	(b0 <AdcDmaInit+0xb0>)
C:\cortex\dimmers\src/dimmers_adc.c:25
* Description    : Bind DMA channel 1 on ADC1
* Input          : the buffer to link with DMA / buffersize
* Output         : None
* Return         : None
*******************************************************************************/
void AdcDmaInit (u16 * temp , u16 * zerocross ){
   6:	b08d      	sub	sp, #52
   8:	4604      	mov	r4, r0
   a:	460f      	mov	r7, r1
C:\cortex\dimmers\src/dimmers_adc.c:29

  DMA_InitTypeDef x_DMA_InitStructure;

  RCC_AHBPeriphClockCmd(RCC_AHBPeriph_DMA1 | RCC_AHBPeriph_DMA2, ENABLE);
   c:	2003      	movs	r0, #3
   e:	2101      	movs	r1, #1
  10:	f7ff fffe 	bl	0 <RCC_AHBPeriphClockCmd>
C:\cortex\dimmers\src/dimmers_adc.c:31

  DMA_DeInit(DMA1_Channel1);
  14:	4628      	mov	r0, r5
  16:	f7ff fffe 	bl	0 <DMA_DeInit>
C:\cortex\dimmers\src/dimmers_adc.c:44
  x_DMA_InitStructure.DMA_MemoryDataSize		  = DMA_MemoryDataSize_HalfWord;
  x_DMA_InitStructure.DMA_Mode					      = DMA_Mode_Circular;
  x_DMA_InitStructure.DMA_Priority				    = DMA_Priority_Low;
  x_DMA_InitStructure.DMA_M2M					        = DMA_M2M_Disable;

  DMA_Init	(DMA1_Channel1, &x_DMA_InitStructure);
  1a:	f10d 0a04 	add.w	sl, sp, #4	; 0x4
C:\cortex\dimmers\src/dimmers_adc.c:32
  DMA_InitTypeDef x_DMA_InitStructure;

  RCC_AHBPeriphClockCmd(RCC_AHBPeriph_DMA1 | RCC_AHBPeriph_DMA2, ENABLE);

  DMA_DeInit(DMA1_Channel1);
  x_DMA_InitStructure.DMA_PeripheralBaseAddr  = ADC1_DR_Address;
  1e:	4b25      	ldr	r3, [pc, #148]	(b4 <AdcDmaInit+0xb4>)
C:\cortex\dimmers\src/dimmers_adc.c:35
  x_DMA_InitStructure.DMA_MemoryBaseAddr      = (u32)temp;
  x_DMA_InitStructure.DMA_DIR					        = DMA_DIR_PeripheralSRC;
  x_DMA_InitStructure.DMA_BufferSize			    = 1;
  20:	2601      	movs	r6, #1
C:\cortex\dimmers\src/dimmers_adc.c:33

  RCC_AHBPeriphClockCmd(RCC_AHBPeriph_DMA1 | RCC_AHBPeriph_DMA2, ENABLE);

  DMA_DeInit(DMA1_Channel1);
  x_DMA_InitStructure.DMA_PeripheralBaseAddr  = ADC1_DR_Address;
  x_DMA_InitStructure.DMA_MemoryBaseAddr      = (u32)temp;
  22:	9402      	str	r4, [sp, #8]
C:\cortex\dimmers\src/dimmers_adc.c:38
  x_DMA_InitStructure.DMA_DIR					        = DMA_DIR_PeripheralSRC;
  x_DMA_InitStructure.DMA_BufferSize			    = 1;
  x_DMA_InitStructure.DMA_PeripheralInc			  = DMA_PeripheralInc_Disable;
  x_DMA_InitStructure.DMA_MemoryInc				    = DMA_MemoryInc_Disable;
  x_DMA_InitStructure.DMA_PeripheralDataSize	= DMA_PeripheralDataSize_HalfWord;
  24:	f44f 7b80 	mov.w	fp, #256	; 0x100
C:\cortex\dimmers\src/dimmers_adc.c:34
  RCC_AHBPeriphClockCmd(RCC_AHBPeriph_DMA1 | RCC_AHBPeriph_DMA2, ENABLE);

  DMA_DeInit(DMA1_Channel1);
  x_DMA_InitStructure.DMA_PeripheralBaseAddr  = ADC1_DR_Address;
  x_DMA_InitStructure.DMA_MemoryBaseAddr      = (u32)temp;
  x_DMA_InitStructure.DMA_DIR					        = DMA_DIR_PeripheralSRC;
  28:	2400      	movs	r4, #0
C:\cortex\dimmers\src/dimmers_adc.c:39
  x_DMA_InitStructure.DMA_BufferSize			    = 1;
  x_DMA_InitStructure.DMA_PeripheralInc			  = DMA_PeripheralInc_Disable;
  x_DMA_InitStructure.DMA_MemoryInc				    = DMA_MemoryInc_Disable;
  x_DMA_InitStructure.DMA_PeripheralDataSize	= DMA_PeripheralDataSize_HalfWord;
  x_DMA_InitStructure.DMA_MemoryDataSize		  = DMA_MemoryDataSize_HalfWord;
  2a:	f44f 6980 	mov.w	r9, #1024	; 0x400
C:\cortex\dimmers\src/dimmers_adc.c:40
  x_DMA_InitStructure.DMA_Mode					      = DMA_Mode_Circular;
  2e:	f04f 0820 	mov.w	r8, #32	; 0x20
C:\cortex\dimmers\src/dimmers_adc.c:44
  x_DMA_InitStructure.DMA_Priority				    = DMA_Priority_Low;
  x_DMA_InitStructure.DMA_M2M					        = DMA_M2M_Disable;

  DMA_Init	(DMA1_Channel1, &x_DMA_InitStructure);
  32:	4628      	mov	r0, r5
  34:	4651      	mov	r1, sl
C:\cortex\dimmers\src/dimmers_adc.c:32
  DMA_InitTypeDef x_DMA_InitStructure;

  RCC_AHBPeriphClockCmd(RCC_AHBPeriph_DMA1 | RCC_AHBPeriph_DMA2, ENABLE);

  DMA_DeInit(DMA1_Channel1);
  x_DMA_InitStructure.DMA_PeripheralBaseAddr  = ADC1_DR_Address;
  36:	9301      	str	r3, [sp, #4]
C:\cortex\dimmers\src/dimmers_adc.c:34
  x_DMA_InitStructure.DMA_MemoryBaseAddr      = (u32)temp;
  x_DMA_InitStructure.DMA_DIR					        = DMA_DIR_PeripheralSRC;
  38:	9403      	str	r4, [sp, #12]
C:\cortex\dimmers\src/dimmers_adc.c:35
  x_DMA_InitStructure.DMA_BufferSize			    = 1;
  3a:	9604      	str	r6, [sp, #16]
C:\cortex\dimmers\src/dimmers_adc.c:36
  x_DMA_InitStructure.DMA_PeripheralInc			  = DMA_PeripheralInc_Disable;
  3c:	9405      	str	r4, [sp, #20]
C:\cortex\dimmers\src/dimmers_adc.c:37
  x_DMA_InitStructure.DMA_MemoryInc				    = DMA_MemoryInc_Disable;
  3e:	9406      	str	r4, [sp, #24]
C:\cortex\dimmers\src/dimmers_adc.c:38
  x_DMA_InitStructure.DMA_PeripheralDataSize	= DMA_PeripheralDataSize_HalfWord;
  40:	f8cd b01c 	str.w	fp, [sp, #28]
C:\cortex\dimmers\src/dimmers_adc.c:39
  x_DMA_InitStructure.DMA_MemoryDataSize		  = DMA_MemoryDataSize_HalfWord;
  44:	f8cd 9020 	str.w	r9, [sp, #32]
C:\cortex\dimmers\src/dimmers_adc.c:40
  x_DMA_InitStructure.DMA_Mode					      = DMA_Mode_Circular;
  48:	f8cd 8024 	str.w	r8, [sp, #36]
C:\cortex\dimmers\src/dimmers_adc.c:41
  x_DMA_InitStructure.DMA_Priority				    = DMA_Priority_Low;
  4c:	940a      	str	r4, [sp, #40]
C:\cortex\dimmers\src/dimmers_adc.c:42
  x_DMA_InitStructure.DMA_M2M					        = DMA_M2M_Disable;
  4e:	940b      	str	r4, [sp, #44]
C:\cortex\dimmers\src/dimmers_adc.c:44

  DMA_Init	(DMA1_Channel1, &x_DMA_InitStructure);
  50:	f7ff fffe 	bl	0 <DMA_Init>
C:\cortex\dimmers\src/dimmers_adc.c:45
  DMA_Cmd	(DMA1_Channel1, ENABLE);
  54:	4628      	mov	r0, r5
  56:	4631      	mov	r1, r6
  58:	f7ff fffe 	bl	0 <DMA_Cmd>
C:\cortex\dimmers\src/dimmers_adc.c:49
  
  ADC_DMACmd(ADC1, ENABLE);
  
  DMA_DeInit(DMA2_Channel5);
  5c:	f505 658a 	add.w	r5, r5, #1104	; 0x450
C:\cortex\dimmers\src/dimmers_adc.c:47
  x_DMA_InitStructure.DMA_M2M					        = DMA_M2M_Disable;

  DMA_Init	(DMA1_Channel1, &x_DMA_InitStructure);
  DMA_Cmd	(DMA1_Channel1, ENABLE);
  
  ADC_DMACmd(ADC1, ENABLE);
  60:	4631      	mov	r1, r6
  62:	4815      	ldr	r0, [pc, #84]	(b8 <AdcDmaInit+0xb8>)
  64:	f7ff fffe 	bl	0 <ADC_DMACmd>
C:\cortex\dimmers\src/dimmers_adc.c:49
  
  DMA_DeInit(DMA2_Channel5);
  68:	4628      	mov	r0, r5
  6a:	f7ff fffe 	bl	0 <DMA_DeInit>
C:\cortex\dimmers\src/dimmers_adc.c:50
  x_DMA_InitStructure.DMA_PeripheralBaseAddr	= ADC3_DR_Address;
  6e:	4b13      	ldr	r3, [pc, #76]	(bc <AdcDmaInit+0xbc>)
C:\cortex\dimmers\src/dimmers_adc.c:62
  x_DMA_InitStructure.DMA_MemoryDataSize		  = DMA_MemoryDataSize_HalfWord;
  x_DMA_InitStructure.DMA_Mode					      = DMA_Mode_Circular;
  x_DMA_InitStructure.DMA_Priority				    = DMA_Priority_High;
  x_DMA_InitStructure.DMA_M2M					        = DMA_M2M_Disable;

  DMA_Init	(DMA2_Channel5, &x_DMA_InitStructure);
  70:	4628      	mov	r0, r5
C:\cortex\dimmers\src/dimmers_adc.c:50
  DMA_Cmd	(DMA1_Channel1, ENABLE);
  
  ADC_DMACmd(ADC1, ENABLE);
  
  DMA_DeInit(DMA2_Channel5);
  x_DMA_InitStructure.DMA_PeripheralBaseAddr	= ADC3_DR_Address;
  72:	9301      	str	r3, [sp, #4]
C:\cortex\dimmers\src/dimmers_adc.c:62
  x_DMA_InitStructure.DMA_MemoryDataSize		  = DMA_MemoryDataSize_HalfWord;
  x_DMA_InitStructure.DMA_Mode					      = DMA_Mode_Circular;
  x_DMA_InitStructure.DMA_Priority				    = DMA_Priority_High;
  x_DMA_InitStructure.DMA_M2M					        = DMA_M2M_Disable;

  DMA_Init	(DMA2_Channel5, &x_DMA_InitStructure);
  74:	4651      	mov	r1, sl
C:\cortex\dimmers\src/dimmers_adc.c:59
  x_DMA_InitStructure.DMA_PeripheralInc			  = DMA_PeripheralInc_Disable;
  x_DMA_InitStructure.DMA_MemoryInc				    = DMA_MemoryInc_Disable;
  x_DMA_InitStructure.DMA_PeripheralDataSize	= DMA_PeripheralDataSize_HalfWord;
  x_DMA_InitStructure.DMA_MemoryDataSize		  = DMA_MemoryDataSize_HalfWord;
  x_DMA_InitStructure.DMA_Mode					      = DMA_Mode_Circular;
  x_DMA_InitStructure.DMA_Priority				    = DMA_Priority_High;
  76:	f44f 5300 	mov.w	r3, #8192	; 0x2000
  7a:	930a      	str	r3, [sp, #40]
C:\cortex\dimmers\src/dimmers_adc.c:51
  
  ADC_DMACmd(ADC1, ENABLE);
  
  DMA_DeInit(DMA2_Channel5);
  x_DMA_InitStructure.DMA_PeripheralBaseAddr	= ADC3_DR_Address;
  x_DMA_InitStructure.DMA_MemoryBaseAddr 		  = (u32)zerocross;
  7c:	9702      	str	r7, [sp, #8]
C:\cortex\dimmers\src/dimmers_adc.c:52
  x_DMA_InitStructure.DMA_DIR					        = DMA_DIR_PeripheralSRC;
  7e:	9403      	str	r4, [sp, #12]
C:\cortex\dimmers\src/dimmers_adc.c:53
  x_DMA_InitStructure.DMA_BufferSize			    = 1;
  80:	9604      	str	r6, [sp, #16]
C:\cortex\dimmers\src/dimmers_adc.c:54
  x_DMA_InitStructure.DMA_PeripheralInc			  = DMA_PeripheralInc_Disable;
  82:	9405      	str	r4, [sp, #20]
C:\cortex\dimmers\src/dimmers_adc.c:55
  x_DMA_InitStructure.DMA_MemoryInc				    = DMA_MemoryInc_Disable;
  84:	9406      	str	r4, [sp, #24]
C:\cortex\dimmers\src/dimmers_adc.c:56
  x_DMA_InitStructure.DMA_PeripheralDataSize	= DMA_PeripheralDataSize_HalfWord;
  86:	f8cd b01c 	str.w	fp, [sp, #28]
C:\cortex\dimmers\src/dimmers_adc.c:57
  x_DMA_InitStructure.DMA_MemoryDataSize		  = DMA_MemoryDataSize_HalfWord;
  8a:	f8cd 9020 	str.w	r9, [sp, #32]
C:\cortex\dimmers\src/dimmers_adc.c:58
  x_DMA_InitStructure.DMA_Mode					      = DMA_Mode_Circular;
  8e:	f8cd 8024 	str.w	r8, [sp, #36]
C:\cortex\dimmers\src/dimmers_adc.c:60
  x_DMA_InitStructure.DMA_Priority				    = DMA_Priority_High;
  x_DMA_InitStructure.DMA_M2M					        = DMA_M2M_Disable;
  92:	940b      	str	r4, [sp, #44]
C:\cortex\dimmers\src/dimmers_adc.c:62

  DMA_Init	(DMA2_Channel5, &x_DMA_InitStructure);
  94:	f7ff fffe 	bl	0 <DMA_Init>
C:\cortex\dimmers\src/dimmers_adc.c:63
  DMA_Cmd	(DMA2_Channel5, ENABLE);
  98:	4628      	mov	r0, r5
  9a:	4631      	mov	r1, r6
  9c:	f7ff fffe 	bl	0 <DMA_Cmd>
C:\cortex\dimmers\src/dimmers_adc.c:65
  
  ADC_DMACmd(ADC3, ENABLE);
  a0:	4807      	ldr	r0, [pc, #28]	(c0 <AdcDmaInit+0xc0>)
  a2:	4631      	mov	r1, r6
  a4:	f7ff fffe 	bl	0 <ADC_DMACmd>
C:\cortex\dimmers\src/dimmers_adc.c:66
}
  a8:	b00d      	add	sp, #52
  aa:	e8bd 8ff0 	ldmia.w	sp!, {r4, r5, r6, r7, r8, r9, sl, fp, pc}
  ae:	46c0      	nop			(mov r8, r8)
  b0:	40020008 	.word	0x40020008
  b4:	4001244c 	.word	0x4001244c
  b8:	40012400 	.word	0x40012400
  bc:	40013c4c 	.word	0x40013c4c
  c0:	40013c00 	.word	0x40013c00
