
C:\cortex\dimmers\hex\stm32f10x_flash.o:     file format elf32-littlearm
C:\cortex\dimmers\hex\stm32f10x_flash.o


Disassembly of section .text.FLASH_SetLatency:

00000000 <FLASH_SetLatency>:
FLASH_SetLatency():
C:\cortex\dimmers\stlibrary\src/stm32f10x_flash.c:92
{
  /* Check the parameters */
  assert_param(IS_FLASH_LATENCY(FLASH_Latency));
  
  /* Sets the Latency value */
  FLASH->ACR &= ACR_LATENCY_Mask;
   0:	4b04      	ldr	r3, [pc, #16]	; (14 <FLASH_SetLatency+0x14>)
   2:	681a      	ldr	r2, [r3, #0]
   4:	f002 0238 	and.w	r2, r2, #56	; 0x38
   8:	601a      	str	r2, [r3, #0]
C:\cortex\dimmers\stlibrary\src/stm32f10x_flash.c:93
  FLASH->ACR |= FLASH_Latency;
   a:	681a      	ldr	r2, [r3, #0]
   c:	ea40 0202 	orr.w	r2, r0, r2
  10:	601a      	str	r2, [r3, #0]
C:\cortex\dimmers\stlibrary\src/stm32f10x_flash.c:94
}
  12:	4770      	bx	lr
  14:	40022000 	.word	0x40022000

Disassembly of section .text.FLASH_HalfCycleAccessCmd:

00000000 <FLASH_HalfCycleAccessCmd>:
FLASH_HalfCycleAccessCmd():
C:\cortex\dimmers\stlibrary\src/stm32f10x_flash.c:112
{
  /* Check the parameters */
  assert_param(IS_FLASH_HALFCYCLEACCESS_STATE(FLASH_HalfCycleAccess));
  
  /* Enable or disable the Half cycle access */
  FLASH->ACR &= ACR_HLFCYA_Mask;
   0:	4b04      	ldr	r3, [pc, #16]	; (14 <FLASH_HalfCycleAccessCmd+0x14>)
   2:	681a      	ldr	r2, [r3, #0]
   4:	f022 0208 	bic.w	r2, r2, #8
   8:	601a      	str	r2, [r3, #0]
C:\cortex\dimmers\stlibrary\src/stm32f10x_flash.c:113
  FLASH->ACR |= FLASH_HalfCycleAccess;
   a:	681a      	ldr	r2, [r3, #0]
   c:	ea40 0202 	orr.w	r2, r0, r2
  10:	601a      	str	r2, [r3, #0]
C:\cortex\dimmers\stlibrary\src/stm32f10x_flash.c:114
}
  12:	4770      	bx	lr
  14:	40022000 	.word	0x40022000

Disassembly of section .text.FLASH_PrefetchBufferCmd:

00000000 <FLASH_PrefetchBufferCmd>:
FLASH_PrefetchBufferCmd():
C:\cortex\dimmers\stlibrary\src/stm32f10x_flash.c:132
{
  /* Check the parameters */
  assert_param(IS_FLASH_PREFETCHBUFFER_STATE(FLASH_PrefetchBuffer));
  
  /* Enable or disable the Prefetch Buffer */
  FLASH->ACR &= ACR_PRFTBE_Mask;
   0:	4b04      	ldr	r3, [pc, #16]	; (14 <FLASH_PrefetchBufferCmd+0x14>)
   2:	681a      	ldr	r2, [r3, #0]
   4:	f022 0210 	bic.w	r2, r2, #16
   8:	601a      	str	r2, [r3, #0]
C:\cortex\dimmers\stlibrary\src/stm32f10x_flash.c:133
  FLASH->ACR |= FLASH_PrefetchBuffer;
   a:	681a      	ldr	r2, [r3, #0]
   c:	ea40 0202 	orr.w	r2, r0, r2
  10:	601a      	str	r2, [r3, #0]
C:\cortex\dimmers\stlibrary\src/stm32f10x_flash.c:134
}
  12:	4770      	bx	lr
  14:	40022000 	.word	0x40022000

Disassembly of section .text.FLASH_Unlock:

00000000 <FLASH_Unlock>:
FLASH_Unlock():
C:\cortex\dimmers\stlibrary\src/stm32f10x_flash.c:147
* Return         : None
*******************************************************************************/
void FLASH_Unlock(void)
{
  /* Authorize the FPEC Access */
  FLASH->KEYR = FLASH_KEY1;
   0:	4a034b02 	.word	0x4a034b02
   4:	605a      	str	r2, [r3, #4]
C:\cortex\dimmers\stlibrary\src/stm32f10x_flash.c:148
  FLASH->KEYR = FLASH_KEY2;
   6:	4a03      	ldr	r2, [pc, #12]	; (14 <FLASH_Unlock+0x14>)
   8:	605a      	str	r2, [r3, #4]
C:\cortex\dimmers\stlibrary\src/stm32f10x_flash.c:149
}
   a:	4770      	bx	lr
   c:	40022000 	.word	0x40022000
  10:	45670123 	.word	0x45670123
  14:	cdef89ab 	.word	0xcdef89ab

Disassembly of section .text.FLASH_Lock:

00000000 <FLASH_Lock>:
FLASH_Lock():
C:\cortex\dimmers\stlibrary\src/stm32f10x_flash.c:161
* Return         : None
*******************************************************************************/
void FLASH_Lock(void)
{
  /* Set the Lock Bit to lock the FPEC and the FCR */
  FLASH->CR |= CR_LOCK_Set;
   0:	4b02      	ldr	r3, [pc, #8]	; (c <FLASH_Lock+0xc>)
   2:	691a      	ldr	r2, [r3, #16]
   4:	f042 0280 	orr.w	r2, r2, #128	; 0x80
   8:	611a      	str	r2, [r3, #16]
C:\cortex\dimmers\stlibrary\src/stm32f10x_flash.c:162
}
   a:	4770      	bx	lr
   c:	40022000 	.word	0x40022000

Disassembly of section .text.FLASH_GetUserOptionByte:

00000000 <FLASH_GetUserOptionByte>:
FLASH_GetUserOptionByte():
C:\cortex\dimmers\stlibrary\src/stm32f10x_flash.c:665
*                  and RST_STDBY(Bit2).
*******************************************************************************/
u32 FLASH_GetUserOptionByte(void)
{
  /* Return the User Option Byte */
  return (u32)(FLASH->OBR >> 2);
   0:	69d84b01 	.word	0x69d84b01
C:\cortex\dimmers\stlibrary\src/stm32f10x_flash.c:666
}
   4:	0880      	lsrs	r0, r0, #2
   6:	4770      	bx	lr
   8:	40022000 	.word	0x40022000

Disassembly of section .text.FLASH_GetWriteProtectionOptionByte:

00000000 <FLASH_GetWriteProtectionOptionByte>:
FLASH_GetWriteProtectionOptionByte():
C:\cortex\dimmers\stlibrary\src/stm32f10x_flash.c:678
* Return         : The FLASH Write Protection  Option Bytes Register value
*******************************************************************************/
u32 FLASH_GetWriteProtectionOptionByte(void)
{
  /* Return the Falsh write protection Register value */
  return (u32)(FLASH->WRPR);
   0:	4b01      	ldr	r3, [pc, #4]	; (8 <FLASH_GetWriteProtectionOptionByte+0x8>)
   2:	6a18      	ldr	r0, [r3, #32]
C:\cortex\dimmers\stlibrary\src/stm32f10x_flash.c:679
}
   4:	4770      	bx	lr
   6:	bf00      	nop
   8:	40022000 	.word	0x40022000

Disassembly of section .text.FLASH_GetReadOutProtectionStatus:

00000000 <FLASH_GetReadOutProtectionStatus>:
FLASH_GetReadOutProtectionStatus():
C:\cortex\dimmers\stlibrary\src/stm32f10x_flash.c:693
*******************************************************************************/
FlagStatus FLASH_GetReadOutProtectionStatus(void)
{
  FlagStatus readoutstatus = RESET;

  if ((FLASH->OBR & RDPRT_Mask) != (u32)RESET)
   0:	4b02      	ldr	r3, [pc, #8]	; (c <FLASH_GetReadOutProtectionStatus+0xc>)
   2:	69d8      	ldr	r0, [r3, #28]
C:\cortex\dimmers\stlibrary\src/stm32f10x_flash.c:702
  else
  {
    readoutstatus = RESET;
  }
  return readoutstatus;
}
   4:	f3c0 0040 	ubfx	r0, r0, #1, #1
   8:	4770      	bx	lr
   a:	bf00      	nop
   c:	40022000 	.word	0x40022000

Disassembly of section .text.FLASH_GetPrefetchBufferStatus:

00000000 <FLASH_GetPrefetchBufferStatus>:
FLASH_GetPrefetchBufferStatus():
C:\cortex\dimmers\stlibrary\src/stm32f10x_flash.c:715
*******************************************************************************/
FlagStatus FLASH_GetPrefetchBufferStatus(void)
{
  FlagStatus bitstatus = RESET;
  
  if ((FLASH->ACR & ACR_PRFTBS_Mask) != (u32)RESET)
   0:	4b02      	ldr	r3, [pc, #8]	; (c <FLASH_GetPrefetchBufferStatus+0xc>)
   2:	6818      	ldr	r0, [r3, #0]
C:\cortex\dimmers\stlibrary\src/stm32f10x_flash.c:725
  {
    bitstatus = RESET;
  }
  /* Return the new state of FLASH Prefetch Buffer Status (SET or RESET) */
  return bitstatus; 
}
   4:	f3c0 1040 	ubfx	r0, r0, #5, #1
   8:	4770      	bx	lr
   a:	bf00      	nop
   c:	40022000 	.word	0x40022000

Disassembly of section .text.FLASH_ITConfig:

00000000 <FLASH_ITConfig>:
FLASH_ITConfig():
C:\cortex\dimmers\stlibrary\src/stm32f10x_flash.c:739
*                       - FLASH_IT_EOP: FLASH end of operation Interrupt
* Output         : None
* Return         : None 
*******************************************************************************/
void FLASH_ITConfig(u16 FLASH_IT, FunctionalState NewState)
{
   0:	4b04      	ldr	r3, [pc, #16]	; (14 <FLASH_ITConfig+0x14>)
C:\cortex\dimmers\stlibrary\src/stm32f10x_flash.c:744
  /* Check the parameters */
  assert_param(IS_FLASH_IT(FLASH_IT)); 
  assert_param(IS_FUNCTIONAL_STATE(NewState));

  if(NewState != DISABLE)
   2:	b111      	cbz	r1, a <FLASH_ITConfig+0xa>
C:\cortex\dimmers\stlibrary\src/stm32f10x_flash.c:747
  {
    /* Enable the interrupt sources */
    FLASH->CR |= FLASH_IT;
   4:	691a      	ldr	r2, [r3, #16]
   6:	4310      	orrs	r0, r2
   8:	e002      	b.n	10 <FLASH_ITConfig+0x10>
C:\cortex\dimmers\stlibrary\src/stm32f10x_flash.c:752
  }
  else
  {
    /* Disable the interrupt sources */
    FLASH->CR &= ~(u32)FLASH_IT;
   a:	691a      	ldr	r2, [r3, #16]
   c:	ea22 0000 	bic.w	r0, r2, r0
  10:	6118      	str	r0, [r3, #16]
  12:	4770      	bx	lr
  14:	40022000 	.word	0x40022000

Disassembly of section .text.FLASH_GetFlagStatus:

00000000 <FLASH_GetFlagStatus>:
FLASH_GetFlagStatus():
C:\cortex\dimmers\stlibrary\src/stm32f10x_flash.c:776
  FlagStatus bitstatus = RESET;

  /* Check the parameters */
  assert_param(IS_FLASH_GET_FLAG(FLASH_FLAG)) ;

  if(FLASH_FLAG == FLASH_FLAG_OPTERR) 
   0:	2801      	cmp	r0, #1
   2:	4b06      	ldr	r3, [pc, #24]	; (1c <FLASH_GetFlagStatus+0x1c>)
   4:	d103      	bne.n	e <FLASH_GetFlagStatus+0xe>
C:\cortex\dimmers\stlibrary\src/stm32f10x_flash.c:778
  {
    if((FLASH->OBR & FLASH_FLAG_OPTERR) != (u32)RESET)
   6:	69d8      	ldr	r0, [r3, #28]
C:\cortex\dimmers\stlibrary\src/stm32f10x_flash.c:784
    {
      bitstatus = SET;
    }
    else
    {
      bitstatus = RESET;
   8:	f000 0001 	and.w	r0, r0, #1
   c:	4770      	bx	lr
C:\cortex\dimmers\stlibrary\src/stm32f10x_flash.c:789
    }
  }
  else
  {
   if((FLASH->SR & FLASH_FLAG) != (u32)RESET)
   e:	68db      	ldr	r3, [r3, #12]
C:\cortex\dimmers\stlibrary\src/stm32f10x_flash.c:784
    {
      bitstatus = SET;
    }
    else
    {
      bitstatus = RESET;
  10:	4218      	tst	r0, r3
  12:	bf0c      	ite	eq
  14:	2000      	moveq	r0, #0
  16:	2001      	movne	r0, #1
C:\cortex\dimmers\stlibrary\src/stm32f10x_flash.c:800
      bitstatus = RESET;
    }
  }
  /* Return the new state of FLASH_FLAG (SET or RESET) */
  return bitstatus;
}
  18:	4770      	bx	lr
  1a:	bf00      	nop
  1c:	40022000 	.word	0x40022000

Disassembly of section .text.FLASH_ClearFlag:

00000000 <FLASH_ClearFlag>:
FLASH_ClearFlag():
C:\cortex\dimmers\stlibrary\src/stm32f10x_flash.c:820
{
  /* Check the parameters */
  assert_param(IS_FLASH_CLEAR_FLAG(FLASH_FLAG)) ;
  
  /* Clear the flags */
  FLASH->SR = FLASH_FLAG;
   0:	60d84b01 	.word	0x60d84b01
C:\cortex\dimmers\stlibrary\src/stm32f10x_flash.c:821
}
   4:	4770      	bx	lr
   6:	bf00      	nop
   8:	40022000 	.word	0x40022000

Disassembly of section .text.FLASH_GetStatus:

00000000 <FLASH_GetStatus>:
FLASH_GetStatus():
C:\cortex\dimmers\stlibrary\src/stm32f10x_flash.c:835
*******************************************************************************/
FLASH_Status FLASH_GetStatus(void)
{
  FLASH_Status flashstatus = FLASH_COMPLETE;
  
  if((FLASH->SR & FLASH_FLAG_BSY) == FLASH_FLAG_BSY) 
   0:	4b0a      	ldr	r3, [pc, #40]	; (2c <FLASH_GetStatus+0x2c>)
   2:	68da      	ldr	r2, [r3, #12]
   4:	f012 0f01 	tst.w	r2, #1
   8:	d10b      	bne.n	22 <FLASH_GetStatus+0x22>
C:\cortex\dimmers\stlibrary\src/stm32f10x_flash.c:841
  {
    flashstatus = FLASH_BUSY;
  }
  else 
  {  
    if(FLASH->SR & FLASH_FLAG_PGERR)
   a:	68da      	ldr	r2, [r3, #12]
   c:	f012 0f04 	tst.w	r2, #4
  10:	d109      	bne.n	26 <FLASH_GetStatus+0x26>
C:\cortex\dimmers\stlibrary\src/stm32f10x_flash.c:847
    { 
      flashstatus = FLASH_ERROR_PG;
    }
    else 
    {
      if(FLASH->SR & FLASH_FLAG_WRPRTERR)
  12:	68d8      	ldr	r0, [r3, #12]
  14:	f000 0010 	and.w	r0, r0, #16
C:\cortex\dimmers\stlibrary\src/stm32f10x_flash.c:849
      {
        flashstatus = FLASH_ERROR_WRP;
  18:	2800      	cmp	r0, #0
  1a:	bf0c      	ite	eq
  1c:	2004      	moveq	r0, #4
  1e:	2003      	movne	r0, #3
  20:	4770      	bx	lr
C:\cortex\dimmers\stlibrary\src/stm32f10x_flash.c:837
{
  FLASH_Status flashstatus = FLASH_COMPLETE;
  
  if((FLASH->SR & FLASH_FLAG_BSY) == FLASH_FLAG_BSY) 
  {
    flashstatus = FLASH_BUSY;
  22:	2001      	movs	r0, #1
  24:	4770      	bx	lr
C:\cortex\dimmers\stlibrary\src/stm32f10x_flash.c:843
  }
  else 
  {  
    if(FLASH->SR & FLASH_FLAG_PGERR)
    { 
      flashstatus = FLASH_ERROR_PG;
  26:	2002      	movs	r0, #2
C:\cortex\dimmers\stlibrary\src/stm32f10x_flash.c:859
      }
    }
  }
  /* Return the Flash Status */
  return flashstatus;
}
  28:	4770      	bx	lr
  2a:	bf00      	nop
  2c:	40022000 	.word	0x40022000

Disassembly of section .text.FLASH_WaitForLastOperation:

00000000 <FLASH_WaitForLastOperation>:
FLASH_WaitForLastOperation():
C:\cortex\dimmers\stlibrary\src/stm32f10x_flash.c:871
* Return         : FLASH Status: The returned value can be: FLASH_BUSY, 
*                  FLASH_ERROR_PG, FLASH_ERROR_WRP, FLASH_COMPLETE or 
*                  FLASH_TIMEOUT.
*******************************************************************************/
FLASH_Status FLASH_WaitForLastOperation(u32 Timeout)
{ 
   0:	b513      	push	{r0, r1, r4, lr}
   2:	4604      	mov	r4, r0
C:\cortex\dimmers\stlibrary\src/stm32f10x_flash.c:875
  FLASH_Status status = FLASH_COMPLETE;
   
  /* Check for the Flash Status */
  status = FLASH_GetStatus();
   4:	f7ff fffe 	bl	0 <FLASH_WaitForLastOperation>
C:\cortex\dimmers\stlibrary\src/stm32f10x_flash.c:878

  /* Wait for a Flash operation to complete or a TIMEOUT to occur */
  while((status == FLASH_BUSY) && (Timeout != 0x00))
   8:	e00c      	b.n	24 <FLASH_WaitForLastOperation+0x24>
delay():
C:\cortex\dimmers\stlibrary\src/stm32f10x_flash.c:903
* Output         : None
* Return         : None
*******************************************************************************/
static void delay(void)
{
  vu32 i = 0;
   a:	2300      	movs	r3, #0
   c:	9301      	str	r3, [sp, #4]
C:\cortex\dimmers\stlibrary\src/stm32f10x_flash.c:905

  for(i = 0xFF; i != 0; i--)
   e:	33ff      	adds	r3, #255	; 0xff
  10:	e001      	b.n	16 <FLASH_WaitForLastOperation+0x16>
  12:	9b01      	ldr	r3, [sp, #4]
  14:	3b01      	subs	r3, #1
  16:	9301      	str	r3, [sp, #4]
  18:	9b01      	ldr	r3, [sp, #4]
  1a:	2b00      	cmp	r3, #0
  1c:	d1f9      	bne.n	12 <FLASH_WaitForLastOperation+0x12>
FLASH_WaitForLastOperation():
C:\cortex\dimmers\stlibrary\src/stm32f10x_flash.c:881

  /* Wait for a Flash operation to complete or a TIMEOUT to occur */
  while((status == FLASH_BUSY) && (Timeout != 0x00))
  {
    delay();
    status = FLASH_GetStatus();
  1e:	f7ff fffe 	bl	0 <FLASH_WaitForLastOperation>
C:\cortex\dimmers\stlibrary\src/stm32f10x_flash.c:882
    Timeout--;
  22:	3c01      	subs	r4, #1
C:\cortex\dimmers\stlibrary\src/stm32f10x_flash.c:878
   
  /* Check for the Flash Status */
  status = FLASH_GetStatus();

  /* Wait for a Flash operation to complete or a TIMEOUT to occur */
  while((status == FLASH_BUSY) && (Timeout != 0x00))
  24:	2801      	cmp	r0, #1
  26:	d103      	bne.n	30 <FLASH_WaitForLastOperation+0x30>
  28:	2c00      	cmp	r4, #0
  2a:	d1ee      	bne.n	a <FLASH_WaitForLastOperation+0xa>
C:\cortex\dimmers\stlibrary\src/stm32f10x_flash.c:887
    Timeout--;
  }

  if(Timeout == 0x00 )
  {
    status = FLASH_TIMEOUT;
  2c:	3004      	adds	r0, #4
  2e:	e002      	b.n	36 <FLASH_WaitForLastOperation+0x36>
  30:	2c00      	cmp	r4, #0
  32:	bf08      	it	eq
  34:	2005      	moveq	r0, #5
C:\cortex\dimmers\stlibrary\src/stm32f10x_flash.c:892
  }

  /* Return the operation status */
  return status;
}
  36:	bd1c      	pop	{r2, r3, r4, pc}

Disassembly of section .text.FLASH_UserOptionByteConfig:

00000000 <FLASH_UserOptionByteConfig>:
FLASH_UserOptionByteConfig():
C:\cortex\dimmers\stlibrary\src/stm32f10x_flash.c:619
* Return         : FLASH Status: The returned value can be: FLASH_BUSY, 
*                  FLASH_ERROR_PG, FLASH_ERROR_WRP, FLASH_COMPLETE or 
*                  FLASH_TIMEOUT.
*******************************************************************************/
FLASH_Status FLASH_UserOptionByteConfig(u16 OB_IWDG, u16 OB_STOP, u16 OB_STDBY)
{
   0:	b5f8      	push	{r3, r4, r5, r6, r7, lr}
C:\cortex\dimmers\stlibrary\src/stm32f10x_flash.c:628
  assert_param(IS_OB_IWDG_SOURCE(OB_IWDG));
  assert_param(IS_OB_STOP_SOURCE(OB_STOP));
  assert_param(IS_OB_STDBY_SOURCE(OB_STDBY));

  /* Authorize the small information block programming */
  FLASH->OPTKEYR = FLASH_KEY1;
   2:	4e11      	ldr	r6, [pc, #68]	; (48 <FLASH_UserOptionByteConfig+0x48>)
   4:	4b11      	ldr	r3, [pc, #68]	; (4c <FLASH_UserOptionByteConfig+0x4c>)
C:\cortex\dimmers\stlibrary\src/stm32f10x_flash.c:619
* Return         : FLASH Status: The returned value can be: FLASH_BUSY, 
*                  FLASH_ERROR_PG, FLASH_ERROR_WRP, FLASH_COMPLETE or 
*                  FLASH_TIMEOUT.
*******************************************************************************/
FLASH_Status FLASH_UserOptionByteConfig(u16 OB_IWDG, u16 OB_STOP, u16 OB_STDBY)
{
   6:	4604      	mov	r4, r0
C:\cortex\dimmers\stlibrary\src/stm32f10x_flash.c:628
  assert_param(IS_OB_IWDG_SOURCE(OB_IWDG));
  assert_param(IS_OB_STOP_SOURCE(OB_STOP));
  assert_param(IS_OB_STDBY_SOURCE(OB_STDBY));

  /* Authorize the small information block programming */
  FLASH->OPTKEYR = FLASH_KEY1;
   8:	60b3      	str	r3, [r6, #8]
C:\cortex\dimmers\stlibrary\src/stm32f10x_flash.c:629
  FLASH->OPTKEYR = FLASH_KEY2;
   a:	4b11      	ldr	r3, [pc, #68]	; (50 <FLASH_UserOptionByteConfig+0x50>)
C:\cortex\dimmers\stlibrary\src/stm32f10x_flash.c:632
  
  /* Wait for last operation to be completed */
  status = FLASH_WaitForLastOperation(ProgramTimeout);
   c:	200f      	movs	r0, #15
C:\cortex\dimmers\stlibrary\src/stm32f10x_flash.c:629
  assert_param(IS_OB_STOP_SOURCE(OB_STOP));
  assert_param(IS_OB_STDBY_SOURCE(OB_STDBY));

  /* Authorize the small information block programming */
  FLASH->OPTKEYR = FLASH_KEY1;
  FLASH->OPTKEYR = FLASH_KEY2;
   e:	60b3      	str	r3, [r6, #8]
C:\cortex\dimmers\stlibrary\src/stm32f10x_flash.c:619
* Return         : FLASH Status: The returned value can be: FLASH_BUSY, 
*                  FLASH_ERROR_PG, FLASH_ERROR_WRP, FLASH_COMPLETE or 
*                  FLASH_TIMEOUT.
*******************************************************************************/
FLASH_Status FLASH_UserOptionByteConfig(u16 OB_IWDG, u16 OB_STOP, u16 OB_STDBY)
{
  10:	460d      	mov	r5, r1
  12:	4617      	mov	r7, r2
C:\cortex\dimmers\stlibrary\src/stm32f10x_flash.c:632
  /* Authorize the small information block programming */
  FLASH->OPTKEYR = FLASH_KEY1;
  FLASH->OPTKEYR = FLASH_KEY2;
  
  /* Wait for last operation to be completed */
  status = FLASH_WaitForLastOperation(ProgramTimeout);
  14:	f7ff fffe 	bl	0 <FLASH_UserOptionByteConfig>
C:\cortex\dimmers\stlibrary\src/stm32f10x_flash.c:634
  
  if(status == FLASH_COMPLETE)
  18:	2804      	cmp	r0, #4
  1a:	d114      	bne.n	46 <FLASH_UserOptionByteConfig+0x46>
C:\cortex\dimmers\stlibrary\src/stm32f10x_flash.c:637
  {  
    /* Enable the Option Bytes Programming operation */
    FLASH->CR |= CR_OPTPG_Set; 
  1c:	6933      	ldr	r3, [r6, #16]
C:\cortex\dimmers\stlibrary\src/stm32f10x_flash.c:639
           
    OB->USER = ( OB_IWDG | OB_STOP |OB_STDBY) | (u16)0xF8; 
  1e:	f044 04f8 	orr.w	r4, r4, #248	; 0xf8
C:\cortex\dimmers\stlibrary\src/stm32f10x_flash.c:637
  status = FLASH_WaitForLastOperation(ProgramTimeout);
  
  if(status == FLASH_COMPLETE)
  {  
    /* Enable the Option Bytes Programming operation */
    FLASH->CR |= CR_OPTPG_Set; 
  22:	f043 0310 	orr.w	r3, r3, #16
  26:	6133      	str	r3, [r6, #16]
C:\cortex\dimmers\stlibrary\src/stm32f10x_flash.c:639
           
    OB->USER = ( OB_IWDG | OB_STOP |OB_STDBY) | (u16)0xF8; 
  28:	4325      	orrs	r5, r4
  2a:	4b0a      	ldr	r3, [pc, #40]	; (54 <FLASH_UserOptionByteConfig+0x54>)
  2c:	432f      	orrs	r7, r5
C:\cortex\dimmers\stlibrary\src/stm32f10x_flash.c:642
  
    /* Wait for last operation to be completed */
    status = FLASH_WaitForLastOperation(ProgramTimeout);
  2e:	300b      	adds	r0, #11
C:\cortex\dimmers\stlibrary\src/stm32f10x_flash.c:639
  if(status == FLASH_COMPLETE)
  {  
    /* Enable the Option Bytes Programming operation */
    FLASH->CR |= CR_OPTPG_Set; 
           
    OB->USER = ( OB_IWDG | OB_STOP |OB_STDBY) | (u16)0xF8; 
  30:	805f      	strh	r7, [r3, #2]
C:\cortex\dimmers\stlibrary\src/stm32f10x_flash.c:642
  
    /* Wait for last operation to be completed */
    status = FLASH_WaitForLastOperation(ProgramTimeout);
  32:	f7ff fffe 	bl	0 <FLASH_UserOptionByteConfig>
C:\cortex\dimmers\stlibrary\src/stm32f10x_flash.c:644

    if(status != FLASH_BUSY)
  36:	2801      	cmp	r0, #1
  38:	d005      	beq.n	46 <FLASH_UserOptionByteConfig+0x46>
C:\cortex\dimmers\stlibrary\src/stm32f10x_flash.c:647
    {
      /* if the program operation is completed, disable the OPTPG Bit */
      FLASH->CR &= CR_OPTPG_Reset;
  3a:	6932      	ldr	r2, [r6, #16]
  3c:	f641 73ef 	movw	r3, #8175	; 0x1fef
  40:	ea02 0303 	and.w	r3, r2, r3
  44:	6133      	str	r3, [r6, #16]
C:\cortex\dimmers\stlibrary\src/stm32f10x_flash.c:652
    }
  }    
  /* Return the Option Byte program Status */
  return status;
}
  46:	bdf8      	pop	{r3, r4, r5, r6, r7, pc}
  48:	40022000 	.word	0x40022000
  4c:	45670123 	.word	0x45670123
  50:	cdef89ab 	.word	0xcdef89ab
  54:	1ffff800 	.word	0x1ffff800

Disassembly of section .text.FLASH_ReadOutProtection:

00000000 <FLASH_ReadOutProtection>:
FLASH_ReadOutProtection():
C:\cortex\dimmers\stlibrary\src/stm32f10x_flash.c:538
* Return         : FLASH Status: The returned value can be: FLASH_BUSY, 
*                  FLASH_ERROR_PG, FLASH_ERROR_WRP, FLASH_COMPLETE or 
*                  FLASH_TIMEOUT.
*******************************************************************************/
FLASH_Status FLASH_ReadOutProtection(FunctionalState NewState)
{
   0:	b538      	push	{r3, r4, r5, lr}
   2:	4605      	mov	r5, r0
C:\cortex\dimmers\stlibrary\src/stm32f10x_flash.c:544
  FLASH_Status status = FLASH_COMPLETE;

  /* Check the parameters */
  assert_param(IS_FUNCTIONAL_STATE(NewState));

  status = FLASH_WaitForLastOperation(EraseTimeout);
   4:	f640 70ff 	movw	r0, #4095	; 0xfff
   8:	f7ff fffe 	bl	0 <FLASH_ReadOutProtection>
C:\cortex\dimmers\stlibrary\src/stm32f10x_flash.c:546

  if(status == FLASH_COMPLETE)
   c:	2804      	cmp	r0, #4
   e:	d138      	bne.n	82 <FLASH_ReadOutProtection+0x82>
C:\cortex\dimmers\stlibrary\src/stm32f10x_flash.c:549
  {
    /* Authorizes the small information block programming */
    FLASH->OPTKEYR = FLASH_KEY1;
  10:	4c1c      	ldr	r4, [pc, #112]	; (84 <FLASH_ReadOutProtection+0x84>)
  12:	4b1d      	ldr	r3, [pc, #116]	; (88 <FLASH_ReadOutProtection+0x88>)
C:\cortex\dimmers\stlibrary\src/stm32f10x_flash.c:556

    FLASH->CR |= CR_OPTER_Set;
    FLASH->CR |= CR_STRT_Set;

    /* Wait for last operation to be completed */
    status = FLASH_WaitForLastOperation(EraseTimeout);
  14:	f640 70ff 	movw	r0, #4095	; 0xfff
C:\cortex\dimmers\stlibrary\src/stm32f10x_flash.c:549
  status = FLASH_WaitForLastOperation(EraseTimeout);

  if(status == FLASH_COMPLETE)
  {
    /* Authorizes the small information block programming */
    FLASH->OPTKEYR = FLASH_KEY1;
  18:	60a3      	str	r3, [r4, #8]
C:\cortex\dimmers\stlibrary\src/stm32f10x_flash.c:550
    FLASH->OPTKEYR = FLASH_KEY2;
  1a:	4b1c      	ldr	r3, [pc, #112]	; (8c <FLASH_ReadOutProtection+0x8c>)
  1c:	60a3      	str	r3, [r4, #8]
C:\cortex\dimmers\stlibrary\src/stm32f10x_flash.c:552

    FLASH->CR |= CR_OPTER_Set;
  1e:	6923      	ldr	r3, [r4, #16]
  20:	f043 0320 	orr.w	r3, r3, #32
  24:	6123      	str	r3, [r4, #16]
C:\cortex\dimmers\stlibrary\src/stm32f10x_flash.c:553
    FLASH->CR |= CR_STRT_Set;
  26:	6923      	ldr	r3, [r4, #16]
  28:	f043 0340 	orr.w	r3, r3, #64	; 0x40
  2c:	6123      	str	r3, [r4, #16]
C:\cortex\dimmers\stlibrary\src/stm32f10x_flash.c:556

    /* Wait for last operation to be completed */
    status = FLASH_WaitForLastOperation(EraseTimeout);
  2e:	f7ff fffe 	bl	0 <FLASH_ReadOutProtection>
C:\cortex\dimmers\stlibrary\src/stm32f10x_flash.c:558

    if(status == FLASH_COMPLETE)
  32:	2804      	cmp	r0, #4
  34:	d11d      	bne.n	72 <FLASH_ReadOutProtection+0x72>
C:\cortex\dimmers\stlibrary\src/stm32f10x_flash.c:561
    {
      /* if the erase operation is completed, disable the OPTER Bit */
      FLASH->CR &= CR_OPTER_Reset;
  36:	6922      	ldr	r2, [r4, #16]
  38:	f641 73df 	movw	r3, #8159	; 0x1fdf
  3c:	ea02 0303 	and.w	r3, r2, r3
  40:	6123      	str	r3, [r4, #16]
C:\cortex\dimmers\stlibrary\src/stm32f10x_flash.c:564

      /* Enable the Option Bytes Programming operation */
      FLASH->CR |= CR_OPTPG_Set; 
  42:	6923      	ldr	r3, [r4, #16]
  44:	f043 0310 	orr.w	r3, r3, #16
  48:	6123      	str	r3, [r4, #16]
  4a:	4b11      	ldr	r3, [pc, #68]	; (90 <FLASH_ReadOutProtection+0x90>)
C:\cortex\dimmers\stlibrary\src/stm32f10x_flash.c:566

      if(NewState != DISABLE)
  4c:	b10d      	cbz	r5, 52 <FLASH_ReadOutProtection+0x52>
C:\cortex\dimmers\stlibrary\src/stm32f10x_flash.c:568
      {
        OB->RDP = 0x00;
  4e:	2200      	movs	r2, #0
  50:	e000      	b.n	54 <FLASH_ReadOutProtection+0x54>
C:\cortex\dimmers\stlibrary\src/stm32f10x_flash.c:572
      }
      else
      {
        OB->RDP = RDP_Key;  
  52:	22a5      	movs	r2, #165	; 0xa5
  54:	801a      	strh	r2, [r3, #0]
C:\cortex\dimmers\stlibrary\src/stm32f10x_flash.c:576
      }

      /* Wait for last operation to be completed */
      status = FLASH_WaitForLastOperation(EraseTimeout); 
  56:	f640 70ff 	movw	r0, #4095	; 0xfff
  5a:	f7ff fffe 	bl	0 <FLASH_ReadOutProtection>
C:\cortex\dimmers\stlibrary\src/stm32f10x_flash.c:578
    
      if(status != FLASH_BUSY)
  5e:	2801      	cmp	r0, #1
  60:	d00f      	beq.n	82 <FLASH_ReadOutProtection+0x82>
C:\cortex\dimmers\stlibrary\src/stm32f10x_flash.c:581
      {
        /* if the program operation is completed, disable the OPTPG Bit */
        FLASH->CR &= CR_OPTPG_Reset;
  62:	4a08      	ldr	r2, [pc, #32]	; (84 <FLASH_ReadOutProtection+0x84>)
  64:	f641 73ef 	movw	r3, #8175	; 0x1fef
  68:	6911      	ldr	r1, [r2, #16]
  6a:	ea01 0303 	and.w	r3, r1, r3
  6e:	6113      	str	r3, [r2, #16]
  70:	bd38      	pop	{r3, r4, r5, pc}
C:\cortex\dimmers\stlibrary\src/stm32f10x_flash.c:586
      }
    }
    else 
    {
      if(status != FLASH_BUSY)
  72:	2801      	cmp	r0, #1
  74:	d005      	beq.n	82 <FLASH_ReadOutProtection+0x82>
C:\cortex\dimmers\stlibrary\src/stm32f10x_flash.c:589
      {
        /* Disable the OPTER Bit */
        FLASH->CR &= CR_OPTER_Reset;
  76:	6922      	ldr	r2, [r4, #16]
  78:	f641 73df 	movw	r3, #8159	; 0x1fdf
  7c:	ea02 0303 	and.w	r3, r2, r3
  80:	6123      	str	r3, [r4, #16]
C:\cortex\dimmers\stlibrary\src/stm32f10x_flash.c:595
      }
    }
  }
  /* Return the protection operation Status */
  return status;      
}
  82:	bd38      	pop	{r3, r4, r5, pc}
  84:	40022000 	.word	0x40022000
  88:	45670123 	.word	0x45670123
  8c:	cdef89ab 	.word	0xcdef89ab
  90:	1ffff800 	.word	0x1ffff800

Disassembly of section .text.FLASH_EnableWriteProtection:

00000000 <FLASH_EnableWriteProtection>:
FLASH_EnableWriteProtection():
C:\cortex\dimmers\stlibrary\src/stm32f10x_flash.c:459
* Return         : FLASH Status: The returned value can be: FLASH_BUSY, 
*                  FLASH_ERROR_PG, FLASH_ERROR_WRP, FLASH_COMPLETE or 
*                  FLASH_TIMEOUT.
*******************************************************************************/
FLASH_Status FLASH_EnableWriteProtection(u32 FLASH_Pages)
{
   0:	b510      	push	{r4, lr}
   2:	4604      	mov	r4, r0
C:\cortex\dimmers\stlibrary\src/stm32f10x_flash.c:474
  WRP1_Data = (vu16)((FLASH_Pages & WRP1_Mask) >> 8);
  WRP2_Data = (vu16)((FLASH_Pages & WRP2_Mask) >> 16);
  WRP3_Data = (vu16)((FLASH_Pages & WRP3_Mask) >> 24);
  
  /* Wait for last operation to be completed */
  status = FLASH_WaitForLastOperation(ProgramTimeout);
   4:	200f      	movs	r0, #15
   6:	f7ff fffe 	bl	0 <FLASH_EnableWriteProtection>
C:\cortex\dimmers\stlibrary\src/stm32f10x_flash.c:476
  
  if(status == FLASH_COMPLETE)
   a:	2804      	cmp	r0, #4
   c:	d13e      	bne.n	8c <FLASH_EnableWriteProtection+0x8c>
C:\cortex\dimmers\stlibrary\src/stm32f10x_flash.c:479
  {
    /* Authorizes the small information block programming */
    FLASH->OPTKEYR = FLASH_KEY1;
   e:	4b20      	ldr	r3, [pc, #128]	; (90 <FLASH_EnableWriteProtection+0x90>)
  10:	4920      	ldr	r1, [pc, #128]	; (94 <FLASH_EnableWriteProtection+0x94>)
C:\cortex\dimmers\stlibrary\src/stm32f10x_flash.c:467
  FLASH_Status status = FLASH_COMPLETE;
  
  /* Check the parameters */
  assert_param(IS_FLASH_WRPROT_PAGE(FLASH_Pages));
  
  FLASH_Pages = (u32)(~FLASH_Pages);
  12:	43e4      	mvns	r4, r4
C:\cortex\dimmers\stlibrary\src/stm32f10x_flash.c:479
  status = FLASH_WaitForLastOperation(ProgramTimeout);
  
  if(status == FLASH_COMPLETE)
  {
    /* Authorizes the small information block programming */
    FLASH->OPTKEYR = FLASH_KEY1;
  14:	6099      	str	r1, [r3, #8]
C:\cortex\dimmers\stlibrary\src/stm32f10x_flash.c:480
    FLASH->OPTKEYR = FLASH_KEY2;
  16:	4920      	ldr	r1, [pc, #128]	; (98 <FLASH_EnableWriteProtection+0x98>)
C:\cortex\dimmers\stlibrary\src/stm32f10x_flash.c:468
  
  /* Check the parameters */
  assert_param(IS_FLASH_WRPROT_PAGE(FLASH_Pages));
  
  FLASH_Pages = (u32)(~FLASH_Pages);
  WRP0_Data = (vu16)(FLASH_Pages & WRP0_Mask);
  18:	b2e2      	uxtb	r2, r4
C:\cortex\dimmers\stlibrary\src/stm32f10x_flash.c:480
  
  if(status == FLASH_COMPLETE)
  {
    /* Authorizes the small information block programming */
    FLASH->OPTKEYR = FLASH_KEY1;
    FLASH->OPTKEYR = FLASH_KEY2;
  1a:	6099      	str	r1, [r3, #8]
C:\cortex\dimmers\stlibrary\src/stm32f10x_flash.c:481
    FLASH->CR |= CR_OPTPG_Set;
  1c:	6919      	ldr	r1, [r3, #16]
C:\cortex\dimmers\stlibrary\src/stm32f10x_flash.c:483

    if(WRP0_Data != 0xFF)
  1e:	2aff      	cmp	r2, #255	; 0xff
C:\cortex\dimmers\stlibrary\src/stm32f10x_flash.c:481
  if(status == FLASH_COMPLETE)
  {
    /* Authorizes the small information block programming */
    FLASH->OPTKEYR = FLASH_KEY1;
    FLASH->OPTKEYR = FLASH_KEY2;
    FLASH->CR |= CR_OPTPG_Set;
  20:	f041 0110 	orr.w	r1, r1, #16
  24:	6119      	str	r1, [r3, #16]
C:\cortex\dimmers\stlibrary\src/stm32f10x_flash.c:483

    if(WRP0_Data != 0xFF)
  26:	d006      	beq.n	36 <FLASH_EnableWriteProtection+0x36>
C:\cortex\dimmers\stlibrary\src/stm32f10x_flash.c:485
    {
      OB->WRP0 = WRP0_Data;
  28:	4b1c      	ldr	r3, [pc, #112]	; (9c <FLASH_EnableWriteProtection+0x9c>)
C:\cortex\dimmers\stlibrary\src/stm32f10x_flash.c:488
      
      /* Wait for last operation to be completed */
      status = FLASH_WaitForLastOperation(ProgramTimeout);
  2a:	300b      	adds	r0, #11
C:\cortex\dimmers\stlibrary\src/stm32f10x_flash.c:485
    FLASH->OPTKEYR = FLASH_KEY2;
    FLASH->CR |= CR_OPTPG_Set;

    if(WRP0_Data != 0xFF)
    {
      OB->WRP0 = WRP0_Data;
  2c:	811a      	strh	r2, [r3, #8]
C:\cortex\dimmers\stlibrary\src/stm32f10x_flash.c:488
      
      /* Wait for last operation to be completed */
      status = FLASH_WaitForLastOperation(ProgramTimeout);
  2e:	f7ff fffe 	bl	0 <FLASH_EnableWriteProtection>
C:\cortex\dimmers\stlibrary\src/stm32f10x_flash.c:490
    }
    if((status == FLASH_COMPLETE) && (WRP1_Data != 0xFF))
  32:	2804      	cmp	r0, #4
  34:	d11f      	bne.n	76 <FLASH_EnableWriteProtection+0x76>
C:\cortex\dimmers\stlibrary\src/stm32f10x_flash.c:469
  /* Check the parameters */
  assert_param(IS_FLASH_WRPROT_PAGE(FLASH_Pages));
  
  FLASH_Pages = (u32)(~FLASH_Pages);
  WRP0_Data = (vu16)(FLASH_Pages & WRP0_Mask);
  WRP1_Data = (vu16)((FLASH_Pages & WRP1_Mask) >> 8);
  36:	f404 437f 	and.w	r3, r4, #65280	; 0xff00
  3a:	0a1b      	lsrs	r3, r3, #8
C:\cortex\dimmers\stlibrary\src/stm32f10x_flash.c:490
      OB->WRP0 = WRP0_Data;
      
      /* Wait for last operation to be completed */
      status = FLASH_WaitForLastOperation(ProgramTimeout);
    }
    if((status == FLASH_COMPLETE) && (WRP1_Data != 0xFF))
  3c:	2bff      	cmp	r3, #255	; 0xff
  3e:	d006      	beq.n	4e <FLASH_EnableWriteProtection+0x4e>
C:\cortex\dimmers\stlibrary\src/stm32f10x_flash.c:492
    {
      OB->WRP1 = WRP1_Data;
  40:	4a16      	ldr	r2, [pc, #88]	; (9c <FLASH_EnableWriteProtection+0x9c>)
C:\cortex\dimmers\stlibrary\src/stm32f10x_flash.c:495
      
      /* Wait for last operation to be completed */
      status = FLASH_WaitForLastOperation(ProgramTimeout);
  42:	200f      	movs	r0, #15
C:\cortex\dimmers\stlibrary\src/stm32f10x_flash.c:492
      /* Wait for last operation to be completed */
      status = FLASH_WaitForLastOperation(ProgramTimeout);
    }
    if((status == FLASH_COMPLETE) && (WRP1_Data != 0xFF))
    {
      OB->WRP1 = WRP1_Data;
  44:	8153      	strh	r3, [r2, #10]
C:\cortex\dimmers\stlibrary\src/stm32f10x_flash.c:495
      
      /* Wait for last operation to be completed */
      status = FLASH_WaitForLastOperation(ProgramTimeout);
  46:	f7ff fffe 	bl	0 <FLASH_EnableWriteProtection>
C:\cortex\dimmers\stlibrary\src/stm32f10x_flash.c:498
    }

    if((status == FLASH_COMPLETE) && (WRP2_Data != 0xFF))
  4a:	2804      	cmp	r0, #4
  4c:	d113      	bne.n	76 <FLASH_EnableWriteProtection+0x76>
C:\cortex\dimmers\stlibrary\src/stm32f10x_flash.c:470
  assert_param(IS_FLASH_WRPROT_PAGE(FLASH_Pages));
  
  FLASH_Pages = (u32)(~FLASH_Pages);
  WRP0_Data = (vu16)(FLASH_Pages & WRP0_Mask);
  WRP1_Data = (vu16)((FLASH_Pages & WRP1_Mask) >> 8);
  WRP2_Data = (vu16)((FLASH_Pages & WRP2_Mask) >> 16);
  4e:	f404 037f 	and.w	r3, r4, #16711680	; 0xff0000
  52:	0c1b      	lsrs	r3, r3, #16
C:\cortex\dimmers\stlibrary\src/stm32f10x_flash.c:498
      
      /* Wait for last operation to be completed */
      status = FLASH_WaitForLastOperation(ProgramTimeout);
    }

    if((status == FLASH_COMPLETE) && (WRP2_Data != 0xFF))
  54:	2bff      	cmp	r3, #255	; 0xff
  56:	d006      	beq.n	66 <FLASH_EnableWriteProtection+0x66>
C:\cortex\dimmers\stlibrary\src/stm32f10x_flash.c:500
    {
      OB->WRP2 = WRP2_Data;
  58:	4a10      	ldr	r2, [pc, #64]	; (9c <FLASH_EnableWriteProtection+0x9c>)
C:\cortex\dimmers\stlibrary\src/stm32f10x_flash.c:503
      
      /* Wait for last operation to be completed */
      status = FLASH_WaitForLastOperation(ProgramTimeout);
  5a:	200f      	movs	r0, #15
C:\cortex\dimmers\stlibrary\src/stm32f10x_flash.c:500
      status = FLASH_WaitForLastOperation(ProgramTimeout);
    }

    if((status == FLASH_COMPLETE) && (WRP2_Data != 0xFF))
    {
      OB->WRP2 = WRP2_Data;
  5c:	8193      	strh	r3, [r2, #12]
C:\cortex\dimmers\stlibrary\src/stm32f10x_flash.c:503
      
      /* Wait for last operation to be completed */
      status = FLASH_WaitForLastOperation(ProgramTimeout);
  5e:	f7ff fffe 	bl	0 <FLASH_EnableWriteProtection>
C:\cortex\dimmers\stlibrary\src/stm32f10x_flash.c:506
    }
    
    if((status == FLASH_COMPLETE)&& (WRP3_Data != 0xFF))
  62:	2804      	cmp	r0, #4
  64:	d107      	bne.n	76 <FLASH_EnableWriteProtection+0x76>
C:\cortex\dimmers\stlibrary\src/stm32f10x_flash.c:471
  
  FLASH_Pages = (u32)(~FLASH_Pages);
  WRP0_Data = (vu16)(FLASH_Pages & WRP0_Mask);
  WRP1_Data = (vu16)((FLASH_Pages & WRP1_Mask) >> 8);
  WRP2_Data = (vu16)((FLASH_Pages & WRP2_Mask) >> 16);
  WRP3_Data = (vu16)((FLASH_Pages & WRP3_Mask) >> 24);
  66:	0e24      	lsrs	r4, r4, #24
C:\cortex\dimmers\stlibrary\src/stm32f10x_flash.c:506
      
      /* Wait for last operation to be completed */
      status = FLASH_WaitForLastOperation(ProgramTimeout);
    }
    
    if((status == FLASH_COMPLETE)&& (WRP3_Data != 0xFF))
  68:	2cff      	cmp	r4, #255	; 0xff
  6a:	d007      	beq.n	7c <FLASH_EnableWriteProtection+0x7c>
C:\cortex\dimmers\stlibrary\src/stm32f10x_flash.c:508
    {
      OB->WRP3 = WRP3_Data;
  6c:	4b0b      	ldr	r3, [pc, #44]	; (9c <FLASH_EnableWriteProtection+0x9c>)
C:\cortex\dimmers\stlibrary\src/stm32f10x_flash.c:511
     
      /* Wait for last operation to be completed */
      status = FLASH_WaitForLastOperation(ProgramTimeout);
  6e:	200f      	movs	r0, #15
C:\cortex\dimmers\stlibrary\src/stm32f10x_flash.c:508
      status = FLASH_WaitForLastOperation(ProgramTimeout);
    }
    
    if((status == FLASH_COMPLETE)&& (WRP3_Data != 0xFF))
    {
      OB->WRP3 = WRP3_Data;
  70:	81dc      	strh	r4, [r3, #14]
C:\cortex\dimmers\stlibrary\src/stm32f10x_flash.c:511
     
      /* Wait for last operation to be completed */
      status = FLASH_WaitForLastOperation(ProgramTimeout);
  72:	f7ff fffe 	bl	0 <FLASH_EnableWriteProtection>
C:\cortex\dimmers\stlibrary\src/stm32f10x_flash.c:514
    }
          
    if(status != FLASH_BUSY)
  76:	2801      	cmp	r0, #1
  78:	d101      	bne.n	7e <FLASH_EnableWriteProtection+0x7e>
  7a:	bd10      	pop	{r4, pc}
C:\cortex\dimmers\stlibrary\src/stm32f10x_flash.c:506
      
      /* Wait for last operation to be completed */
      status = FLASH_WaitForLastOperation(ProgramTimeout);
    }
    
    if((status == FLASH_COMPLETE)&& (WRP3_Data != 0xFF))
  7c:	2004      	movs	r0, #4
C:\cortex\dimmers\stlibrary\src/stm32f10x_flash.c:517
    }
          
    if(status != FLASH_BUSY)
    {
      /* if the program operation is completed, disable the OPTPG Bit */
      FLASH->CR &= CR_OPTPG_Reset;
  7e:	4a04      	ldr	r2, [pc, #16]	; (90 <FLASH_EnableWriteProtection+0x90>)
  80:	f641 73ef 	movw	r3, #8175	; 0x1fef
  84:	6911      	ldr	r1, [r2, #16]
  86:	ea01 0303 	and.w	r3, r1, r3
  8a:	6113      	str	r3, [r2, #16]
C:\cortex\dimmers\stlibrary\src/stm32f10x_flash.c:522
    }
  } 
  /* Return the write protection operation Status */
  return status;       
}
  8c:	bd10      	pop	{r4, pc}
  8e:	bf00      	nop
  90:	40022000 	.word	0x40022000
  94:	45670123 	.word	0x45670123
  98:	cdef89ab 	.word	0xcdef89ab
  9c:	1ffff800 	.word	0x1ffff800

Disassembly of section .text.FLASH_ProgramOptionByteData:

00000000 <FLASH_ProgramOptionByteData>:
FLASH_ProgramOptionByteData():
C:\cortex\dimmers\stlibrary\src/stm32f10x_flash.c:410
* Return         : FLASH Status: The returned value can be: FLASH_BUSY, 
*                  FLASH_ERROR_PG, FLASH_ERROR_WRP, FLASH_COMPLETE or 
*                  FLASH_TIMEOUT. 
*******************************************************************************/
FLASH_Status FLASH_ProgramOptionByteData(u32 Address, u8 Data)
{
   0:	4604b570 	.word	0x4604b570
C:\cortex\dimmers\stlibrary\src/stm32f10x_flash.c:416
  FLASH_Status status = FLASH_COMPLETE;

  /* Check the parameters */
  assert_param(IS_OB_DATA_ADDRESS(Address));

  status = FLASH_WaitForLastOperation(ProgramTimeout);
   4:	200f      	movs	r0, #15
C:\cortex\dimmers\stlibrary\src/stm32f10x_flash.c:410
* Return         : FLASH Status: The returned value can be: FLASH_BUSY, 
*                  FLASH_ERROR_PG, FLASH_ERROR_WRP, FLASH_COMPLETE or 
*                  FLASH_TIMEOUT. 
*******************************************************************************/
FLASH_Status FLASH_ProgramOptionByteData(u32 Address, u8 Data)
{
   6:	460e      	mov	r6, r1
C:\cortex\dimmers\stlibrary\src/stm32f10x_flash.c:416
  FLASH_Status status = FLASH_COMPLETE;

  /* Check the parameters */
  assert_param(IS_OB_DATA_ADDRESS(Address));

  status = FLASH_WaitForLastOperation(ProgramTimeout);
   8:	f7ff fffe 	bl	0 <FLASH_ProgramOptionByteData>
C:\cortex\dimmers\stlibrary\src/stm32f10x_flash.c:418

  if(status == FLASH_COMPLETE)
   c:	2804      	cmp	r0, #4
   e:	d114      	bne.n	3a <FLASH_ProgramOptionByteData+0x3a>
C:\cortex\dimmers\stlibrary\src/stm32f10x_flash.c:421
  {
    /* Authorize the small information block programming */
    FLASH->OPTKEYR = FLASH_KEY1;
  10:	4d0a      	ldr	r5, [pc, #40]	; (3c <FLASH_ProgramOptionByteData+0x3c>)
  12:	4b0b      	ldr	r3, [pc, #44]	; (40 <FLASH_ProgramOptionByteData+0x40>)
C:\cortex\dimmers\stlibrary\src/stm32f10x_flash.c:429
    /* Enables the Option Bytes Programming operation */
    FLASH->CR |= CR_OPTPG_Set; 
    *(vu16*)Address = Data;
    
    /* Wait for last operation to be completed */
    status = FLASH_WaitForLastOperation(ProgramTimeout);
  14:	300b      	adds	r0, #11
C:\cortex\dimmers\stlibrary\src/stm32f10x_flash.c:421
  status = FLASH_WaitForLastOperation(ProgramTimeout);

  if(status == FLASH_COMPLETE)
  {
    /* Authorize the small information block programming */
    FLASH->OPTKEYR = FLASH_KEY1;
  16:	60ab      	str	r3, [r5, #8]
C:\cortex\dimmers\stlibrary\src/stm32f10x_flash.c:422
    FLASH->OPTKEYR = FLASH_KEY2;
  18:	4b0a      	ldr	r3, [pc, #40]	; (44 <FLASH_ProgramOptionByteData+0x44>)
  1a:	60ab      	str	r3, [r5, #8]
C:\cortex\dimmers\stlibrary\src/stm32f10x_flash.c:425

    /* Enables the Option Bytes Programming operation */
    FLASH->CR |= CR_OPTPG_Set; 
  1c:	692b      	ldr	r3, [r5, #16]
  1e:	f043 0310 	orr.w	r3, r3, #16
  22:	612b      	str	r3, [r5, #16]
C:\cortex\dimmers\stlibrary\src/stm32f10x_flash.c:426
    *(vu16*)Address = Data;
  24:	8026      	strh	r6, [r4, #0]
C:\cortex\dimmers\stlibrary\src/stm32f10x_flash.c:429
    
    /* Wait for last operation to be completed */
    status = FLASH_WaitForLastOperation(ProgramTimeout);
  26:	f7ff fffe 	bl	0 <FLASH_ProgramOptionByteData>
C:\cortex\dimmers\stlibrary\src/stm32f10x_flash.c:431

    if(status != FLASH_BUSY)
  2a:	2801      	cmp	r0, #1
  2c:	d005      	beq.n	3a <FLASH_ProgramOptionByteData+0x3a>
C:\cortex\dimmers\stlibrary\src/stm32f10x_flash.c:434
    {
      /* if the program operation is completed, disable the OPTPG Bit */
      FLASH->CR &= CR_OPTPG_Reset;
  2e:	692a      	ldr	r2, [r5, #16]
  30:	f641 73ef 	movw	r3, #8175	; 0x1fef
  34:	ea02 0303 	and.w	r3, r2, r3
  38:	612b      	str	r3, [r5, #16]
C:\cortex\dimmers\stlibrary\src/stm32f10x_flash.c:439
    }
  }    
  /* Return the Option Byte Data Program Status */
  return status;      
}
  3a:	bd70      	pop	{r4, r5, r6, pc}
  3c:	40022000 	.word	0x40022000
  40:	45670123 	.word	0x45670123
  44:	cdef89ab 	.word	0xcdef89ab

Disassembly of section .text.FLASH_ProgramHalfWord:

00000000 <FLASH_ProgramHalfWord>:
FLASH_ProgramHalfWord():
C:\cortex\dimmers\stlibrary\src/stm32f10x_flash.c:370
* Return         : FLASH Status: The returned value can be: FLASH_BUSY, 
*                  FLASH_ERROR_PG, FLASH_ERROR_WRP, FLASH_COMPLETE or 
*                  FLASH_TIMEOUT. 
*******************************************************************************/
FLASH_Status FLASH_ProgramHalfWord(u32 Address, u16 Data)
{
   0:	4604b570 	.word	0x4604b570
C:\cortex\dimmers\stlibrary\src/stm32f10x_flash.c:377

  /* Check the parameters */
  assert_param(IS_FLASH_ADDRESS(Address));

  /* Wait for last operation to be completed */
  status = FLASH_WaitForLastOperation(ProgramTimeout);
   4:	200f      	movs	r0, #15
C:\cortex\dimmers\stlibrary\src/stm32f10x_flash.c:370
* Return         : FLASH Status: The returned value can be: FLASH_BUSY, 
*                  FLASH_ERROR_PG, FLASH_ERROR_WRP, FLASH_COMPLETE or 
*                  FLASH_TIMEOUT. 
*******************************************************************************/
FLASH_Status FLASH_ProgramHalfWord(u32 Address, u16 Data)
{
   6:	460e      	mov	r6, r1
C:\cortex\dimmers\stlibrary\src/stm32f10x_flash.c:377

  /* Check the parameters */
  assert_param(IS_FLASH_ADDRESS(Address));

  /* Wait for last operation to be completed */
  status = FLASH_WaitForLastOperation(ProgramTimeout);
   8:	f7ff fffe 	bl	0 <FLASH_ProgramHalfWord>
C:\cortex\dimmers\stlibrary\src/stm32f10x_flash.c:379
  
  if(status == FLASH_COMPLETE)
   c:	2804      	cmp	r0, #4
   e:	d110      	bne.n	32 <FLASH_ProgramHalfWord+0x32>
C:\cortex\dimmers\stlibrary\src/stm32f10x_flash.c:382
  {
    /* if the previous operation is completed, proceed to program the new data */
    FLASH->CR |= CR_PG_Set;
  10:	4d08      	ldr	r5, [pc, #32]	; (34 <FLASH_ProgramHalfWord+0x34>)
C:\cortex\dimmers\stlibrary\src/stm32f10x_flash.c:386
  
    *(vu16*)Address = Data;
    /* Wait for last operation to be completed */
    status = FLASH_WaitForLastOperation(ProgramTimeout);
  12:	300b      	adds	r0, #11
C:\cortex\dimmers\stlibrary\src/stm32f10x_flash.c:382
  status = FLASH_WaitForLastOperation(ProgramTimeout);
  
  if(status == FLASH_COMPLETE)
  {
    /* if the previous operation is completed, proceed to program the new data */
    FLASH->CR |= CR_PG_Set;
  14:	692b      	ldr	r3, [r5, #16]
  16:	f043 0301 	orr.w	r3, r3, #1
  1a:	612b      	str	r3, [r5, #16]
C:\cortex\dimmers\stlibrary\src/stm32f10x_flash.c:384
  
    *(vu16*)Address = Data;
  1c:	8026      	strh	r6, [r4, #0]
C:\cortex\dimmers\stlibrary\src/stm32f10x_flash.c:386
    /* Wait for last operation to be completed */
    status = FLASH_WaitForLastOperation(ProgramTimeout);
  1e:	f7ff fffe 	bl	0 <FLASH_ProgramHalfWord>
C:\cortex\dimmers\stlibrary\src/stm32f10x_flash.c:388

    if(status != FLASH_BUSY)
  22:	2801      	cmp	r0, #1
  24:	d005      	beq.n	32 <FLASH_ProgramHalfWord+0x32>
C:\cortex\dimmers\stlibrary\src/stm32f10x_flash.c:391
    {
      /* if the program operation is completed, disable the PG Bit */
      FLASH->CR &= CR_PG_Reset;
  26:	692a      	ldr	r2, [r5, #16]
  28:	f641 73fe 	movw	r3, #8190	; 0x1ffe
  2c:	ea02 0303 	and.w	r3, r2, r3
  30:	612b      	str	r3, [r5, #16]
C:\cortex\dimmers\stlibrary\src/stm32f10x_flash.c:396
    }
  } 
  /* Return the Program Status */
  return status;
}
  32:	bd70      	pop	{r4, r5, r6, pc}
  34:	40022000 	.word	0x40022000

Disassembly of section .text.FLASH_ProgramWord:

00000000 <FLASH_ProgramWord>:
FLASH_ProgramWord():
C:\cortex\dimmers\stlibrary\src/stm32f10x_flash.c:311
* Return         : FLASH Status: The returned value can be: FLASH_BUSY, 
*                  FLASH_ERROR_PG, FLASH_ERROR_WRP, FLASH_COMPLETE or 
*                  FLASH_TIMEOUT. 
*******************************************************************************/
FLASH_Status FLASH_ProgramWord(u32 Address, u32 Data)
{
   0:	b570      	push	{r4, r5, r6, lr}
   2:	4604      	mov	r4, r0
C:\cortex\dimmers\stlibrary\src/stm32f10x_flash.c:318

  /* Check the parameters */
  assert_param(IS_FLASH_ADDRESS(Address));

  /* Wait for last operation to be completed */
  status = FLASH_WaitForLastOperation(ProgramTimeout);
   4:	200f      	movs	r0, #15
C:\cortex\dimmers\stlibrary\src/stm32f10x_flash.c:311
* Return         : FLASH Status: The returned value can be: FLASH_BUSY, 
*                  FLASH_ERROR_PG, FLASH_ERROR_WRP, FLASH_COMPLETE or 
*                  FLASH_TIMEOUT. 
*******************************************************************************/
FLASH_Status FLASH_ProgramWord(u32 Address, u32 Data)
{
   6:	460e      	mov	r6, r1
C:\cortex\dimmers\stlibrary\src/stm32f10x_flash.c:318

  /* Check the parameters */
  assert_param(IS_FLASH_ADDRESS(Address));

  /* Wait for last operation to be completed */
  status = FLASH_WaitForLastOperation(ProgramTimeout);
   8:	f7ff fffe 	bl	0 <FLASH_ProgramWord>
C:\cortex\dimmers\stlibrary\src/stm32f10x_flash.c:320
  
  if(status == FLASH_COMPLETE)
   c:	2804      	cmp	r0, #4
   e:	d121      	bne.n	54 <FLASH_ProgramWord+0x54>
C:\cortex\dimmers\stlibrary\src/stm32f10x_flash.c:324
  {
    /* if the previous operation is completed, proceed to program the new first 
    half word */
    FLASH->CR |= CR_PG_Set;
  10:	4d11      	ldr	r5, [pc, #68]	; (58 <FLASH_ProgramWord+0x58>)
C:\cortex\dimmers\stlibrary\src/stm32f10x_flash.c:329
  
    *(vu16*)Address = (u16)Data;

    /* Wait for last operation to be completed */
    status = FLASH_WaitForLastOperation(ProgramTimeout);
  12:	300b      	adds	r0, #11
C:\cortex\dimmers\stlibrary\src/stm32f10x_flash.c:324
  
  if(status == FLASH_COMPLETE)
  {
    /* if the previous operation is completed, proceed to program the new first 
    half word */
    FLASH->CR |= CR_PG_Set;
  14:	692b      	ldr	r3, [r5, #16]
  16:	f043 0301 	orr.w	r3, r3, #1
  1a:	612b      	str	r3, [r5, #16]
C:\cortex\dimmers\stlibrary\src/stm32f10x_flash.c:326
  
    *(vu16*)Address = (u16)Data;
  1c:	b2b3      	uxth	r3, r6
  1e:	8023      	strh	r3, [r4, #0]
C:\cortex\dimmers\stlibrary\src/stm32f10x_flash.c:329

    /* Wait for last operation to be completed */
    status = FLASH_WaitForLastOperation(ProgramTimeout);
  20:	f7ff fffe 	bl	0 <FLASH_ProgramWord>
C:\cortex\dimmers\stlibrary\src/stm32f10x_flash.c:331
 
    if(status == FLASH_COMPLETE)
  24:	2804      	cmp	r0, #4
  26:	d10d      	bne.n	44 <FLASH_ProgramWord+0x44>
C:\cortex\dimmers\stlibrary\src/stm32f10x_flash.c:335
    {
      /* if the previous operation is completed, proceed to program the new second 
      half word */
      *(vu16*)(Address + 2) = Data >> 16;
  28:	0c36      	lsrs	r6, r6, #16
C:\cortex\dimmers\stlibrary\src/stm32f10x_flash.c:338
    
      /* Wait for last operation to be completed */
      status = FLASH_WaitForLastOperation(ProgramTimeout);
  2a:	300b      	adds	r0, #11
C:\cortex\dimmers\stlibrary\src/stm32f10x_flash.c:335
 
    if(status == FLASH_COMPLETE)
    {
      /* if the previous operation is completed, proceed to program the new second 
      half word */
      *(vu16*)(Address + 2) = Data >> 16;
  2c:	8066      	strh	r6, [r4, #2]
C:\cortex\dimmers\stlibrary\src/stm32f10x_flash.c:338
    
      /* Wait for last operation to be completed */
      status = FLASH_WaitForLastOperation(ProgramTimeout);
  2e:	f7ff fffe 	bl	0 <FLASH_ProgramWord>
C:\cortex\dimmers\stlibrary\src/stm32f10x_flash.c:340
        
      if(status != FLASH_BUSY)
  32:	2801      	cmp	r0, #1
  34:	d00e      	beq.n	54 <FLASH_ProgramWord+0x54>
C:\cortex\dimmers\stlibrary\src/stm32f10x_flash.c:343
      {
        /* Disable the PG Bit */
        FLASH->CR &= CR_PG_Reset;
  36:	692a      	ldr	r2, [r5, #16]
  38:	f641 73fe 	movw	r3, #8190	; 0x1ffe
  3c:	ea02 0303 	and.w	r3, r2, r3
  40:	612b      	str	r3, [r5, #16]
  42:	bd70      	pop	{r4, r5, r6, pc}
C:\cortex\dimmers\stlibrary\src/stm32f10x_flash.c:348
      }
    }
    else
    {
      if (status != FLASH_BUSY)
  44:	2801      	cmp	r0, #1
  46:	d005      	beq.n	54 <FLASH_ProgramWord+0x54>
C:\cortex\dimmers\stlibrary\src/stm32f10x_flash.c:351
      {
        /* Disable the PG Bit */
        FLASH->CR &= CR_PG_Reset;
  48:	692a      	ldr	r2, [r5, #16]
  4a:	f641 73fe 	movw	r3, #8190	; 0x1ffe
  4e:	ea02 0303 	and.w	r3, r2, r3
  52:	612b      	str	r3, [r5, #16]
C:\cortex\dimmers\stlibrary\src/stm32f10x_flash.c:357
      }
     }
  }
  /* Return the Program Status */
  return status;
}
  54:	bd70      	pop	{r4, r5, r6, pc}
  56:	bf00      	nop
  58:	40022000 	.word	0x40022000

Disassembly of section .text.FLASH_EraseOptionBytes:

00000000 <FLASH_EraseOptionBytes>:
FLASH_EraseOptionBytes():
C:\cortex\dimmers\stlibrary\src/stm32f10x_flash.c:248
* Return         : FLASH Status: The returned value can be: FLASH_BUSY, 
*                  FLASH_ERROR_PG, FLASH_ERROR_WRP, FLASH_COMPLETE or 
*                  FLASH_TIMEOUT.
*******************************************************************************/
FLASH_Status FLASH_EraseOptionBytes(void)
{
   0:	b510      	push	{r4, lr}
C:\cortex\dimmers\stlibrary\src/stm32f10x_flash.c:252
  FLASH_Status status = FLASH_COMPLETE;
  
  /* Wait for last operation to be completed */
  status = FLASH_WaitForLastOperation(EraseTimeout);
   2:	f640 70ff 	movw	r0, #4095	; 0xfff
   6:	f7ff fffe 	bl	0 <FLASH_EraseOptionBytes>
C:\cortex\dimmers\stlibrary\src/stm32f10x_flash.c:254

  if(status == FLASH_COMPLETE)
   a:	2804      	cmp	r0, #4
   c:	d133      	bne.n	76 <FLASH_EraseOptionBytes+0x76>
C:\cortex\dimmers\stlibrary\src/stm32f10x_flash.c:257
  {
    /* Authorize the small information block programming */
    FLASH->OPTKEYR = FLASH_KEY1;
   e:	4c1a      	ldr	r4, [pc, #104]	; (78 <FLASH_EraseOptionBytes+0x78>)
  10:	4b1a      	ldr	r3, [pc, #104]	; (7c <FLASH_EraseOptionBytes+0x7c>)
C:\cortex\dimmers\stlibrary\src/stm32f10x_flash.c:265
    /* if the previous operation is completed, proceed to erase the option bytes */
    FLASH->CR |= CR_OPTER_Set;
    FLASH->CR |= CR_STRT_Set;

    /* Wait for last operation to be completed */
    status = FLASH_WaitForLastOperation(EraseTimeout);
  12:	f640 70ff 	movw	r0, #4095	; 0xfff
C:\cortex\dimmers\stlibrary\src/stm32f10x_flash.c:257
  status = FLASH_WaitForLastOperation(EraseTimeout);

  if(status == FLASH_COMPLETE)
  {
    /* Authorize the small information block programming */
    FLASH->OPTKEYR = FLASH_KEY1;
  16:	60a3      	str	r3, [r4, #8]
C:\cortex\dimmers\stlibrary\src/stm32f10x_flash.c:258
    FLASH->OPTKEYR = FLASH_KEY2;
  18:	4b19      	ldr	r3, [pc, #100]	; (80 <FLASH_EraseOptionBytes+0x80>)
  1a:	60a3      	str	r3, [r4, #8]
C:\cortex\dimmers\stlibrary\src/stm32f10x_flash.c:261
    
    /* if the previous operation is completed, proceed to erase the option bytes */
    FLASH->CR |= CR_OPTER_Set;
  1c:	6923      	ldr	r3, [r4, #16]
  1e:	f043 0320 	orr.w	r3, r3, #32
  22:	6123      	str	r3, [r4, #16]
C:\cortex\dimmers\stlibrary\src/stm32f10x_flash.c:262
    FLASH->CR |= CR_STRT_Set;
  24:	6923      	ldr	r3, [r4, #16]
  26:	f043 0340 	orr.w	r3, r3, #64	; 0x40
  2a:	6123      	str	r3, [r4, #16]
C:\cortex\dimmers\stlibrary\src/stm32f10x_flash.c:265

    /* Wait for last operation to be completed */
    status = FLASH_WaitForLastOperation(EraseTimeout);
  2c:	f7ff fffe 	bl	0 <FLASH_EraseOptionBytes>
C:\cortex\dimmers\stlibrary\src/stm32f10x_flash.c:267
    
    if(status == FLASH_COMPLETE)
  30:	2804      	cmp	r0, #4
  32:	d118      	bne.n	66 <FLASH_EraseOptionBytes+0x66>
C:\cortex\dimmers\stlibrary\src/stm32f10x_flash.c:270
    {
      /* if the erase operation is completed, disable the OPTER Bit */
      FLASH->CR &= CR_OPTER_Reset;
  34:	6922      	ldr	r2, [r4, #16]
  36:	f641 73df 	movw	r3, #8159	; 0x1fdf
  3a:	ea02 0303 	and.w	r3, r2, r3
  3e:	6123      	str	r3, [r4, #16]
C:\cortex\dimmers\stlibrary\src/stm32f10x_flash.c:273
       
      /* Enable the Option Bytes Programming operation */
      FLASH->CR |= CR_OPTPG_Set;
  40:	6923      	ldr	r3, [r4, #16]
C:\cortex\dimmers\stlibrary\src/stm32f10x_flash.c:276

      /* Enable the readout access */
      OB->RDP= RDP_Key; 
  42:	22a5      	movs	r2, #165	; 0xa5
C:\cortex\dimmers\stlibrary\src/stm32f10x_flash.c:273
    {
      /* if the erase operation is completed, disable the OPTER Bit */
      FLASH->CR &= CR_OPTER_Reset;
       
      /* Enable the Option Bytes Programming operation */
      FLASH->CR |= CR_OPTPG_Set;
  44:	f043 0310 	orr.w	r3, r3, #16
  48:	6123      	str	r3, [r4, #16]
C:\cortex\dimmers\stlibrary\src/stm32f10x_flash.c:276

      /* Enable the readout access */
      OB->RDP= RDP_Key; 
  4a:	4b0e      	ldr	r3, [pc, #56]	; (84 <FLASH_EraseOptionBytes+0x84>)
C:\cortex\dimmers\stlibrary\src/stm32f10x_flash.c:279

      /* Wait for last operation to be completed */
      status = FLASH_WaitForLastOperation(ProgramTimeout);
  4c:	300b      	adds	r0, #11
C:\cortex\dimmers\stlibrary\src/stm32f10x_flash.c:276
       
      /* Enable the Option Bytes Programming operation */
      FLASH->CR |= CR_OPTPG_Set;

      /* Enable the readout access */
      OB->RDP= RDP_Key; 
  4e:	801a      	strh	r2, [r3, #0]
C:\cortex\dimmers\stlibrary\src/stm32f10x_flash.c:279

      /* Wait for last operation to be completed */
      status = FLASH_WaitForLastOperation(ProgramTimeout);
  50:	f7ff fffe 	bl	0 <FLASH_EraseOptionBytes>
C:\cortex\dimmers\stlibrary\src/stm32f10x_flash.c:281
 
      if(status != FLASH_BUSY)
  54:	2801      	cmp	r0, #1
  56:	d00e      	beq.n	76 <FLASH_EraseOptionBytes+0x76>
C:\cortex\dimmers\stlibrary\src/stm32f10x_flash.c:284
      {
        /* if the program operation is completed, disable the OPTPG Bit */
        FLASH->CR &= CR_OPTPG_Reset;
  58:	6922      	ldr	r2, [r4, #16]
  5a:	f641 73ef 	movw	r3, #8175	; 0x1fef
  5e:	ea02 0303 	and.w	r3, r2, r3
  62:	6123      	str	r3, [r4, #16]
  64:	bd10      	pop	{r4, pc}
C:\cortex\dimmers\stlibrary\src/stm32f10x_flash.c:289
      }
    }
    else
    {
      if (status != FLASH_BUSY)
  66:	2801      	cmp	r0, #1
  68:	d005      	beq.n	76 <FLASH_EraseOptionBytes+0x76>
C:\cortex\dimmers\stlibrary\src/stm32f10x_flash.c:292
      {
        /* Disable the OPTPG Bit */
        FLASH->CR &= CR_OPTPG_Reset;
  6a:	6922      	ldr	r2, [r4, #16]
  6c:	f641 73ef 	movw	r3, #8175	; 0x1fef
  70:	ea02 0303 	and.w	r3, r2, r3
  74:	6123      	str	r3, [r4, #16]
C:\cortex\dimmers\stlibrary\src/stm32f10x_flash.c:298
      }
    }  
  }
  /* Return the erase status */
  return status;
}
  76:	bd10      	pop	{r4, pc}
  78:	40022000 	.word	0x40022000
  7c:	45670123 	.word	0x45670123
  80:	cdef89ab 	.word	0xcdef89ab
  84:	1ffff800 	.word	0x1ffff800

Disassembly of section .text.FLASH_EraseAllPages:

00000000 <FLASH_EraseAllPages>:
FLASH_EraseAllPages():
C:\cortex\dimmers\stlibrary\src/stm32f10x_flash.c:213
* Return         : FLASH Status: The returned value can be: FLASH_BUSY, 
*                  FLASH_ERROR_PG, FLASH_ERROR_WRP, FLASH_COMPLETE or 
*                  FLASH_TIMEOUT.
*******************************************************************************/
FLASH_Status FLASH_EraseAllPages(void)
{
   0:	f640b510 	.word	0xf640b510
C:\cortex\dimmers\stlibrary\src/stm32f10x_flash.c:217
  FLASH_Status status = FLASH_COMPLETE;

  /* Wait for last operation to be completed */
  status = FLASH_WaitForLastOperation(EraseTimeout);
   4:	70ff      	strb	r7, [r7, #3]
   6:	f7ff fffe 	bl	0 <FLASH_EraseAllPages>
C:\cortex\dimmers\stlibrary\src/stm32f10x_flash.c:219
  
  if(status == FLASH_COMPLETE)
   a:	2804      	cmp	r0, #4
   c:	d114      	bne.n	38 <FLASH_EraseAllPages+0x38>
C:\cortex\dimmers\stlibrary\src/stm32f10x_flash.c:222
  {
    /* if the previous operation is completed, proceed to erase all pages */
     FLASH->CR |= CR_MER_Set;
   e:	4c0b      	ldr	r4, [pc, #44]	; (3c <FLASH_EraseAllPages+0x3c>)
C:\cortex\dimmers\stlibrary\src/stm32f10x_flash.c:226
     FLASH->CR |= CR_STRT_Set;
    
    /* Wait for last operation to be completed */
    status = FLASH_WaitForLastOperation(EraseTimeout);
  10:	f640 70ff 	movw	r0, #4095	; 0xfff
C:\cortex\dimmers\stlibrary\src/stm32f10x_flash.c:222
  status = FLASH_WaitForLastOperation(EraseTimeout);
  
  if(status == FLASH_COMPLETE)
  {
    /* if the previous operation is completed, proceed to erase all pages */
     FLASH->CR |= CR_MER_Set;
  14:	6923      	ldr	r3, [r4, #16]
  16:	f043 0304 	orr.w	r3, r3, #4
  1a:	6123      	str	r3, [r4, #16]
C:\cortex\dimmers\stlibrary\src/stm32f10x_flash.c:223
     FLASH->CR |= CR_STRT_Set;
  1c:	6923      	ldr	r3, [r4, #16]
  1e:	f043 0340 	orr.w	r3, r3, #64	; 0x40
  22:	6123      	str	r3, [r4, #16]
C:\cortex\dimmers\stlibrary\src/stm32f10x_flash.c:226
    
    /* Wait for last operation to be completed */
    status = FLASH_WaitForLastOperation(EraseTimeout);
  24:	f7ff fffe 	bl	0 <FLASH_EraseAllPages>
C:\cortex\dimmers\stlibrary\src/stm32f10x_flash.c:228

    if(status != FLASH_BUSY)
  28:	2801      	cmp	r0, #1
  2a:	d005      	beq.n	38 <FLASH_EraseAllPages+0x38>
C:\cortex\dimmers\stlibrary\src/stm32f10x_flash.c:231
    {
      /* if the erase operation is completed, disable the MER Bit */
      FLASH->CR &= CR_MER_Reset;
  2c:	6922      	ldr	r2, [r4, #16]
  2e:	f641 73fb 	movw	r3, #8187	; 0x1ffb
  32:	ea02 0303 	and.w	r3, r2, r3
  36:	6123      	str	r3, [r4, #16]
C:\cortex\dimmers\stlibrary\src/stm32f10x_flash.c:236
    }
  }	   
  /* Return the Erase Status */
  return status;
}
  38:	bd10      	pop	{r4, pc}
  3a:	bf00      	nop
  3c:	40022000 	.word	0x40022000

Disassembly of section .text.FLASH_ErasePage:

00000000 <FLASH_ErasePage>:
FLASH_ErasePage():
C:\cortex\dimmers\stlibrary\src/stm32f10x_flash.c:174
* Return         : FLASH Status: The returned value can be: FLASH_BUSY, 
*                  FLASH_ERROR_PG, FLASH_ERROR_WRP, FLASH_COMPLETE or 
*                  FLASH_TIMEOUT.
*******************************************************************************/
FLASH_Status FLASH_ErasePage(u32 Page_Address)
{
   0:	b538      	push	{r3, r4, r5, lr}
   2:	4605      	mov	r5, r0
C:\cortex\dimmers\stlibrary\src/stm32f10x_flash.c:181

  /* Check the parameters */
  assert_param(IS_FLASH_ADDRESS(Page_Address));

  /* Wait for last operation to be completed */
  status = FLASH_WaitForLastOperation(EraseTimeout);
   4:	f640 70ff 	movw	r0, #4095	; 0xfff
   8:	f7ff fffe 	bl	0 <FLASH_ErasePage>
C:\cortex\dimmers\stlibrary\src/stm32f10x_flash.c:183
  
  if(status == FLASH_COMPLETE)
   c:	2804      	cmp	r0, #4
   e:	d115      	bne.n	3c <FLASH_ErasePage+0x3c>
C:\cortex\dimmers\stlibrary\src/stm32f10x_flash.c:186
  { 
    /* if the previous operation is completed, proceed to erase the page */
    FLASH->CR|= CR_PER_Set;
  10:	4c0b      	ldr	r4, [pc, #44]	; (40 <FLASH_ErasePage+0x40>)
C:\cortex\dimmers\stlibrary\src/stm32f10x_flash.c:191
    FLASH->AR = Page_Address; 
    FLASH->CR|= CR_STRT_Set;
    
    /* Wait for last operation to be completed */
    status = FLASH_WaitForLastOperation(EraseTimeout);
  12:	f640 70ff 	movw	r0, #4095	; 0xfff
C:\cortex\dimmers\stlibrary\src/stm32f10x_flash.c:186
  status = FLASH_WaitForLastOperation(EraseTimeout);
  
  if(status == FLASH_COMPLETE)
  { 
    /* if the previous operation is completed, proceed to erase the page */
    FLASH->CR|= CR_PER_Set;
  16:	6923      	ldr	r3, [r4, #16]
  18:	f043 0302 	orr.w	r3, r3, #2
  1c:	6123      	str	r3, [r4, #16]
C:\cortex\dimmers\stlibrary\src/stm32f10x_flash.c:187
    FLASH->AR = Page_Address; 
  1e:	6165      	str	r5, [r4, #20]
C:\cortex\dimmers\stlibrary\src/stm32f10x_flash.c:188
    FLASH->CR|= CR_STRT_Set;
  20:	6923      	ldr	r3, [r4, #16]
  22:	f043 0340 	orr.w	r3, r3, #64	; 0x40
  26:	6123      	str	r3, [r4, #16]
C:\cortex\dimmers\stlibrary\src/stm32f10x_flash.c:191
    
    /* Wait for last operation to be completed */
    status = FLASH_WaitForLastOperation(EraseTimeout);
  28:	f7ff fffe 	bl	0 <FLASH_ErasePage>
C:\cortex\dimmers\stlibrary\src/stm32f10x_flash.c:193

    if(status != FLASH_BUSY)
  2c:	2801      	cmp	r0, #1
  2e:	d005      	beq.n	3c <FLASH_ErasePage+0x3c>
C:\cortex\dimmers\stlibrary\src/stm32f10x_flash.c:196
    {
      /* if the erase operation is completed, disable the PER Bit */
      FLASH->CR &= CR_PER_Reset;
  30:	6922      	ldr	r2, [r4, #16]
  32:	f641 73fd 	movw	r3, #8189	; 0x1ffd
  36:	ea02 0303 	and.w	r3, r2, r3
  3a:	6123      	str	r3, [r4, #16]
C:\cortex\dimmers\stlibrary\src/stm32f10x_flash.c:201
    }
  }
  /* Return the Erase Status */
  return status;
}
  3c:	bd38      	pop	{r3, r4, r5, pc}
  3e:	bf00      	nop
  40:	40022000 	.word	0x40022000
