
C:\cortex\gateway\out\stm32f10x_dbgmcu.o:     file format elf32-littlearm
C:\cortex\gateway\out\stm32f10x_dbgmcu.o


Disassembly of section .text.DBGMCU_GetREVID:

00000000 <DBGMCU_GetREVID>:
DBGMCU_GetREVID():
C:\cortex\gateway\stlibrary\src/stm32f10x_dbgmcu.c:37
* Output         : None
* Return         : Device revision identifier
*******************************************************************************/
u32 DBGMCU_GetREVID(void)
{
   return(DBGMCU->IDCODE >> 16);
   0:	4b01      	ldr	r3, [pc, #4]	; (8 <DBGMCU_GetREVID+0x8>)
   2:	6818      	ldr	r0, [r3, #0]
C:\cortex\gateway\stlibrary\src/stm32f10x_dbgmcu.c:38
}
   4:	0c00      	lsrs	r0, r0, #16
   6:	4770      	bx	lr
   8:	e0042000 	.word	0xe0042000

Disassembly of section .text.DBGMCU_GetDEVID:

00000000 <DBGMCU_GetDEVID>:
DBGMCU_GetDEVID():
C:\cortex\gateway\stlibrary\src/stm32f10x_dbgmcu.c:49
* Output         : None
* Return         : Device identifier
*******************************************************************************/
u32 DBGMCU_GetDEVID(void)
{
   return(DBGMCU->IDCODE & IDCODE_DEVID_Mask);
   0:	4b02      	ldr	r3, [pc, #8]	; (c <DBGMCU_GetDEVID+0xc>)
   2:	6818      	ldr	r0, [r3, #0]
C:\cortex\gateway\stlibrary\src/stm32f10x_dbgmcu.c:50
}
   4:	0500      	lsls	r0, r0, #20
   6:	0d00      	lsrs	r0, r0, #20
   8:	4770      	bx	lr
   a:	bf00      	nop
   c:	e0042000 	.word	0xe0042000

Disassembly of section .text.DBGMCU_Config:

00000000 <DBGMCU_Config>:
DBGMCU_Config():
C:\cortex\gateway\stlibrary\src/stm32f10x_dbgmcu.c:82
*                    This parameter can be: ENABLE or DISABLE.
* Output         : None
* Return         : None
*******************************************************************************/
void DBGMCU_Config(u32 DBGMCU_Periph, FunctionalState NewState)
{
   0:	4b04      	ldr	r3, [pc, #16]	; (14 <DBGMCU_Config+0x14>)
C:\cortex\gateway\stlibrary\src/stm32f10x_dbgmcu.c:87
  /* Check the parameters */
  assert_param(IS_DBGMCU_PERIPH(DBGMCU_Periph));
  assert_param(IS_FUNCTIONAL_STATE(NewState));

  if (NewState != DISABLE)
   2:	b111      	cbz	r1, a <DBGMCU_Config+0xa>
C:\cortex\gateway\stlibrary\src/stm32f10x_dbgmcu.c:89
  {
    DBGMCU->CR |= DBGMCU_Periph;
   4:	685a      	ldr	r2, [r3, #4]
   6:	4310      	orrs	r0, r2
   8:	e002      	b.n	10 <DBGMCU_Config+0x10>
C:\cortex\gateway\stlibrary\src/stm32f10x_dbgmcu.c:93
  }
  else
  {
    DBGMCU->CR &= ~DBGMCU_Periph;
   a:	685a      	ldr	r2, [r3, #4]
   c:	ea22 0000 	bic.w	r0, r2, r0
  10:	6058      	str	r0, [r3, #4]
  12:	4770      	bx	lr
  14:	e0042000 	.word	0xe0042000
