
C:\cortex\gateway\out\stm32f10x_it.o:     file format elf32-littlearm
C:\cortex\gateway\out\stm32f10x_it.o


Disassembly of section .text.NMIException:

00000000 <NMIException>:
NMIException():
C:\cortex\gateway\src/stm32f10x_it.c:76
* Output         : None
* Return         : None
*******************************************************************************/
void NMIException(void)
{
}
   0:	4770      	bx	lr

Disassembly of section .text.HardFaultException:

00000000 <HardFaultException>:
HardFaultException():
C:\cortex\gateway\src/stm32f10x_it.c:86
* Input          : None
* Output         : None
* Return         : None
*******************************************************************************/
void HardFaultException(void)
{
   0:	e7fe      	b.n	0 <HardFaultException>

Disassembly of section .text.MemManageException:

00000000 <MemManageException>:
MemManageException():
C:\cortex\gateway\src/stm32f10x_it.c:101
* Input          : None
* Output         : None
* Return         : None
*******************************************************************************/
void MemManageException(void)
{
   0:	e7fe      	b.n	0 <MemManageException>

Disassembly of section .text.BusFaultException:

00000000 <BusFaultException>:
BusFaultException():
C:\cortex\gateway\src/stm32f10x_it.c:116
* Input          : None
* Output         : None
* Return         : None
*******************************************************************************/
void BusFaultException(void)
{
   0:	e7fe      	b.n	0 <BusFaultException>

Disassembly of section .text.UsageFaultException:

00000000 <UsageFaultException>:
UsageFaultException():
C:\cortex\gateway\src/stm32f10x_it.c:131
* Input          : None
* Output         : None
* Return         : None
*******************************************************************************/
void UsageFaultException(void)
{
   0:	e7fe      	b.n	0 <UsageFaultException>

Disassembly of section .text.DebugMonitor:

00000000 <DebugMonitor>:
DebugMonitor():
C:\cortex\gateway\src/stm32f10x_it.c:147
* Output         : None
* Return         : None
*******************************************************************************/
void DebugMonitor(void)
{
}
   0:	4770      	bx	lr

Disassembly of section .text.SVCHandler:

00000000 <SVCHandler>:
SVCHandler():
C:\cortex\gateway\src/stm32f10x_it.c:158
* Output         : None
* Return         : None
*******************************************************************************/
void SVCHandler(void)
{
}
   0:	4770      	bx	lr

Disassembly of section .text.PendSVC:

00000000 <PendSVC>:
PendSVC():
C:\cortex\gateway\src/stm32f10x_it.c:169
* Output         : None
* Return         : None
*******************************************************************************/
void PendSVC(void)
{
}
   0:	4770      	bx	lr

Disassembly of section .text.SysTickHandler:

00000000 <SysTickHandler>:
SysTickHandler():
C:\cortex\gateway\src/stm32f10x_it.c:180
* Output         : None
* Return         : None
*******************************************************************************/
void SysTickHandler(void)
{
}
   0:	4770      	bx	lr

Disassembly of section .text.WWDG_IRQHandler:

00000000 <WWDG_IRQHandler>:
WWDG_IRQHandler():
C:\cortex\gateway\src/stm32f10x_it.c:190
* Input          : None
* Output         : None
* Return         : None
*******************************************************************************/
void WWDG_IRQHandler(void)
{
   0:	b510      	push	{r4, lr}
C:\cortex\gateway\src/stm32f10x_it.c:192
    /* Update WWDG counter */
    WWDG_SetCounter(WDG_COUNTER_VALUE);
   2:	207f      	movs	r0, #127	; 0x7f
   4:	f7ff fffe 	bl	0 <WWDG_SetCounter>
C:\cortex\gateway\src/stm32f10x_it.c:195
    /* Clear EWI flag */
    WWDG_ClearFlag();
}
   8:	e8bd 4010 	ldmia.w	sp!, {r4, lr}
C:\cortex\gateway\src/stm32f10x_it.c:194
void WWDG_IRQHandler(void)
{
    /* Update WWDG counter */
    WWDG_SetCounter(WDG_COUNTER_VALUE);
    /* Clear EWI flag */
    WWDG_ClearFlag();
   c:	f7ff bffe 	b.w	0 <WWDG_ClearFlag>

Disassembly of section .text.PVD_IRQHandler:

00000000 <PVD_IRQHandler>:
PVD_IRQHandler():
C:\cortex\gateway\src/stm32f10x_it.c:206
* Output         : None
* Return         : None
*******************************************************************************/
void PVD_IRQHandler(void)
{
}
   0:	4770      	bx	lr

Disassembly of section .text.TAMPER_IRQHandler:

00000000 <TAMPER_IRQHandler>:
TAMPER_IRQHandler():
C:\cortex\gateway\src/stm32f10x_it.c:217
* Output         : None
* Return         : None
*******************************************************************************/
void TAMPER_IRQHandler(void)
{
}
   0:	4770      	bx	lr

Disassembly of section .text.RTC_IRQHandler:

00000000 <RTC_IRQHandler>:
RTC_IRQHandler():
C:\cortex\gateway\src/stm32f10x_it.c:228
* Output         : None
* Return         : None
*******************************************************************************/
void RTC_IRQHandler(void)
{
}
   0:	4770      	bx	lr

Disassembly of section .text.FLASH_IRQHandler:

00000000 <FLASH_IRQHandler>:
FLASH_IRQHandler():
C:\cortex\gateway\src/stm32f10x_it.c:239
* Output         : None
* Return         : None
*******************************************************************************/
void FLASH_IRQHandler(void)
{
}
   0:	4770      	bx	lr

Disassembly of section .text.RCC_IRQHandler:

00000000 <RCC_IRQHandler>:
RCC_IRQHandler():
C:\cortex\gateway\src/stm32f10x_it.c:250
* Output         : None
* Return         : None
*******************************************************************************/
void RCC_IRQHandler(void)
{
}
   0:	4770      	bx	lr

Disassembly of section .text.EXTI0_IRQHandler:

00000000 <EXTI0_IRQHandler>:
EXTI0_IRQHandler():
C:\cortex\gateway\src/stm32f10x_it.c:261
* Output         : None
* Return         : None
*******************************************************************************/
void EXTI0_IRQHandler(void)
{
}
   0:	4770      	bx	lr

Disassembly of section .text.EXTI1_IRQHandler:

00000000 <EXTI1_IRQHandler>:
EXTI1_IRQHandler():
C:\cortex\gateway\src/stm32f10x_it.c:272
* Output         : None
* Return         : None
*******************************************************************************/
void EXTI1_IRQHandler(void)
{
}
   0:	4770      	bx	lr

Disassembly of section .text.EXTI2_IRQHandler:

00000000 <EXTI2_IRQHandler>:
EXTI2_IRQHandler():
C:\cortex\gateway\src/stm32f10x_it.c:283
* Output         : None
* Return         : None
*******************************************************************************/
void EXTI2_IRQHandler(void)
{
}
   0:	4770      	bx	lr

Disassembly of section .text.EXTI3_IRQHandler:

00000000 <EXTI3_IRQHandler>:
EXTI3_IRQHandler():
C:\cortex\gateway\src/stm32f10x_it.c:294
* Output         : None
* Return         : None
*******************************************************************************/
void EXTI3_IRQHandler(void)
{
}
   0:	4770      	bx	lr

Disassembly of section .text.EXTI4_IRQHandler:

00000000 <EXTI4_IRQHandler>:
EXTI4_IRQHandler():
C:\cortex\gateway\src/stm32f10x_it.c:305
* Output         : None
* Return         : None
*******************************************************************************/
void EXTI4_IRQHandler(void)
{
}
   0:	4770      	bx	lr

Disassembly of section .text.DMA1_Channel1_IRQHandler:

00000000 <DMA1_Channel1_IRQHandler>:
DMA1_Channel1_IRQHandler():
C:\cortex\gateway\src/stm32f10x_it.c:316
* Output         : None
* Return         : None
*******************************************************************************/
void DMA1_Channel1_IRQHandler(void)
{
}
   0:	4770      	bx	lr

Disassembly of section .text.DMA1_Channel2_IRQHandler:

00000000 <DMA1_Channel2_IRQHandler>:
DMA1_Channel2_IRQHandler():
C:\cortex\gateway\src/stm32f10x_it.c:327
* Output         : None
* Return         : None
*******************************************************************************/
void DMA1_Channel2_IRQHandler(void)
{
}
   0:	4770      	bx	lr

Disassembly of section .text.DMA1_Channel3_IRQHandler:

00000000 <DMA1_Channel3_IRQHandler>:
DMA1_Channel3_IRQHandler():
C:\cortex\gateway\src/stm32f10x_it.c:338
* Output         : None
* Return         : None
*******************************************************************************/
void DMA1_Channel3_IRQHandler(void)
{
}
   0:	4770      	bx	lr

Disassembly of section .text.DMA1_Channel4_IRQHandler:

00000000 <DMA1_Channel4_IRQHandler>:
DMA1_Channel4_IRQHandler():
C:\cortex\gateway\src/stm32f10x_it.c:348
* Input          : None
* Output         : None
* Return         : None
*******************************************************************************/
void DMA1_Channel4_IRQHandler(void)
{
   0:	b510      	push	{r4, lr}
C:\cortex\gateway\src/stm32f10x_it.c:349
  if(DMA_GetITStatus(DMA1_IT_HT4) == SET)
   2:	f44f 4080 	mov.w	r0, #16384	; 0x4000
   6:	f7ff fffe 	bl	0 <DMA_GetITStatus>
   a:	2801      	cmp	r0, #1
   c:	d102      	bne.n	14 <DMA1_Channel4_IRQHandler+0x14>
C:\cortex\gateway\src/stm32f10x_it.c:351
  {
    DMA_ClearITPendingBit(DMA1_IT_HT4);
   e:	f44f 4080 	mov.w	r0, #16384	; 0x4000
  12:	e014      	b.n	3e <DMA1_Channel4_IRQHandler+0x3e>
C:\cortex\gateway\src/stm32f10x_it.c:353
  }
  else if (DMA_GetITStatus(DMA1_IT_TC4) == SET){
  14:	f44f 5000 	mov.w	r0, #8192	; 0x2000
  18:	f7ff fffe 	bl	0 <DMA_GetITStatus>
  1c:	2801      	cmp	r0, #1
  1e:	d106      	bne.n	2e <DMA1_Channel4_IRQHandler+0x2e>
C:\cortex\gateway\src/stm32f10x_it.c:354
    DMA_Cmd(DMA1_Channel4, DISABLE);
  20:	4809      	ldr	r0, [pc, #36]	; (48 <DMA1_Channel4_IRQHandler+0x48>)
  22:	2100      	movs	r1, #0
  24:	f7ff fffe 	bl	0 <DMA_Cmd>
C:\cortex\gateway\src/stm32f10x_it.c:355
    DMA_ClearITPendingBit(DMA1_IT_TC4);  
  28:	f44f 5000 	mov.w	r0, #8192	; 0x2000
  2c:	e007      	b.n	3e <DMA1_Channel4_IRQHandler+0x3e>
C:\cortex\gateway\src/stm32f10x_it.c:357
  }
  else if (DMA_GetITStatus(DMA1_IT_TE4) == SET ){
  2e:	f44f 4000 	mov.w	r0, #32768	; 0x8000
  32:	f7ff fffe 	bl	0 <DMA_GetITStatus>
  36:	2801      	cmp	r0, #1
  38:	d105      	bne.n	46 <DMA1_Channel4_IRQHandler+0x46>
C:\cortex\gateway\src/stm32f10x_it.c:358
    DMA_ClearITPendingBit(DMA1_IT_TE4);
  3a:	f44f 4000 	mov.w	r0, #32768	; 0x8000
C:\cortex\gateway\src/stm32f10x_it.c:361

  }
}
  3e:	e8bd 4010 	ldmia.w	sp!, {r4, lr}
C:\cortex\gateway\src/stm32f10x_it.c:358
  else if (DMA_GetITStatus(DMA1_IT_TC4) == SET){
    DMA_Cmd(DMA1_Channel4, DISABLE);
    DMA_ClearITPendingBit(DMA1_IT_TC4);  
  }
  else if (DMA_GetITStatus(DMA1_IT_TE4) == SET ){
    DMA_ClearITPendingBit(DMA1_IT_TE4);
  42:	f7ff bffe 	b.w	0 <DMA_ClearITPendingBit>
  46:	bd10      	pop	{r4, pc}
  48:	40020044 	.word	0x40020044

Disassembly of section .text.DMA1_Channel5_IRQHandler:

00000000 <DMA1_Channel5_IRQHandler>:
DMA1_Channel5_IRQHandler():
C:\cortex\gateway\src/stm32f10x_it.c:371
* Input          : None
* Output         : None
* Return         : None
*******************************************************************************/
void DMA1_Channel5_IRQHandler(void)
{
   0:	f44fb510 	.word	0xf44fb510
C:\cortex\gateway\src/stm32f10x_it.c:372
  if(DMA_GetITStatus(DMA1_IT_HT5) == SET)
   4:	2080      	movs	r0, #128	; 0x80
   6:	f7ff fffe 	bl	0 <DMA_GetITStatus>
   a:	2801      	cmp	r0, #1
   c:	d102      	bne.n	14 <DMA1_Channel5_IRQHandler+0x14>
C:\cortex\gateway\src/stm32f10x_it.c:374
  {
    DMA_ClearITPendingBit(DMA1_IT_HT5);
   e:	f44f 2080 	mov.w	r0, #262144	; 0x40000
  12:	e012      	b.n	3a <DMA1_Channel5_IRQHandler+0x3a>
C:\cortex\gateway\src/stm32f10x_it.c:376
  }
  else if (DMA_GetITStatus(DMA1_IT_TC5) == SET){
  14:	f44f 3000 	mov.w	r0, #131072	; 0x20000
  18:	f7ff fffe 	bl	0 <DMA_GetITStatus>
  1c:	2801      	cmp	r0, #1
  1e:	d104      	bne.n	2a <DMA1_Channel5_IRQHandler+0x2a>
C:\cortex\gateway\src/stm32f10x_it.c:377
    ReceivedOK = TRUE;    
  20:	4b08      	ldr	r3, [pc, #32]	; (44 <DMA1_Channel5_IRQHandler+0x44>)
  22:	7018      	strb	r0, [r3, #0]
C:\cortex\gateway\src/stm32f10x_it.c:378
    DMA_ClearITPendingBit(DMA1_IT_TC5);
  24:	f44f 3000 	mov.w	r0, #131072	; 0x20000
  28:	e007      	b.n	3a <DMA1_Channel5_IRQHandler+0x3a>
C:\cortex\gateway\src/stm32f10x_it.c:380
  }
  else if (DMA_GetITStatus(DMA1_IT_TE5) == SET ){
  2a:	f44f 2000 	mov.w	r0, #524288	; 0x80000
  2e:	f7ff fffe 	bl	0 <DMA_GetITStatus>
  32:	2801      	cmp	r0, #1
  34:	d105      	bne.n	42 <DMA1_Channel5_IRQHandler+0x42>
C:\cortex\gateway\src/stm32f10x_it.c:381
    DMA_ClearITPendingBit(DMA1_IT_TE5);
  36:	f44f 2000 	mov.w	r0, #524288	; 0x80000
C:\cortex\gateway\src/stm32f10x_it.c:384
 
  }
}
  3a:	e8bd 4010 	ldmia.w	sp!, {r4, lr}
C:\cortex\gateway\src/stm32f10x_it.c:381
  else if (DMA_GetITStatus(DMA1_IT_TC5) == SET){
    ReceivedOK = TRUE;    
    DMA_ClearITPendingBit(DMA1_IT_TC5);
  }
  else if (DMA_GetITStatus(DMA1_IT_TE5) == SET ){
    DMA_ClearITPendingBit(DMA1_IT_TE5);
  3e:	f7ff bffe 	b.w	0 <DMA_ClearITPendingBit>
  42:	bd10      	pop	{r4, pc}
  44:	00000000 	.word	0x00000000

Disassembly of section .text.DMA1_Channel6_IRQHandler:

00000000 <DMA1_Channel6_IRQHandler>:
DMA1_Channel6_IRQHandler():
C:\cortex\gateway\src/stm32f10x_it.c:395
* Output         : None
* Return         : None
*******************************************************************************/
void DMA1_Channel6_IRQHandler(void)
{
}
   0:	4770      	bx	lr

Disassembly of section .text.DMA1_Channel7_IRQHandler:

00000000 <DMA1_Channel7_IRQHandler>:
DMA1_Channel7_IRQHandler():
C:\cortex\gateway\src/stm32f10x_it.c:406
* Output         : None
* Return         : None
*******************************************************************************/
void DMA1_Channel7_IRQHandler(void)
{
}
   0:	4770      	bx	lr

Disassembly of section .text.ADC1_2_IRQHandler:

00000000 <ADC1_2_IRQHandler>:
ADC1_2_IRQHandler():
C:\cortex\gateway\src/stm32f10x_it.c:417
* Output         : None
* Return         : None
*******************************************************************************/
void ADC1_2_IRQHandler(void)
{
}
   0:	4770      	bx	lr

Disassembly of section .text.USB_HP_CAN_TX_IRQHandler:

00000000 <USB_HP_CAN_TX_IRQHandler>:
USB_HP_CAN_TX_IRQHandler():
C:\cortex\gateway\src/stm32f10x_it.c:429
* Output         : None
* Return         : None
*******************************************************************************/
void USB_HP_CAN_TX_IRQHandler(void)
{
}
   0:	4770      	bx	lr

Disassembly of section .text.USB_LP_CAN_RX0_IRQHandler:

00000000 <USB_LP_CAN_RX0_IRQHandler>:
USB_LP_CAN_RX0_IRQHandler():
C:\cortex\gateway\src/stm32f10x_it.c:441
* Output         : None
* Return         : None
*******************************************************************************/
void USB_LP_CAN_RX0_IRQHandler(void)
{
}
   0:	4770      	bx	lr

Disassembly of section .text.CAN_RX1_IRQHandler:

00000000 <CAN_RX1_IRQHandler>:
CAN_RX1_IRQHandler():
C:\cortex\gateway\src/stm32f10x_it.c:452
* Output         : None
* Return         : None
*******************************************************************************/
void CAN_RX1_IRQHandler(void)
{
}
   0:	4770      	bx	lr

Disassembly of section .text.CAN_SCE_IRQHandler:

00000000 <CAN_SCE_IRQHandler>:
CAN_SCE_IRQHandler():
C:\cortex\gateway\src/stm32f10x_it.c:463
* Output         : None
* Return         : None
*******************************************************************************/
void CAN_SCE_IRQHandler(void)
{
}
   0:	4770      	bx	lr

Disassembly of section .text.EXTI9_5_IRQHandler:

00000000 <EXTI9_5_IRQHandler>:
EXTI9_5_IRQHandler():
C:\cortex\gateway\src/stm32f10x_it.c:474
* Output         : None
* Return         : None
*******************************************************************************/
void EXTI9_5_IRQHandler(void)
{
}
   0:	4770      	bx	lr

Disassembly of section .text.TIM1_BRK_IRQHandler:

00000000 <TIM1_BRK_IRQHandler>:
TIM1_BRK_IRQHandler():
C:\cortex\gateway\src/stm32f10x_it.c:485
* Output         : None
* Return         : None
*******************************************************************************/
void TIM1_BRK_IRQHandler(void)
{
}
   0:	4770      	bx	lr

Disassembly of section .text.TIM1_UP_IRQHandler:

00000000 <TIM1_UP_IRQHandler>:
TIM1_UP_IRQHandler():
C:\cortex\gateway\src/stm32f10x_it.c:497
* Output         : None
* Return         : None
*******************************************************************************/
void TIM1_UP_IRQHandler(void)
{
}
   0:	4770      	bx	lr

Disassembly of section .text.TIM1_TRG_COM_IRQHandler:

00000000 <TIM1_TRG_COM_IRQHandler>:
TIM1_TRG_COM_IRQHandler():
C:\cortex\gateway\src/stm32f10x_it.c:509
* Output         : None
* Return         : None
*******************************************************************************/
void TIM1_TRG_COM_IRQHandler(void)
{
}
   0:	4770      	bx	lr

Disassembly of section .text.TIM1_CC_IRQHandler:

00000000 <TIM1_CC_IRQHandler>:
TIM1_CC_IRQHandler():
C:\cortex\gateway\src/stm32f10x_it.c:520
* Output         : None
* Return         : None
*******************************************************************************/
void TIM1_CC_IRQHandler(void)
{
}
   0:	4770      	bx	lr

Disassembly of section .text.TIM2_IRQHandler:

00000000 <TIM2_IRQHandler>:
TIM2_IRQHandler():
C:\cortex\gateway\src/stm32f10x_it.c:531
* Output         : None
* Return         : None
*******************************************************************************/
void TIM2_IRQHandler(void)
{
}
   0:	4770      	bx	lr

Disassembly of section .text.TIM3_IRQHandler:

00000000 <TIM3_IRQHandler>:
TIM3_IRQHandler():
C:\cortex\gateway\src/stm32f10x_it.c:542
* Output         : None
* Return         : None
*******************************************************************************/
void TIM3_IRQHandler(void)
{
}
   0:	4770      	bx	lr

Disassembly of section .text.TIM4_IRQHandler:

00000000 <TIM4_IRQHandler>:
TIM4_IRQHandler():
C:\cortex\gateway\src/stm32f10x_it.c:553
* Output         : None
* Return         : None
*******************************************************************************/
void TIM4_IRQHandler(void)
{
}
   0:	4770      	bx	lr

Disassembly of section .text.I2C1_EV_IRQHandler:

00000000 <I2C1_EV_IRQHandler>:
I2C1_EV_IRQHandler():
C:\cortex\gateway\src/stm32f10x_it.c:564
* Output         : None
* Return         : None
*******************************************************************************/
void I2C1_EV_IRQHandler(void)
{
}
   0:	4770      	bx	lr

Disassembly of section .text.I2C1_ER_IRQHandler:

00000000 <I2C1_ER_IRQHandler>:
I2C1_ER_IRQHandler():
C:\cortex\gateway\src/stm32f10x_it.c:575
* Output         : None
* Return         : None
*******************************************************************************/
void I2C1_ER_IRQHandler(void)
{
}
   0:	4770      	bx	lr

Disassembly of section .text.I2C2_EV_IRQHandler:

00000000 <I2C2_EV_IRQHandler>:
I2C2_EV_IRQHandler():
C:\cortex\gateway\src/stm32f10x_it.c:585
* Input          : None
* Output         : None
* Return         : None
*******************************************************************************/
void I2C2_EV_IRQHandler(void)
{
   0:	e92d 41f0 	stmdb	sp!, {r4, r5, r6, r7, r8, lr}
C:\cortex\gateway\src/stm32f10x_it.c:588
    static u32 evt;

    evt = I2C_GetLastEvent(I2C2);
   4:	4857      	ldr	r0, [pc, #348]	; (160 <I2C_GetLastEvent+0x160>)
   6:	f7ff fffe 	bl	0 <I2C_GetLastEvent>
   a:	4b57      	ldr	r3, [pc, #348]	; (168 <I2C2_EV_IRQHandler+0x168>)
   c:	6018      	str	r0, [r3, #0]
C:\cortex\gateway\src/stm32f10x_it.c:589
      switch (evt){
   e:	4b57      	ldr	r3, [pc, #348]	; (16c <I2C2_EV_IRQHandler+0x16c>)
  10:	4298      	cmp	r0, r3
  12:	d043      	beq.n	9c <I2C2_EV_IRQHandler+0x9c>
  14:	d80a      	bhi.n	2c <I2C2_EV_IRQHandler+0x2c>
  16:	3b3f      	subs	r3, #63	; 0x3f
  18:	4298      	cmp	r0, r3
  1a:	d018      	beq.n	4e <I2C2_EV_IRQHandler+0x4e>
  1c:	3301      	adds	r3, #1
  1e:	4298      	cmp	r0, r3
  20:	d02e      	beq.n	80 <I2C2_EV_IRQHandler+0x80>
  22:	f5b0 6f80 	cmp.w	r0, #1024	; 0x400
  26:	f040 809a 	bne.w	15e <I2C2_EV_IRQHandler+0x15e>
  2a:	e092      	b.n	152 <I2C2_EV_IRQHandler+0x152>
  2c:	4b50      	ldr	r3, [pc, #320]	; (170 <I2C2_EV_IRQHandler+0x170>)
  2e:	4298      	cmp	r0, r3
  30:	d05f      	beq.n	f2 <I2C2_EV_IRQHandler+0xf2>
  32:	d804      	bhi.n	3e <I2C2_EV_IRQHandler+0x3e>
  34:	4b4f      	ldr	r3, [pc, #316]	; (174 <I2C2_EV_IRQHandler+0x174>)
  36:	4298      	cmp	r0, r3
  38:	f040 8091 	bne.w	15e <I2C2_EV_IRQHandler+0x15e>
  3c:	e02e      	b.n	9c <I2C2_EV_IRQHandler+0x9c>
  3e:	4b4e      	ldr	r3, [pc, #312]	; (178 <I2C2_EV_IRQHandler+0x178>)
  40:	4298      	cmp	r0, r3
  42:	d022      	beq.n	8a <I2C2_EV_IRQHandler+0x8a>
  44:	3302      	adds	r3, #2
  46:	4298      	cmp	r0, r3
  48:	f040 8089 	bne.w	15e <I2C2_EV_IRQHandler+0x15e>
  4c:	e060      	b.n	110 <I2C2_EV_IRQHandler+0x110>
C:\cortex\gateway\src/stm32f10x_it.c:591
        case I2C_EVENT_MASTER_MODE_SELECT:
             I2C_AcknowledgeConfig(I2C2, ENABLE);         
  4e:	4845      	ldr	r0, [pc, #276]	; (164 <I2C2_EV_IRQHandler+0x164>)
  50:	2101      	movs	r1, #1
  52:	f7ff fffe 	bl	0 <I2C_AcknowledgeConfig>
C:\cortex\gateway\src/stm32f10x_it.c:592
             I2C_ITConfig( I2C2, I2C_IT_BUF , ENABLE );
  56:	2201      	movs	r2, #1
  58:	4842      	ldr	r0, [pc, #264]	; (164 <I2C2_EV_IRQHandler+0x164>)
  5a:	f44f 6180 	mov.w	r1, #1024	; 0x400
  5e:	f7ff fffe 	bl	0 <I2C_ITConfig>
C:\cortex\gateway\src/stm32f10x_it.c:593
             if ( Transmitter == FALSE)   
  62:	4b46      	ldr	r3, [pc, #280]	; (17c <I2C2_EV_IRQHandler+0x17c>)
  64:	781a      	ldrb	r2, [r3, #0]
  66:	4b46      	ldr	r3, [pc, #280]	; (180 <I2C2_EV_IRQHandler+0x180>)
  68:	b91a      	cbnz	r2, 72 <I2C2_EV_IRQHandler+0x72>
C:\cortex\gateway\src/stm32f10x_it.c:594
                I2C_Send7bitAddress(I2C2 , Command.address , I2C_Direction_Receiver);
  6a:	7859      	ldrb	r1, [r3, #1]
  6c:	483d      	ldr	r0, [pc, #244]	; (164 <I2C2_EV_IRQHandler+0x164>)
  6e:	3201      	adds	r2, #1
  70:	e002      	b.n	78 <I2C2_EV_IRQHandler+0x78>
C:\cortex\gateway\src/stm32f10x_it.c:596
             else
                I2C_Send7bitAddress(I2C2 , Command.address , I2C_Direction_Transmitter);
  72:	7859      	ldrb	r1, [r3, #1]
  74:	483b      	ldr	r0, [pc, #236]	; (164 <I2C2_EV_IRQHandler+0x164>)
  76:	2200      	movs	r2, #0
C:\cortex\gateway\src/stm32f10x_it.c:641
        default:
           // if (evt !=0)
             //   *((volatile unsigned int*)0xE000ED0C) = 0x05FA0004;
        break;
    }
}
  78:	e8bd 41f0 	ldmia.w	sp!, {r4, r5, r6, r7, r8, lr}
C:\cortex\gateway\src/stm32f10x_it.c:596
             I2C_AcknowledgeConfig(I2C2, ENABLE);         
             I2C_ITConfig( I2C2, I2C_IT_BUF , ENABLE );
             if ( Transmitter == FALSE)   
                I2C_Send7bitAddress(I2C2 , Command.address , I2C_Direction_Receiver);
             else
                I2C_Send7bitAddress(I2C2 , Command.address , I2C_Direction_Transmitter);
  7c:	f7ff bffe 	b.w	0 <I2C_Send7bitAddress>
C:\cortex\gateway\src/stm32f10x_it.c:599
        break;
        case I2C_EVENT_MASTER_RECEIVER_MODE_SELECTED:
             RxIdx = 0;
  80:	4b40      	ldr	r3, [pc, #256]	; (184 <I2C2_EV_IRQHandler+0x184>)
  82:	2200      	movs	r2, #0
  84:	801a      	strh	r2, [r3, #0]
C:\cortex\gateway\src/stm32f10x_it.c:600
        break;
  86:	e8bd 81f0 	ldmia.w	sp!, {r4, r5, r6, r7, r8, pc}
C:\cortex\gateway\src/stm32f10x_it.c:602
        case I2C_EVENT_MASTER_TRANSMITTER_MODE_SELECTED:
             TxIdx = 0;
  8a:	4b3f      	ldr	r3, [pc, #252]	; (188 <I2C2_EV_IRQHandler+0x188>)
  8c:	2200      	movs	r2, #0
  8e:	801a      	strh	r2, [r3, #0]
C:\cortex\gateway\src/stm32f10x_it.c:603
             I2C_SendData( I2C2, Command.data[TxIdx++] );
  90:	4a3b      	ldr	r2, [pc, #236]	; (180 <I2C2_EV_IRQHandler+0x180>)
  92:	68d2      	ldr	r2, [r2, #12]
  94:	7811      	ldrb	r1, [r2, #0]
  96:	2201      	movs	r2, #1
  98:	801a      	strh	r2, [r3, #0]
  9a:	e034      	b.n	106 <I2C2_EV_IRQHandler+0x106>
C:\cortex\gateway\src/stm32f10x_it.c:607
        break;
        case I2C_EVENT_MASTER_BYTE_RECEIVED:
        case I2C_EVENT_MASTER_BYTE_RECEIVED_WITH_BTF:    
            if ( RxIdx < Command.len_data ) 
  9c:	4e39      	ldr	r6, [pc, #228]	; (184 <I2C2_EV_IRQHandler+0x184>)
  9e:	4d38      	ldr	r5, [pc, #224]	; (180 <I2C2_EV_IRQHandler+0x180>)
  a0:	8834      	ldrh	r4, [r6, #0]
  a2:	7a2b      	ldrb	r3, [r5, #8]
  a4:	429c      	cmp	r4, r3
  a6:	d206      	bcs.n	b6 <I2C2_EV_IRQHandler+0xb6>
C:\cortex\gateway\src/stm32f10x_it.c:608
               Command.data[RxIdx++] = I2C_ReceiveData(I2C2);
  a8:	482e      	ldr	r0, [pc, #184]	; (164 <I2C2_EV_IRQHandler+0x164>)
  aa:	68ef      	ldr	r7, [r5, #12]
  ac:	f7ff fffe 	bl	0 <I2C_ReceiveData>
  b0:	5538      	strb	r0, [r7, r4]
  b2:	3401      	adds	r4, #1
  b4:	8034      	strh	r4, [r6, #0]
C:\cortex\gateway\src/stm32f10x_it.c:609
            if( RxIdx == Command.len_data - 1)
  b6:	7a2a      	ldrb	r2, [r5, #8]
  b8:	8833      	ldrh	r3, [r6, #0]
  ba:	3a01      	subs	r2, #1
  bc:	4293      	cmp	r3, r2
  be:	d109      	bne.n	d4 <I2C2_EV_IRQHandler+0xd4>
C:\cortex\gateway\src/stm32f10x_it.c:611
            {
                I2C_AcknowledgeConfig(I2C2, DISABLE);
  c0:	2100      	movs	r1, #0
  c2:	4828      	ldr	r0, [pc, #160]	; (164 <I2C2_EV_IRQHandler+0x164>)
  c4:	f7ff fffe 	bl	0 <I2C_AcknowledgeConfig>
C:\cortex\gateway\src/stm32f10x_it.c:612
                I2C_GenerateSTOP(I2C2, ENABLE);
  c8:	4826      	ldr	r0, [pc, #152]	; (164 <I2C2_EV_IRQHandler+0x164>)
  ca:	2101      	movs	r1, #1
C:\cortex\gateway\src/stm32f10x_it.c:641
        default:
           // if (evt !=0)
             //   *((volatile unsigned int*)0xE000ED0C) = 0x05FA0004;
        break;
    }
}
  cc:	e8bd 41f0 	ldmia.w	sp!, {r4, r5, r6, r7, r8, lr}
C:\cortex\gateway\src/stm32f10x_it.c:612
            if ( RxIdx < Command.len_data ) 
               Command.data[RxIdx++] = I2C_ReceiveData(I2C2);
            if( RxIdx == Command.len_data - 1)
            {
                I2C_AcknowledgeConfig(I2C2, DISABLE);
                I2C_GenerateSTOP(I2C2, ENABLE);
  d0:	f7ff bffe 	b.w	0 <I2C_GenerateSTOP>
C:\cortex\gateway\src/stm32f10x_it.c:614
            }
            else if ( RxIdx == Command.len_data ){
  d4:	4a2a      	ldr	r2, [pc, #168]	; (180 <I2C2_EV_IRQHandler+0x180>)
  d6:	7a12      	ldrb	r2, [r2, #8]
  d8:	4293      	cmp	r3, r2
  da:	d140      	bne.n	15e <I2C2_EV_IRQHandler+0x15e>
C:\cortex\gateway\src/stm32f10x_it.c:615
                I2CRxDone = TRUE;
  dc:	4b2b      	ldr	r3, [pc, #172]	; (18c <I2C2_EV_IRQHandler+0x18c>)
  de:	2401      	movs	r4, #1
C:\cortex\gateway\src/stm32f10x_it.c:616
                GPIO_WriteBit(GPIOC, GPIO_Pin_0, (BitAction)((1-GPIO_ReadOutputDataBit(GPIOC, GPIO_Pin_0))));
  e0:	4621      	mov	r1, r4
C:\cortex\gateway\src/stm32f10x_it.c:615
            {
                I2C_AcknowledgeConfig(I2C2, DISABLE);
                I2C_GenerateSTOP(I2C2, ENABLE);
            }
            else if ( RxIdx == Command.len_data ){
                I2CRxDone = TRUE;
  e2:	701c      	strb	r4, [r3, #0]
C:\cortex\gateway\src/stm32f10x_it.c:616
                GPIO_WriteBit(GPIOC, GPIO_Pin_0, (BitAction)((1-GPIO_ReadOutputDataBit(GPIOC, GPIO_Pin_0))));
  e4:	482a      	ldr	r0, [pc, #168]	; (190 <I2C2_EV_IRQHandler+0x190>)
  e6:	f7ff fffe 	bl	0 <GPIO_ReadOutputDataBit>
  ea:	4621      	mov	r1, r4
  ec:	1a22      	subs	r2, r4, r0
  ee:	4828      	ldr	r0, [pc, #160]	; (190 <I2C2_EV_IRQHandler+0x190>)
  f0:	e02a      	b.n	148 <I2C2_EV_IRQHandler+0x148>
C:\cortex\gateway\src/stm32f10x_it.c:620
            }
        break;        
        case I2C_EVENT_MASTER_BYTE_TRANSMITTING:
            if ( TxIdx <  Command.len_data )
  f2:	4a25      	ldr	r2, [pc, #148]	; (188 <I2C2_EV_IRQHandler+0x188>)
  f4:	4922      	ldr	r1, [pc, #136]	; (180 <I2C2_EV_IRQHandler+0x180>)
  f6:	8813      	ldrh	r3, [r2, #0]
  f8:	7a08      	ldrb	r0, [r1, #8]
  fa:	4283      	cmp	r3, r0
  fc:	d22f      	bcs.n	15e <I2C2_EV_IRQHandler+0x15e>
C:\cortex\gateway\src/stm32f10x_it.c:621
                I2C_SendData(I2C2, Command.data[TxIdx++]);
  fe:	68c9      	ldr	r1, [r1, #12]
 100:	5cc9      	ldrb	r1, [r1, r3]
 102:	3301      	adds	r3, #1
 104:	8013      	strh	r3, [r2, #0]
 106:	4817      	ldr	r0, [pc, #92]	; (164 <I2C2_EV_IRQHandler+0x164>)
C:\cortex\gateway\src/stm32f10x_it.c:641
        default:
           // if (evt !=0)
             //   *((volatile unsigned int*)0xE000ED0C) = 0x05FA0004;
        break;
    }
}
 108:	e8bd 41f0 	ldmia.w	sp!, {r4, r5, r6, r7, r8, lr}
C:\cortex\gateway\src/stm32f10x_it.c:621
                GPIO_WriteBit(GPIOC, GPIO_Pin_0, (BitAction)((1-GPIO_ReadOutputDataBit(GPIOC, GPIO_Pin_0))));
            }
        break;        
        case I2C_EVENT_MASTER_BYTE_TRANSMITTING:
            if ( TxIdx <  Command.len_data )
                I2C_SendData(I2C2, Command.data[TxIdx++]);
 10c:	f7ff bffe 	b.w	0 <I2C_SendData>
C:\cortex\gateway\src/stm32f10x_it.c:625

        break;
        case I2C_EVENT_MASTER_BYTE_TRANSMITTED:
            if ( TxIdx == Command.len_data ){
 110:	4b1b      	ldr	r3, [pc, #108]	; (180 <I2C2_EV_IRQHandler+0x180>)
 112:	7a1a      	ldrb	r2, [r3, #8]
 114:	4b1c      	ldr	r3, [pc, #112]	; (188 <I2C2_EV_IRQHandler+0x188>)
 116:	8819      	ldrh	r1, [r3, #0]
 118:	4291      	cmp	r1, r2
 11a:	d120      	bne.n	15e <I2C2_EV_IRQHandler+0x15e>
C:\cortex\gateway\src/stm32f10x_it.c:626
                TxIdx = 0;
 11c:	2200      	movs	r2, #0
 11e:	801a      	strh	r2, [r3, #0]
C:\cortex\gateway\src/stm32f10x_it.c:627
                I2C_ITConfig( I2C2, I2C_IT_BUF , DISABLE );              
 120:	4810      	ldr	r0, [pc, #64]	; (164 <I2C2_EV_IRQHandler+0x164>)
 122:	2200      	movs	r2, #0
 124:	f44f 6180 	mov.w	r1, #1024	; 0x400
 128:	f7ff fffe 	bl	0 <I2C_ITConfig>
C:\cortex\gateway\src/stm32f10x_it.c:628
                I2CTxDone = TRUE;    
 12c:	4b19      	ldr	r3, [pc, #100]	; (194 <I2C2_EV_IRQHandler+0x194>)
 12e:	2101      	movs	r1, #1
 130:	7019      	strb	r1, [r3, #0]
C:\cortex\gateway\src/stm32f10x_it.c:629
                I2C_GenerateSTOP(I2C2, ENABLE);
 132:	480c      	ldr	r0, [pc, #48]	; (164 <I2C2_EV_IRQHandler+0x164>)
 134:	f7ff fffe 	bl	0 <I2C_GenerateSTOP>
C:\cortex\gateway\src/stm32f10x_it.c:630
                GPIO_WriteBit(GPIOC, GPIO_Pin_1, (BitAction)((1-GPIO_ReadOutputDataBit(GPIOC, GPIO_Pin_1))));
 138:	2102      	movs	r1, #2
 13a:	4815      	ldr	r0, [pc, #84]	; (190 <I2C2_EV_IRQHandler+0x190>)
 13c:	f7ff fffe 	bl	0 <GPIO_ReadOutputDataBit>
 140:	f1c0 0201 	rsb	r2, r0, #1
 144:	4812      	ldr	r0, [pc, #72]	; (190 <I2C2_EV_IRQHandler+0x190>)
 146:	2102      	movs	r1, #2
 148:	b2d2      	uxtb	r2, r2
C:\cortex\gateway\src/stm32f10x_it.c:641
        default:
           // if (evt !=0)
             //   *((volatile unsigned int*)0xE000ED0C) = 0x05FA0004;
        break;
    }
}
 14a:	e8bd 41f0 	ldmia.w	sp!, {r4, r5, r6, r7, r8, lr}
C:\cortex\gateway\src/stm32f10x_it.c:630
            if ( TxIdx == Command.len_data ){
                TxIdx = 0;
                I2C_ITConfig( I2C2, I2C_IT_BUF , DISABLE );              
                I2CTxDone = TRUE;    
                I2C_GenerateSTOP(I2C2, ENABLE);
                GPIO_WriteBit(GPIOC, GPIO_Pin_1, (BitAction)((1-GPIO_ReadOutputDataBit(GPIOC, GPIO_Pin_1))));
 14e:	f7ff bffe 	b.w	0 <GPIO_WriteBit>
C:\cortex\gateway\src/stm32f10x_it.c:634
            }            
        break;    
        case I2C_EVENT_SLAVE_ACK_FAILURE:
            I2C_ClearFlag(I2C2, I2C_IT_AF);
 152:	4804      	ldr	r0, [pc, #16]	; (164 <I2C2_EV_IRQHandler+0x164>)
 154:	4910      	ldr	r1, [pc, #64]	; (198 <I2C2_EV_IRQHandler+0x198>)
C:\cortex\gateway\src/stm32f10x_it.c:641
        default:
           // if (evt !=0)
             //   *((volatile unsigned int*)0xE000ED0C) = 0x05FA0004;
        break;
    }
}
 156:	e8bd 41f0 	ldmia.w	sp!, {r4, r5, r6, r7, r8, lr}
C:\cortex\gateway\src/stm32f10x_it.c:634
                I2C_GenerateSTOP(I2C2, ENABLE);
                GPIO_WriteBit(GPIOC, GPIO_Pin_1, (BitAction)((1-GPIO_ReadOutputDataBit(GPIOC, GPIO_Pin_1))));
            }            
        break;    
        case I2C_EVENT_SLAVE_ACK_FAILURE:
            I2C_ClearFlag(I2C2, I2C_IT_AF);
 15a:	f7ff bffe 	b.w	0 <I2C_ClearFlag>
 15e:	e8bd 81f0 	ldmia.w	sp!, {r4, r5, r6, r7, r8, pc}
 162:	bf00      	nop
 164:	40005800 	.word	0x40005800
 168:	00000000 	.word	0x00000000
 16c:	00030040 	.word	0x00030040
 170:	00070080 	.word	0x00070080
 174:	00030044 	.word	0x00030044
 178:	00070082 	.word	0x00070082
	...
 190:	40011000 	.word	0x40011000
 194:	00000000 	.word	0x00000000
 198:	01000400 	.word	0x01000400

Disassembly of section .text.I2C2_ER_IRQHandler:

00000000 <I2C2_ER_IRQHandler>:
I2C2_ER_IRQHandler():
C:\cortex\gateway\src/stm32f10x_it.c:651
* Input          : None
* Output         : None
* Return         : None
*******************************************************************************/
void I2C2_ER_IRQHandler(void)
{
   0:	4813b510 	.word	0x4813b510
C:\cortex\gateway\src/stm32f10x_it.c:652
  if (I2C_GetITStatus(I2C2, I2C_IT_AF)) 
   4:	4913      	ldr	r1, [pc, #76]	; (50 <I2C_GetITStatus+0x50>)
   6:	f7ff fffe 	bl	0 <I2C_GetITStatus>
   a:	b118      	cbz	r0, 14 <I2C2_ER_IRQHandler+0x14>
C:\cortex\gateway\src/stm32f10x_it.c:654
  {
    I2C_ClearITPendingBit(I2C2, I2C_IT_AF);
   c:	4810      	ldr	r0, [pc, #64]	; (50 <I2C2_ER_IRQHandler+0x50>)
   e:	4911      	ldr	r1, [pc, #68]	; (54 <I2C2_ER_IRQHandler+0x54>)
  10:	f7ff fffe 	bl	0 <I2C_ClearITPendingBit>
C:\cortex\gateway\src/stm32f10x_it.c:656
  }
  if (I2C_GetITStatus(I2C2, I2C_IT_BERR)) 
  14:	480e      	ldr	r0, [pc, #56]	; (50 <I2C2_ER_IRQHandler+0x50>)
  16:	4910      	ldr	r1, [pc, #64]	; (58 <I2C2_ER_IRQHandler+0x58>)
  18:	f7ff fffe 	bl	0 <I2C_GetITStatus>
  1c:	b118      	cbz	r0, 26 <I2C2_ER_IRQHandler+0x26>
C:\cortex\gateway\src/stm32f10x_it.c:658
  {
    I2C_ClearITPendingBit(I2C2, I2C_IT_BERR);
  1e:	480c      	ldr	r0, [pc, #48]	; (50 <I2C2_ER_IRQHandler+0x50>)
  20:	490d      	ldr	r1, [pc, #52]	; (58 <I2C2_ER_IRQHandler+0x58>)
  22:	f7ff fffe 	bl	0 <I2C_ClearITPendingBit>
C:\cortex\gateway\src/stm32f10x_it.c:660
  }
  if (I2C_GetITStatus(I2C2, I2C_IT_ARLO)) 
  26:	480a      	ldr	r0, [pc, #40]	; (50 <I2C2_ER_IRQHandler+0x50>)
  28:	490c      	ldr	r1, [pc, #48]	; (5c <I2C2_ER_IRQHandler+0x5c>)
  2a:	f7ff fffe 	bl	0 <I2C_GetITStatus>
  2e:	b118      	cbz	r0, 38 <I2C2_ER_IRQHandler+0x38>
C:\cortex\gateway\src/stm32f10x_it.c:662
  {
    I2C_ClearITPendingBit(I2C2, I2C_IT_ARLO);
  30:	4807      	ldr	r0, [pc, #28]	; (50 <I2C2_ER_IRQHandler+0x50>)
  32:	490a      	ldr	r1, [pc, #40]	; (5c <I2C2_ER_IRQHandler+0x5c>)
  34:	f7ff fffe 	bl	0 <I2C_ClearITPendingBit>
C:\cortex\gateway\src/stm32f10x_it.c:664
  }
  if (I2C_GetITStatus(I2C2, I2C_IT_OVR)) 
  38:	4805      	ldr	r0, [pc, #20]	; (50 <I2C2_ER_IRQHandler+0x50>)
  3a:	4909      	ldr	r1, [pc, #36]	; (60 <I2C2_ER_IRQHandler+0x60>)
  3c:	f7ff fffe 	bl	0 <I2C_GetITStatus>
  40:	b128      	cbz	r0, 4e <I2C2_ER_IRQHandler+0x4e>
C:\cortex\gateway\src/stm32f10x_it.c:666
  {
    I2C_ClearITPendingBit(I2C2, I2C_IT_OVR);
  42:	4803      	ldr	r0, [pc, #12]	; (50 <I2C2_ER_IRQHandler+0x50>)
  44:	4906      	ldr	r1, [pc, #24]	; (60 <I2C2_ER_IRQHandler+0x60>)
C:\cortex\gateway\src/stm32f10x_it.c:668
  }
}
  46:	e8bd 4010 	ldmia.w	sp!, {r4, lr}
C:\cortex\gateway\src/stm32f10x_it.c:666
  {
    I2C_ClearITPendingBit(I2C2, I2C_IT_ARLO);
  }
  if (I2C_GetITStatus(I2C2, I2C_IT_OVR)) 
  {
    I2C_ClearITPendingBit(I2C2, I2C_IT_OVR);
  4a:	f7ff bffe 	b.w	0 <I2C_ClearITPendingBit>
  4e:	bd10      	pop	{r4, pc}
  50:	40005800 	.word	0x40005800
  54:	01000400 	.word	0x01000400
  58:	01000100 	.word	0x01000100
  5c:	01000200 	.word	0x01000200
  60:	01000800 	.word	0x01000800

Disassembly of section .text.SPI1_IRQHandler:

00000000 <SPI1_IRQHandler>:
SPI1_IRQHandler():
C:\cortex\gateway\src/stm32f10x_it.c:679
* Output         : None
* Return         : None
*******************************************************************************/
void SPI1_IRQHandler(void)
{
}
   0:	4770      	bx	lr

Disassembly of section .text.SPI2_IRQHandler:

00000000 <SPI2_IRQHandler>:
SPI2_IRQHandler():
C:\cortex\gateway\src/stm32f10x_it.c:690
* Output         : None
* Return         : None
*******************************************************************************/
void SPI2_IRQHandler(void)
{
}
   0:	4770      	bx	lr

Disassembly of section .text.USART1_IRQHandler:

00000000 <USART1_IRQHandler>:
USART1_IRQHandler():
C:\cortex\gateway\src/stm32f10x_it.c:701
* Output         : None
* Return         : None
*******************************************************************************/
void USART1_IRQHandler(void)
{
}
   0:	4770      	bx	lr

Disassembly of section .text.USART2_IRQHandler:

00000000 <USART2_IRQHandler>:
USART2_IRQHandler():
C:\cortex\gateway\src/stm32f10x_it.c:712
* Output         : None
* Return         : None
*******************************************************************************/
void USART2_IRQHandler(void)
{
}
   0:	4770      	bx	lr

Disassembly of section .text.USART3_IRQHandler:

00000000 <USART3_IRQHandler>:
USART3_IRQHandler():
C:\cortex\gateway\src/stm32f10x_it.c:723
* Output         : None
* Return         : None
*******************************************************************************/
void USART3_IRQHandler(void)
{
}
   0:	4770      	bx	lr

Disassembly of section .text.EXTI15_10_IRQHandler:

00000000 <EXTI15_10_IRQHandler>:
EXTI15_10_IRQHandler():
C:\cortex\gateway\src/stm32f10x_it.c:734
* Output         : None
* Return         : None
*******************************************************************************/
void EXTI15_10_IRQHandler(void)
{
}
   0:	4770      	bx	lr

Disassembly of section .text.RTCAlarm_IRQHandler:

00000000 <RTCAlarm_IRQHandler>:
RTCAlarm_IRQHandler():
C:\cortex\gateway\src/stm32f10x_it.c:745
* Output         : None
* Return         : None
*******************************************************************************/
void RTCAlarm_IRQHandler(void)
{
}
   0:	4770      	bx	lr

Disassembly of section .text.USBWakeUp_IRQHandler:

00000000 <USBWakeUp_IRQHandler>:
USBWakeUp_IRQHandler():
C:\cortex\gateway\src/stm32f10x_it.c:756
* Output         : None
* Return         : None
*******************************************************************************/
void USBWakeUp_IRQHandler(void)
{
}
   0:	4770      	bx	lr

Disassembly of section .text.TIM8_BRK_IRQHandler:

00000000 <TIM8_BRK_IRQHandler>:
TIM8_BRK_IRQHandler():
C:\cortex\gateway\src/stm32f10x_it.c:767
* Output         : None
* Return         : None
*******************************************************************************/
void TIM8_BRK_IRQHandler(void)
{
}
   0:	4770      	bx	lr

Disassembly of section .text.TIM8_UP_IRQHandler:

00000000 <TIM8_UP_IRQHandler>:
TIM8_UP_IRQHandler():
C:\cortex\gateway\src/stm32f10x_it.c:779
* Output         : None
* Return         : None
*******************************************************************************/
void TIM8_UP_IRQHandler(void)
{
}
   0:	4770      	bx	lr

Disassembly of section .text.TIM8_TRG_COM_IRQHandler:

00000000 <TIM8_TRG_COM_IRQHandler>:
TIM8_TRG_COM_IRQHandler():
C:\cortex\gateway\src/stm32f10x_it.c:791
* Output         : None
* Return         : None
*******************************************************************************/
void TIM8_TRG_COM_IRQHandler(void)
{
}
   0:	4770      	bx	lr

Disassembly of section .text.TIM8_CC_IRQHandler:

00000000 <TIM8_CC_IRQHandler>:
TIM8_CC_IRQHandler():
C:\cortex\gateway\src/stm32f10x_it.c:802
* Output         : None
* Return         : None
*******************************************************************************/
void TIM8_CC_IRQHandler(void)
{
}
   0:	4770      	bx	lr

Disassembly of section .text.ADC3_IRQHandler:

00000000 <ADC3_IRQHandler>:
ADC3_IRQHandler():
C:\cortex\gateway\src/stm32f10x_it.c:813
* Output         : None
* Return         : None
*******************************************************************************/
void ADC3_IRQHandler(void)
{
}
   0:	4770      	bx	lr

Disassembly of section .text.FSMC_IRQHandler:

00000000 <FSMC_IRQHandler>:
FSMC_IRQHandler():
C:\cortex\gateway\src/stm32f10x_it.c:824
* Output         : None
* Return         : None
*******************************************************************************/
void FSMC_IRQHandler(void)
{
}
   0:	4770      	bx	lr

Disassembly of section .text.SDIO_IRQHandler:

00000000 <SDIO_IRQHandler>:
SDIO_IRQHandler():
C:\cortex\gateway\src/stm32f10x_it.c:835
* Output         : None
* Return         : None
*******************************************************************************/
void SDIO_IRQHandler(void)
{
}
   0:	4770      	bx	lr

Disassembly of section .text.TIM5_IRQHandler:

00000000 <TIM5_IRQHandler>:
TIM5_IRQHandler():
C:\cortex\gateway\src/stm32f10x_it.c:846
* Output         : None
* Return         : None
*******************************************************************************/
void TIM5_IRQHandler(void)
{
}
   0:	4770      	bx	lr

Disassembly of section .text.SPI3_IRQHandler:

00000000 <SPI3_IRQHandler>:
SPI3_IRQHandler():
C:\cortex\gateway\src/stm32f10x_it.c:857
* Output         : None
* Return         : None
*******************************************************************************/
void SPI3_IRQHandler(void)
{
}
   0:	4770      	bx	lr

Disassembly of section .text.UART4_IRQHandler:

00000000 <UART4_IRQHandler>:
UART4_IRQHandler():
C:\cortex\gateway\src/stm32f10x_it.c:868
* Output         : None
* Return         : None
*******************************************************************************/
void UART4_IRQHandler(void)
{
}
   0:	4770      	bx	lr

Disassembly of section .text.UART5_IRQHandler:

00000000 <UART5_IRQHandler>:
UART5_IRQHandler():
C:\cortex\gateway\src/stm32f10x_it.c:879
* Output         : None
* Return         : None
*******************************************************************************/
void UART5_IRQHandler(void)
{
}
   0:	4770      	bx	lr

Disassembly of section .text.TIM6_IRQHandler:

00000000 <TIM6_IRQHandler>:
TIM6_IRQHandler():
C:\cortex\gateway\src/stm32f10x_it.c:890
* Output         : None
* Return         : None
*******************************************************************************/
void TIM6_IRQHandler(void)
{
}
   0:	4770      	bx	lr

Disassembly of section .text.TIM7_IRQHandler:

00000000 <TIM7_IRQHandler>:
TIM7_IRQHandler():
C:\cortex\gateway\src/stm32f10x_it.c:901
* Output         : None
* Return         : None
*******************************************************************************/
void TIM7_IRQHandler(void)
{
}
   0:	4770      	bx	lr

Disassembly of section .text.DMA2_Channel1_IRQHandler:

00000000 <DMA2_Channel1_IRQHandler>:
DMA2_Channel1_IRQHandler():
C:\cortex\gateway\src/stm32f10x_it.c:912
* Output         : None
* Return         : None
*******************************************************************************/
void DMA2_Channel1_IRQHandler(void)
{
}
   0:	4770      	bx	lr

Disassembly of section .text.DMA2_Channel2_IRQHandler:

00000000 <DMA2_Channel2_IRQHandler>:
DMA2_Channel2_IRQHandler():
C:\cortex\gateway\src/stm32f10x_it.c:923
* Output         : None
* Return         : None
*******************************************************************************/
void DMA2_Channel2_IRQHandler(void)
{
}
   0:	4770      	bx	lr

Disassembly of section .text.DMA2_Channel3_IRQHandler:

00000000 <DMA2_Channel3_IRQHandler>:
DMA2_Channel3_IRQHandler():
C:\cortex\gateway\src/stm32f10x_it.c:934
* Output         : None
* Return         : None
*******************************************************************************/
void DMA2_Channel3_IRQHandler(void)
{
}
   0:	4770      	bx	lr

Disassembly of section .text.DMA2_Channel4_5_IRQHandler:

00000000 <DMA2_Channel4_5_IRQHandler>:
DMA2_Channel4_5_IRQHandler():
C:\cortex\gateway\src/stm32f10x_it.c:946
* Output         : None
* Return         : None
*******************************************************************************/
void DMA2_Channel4_5_IRQHandler(void)
{
}
   0:	4770      	bx	lr
